Row ID;Row Name;Unk7
1;;-1
1000;;-1
1001;;-1
1002;;-1
1003;;-1
100000;[Gatekeeper Gostoc] Festering Bloody Finger;-1
100002;[Gatekeeper Gostoc] Ruin Fragment;-1
100004;[Gatekeeper Gostoc] Buckler;-1
100009;[Gatekeeper Gostoc] Furlcalling Finger Remedy;-1
100010;[Gatekeeper Gostoc] Silver-Pickled Fowl Foot;-1
100011;[Gatekeeper Gostoc] Stormhawk Feather;-1
100012;[Gatekeeper Gostoc] Caestus;-1
100013;[Gatekeeper Gostoc] Great Arrow;-1
100014;[Gatekeeper Gostoc] Ballista Bolt;-1
100015;[Gatekeeper Gostoc] Bandit Manchettes;-1
100016;[Gatekeeper Gostoc] Bandit Boots;-1
100017;[Gatekeeper Gostoc] Bandit Garb;-1
100018;[Gatekeeper Gostoc] Ancient Dragon Smithing Stone;-1
100025;Memory Stone;-1
100025;Memory Stone;-1
100026;Stonesword Key;-1
100026;Stonesword Key;-1
100051;[Sorceress Sellen] Scholar's Armament;-1
100052;[Sorceress Sellen] Scholar's Shield;-1
100053;[Sorceress Sellen] Crystal Barrage;-1
100054;[Sorceress Sellen] Glintstone Arc;-1
100055;[Sorceress Sellen] Glintstone Stars;-1
100056;[Sorceress Sellen - Quest] Shard Spiral;-1
100057;[Sorceress Sellen - Conspectus Scroll] Glintstone Cometshard;-1
100058;[Sorceress Sellen - Conspectus Scroll] Star Shower;-1
100059;[Sorceress Sellen - Academy Scroll] Great Glintstone Shard;-1
100060;[Sorceress Sellen - Academy Scroll] Swift Glintstone Shard;-1
100061;[Sorceress Sellen] Glintblade Phalanx;-1
100062;[Sorceress Sellen] Carian Slicer;-1
100076;[Knight Bernahl] Ash of War: Spinning Slash;-1
100077;[Knight Bernahl] Ash of War: Quickstep;-1
100078;[Knight Bernahl] Ash of War: Stamp (Upward Cut);-1
100079;[Knight Bernahl] Ash of War: Kick;-1
100080;[Knight Bernahl] Ash of War: War Cry;-1
100081;[Knight Bernahl] Ash of War: Endure;-1
100082;[Knight Bernahl] Ash of War: Parry;-1
100083;[Knight Bernahl] Ash of War: Storm Blade;-1
100084;[Knight Bernahl] Ash of War: Eruption;-1
100085;[Knight Bernahl] Ash of War: Assassin's Gambit;-1
100086;[Knight Bernahl] Ash of War: No Skill;-1
100100;[Patches] Margit's Shackle;-1
100102;[Patches] Stonesword Key;-1
100103;[Patches] Furlcalling Finger Remedy;-1
100104;[Patches] Glass Shard;-1
100105;[Patches] Gold-Pickled Fowl Foot;-1
100108;[Patches] Parrying Dagger;-1
100111;[Patches] Sacrificial Twig;-1
100112;[Patches] Festering Bloody Finger;-1
100113;[Patches] Grace Mimic;-1
100114;[Patches] Fan Daggers;-1
100115;[Patches] Great Arrow;-1
100116;[Patches] Ballista Bolt;-1
100117;[Patches] Festering Bloody Finger;-1
100118;[Patches] Fan Daggers;-1
100119;[Patches] Estoc;-1
100120;[Patches] Great Arrow;-1
100121;[Patches] Ballista Bolt;-1
100122;[Patches] Horse Crest Wooden Shield;-1
100126;[D, Hunter of The Dead] Litany of Proper Death;-1
100127;[D, Hunter of The Dead] Order's Blade;-1
100128;[D, Hunter of The Dead] Deathbane Talisman;-1
100150;[Blackguard Big Boggart] Rya's Necklace;-1
100155;[Blackguard Big Boggart] Boiled Crab;-1
100160;[Blackguard Big Boggart] Boiled Prawn;-1
100176;[Gowry] Night Maiden's Mist;-1
100177;[Gowry] Glintstone Stars;-1
100201;[Sorcerer Rogier] Ash of War: Glintstone Pebble;-1
100202;[Sorcerer Rogier] Ash of War: Carian Greatsword;-1
100225;[Sorcerer Rogier] Somber Smithing Stone [1];-1
100226;[Sorcerer Rogier] Somber Smithing Stone [2];-1
100227;[Sorcerer Rogier] Somber Smithing Stone [3];-1
100228;[Sorcerer Rogier] Somber Smithing Stone [4];-1
100229;[Sorcerer Rogier] Carian Filigreed Crest;-1
100251;[Preceptor Seluvis] Glintstone Arc;-1
100252;[Preceptor Seluvis] Starlight;-1
100276;[Preceptor Seluvis] Glintstone Icecrag;-1
100277;[Preceptor Seluvis] Freezing Mist;-1
100278;[Preceptor Seluvis] Carian Retaliation;-1
100279;[Preceptor Seluvis] Glintstone Cometshard;-1
100280;[Preceptor Seluvis] Star Shower;-1
100281;[Preceptor Seluvis] Great Glintstone Shard;-1
100282;[Preceptor Seluvis] Swift Glintstone Shard;-1
100283;[Preceptor Seluvis] Glintblade Phalanx;-1
100284;[Preceptor Seluvis] Carian Slicer;-1
100300;[Preceptor Seluvis - Ranni Quest] Finger Maiden Therolina Puppet;-1
100301;[Preceptor Seluvis - Ranni Quest] Dolores the Sleeping Arrow Puppet;-1
100302;[Preceptor Seluvis - Ranni Quest] Jarwight Puppet;-1
100310;[Preceptor Seluvis - Dung Eater Quest] Dung Eater Puppet;-1
100326;[Pidia, Carian Servant] Ritual Pot;-1
100329;[Pidia, Carian Servant] Old Fang;-1
100330;[Pidia, Carian Servant] Slumbering Egg;-1
100334;[Pidia, Carian Servant] Ash of War: Carian Retaliation;-1
100335;[Pidia, Carian Servant] Celestial Dew;-1
100336;[Pidia, Carian Servant] Larval Tear;-1
100337;[Pidia, Carian Servant] Budding Horn;-1
100338;[Pidia, Carian Servant] Ripple Blade;-1
100339;[Pidia, Carian Servant] Black Leather Shield;-1
100340;;-1
100351;[Brother Corhyn] Urgent Heal;-1
100352;[Brother Corhyn] Heal;-1
100353;[Brother Corhyn] Cure Poison;-1
100354;[Brother Corhyn] Flame Fortification;-1
100355;[Brother Corhyn] Magic Fortification;-1
100356;[Brother Corhyn] Catch Flame;-1
100357;[Brother Corhyn] Flame Sling;-1
100358;[Brother Corhyn - Altus Plateau] Great Heal;-1
100359;[Brother Corhyn - Altus Plateau] Lightning Fortification;-1
100360;[Brother Corhyn - Goldmask] Discus of Light;-1
100361;[Brother Corhyn - Erdtree Sanctuary] Immutable Shield;-1
100362;[Brother Corhyn - Fire Monks' Prayerbook] O, Flame!;-1
100363;[Brother Corhyn - Fire Monks' Prayerbook] Surge;-1
100364;[Brother Corhyn - Giant's Prayerbook] Giantsflame Take Thee;-1
100365;[Brother Corhyn - Giant's Prayerbook] Flame;-1
100366;[Brother Corhyn - Godskin Prayerbook] Black Flame;-1
100367;[Brother Corhyn - Godskin Prayerbook] Black Flame Blade;-1
100368;[Brother Corhyn - Two Fingers' Prayerbook] Lord's Heal;-1
100369;[Brother Corhyn - Two Fingers' Prayerbook] Lord's Aid;-1
100370;[Brother Corhyn - Assassin's Prayerbook] Assassin's Approach;-1
100371;[Brother Corhyn - Assassin's Prayerbook] Darkness;-1
100372;[Brother Corhyn - Golden Order Principia] Radagon's Rings of Light;-1
100373;[Brother Corhyn - Golden Order Principia] Law of Regression;-1
100374;[Brother Corhyn - Dragon Cult Prayerbook] Lightning Spear;-1
100375;[Brother Corhyn - Dragon Cult Prayerbook] Honed Bolt;-1
100376;[Brother Corhyn - Dragon Cult Prayerbook] Electrify Armament;-1
100377;[Brother Corhyn - Ancient Dragon Prayerbook] Ancient Dragons' Lightning Spear;-1
100378;[Brother Corhyn - Ancient Dragon Prayerbook] Ancient Dragons' Lightning Strike;-1
100401;[Miriel] Carian Greatsword;-1
100402;[Miriel - Conspectus Scroll] Glintstone Cometshard;-1
100403;[Miriel - Conspectus Scroll] Star Shower;-1
100404;[Miriel - Academy Scroll] Great Glintstone Shard;-1
100405;[Miriel - Academy Scroll] Swift Glintstone Shard;-1
100406;[Miriel] Glintblade Phalanx;-1
100407;[Miriel] Carian Slicer;-1
100426;[Miriel - Fire Monks' Prayerbook] O, Flame!;-1
100428;[Miriel - Fire Monks' Prayerbook] Surge;-1
100429;[Miriel - Giant's Prayerbook] Giantsflame Take Thee;-1
100430;[Miriel - Giant's Prayerbook] Flame;-1
100431;[Miriel - Godskin Prayerbook] Black Flame;-1
100432;[Miriel - Godskin Prayerbook] Black Flame Blade;-1
100433;[Miriel - Two Fingers' Prayerbook] Lord's Heal;-1
100434;[Miriel - Two Fingers' Prayerbook] Lord's Aid;-1
100435;[Miriel - Assassin's Prayerbook] Assassin's Approach;-1
100436;[Miriel - Assassin's Prayerbook] Darkness;-1
100437;[Miriel - Golden Order Principia] Radagon's Rings of Light;-1
100438;[Miriel - Golden Order Principia] Law of Regression;-1
100439;[Miriel - Dragon Cult Prayerbook] Lightning Spear;-1
100440;[Miriel - Dragon Cult Prayerbook] Honed Bolt;-1
100441;[Miriel - Dragon Cult Prayerbook] Electrify Armament;-1
100442;[Miriel - Ancient Dragon Prayerbook] Ancient Dragons' Lightning Spear;-1
100443;[Miriel - Ancient Dragon Prayerbook] Ancient Dragons' Lightning Strike;-1
100500;[Merchant Kale] Note: Flask of Wondrous Physick;-1
100501;[Merchant Kale] Crafting Kit;-1
100502;[Merchant Kale] Fetid Warrior's Cookbook;-1
100505;[Merchant Kale] Furlcalling Finger Remedy;-1
100506;[Merchant Kale] Cracked Pot;-1
100507;[Merchant Kale] Throwing Dagger;-1
100510;[Merchant Kale] Torch;-1
100511;[Merchant Kale] Large Leather Shield;-1
100513;[Merchant Kale] Telescope;-1
100514;[Merchant Kale] Note: Waypoint Ruins;-1
100515;[Merchant Kale] Chain Coif;-1
100516;[Merchant Kale] Chain Armor;-1
100517;[Merchant Kale] Chain Gauntlets;-1
100518;[Merchant Kale] Chain Leggings;-1
100519;[Merchant Kale] Arrow;-1
100520;[Merchant Kale] Bolt;-1
100539;[Merchant - North Limgrave] Note: Flame Chariots;-1
100540;[Merchant - North Limgrave] Cracked Pot;-1
100541;[Merchant - North Limgrave] Pickled Turtle Neck;-1
100542;[Merchant - North Limgrave] Short Sword;-1
100543;[Merchant - North Limgrave] Halberd;-1
100544;[Merchant - North Limgrave] Arrow;-1
100545;[Merchant - North Limgrave] Bolt;-1
100546;[Merchant - North Limgrave] Bandit Mask;-1
100547;[Merchant - North Limgrave] Smithing Stone [1];-1
100551;[Merchant - East Limgrave] Bloodied Warrior's Cookbook;-1
100552;[Merchant - East Limgrave] Sliver of Meat;-1
100553;[Merchant - East Limgrave] Beast Liver;-1
100554;[Merchant - East Limgrave] Lump of Flesh;-1
100557;[Merchant - East Limgrave] Arrow;-1
100560;[Merchant - East Limgrave] Bolt;-1
100561;[Merchant - East Limgrave] Festering Bloody Finger;-1
100562;[Merchant - East Limgrave] Trina's Lily;-1
100563;[Merchant - East Limgrave] Hand Axe;-1
100564;[Merchant - East Limgrave] Riveted Wooden Shield;-1
100565;[Merchant - East Limgrave] Blue-Gold Kite Shield;-1
100566;[Merchant - East Limgrave] St. Trina's Arrow;-1
100567;[Merchant - East Limgrave] Smithing Stone [1];-1
100576;[Merchant - Coastal Cave] Note: Stonedigger Trolls;-1
100585;[Merchant - Coastal Cave] Note: Land Squirts;-1
100586;[Merchant - Coastal Cave] Club;-1
100587;[Merchant - Coastal Cave] Broadsword;-1
100588;[Merchant - Coastal Cave] Iron Roundshield;-1
100589;[Merchant - Coastal Cave] Shortbow;-1
100590;[Merchant - Coastal Cave] Arrow;-1
100591;[Merchant - Coastal Cave] Bolt;-1
100592;[Merchant - Coastal Cave] Neutralizing Boluses;-1
100593;[Merchant - Coastal Cave] Stanching Boluses;-1
100594;[Merchant - Coastal Cave] Stimulating Boluses;-1
100595;[Merchant - Coastal Cave] Smithing Stone [1];-1
100600;[Merchant - East Weeping Peninsula] Stonesword Key;-1
100601;[Merchant - East Weeping Peninsula] Kukri;-1
100602;[Merchant - East Weeping Peninsula] Red Thorn Roundshield;-1
100603;[Merchant - East Weeping Peninsula] Round Shield;-1
100604;[Merchant - East Weeping Peninsula] Crimson Amber Medallion;-1
100605;[Merchant - East Weeping Peninsula] Note: Demi-human Mobs;-1
100606;[Merchant - East Weeping Peninsula] Cracked Pot;-1
100607;[Merchant - East Weeping Peninsula] Bastard Sword;-1
100608;[Merchant - East Weeping Peninsula] Light Crossbow;-1
100609;[Merchant - East Weeping Peninsula] Arrow;-1
100610;[Merchant - East Weeping Peninsula] Bolt;-1
100611;[Merchant - East Weeping Peninsula] Great Arrow;-1
100612;[Merchant - East Weeping Peninsula] Ballista Bolt;-1
100613;[Merchant - East Weeping Peninsula] Iron Helmet;-1
100614;[Merchant - East Weeping Peninsula] Scale Armor;-1
100615;[Merchant - East Weeping Peninsula] Iron Gauntlets;-1
100616;[Merchant - East Weeping Peninsula] Leather Trousers;-1
100617;[Merchant - East Weeping Peninsula] Smithing Stone [1];-1
100618;[Merchant - East Weeping Peninsula] Smithing Stone [2];-1
100625;[Merchant - Liurnia of the Lakes] Glintstone Craftsman's Cookbook;-1
100626;[Merchant - Liurnia of the Lakes] Estoc;-1
100627;[Merchant - Liurnia of the Lakes] Kite Shield;-1
100628;[Merchant - Liurnia of the Lakes] Astrologer Hood;-1
100629;[Merchant - Liurnia of the Lakes] Astrologer Robe;-1
100630;[Merchant - Liurnia of the Lakes] Astrologer Gloves;-1
100631;[Merchant - Liurnia of the Lakes] Astrologer Trousers;-1
100632;[Merchant - Liurnia of the Lakes] Lantern;-1
100633;[Merchant - Liurnia of the Lakes] Astrologer's Staff;-1
100634;[Merchant - Liurnia of the Lakes] Arrow;-1
100635;[Merchant - Liurnia of the Lakes] Bolt;-1
100636;[Merchant - Liurnia of the Lakes] Smithing Stone [1];-1
100637;[Merchant - Liurnia of the Lakes] Smithing Stone [2];-1
100650;[Isolated Merchant - Weeping Peninsula] Note: Walking Mausoleum;-1
100652;[Isolated Merchant - Weeping Peninsula] Stonesword Key;-1
100654;[Isolated Merchant - Weeping Peninsula] Arteria Leaf;-1
100656;[Isolated Merchant - Weeping Peninsula] Ballista Bolt;-1
100657;[Isolated Merchant - Weeping Peninsula] Sacrificial Twig;-1
100658;[Isolated Merchant - Weeping Peninsula] Lantern;-1
100659;[Isolated Merchant - Weeping Peninsula] Lost Ashes of War;-1
100660;[Isolated Merchant - Weeping Peninsula] Zweihander;-1
100661;[Isolated Merchant - Weeping Peninsula] Arrow;-1
100662;[Isolated Merchant - Weeping Peninsula] Bolt;-1
100663;[Isolated Merchant - Weeping Peninsula] Great Arrow;-1
100664;[Isolated Merchant - Weeping Peninsula] Festering Bloody Finger;-1
100665;[Isolated Merchant - Weeping Peninsula] Smithing Stone [2];-1
100676;[Merchant - Academy of Raya Lucaria] Trina's Lily;-1
100678;[Merchant - Academy of Raya Lucaria] Eye of Yelough;-1
100680;[Merchant - Academy of Raya Lucaria] Stonesword Key;-1
100681;[Merchant - Academy of Raya Lucaria] Lost Ashes of War;-1
100682;[Merchant - Academy of Raya Lucaria] Sacrificial Twig;-1
100686;[Merchant - Academy of Raya Lucaria] Note: Revenants;-1
100687;[Merchant - Academy of Raya Lucaria] Note: Frenzied Flame Village;-1
100688;[Merchant - Academy of Raya Lucaria] Fanged Imp Ashes;-1
100689;[Merchant - Academy of Raya Lucaria] St. Trina's Arrow;-1
100690;[Merchant - Academy of Raya Lucaria] Meteor Bolt;-1
100691;[Merchant - Academy of Raya Lucaria] Blue Cloth Cowl;-1
100692;[Merchant - Academy of Raya Lucaria] Blue Cloth Vest;-1
100693;[Merchant - Academy of Raya Lucaria] Warrior Gauntlets;-1
100694;[Merchant - Academy of Raya Lucaria] Warrior Greaves;-1
100695;[Merchant - Academy of Raya Lucaria] Festering Bloody Finger;-1
100696;[Merchant - Academy of Raya Lucaria] Note: The Preceptor's Secret;-1
100704;[Merchant - North Liurnia] Composite Bow;-1
100705;[Merchant - North Liurnia] Rift Shield;-1
100706;[Merchant - North Liurnia] Blue Crest Heater Shield;-1
100714;[Merchant - North Liurnia] Rune Arc;-1
100715;[Merchant - North Liurnia] Bewitching Branch;-1
100716;[Merchant - North Liurnia] Arrow;-1
100717;[Merchant - North Liurnia] Bolt;-1
100718;[Merchant - North Liurnia] Immunizing White Cured Meat;-1
100719;[Merchant - North Liurnia] Invigorating White Cured Meat;-1
100720;[Merchant - North Liurnia] Clarifying White Cured Meat;-1
100725;[Hermit Merchant - Leyndell] Perfume Bottle;-1
100726;[Hermit Merchant - Leyndell] Golden Great Arrow;-1
100727;[Hermit Merchant - Leyndell] Sentry's Torch;-1
100728;[Hermit Merchant - Leyndell] Rune Arc;-1
100729;[Hermit Merchant - Leyndell] Golden Sunflower;-1
100730;[Hermit Merchant - Leyndell] Distinguished Greatshield;-1
100731;[Hermit Merchant - Leyndell] Arrow;-1
100732;[Hermit Merchant - Leyndell] Golden Arrow;-1
100733;[Hermit Merchant - Leyndell] Bolt;-1
100734;[Hermit Merchant - Leyndell] Golden Bolt;-1
100735;[Hermit Merchant - Leyndell] Great Arrow;-1
100736;[Hermit Merchant - Leyndell] Ballista Bolt;-1
100737;[Hermit Merchant - Leyndell] Upper-Class Robe;-1
100738;[Hermit Merchant - Leyndell] Consort's Trousers;-1
100739;[Hermit Merchant - Leyndell] Prophet Blindfold;-1
100740;[Hermit Merchant - Leyndell] Prophet Trousers;-1
100741;[Hermit Merchant - Leyndell] Prophet Robe;-1
100742;[Hermit Merchant - Leyndell] Festering Bloody Finger;-1
100743;[Hermit Merchant - Leyndell] Note: Below the Capital;-1
100750;[Merchant - Altus Plateau] Ancient Dragon Apostle's Cookbook;-1
100751;[Merchant - Altus Plateau] Note: Imp Shades;-1
100752;[Merchant - Altus Plateau] Note: Unseen Assassins;-1
100753;[Merchant - Altus Plateau] Stonesword Key;-1
100761;[Merchant - Altus Plateau] Lightning Bolt;-1
100764;[Merchant - Altus Plateau] Scorpion Kite Shield;-1
100765;[Merchant - Altus Plateau] Gravel Stone;-1
100766;[Merchant - Altus Plateau] Red Crest Heater Shield;-1
100767;[Merchant - Altus Plateau] Crossed-Tree Towershield;-1
100768;[Merchant - Altus Plateau] Arrow;-1
100769;[Merchant - Altus Plateau] Bolt;-1
100770;[Merchant - Altus Plateau] Tree Surcoat;-1
100771;[Merchant - Altus Plateau] Festering Bloody Finger;-1
100775;[Merchant - Mt. Gelmir] Burnt Warrior's Cookbook;-1
100777;[Merchant - Mt. Gelmir] Stonesword Key;-1
100784;[Merchant - Mt. Gelmir] Explosive Greatbolt;-1
100789;[Merchant - Mt. Gelmir] Arrow;-1
100790;[Merchant - Mt. Gelmir] Great Arrow;-1
100791;[Merchant - Mt. Gelmir] Bolt;-1
100792;[Merchant - Mt. Gelmir] Explosive Bolt;-1
100793;[Merchant - Mt. Gelmir] Ballista Bolt;-1
100794;[Merchant - Mt. Gelmir] Confessor Hood;-1
100795;[Merchant - Mt. Gelmir] Confessor Armor;-1
100796;[Merchant - Mt. Gelmir] Confessor Gloves;-1
100797;[Merchant - Mt. Gelmir] Confessor Boots;-1
100798;[Merchant - Mt. Gelmir] Guilty Hood;-1
100801;Poisonbone Dart;-1
100802;Poisoned Stone;-1
100803;Poisoned Stone Clump;-1
100813;Preserving Boluses;-1
100814;Aeonian Butterfly;-1
100815;Arrow;-1
100816;Fire Arrow;-1
100817;Bolt;-1
100826;[Merchant - South Caelid] Stonesword Key;-1
100827;[Merchant - South Caelid] Cracked Pot;-1
100837;[Merchant - South Caelid] Note: Gravity's Advantage;-1
100838;[Merchant - South Caelid] Arrow;-1
100839;[Merchant - South Caelid] Bolt;-1
100840;[Merchant - South Caelid] Flaming Bolt;-1
100841;[Merchant - South Caelid] Champion Headband;-1
100842;[Merchant - South Caelid] Champion Pauldron;-1
100843;[Merchant - South Caelid] Champion Bracers;-1
100844;[Merchant - South Caelid] Champion Gaiters;-1
100845;[Merchant - South Caelid] Greathelm;-1
100875;[Isolated Merchant - Dragonbarrow] Note: Hidden Cave;-1
100876;[Isolated Merchant - Dragonbarrow] Ritual Pot;-1
100877;[Isolated Merchant - Dragonbarrow] Lost Ashes of War;-1
100878;[Isolated Merchant - Dragonbarrow] Gravel Stone;-1
100880;[Isolated Merchant - Dragonbarrow] Sacrificial Twig;-1
100882;[Isolated Merchant - Dragonbarrow] Land of Reeds Helm;-1
100883;[Isolated Merchant - Dragonbarrow] Land of Reeds Armor;-1
100884;[Isolated Merchant - Dragonbarrow] Land of Reeds Gauntlets;-1
100885;[Isolated Merchant - Dragonbarrow] Land of Reeds Greaves;-1
100886;[Isolated Merchant - Dragonbarrow] Note: Gateway;-1
100887;[Isolated Merchant - Dragonbarrow] Dragonwound Grease;-1
100888;[Isolated Merchant - Dragonbarrow] Spiked Caestus;-1
100889;[Isolated Merchant - Dragonbarrow] Beast-Repellent Torch;-1
100890;[Isolated Merchant - Dragonbarrow] Arrow;-1
100891;[Isolated Merchant - Dragonbarrow] Serpent Arrow;-1
100892;[Isolated Merchant - Dragonbarrow] Bolt;-1
100893;[Isolated Merchant - Dragonbarrow] Festering Bloody Finger;-1
100901;[Merchant - Mountaintops of the Giants] Stonesword Key;-1
100903;[Merchant - Mountaintops of the Giants] Thawfrost Boluses;-1
100909;[Merchant - Mountaintops of the Giants] Rune Arc;-1
100910;[Merchant - Mountaintops of the Giants] Arrow;-1
100911;[Merchant - Mountaintops of the Giants] Bolt;-1
100912;[Merchant - Mountaintops of the Giants] Great Arrow;-1
100913;[Merchant - Mountaintops of the Giants] Ballista Bolt;-1
100914;[Merchant - Mountaintops of the Giants] Lightning Greatbolt;-1
100915;[Merchant - Mountaintops of the Giants] Vagabond Knight Helm;-1
100916;[Merchant - Mountaintops of the Giants] Vagabond Knight Armor;-1
100917;[Merchant - Mountaintops of the Giants] Vagabond Knight Gauntlets;-1
100918;[Merchant - Mountaintops of the Giants] Vagabond Knight Greaves;-1
100928;[Merchant - Siofra River] Stonesword Key;-1
100935;[Merchant - Siofra River] Dwelling Arrow;-1
100936;[Merchant - Siofra River] Larval Tear;-1
100937;[Merchant - Siofra River] Shotel;-1
100938;[Merchant - Siofra River] Arrow;-1
100939;[Merchant - Siofra River] Bolt;-1
100940;[Merchant - Siofra River] Soap;-1
100941;[Merchant - Siofra River] Nascent Butterfly;-1
100953;[Merchant - Ainsel River] Lost Ashes of War;-1
100962;[Merchant - Ainsel River] Celestial Dew;-1
100963;[Merchant - Ainsel River] Gravity Stone Fan;-1
100964;[Merchant - Ainsel River] Gravity Stone Chunk;-1
100965;[Merchant - Ainsel River] Prisoner Iron Mask;-1
100966;[Merchant - Ainsel River] Prisoner Clothing;-1
100967;[Merchant - Ainsel River] Prisoner Trousers;-1
100976;[Imprisoned Merchant - Mohgwyn] Stonesword Key;-1
100977;[Imprisoned Merchant - Mohgwyn] Lost Ashes of War;-1
100981;[Imprisoned Merchant - Mohgwyn] Rune Arc;-1
100982;[Imprisoned Merchant - Mohgwyn] Festering Bloody Finger;-1
100983;[Imprisoned Merchant - Mohgwyn] Stanching Boluses;-1
100984;[Imprisoned Merchant - Mohgwyn] Bloodrose;-1
100985;[Imprisoned Merchant - Mohgwyn] Dwelling Arrow;-1
100986;[Imprisoned Merchant - Mohgwyn] Burred Bolt;-1
101503;[Enia - Godfrey] Elden Lord Crown;-1
101504;[Enia - Godfrey] Elden Lord Armor;-1
101505;[Enia - Godfrey] Elden Lord Bracers;-1
101506;[Enia - Godfrey] Elden Lord Greaves;-1
101507;[Enia - Radahn] Radahn's Redmane Helm;-1
101508;[Enia - Radahn] Radahn's Lion Armor;-1
101509;[Enia - Radahn] Radahn's Gauntlets;-1
101510;[Enia - Radahn] Radahn's Greaves;-1
101511;[Enia - Mohg] Lord of Blood's Robe;-1
101512;[Enia - Rennala] Queen's Crescent Crown;-1
101513;[Enia - Rennala] Queen's Robe;-1
101514;[Enia - Rennala] Queen's Bracelets;-1
101515;[Enia - Rennala] Queen's Leggings;-1
101516;[Enia - Maliketh] Maliketh's Helm;-1
101517;[Enia - Maliketh] Maliketh's Armor;-1
101518;[Enia - Maliketh] Maliketh's Gauntlets;-1
101519;[Enia - Maliketh] Maliketh's Greaves;-1
101520;[Enia - Malenia] Malenia's Winged Helm;-1
101521;[Enia - Malenia] Malenia's Armor;-1
101522;[Enia - Malenia] Malenia's Gauntlet;-1
101523;[Enia - Malenia] Malenia's Greaves;-1
101524;[Enia - Margit] Fell Omen Cloak;-1
101525;[Enia - Royal Knight Loretta] Royal Knight Helm;-1
101526;[Enia - Royal Knight Loretta] Royal Knight Armor;-1
101527;[Enia - Royal Knight Loretta] Royal Knight Gauntlets;-1
101528;[Enia - Royal Knight Loretta] Royal Knight Greaves;-1
101529;[Enia - Commander Niall] Veteran's Helm;-1
101530;[Enia - Commander Niall] Veteran's Armor;-1
101531;[Enia - Commander Niall] Veteran's Gauntlets;-1
101532;[Enia - Commander Niall] Veteran's Greaves;-1
101549;[Enia - Radahn] Radahn's Spear;-1
101550;[Enia - Elemer of the Briar] Briar Helm;-1
101551;[Enia - Elemer of the Briar] Briar Armor;-1
101552;[Enia - Elemer of the Briar] Briar Gauntlets;-1
101553;[Enia - Elemer of the Briar] Briar Greaves;-1
101775;[Enia - Forging] Remembrance of the Grafted;-1
101776;[Enia - Forging] Remembrance of the Starscourge;-1
101777;[Enia - Forging] Remembrance of the Omen King;-1
101778;[Enia - Forging] Remembrance of the Blasphemous;-1
101779;[Enia - Forging] Remembrance of the Rot Goddess;-1
101780;[Enia - Forging] Remembrance of the Full Moon Queen;-1
101781;[Enia - Forging] Remembrance of the Blood Lord;-1
101785;[Enia - Forging] Remembrance of the Black Blade;-1
101786;[Enia - Forging] Remembrance of Hoarah Loux;-1
101787;[Enia - Forging] Remembrance of the Dragonlord;-1
101788;[Enia - Forging] Remembrance of the Lichdragon;-1
101789;[Enia - Forging] Remembrance of the Fire Giant;-1
101790;[Enia - Forging] Remembrance of the Regal Ancestor;-1
101791;[Enia - Forging] Elden Remembrance;-1
101792;[Enia - Forging] Remembrance of the Naturalborn;-1
101800;[Twin Maiden Husks] White Cipher Ring;-1
101801;[Twin Maiden Husks] Blue Cipher Ring;-1
101802;[Twin Maiden Husks] Spirit Calling Bell;-1
101803;[Twin Maiden Husks] Lone Wolf Ashes;-1
101804;[Twin Maiden Husks - Haligtree] Black Flame's Protection;-1
101805;[Twin Maiden Husks - Haligtree] Lord's Divine Fortification;-1
101807;[Twin Maiden Husks - Mohg] Law of Causality;-1
101808;[Twin Maiden Husks] Smithing Stone [1];-1
101809;[Twin Maiden Husks] Smithing Stone [2];-1
101810;[Twin Maiden Husks] Glintstone Scrap;-1
101811;[Twin Maiden Husks] Smithing Stone [3];-1
101812;[Twin Maiden Husks] Smithing Stone [4];-1
101813;[Twin Maiden Husks] Explosive Stone;-1
101814;[Twin Maiden Husks] Smithing Stone [5];-1
101815;[Twin Maiden Husks] Smithing Stone [6];-1
101816;[Twin Maiden Husks] Smithing Stone [7];-1
101817;[Twin Maiden Husks] Smithing Stone [8];-1
101818;[Twin Maiden Husks] Somber Smithing Stone [1];-1
101819;[Twin Maiden Husks] Somber Smithing Stone [2];-1
101820;[Twin Maiden Husks] Somber Smithing Stone [3];-1
101821;[Twin Maiden Husks] Somber Smithing Stone [4];-1
101822;[Twin Maiden Husks] Cracked Crystal;-1
101823;[Twin Maiden Husks] Somber Smithing Stone [5];-1
101824;[Twin Maiden Husks] Somber Smithing Stone [6];-1
101825;[Twin Maiden Husks] Somber Smithing Stone [7];-1
101826;[Twin Maiden Husks] Somber Smithing Stone [8];-1
101827;[Twin Maiden Husks] Sanctuary Stone;-1
101828;[Twin Maiden Husks] Somber Smithing Stone [9];-1
101829;[Twin Maiden Husks] Grave Glovewort [1];-1
101830;[Twin Maiden Husks] Grave Glovewort [2];-1
101831;[Twin Maiden Husks] Grave Glovewort [3];-1
101832;[Twin Maiden Husks] Grave Glovewort [4];-1
101833;[Twin Maiden Husks] Grave Glovewort [5];-1
101834;[Twin Maiden Husks] Grave Glovewort [6];-1
101835;[Twin Maiden Husks] Grave Glovewort [7];-1
101836;[Twin Maiden Husks] Grave Glovewort [8];-1
101837;[Twin Maiden Husks] Grave Glovewort [9];-1
101838;[Twin Maiden Husks] Ghost Glovewort [1];-1
101839;[Twin Maiden Husks] Ghost Glovewort [2];-1
101840;[Twin Maiden Husks] Ghost Glovewort [3];-1
101841;[Twin Maiden Husks] Ghost Glovewort [4];-1
101842;[Twin Maiden Husks] Ghost Glovewort [5];-1
101843;[Twin Maiden Husks] Ghost Glovewort [6];-1
101844;[Twin Maiden Husks] Ghost Glovewort [7];-1
101845;[Twin Maiden Husks] Ghost Glovewort [8];-1
101846;[Twin Maiden Husks] Ghost Glovewort [9];-1
101847;[Twin Maiden Husks] Thin Beast Bones;-1
101848;[Twin Maiden Husks] Hefty Beast Bone;-1
101849;[Twin Maiden Husks] Sliver of Meat;-1
101850;[Twin Maiden Husks] Lump of Flesh;-1
101851;[Twin Maiden Husks] Turtle Neck Meat;-1
101852;[Twin Maiden Husks] Neutralizing Boluses;-1
101853;[Twin Maiden Husks] Stanching Boluses;-1
101854;[Twin Maiden Husks] Thawfrost Boluses;-1
101855;[Twin Maiden Husks] Stimulating Boluses;-1
101856;[Twin Maiden Husks] Gravity Stone Fan;-1
101857;[Twin Maiden Husks] Gravity Stone Chunk;-1
101858;[Twin Maiden Husks] Ruin Fragment;-1
101859;[Twin Maiden Husks] Memory Stone;-1
101860;[Twin Maiden Husks] Stonesword Key;-1
101861;[Twin Maiden Husks] Rune Arc;-1
101862;[Twin Maiden Husks] Furled Finger's Trick-Mirror;-1
101863;[Twin Maiden Husks] Host's Trick-Mirror;-1
101864;[Twin Maiden Husks] Dagger;-1
101865;[Twin Maiden Husks] Longsword;-1
101866;[Twin Maiden Husks] Scimitar;-1
101867;[Twin Maiden Husks] Battle Axe;-1
101868;[Twin Maiden Husks] Mace;-1
101869;[Twin Maiden Husks] Short Spear;-1
101870;[Twin Maiden Husks] Rapier;-1
101871;[Twin Maiden Husks] Finger Seal;-1
101872;[Twin Maiden Husks] Longbow;-1
101873;[Twin Maiden Husks] Heater Shield;-1
101874;[Twin Maiden Husks] Knight Helm;-1
101875;[Twin Maiden Husks] Knight Armor;-1
101876;[Twin Maiden Husks] Knight Gauntlets;-1
101877;[Twin Maiden Husks] Knight Greaves;-1
101878;[Twin Maiden Husks] Flask of Wondrous Physick;-1
101879;[Twin Maiden Husks] Crafting Kit;-1
101880;[Twin Maiden Husks] Whetstone Knife;-1
101881;[Twin Maiden Husks] Talisman Pouch;-1
101900;[Remembrance of the Grafted] Axe of Godrick;-1
101901;[Remembrance of the Grafted] Grafted Dragon;-1
101902;[Remembrance of the Starscourge] Starscourge Greatsword;-1
101903;[Remembrance of the Starscourge] Lion Greatbow;-1
101904;[Remembrance of the Omen King] Morgott's Cursed Sword;-1
101905;[Remembrance of the Omen King] Regal Omen Bairn;-1
101906;[Remembrance of the Blasphemous] Blasphemous Blade;-1
101907;[Remembrance of the Blasphemous] Rykard's Rancor;-1
101908;[Remembrance of the Rot Goddess] Hand of Malenia;-1
101909;[Remembrance of the Rot Goddess] Scarlet Aeonia;-1
101910;[Remembrance of the Blood Lord] Mohgwyn's Sacred Spear;-1
101911;[Remembrance of the Blood Lord] Bloodboon;-1
101912;[Remembrance of the Black Blade] Maliketh's Black Blade;-1
101913;[Remembrance of the Black Blade] Black Blade;-1
101914;[Remembrance of Hoarah Loux] Axe of Godfrey;-1
101915;[Remembrance of Hoarah Loux] Ash of War: Hoarah Loux's Earthshaker;-1
101916;[Remembrance of the Dragonlord] Dragon King's Cragblade;-1
101917;[Remembrance of the Dragonlord] Placidusax's Ruin;-1
101918;[Remembrance of The Full Moon Queen] Carian Regal Scepter;-1
101919;[Remembrance of The Full Moon Queen] Rennala's Full Moon;-1
101920;[Remembrance of the Lichdragon] Fortissax's Lightning Spear;-1
101921;[Remembrance of the Lichdragon] Death Lightning;-1
101922;[Remembrance of the Fire Giant] Giant's Red Braid;-1
101923;[Remembrance of the Fire Giant] Burn;-1
101924;[Remembrance of the Regal Ancestor] Winged Greathorn;-1
101925;[Remembrance of the Regal Ancestor] Ancestral Spirit's Horn;-1
101926;[Elden Remembrance] Marika's Hammer;-1
101927;[Elden Remembrance] Sacred Relic Sword;-1
101928;[Remembrance of the Naturalborn] Bastard's Stars;-1
101929;[Remembrance of the Naturalborn] Ash of War: Waves of Darkness;-1
101950;[Dragon Communion] Dragonfire;-1
101951;[Dragon Communion] Dragonice;-1
101952;[Dragon Communion] Glintstone Breath;-1
101953;[Dragon Communion] Rotten Breath;-1
101954;[Dragon Communion] Agheel's Flame;-1
101955;[Dragon Communion] Borealis's Mist;-1
101956;[Dragon Communion] Smarag's Glintstone Breath;-1
101957;[Dragon Communion] Ekzykes's Decay;-1
101958;[Dragon Communion] Dragonclaw;-1
101959;[Dragon Communion] Dragonmaw;-1
101960;[Dragon Communion] Magma Breath;-1
101961;[Dragon Communion] Theodorix's Magma;-1
101962;[Dragon Communion] Greyoll's Roar;-1
101975;[Dragon Communion] Dragonclaw;-1
101976;[Dragon Communion] Dragonmaw;-1
101980;[Dragon Communion] Dragonfire;-1
110000;[Alteration] Drake Knight Helm (Altered);-1
110001;[Alteration] Drake Knight Armor (Altered);-1
110002;[Alteration] Scaled Armor (Altered);-1
110003;[Alteration] Perfumer Robe (Altered);-1
110004;[Alteration] Perfumer's Traveling Garb (Altered);-1
110005;[Alteration] Spellblade's Traveling Attire (Altered);-1
110006;[Alteration] Ronin's Armor (Altered);-1
110007;[Alteration] Blaidd's Armor (Altered);-1
110008;[Alteration] Black Knife Armor (Altered);-1
110009;[Alteration] Briar Armor (Altered);-1
110010;[Alteration] Page Garb (Altered);-1
110011;[Alteration] Night's Cavalry Helm (Altered);-1
110012;[Alteration] Night's Cavalry Armor (Altered);-1
110013;[Alteration] Blue Silver Mail Armor (Altered);-1
110014;[Alteration] Nomadic Merchant's Finery (Altered);-1
110015;[Alteration] Tree Sentinel Armor (Altered);-1
110016;[Alteration] Royal Knight Armor (Altered);-1
110017;[Alteration] Nox Monk Hood (Altered);-1
110018;[Alteration] Nox Monk Armor (Altered);-1
110019;[Alteration] Nox Swordstress Crown (Altered);-1
110020;[Alteration] Nox Swordstress Armor (Altered);-1
110021;[Alteration] Gravekeeper Cloak (Altered);-1
110022;[Alteration] Cleanrot Helm (Altered);-1
110023;[Alteration] Cleanrot Armor (Altered);-1
110024;[Alteration] Depraved Perfumer Robe (Altered);-1
110025;[Alteration] All-Knowing Armor (Altered);-1
110026;[Alteration] Twinned Armor (Altered);-1
110029;[Alteration] Prophet Robe (Altered);-1
110030;[Alteration] Astrologer Robe (Altered);-1
110031;[Alteration] Lionel's Armor (Altered);-1
110032;[Alteration] Hoslow's Armor (Altered);-1
110033;[Alteration] Vagabond Knight Armor (Altered);-1
110034;[Alteration] War Surgeon Gown (Altered);-1
110036;[Alteration] Veteran's Armor (Altered);-1
110037;[Alteration] Bloodhound Knight Armor (Altered);-1
110038;[Alteration] Festive Hood (Altered);-1
110039;[Alteration] Commoner's Garb (Altered);-1
110040;[Alteration] Commoner's Simple Garb (Altered);-1
110041;[Alteration] Raging Wolf Armor (Altered);-1
110042;[Alteration] Land of Reeds Armor (Altered);-1
110043;[Alteration] Confessor Hood (Altered);-1
110044;[Alteration] Confessor Armor (Altered);-1
110045;[Alteration] Finger Maiden Robe (Altered);-1
110047;[Alteration] Preceptor's Long Gown (Altered);-1
110049;[Alteration] Eccentric's Hood (Altered);-1
110050;[Alteration] Fingerprint Armor (Altered);-1
110051;[Alteration] Carian Knight Armor (Altered);-1
110052;[Alteration] Errant Sorcerer Robe (Altered);-1
110053;[Alteration] Gelmir Knight Armor (Altered);-1
110054;[Alteration] Godrick Knight Armor (Altered);-1
110055;[Alteration] Cuckoo Knight Armor (Altered);-1
110056;[Alteration] Leyndell Knight Armor (Altered);-1
110057;[Alteration] Redmane Knight Armor (Altered);-1
110058;[Alteration] Mausoleum Knight Armor (Altered);-1
110059;[Alteration] Haligtree Knight Armor (Altered);-1
110060;[Alteration] High Page Clothes (Altered);-1
110061;[Alteration] Rotten Gravekeeper Cloak (Altered);-1
110062;[Alteration] Beast Champion Armor (Altered);-1
110063;[Alteration] Snow Witch Robe (Altered);-1
110064;[Alteration] Crucible Axe Armor (Altered);-1
110065;[Alteration] Crucible Tree Armor (Altered);-1
110066;[Alteration] Fia's Robe (Altered);-1
110067;[Alteration] Alberich's Pointed Hat (Altered);-1
110068;[Alteration] Alberich's Robe (Altered);-1
110069;[Alteration] Traveling Maiden Robe (Altered);-1
110100;[Alteration] Elden Lord Armor (Altered);-1
110101;[Alteration] Radahn's Lion Armor (Altered);-1
110102;[Alteration] Lord of Blood's Robe (Altered);-1
110103;[Alteration] Maliketh's Armor (Altered);-1
110104;[Alteration] Malenia's Armor (Altered);-1
110200;[Reversion] Drake Knight Helm;-1
110201;[Reversion] Drake Knight Armor;-1
110202;[Reversion] Scaled Armor;-1
110203;[Reversion] Perfumer Robe;-1
110204;[Reversion] Perfumer's Traveling Garb;-1
110205;[Reversion] Spellblade's Traveling Attire;-1
110206;[Reversion] Ronin's Armor;-1
110207;[Reversion] Blaidd's Armor;-1
110208;[Reversion] Black Knife Armor;-1
110209;[Reversion] Briar Armor;-1
110210;[Reversion] Page Garb;-1
110211;[Reversion] Night's Cavalry Helm;-1
110212;[Reversion] Night's Cavalry Armor;-1
110213;[Reversion] Blue Silver Mail Armor;-1
110214;[Reversion] Nomadic Merchant's Finery;-1
110215;[Reversion] Tree Sentinel Armor;-1
110216;[Reversion] Royal Knight Armor;-1
110217;[Reversion] Nox Monk Hood;-1
110218;[Reversion] Nox Monk Armor;-1
110219;[Reversion] Nox Swordstress Crown;-1
110220;[Reversion] Nox Swordstress Armor;-1
110221;[Reversion] Gravekeeper Cloak;-1
110222;[Reversion] Cleanrot Helm;-1
110223;[Reversion] Cleanrot Armor;-1
110224;[Reversion] Depraved Perfumer Robe;-1
110225;[Reversion] All-Knowing Armor;-1
110226;[Reversion] Twinned Armor;-1
110229;[Reversion] Prophet Robe;-1
110230;[Reversion] Astrologer Robe;-1
110231;[Reversion] Lionel's Armor;-1
110232;[Reversion] Hoslow's Armor;-1
110233;[Reversion] Vagabond Knight Armor;-1
110234;[Reversion] War Surgeon Gown;-1
110236;[Reversion] Veteran's Armor;-1
110237;[Reversion] Bloodhound Knight Armor;-1
110238;[Reversion] Festive Hood;-1
110239;[Reversion] Commoner's Garb;-1
110240;[Reversion] Commoner's Simple Garb;-1
110241;[Reversion] Raging Wolf Armor;-1
110242;[Reversion] Land of Reeds Armor;-1
110243;[Reversion] Confessor Hood;-1
110244;[Reversion] Confessor Armor;-1
110245;[Reversion] Finger Maiden Robe;-1
110247;[Reversion] Preceptor's Long Gown;-1
110249;[Reversion] Eccentric's Hood;-1
110250;[Reversion] Fingerprint Armor;-1
110251;[Reversion] Carian Knight Armor;-1
110252;[Reversion] Errant Sorcerer Robe;-1
110253;[Reversion] Gelmir Knight Armor;-1
110254;[Reversion] Godrick Knight Armor;-1
110255;[Reversion] Cuckoo Knight Armor;-1
110256;[Reversion] Leyndell Knight Armor;-1
110257;[Reversion] Redmane Knight Armor;-1
110258;[Reversion] Mausoleum Knight Armor;-1
110259;[Reversion] Haligtree Knight Armor;-1
110260;[Reversion] High Page Clothes;-1
110261;[Reversion] Rotten Gravekeeper Cloak;-1
110262;[Reversion] Beast Champion Armor;-1
110263;[Reversion] Snow Witch Robe;-1
110264;[Reversion] Crucible Axe Armor;-1
110265;[Reversion] Crucible Tree Armor;-1
110266;[Reversion] Fia's Robe;-1
110267;[Reversion] Alberich's Pointed Hat;-1
110268;[Reversion] Alberich's Robe;-1
110269;[Reversion] Traveling Maiden Robe;-1
110300;[Reversion] Elden Lord Armor;-1
110301;[Reversion] Radahn's Lion Armor;-1
110302;[Reversion] Lord of Blood's Robe;-1
110303;[Reversion] Maliketh's Armor;-1
110304;[Reversion] Malenia's Armor;-1
111000;[Alteration] Drake Knight Helm (Altered);-1
111001;[Alteration] Drake Knight Armor (Altered);-1
111002;[Alteration] Scaled Armor (Altered);-1
111003;[Alteration] Perfumer Robe (Altered);-1
111004;[Alteration] Perfumer's Traveling Garb (Altered);-1
111005;[Alteration] Spellblade's Traveling Attire (Altered);-1
111006;[Alteration] Ronin's Armor (Altered);-1
111007;[Alteration] Blaidd's Armor (Altered);-1
111008;[Alteration] Black Knife Armor (Altered);-1
111009;[Alteration] Briar Armor (Altered);-1
111010;[Alteration] Page Garb (Altered);-1
111011;[Alteration] Night's Cavalry Helm (Altered);-1
111012;[Alteration] Night's Cavalry Armor (Altered);-1
111013;[Alteration] Blue Silver Mail Armor (Altered);-1
111014;[Alteration] Nomadic Merchant's Finery (Altered);-1
111015;[Alteration] Tree Sentinel Armor (Altered);-1
111016;[Alteration] Royal Knight Armor (Altered);-1
111017;[Alteration] Nox Monk Hood (Altered);-1
111018;[Alteration] Nox Monk Armor (Altered);-1
111019;[Alteration] Nox Swordstress Crown (Altered);-1
111020;[Alteration] Nox Swordstress Armor (Altered);-1
111021;[Alteration] Gravekeeper Cloak (Altered);-1
111022;[Alteration] Cleanrot Helm (Altered);-1
111023;[Alteration] Cleanrot Armor (Altered);-1
111024;[Alteration] Depraved Perfumer Robe (Altered);-1
111025;[Alteration] All-Knowing Armor (Altered);-1
111026;[Alteration] Twinned Armor (Altered);-1
111029;[Alteration] Prophet Robe (Altered);-1
111030;[Alteration] Astrologer Robe (Altered);-1
111031;[Alteration] Lionel's Armor (Altered);-1
111032;[Alteration] Hoslow's Armor (Altered);-1
111033;[Alteration] Vagabond Knight Armor (Altered);-1
111034;[Alteration] War Surgeon Gown (Altered);-1
111036;[Alteration] Veteran's Armor (Altered);-1
111037;[Alteration] Bloodhound Knight Armor (Altered);-1
111038;[Alteration] Festive Hood (Altered);-1
111039;[Alteration] Commoner's Garb (Altered);-1
111040;[Alteration] Commoner's Simple Garb (Altered);-1
111041;[Alteration] Raging Wolf Armor (Altered);-1
111042;[Alteration] Land of Reeds Armor (Altered);-1
111043;[Alteration] Confessor Hood (Altered);-1
111044;[Alteration] Confessor Armor (Altered);-1
111045;[Alteration] Finger Maiden Robe (Altered);-1
111047;[Alteration] Preceptor's Long Gown (Altered);-1
111049;[Alteration] Eccentric's Hood (Altered);-1
111050;[Alteration] Fingerprint Armor (Altered);-1
111051;[Alteration] Carian Knight Armor (Altered);-1
111052;[Alteration] Errant Sorcerer Robe (Altered);-1
111053;[Alteration] Gelmir Knight Armor (Altered);-1
111054;[Alteration] Godrick Knight Armor (Altered);-1
111055;[Alteration] Cuckoo Knight Armor (Altered);-1
111056;[Alteration] Leyndell Knight Armor (Altered);-1
111057;[Alteration] Redmane Knight Armor (Altered);-1
111058;[Alteration] Mausoleum Knight Armor (Altered);-1
111059;[Alteration] Haligtree Knight Armor (Altered);-1
111060;[Alteration] High Page Clothes (Altered);-1
111061;[Alteration] Rotten Gravekeeper Cloak (Altered);-1
111062;[Alteration] Beast Champion Armor (Altered);-1
111063;[Alteration] Snow Witch Robe (Altered);-1
111064;[Alteration] Crucible Axe Armor (Altered);-1
111065;[Alteration] Crucible Tree Armor (Altered);-1
111066;[Alteration] Fia's Robe (Altered);-1
111067;[Alteration] Alberich's Pointed Hat (Altered);-1
111068;[Alteration] Alberich's Robe (Altered);-1
111069;[Alteration] Traveling Maiden Robe (Altered);-1
111100;[Alteration] Elden Lord Armor (Altered);-1
111101;[Alteration] Radahn's Lion Armor (Altered);-1
111102;[Alteration] Lord of Blood's Robe (Altered);-1
111103;[Alteration] Maliketh's Armor (Altered);-1
111104;[Alteration] Malenia's Armor (Altered);-1
111200;[Reversion] Drake Knight Helm;-1
111201;[Reversion] Drake Knight Armor;-1
111202;[Reversion] Scaled Armor;-1
111203;[Reversion] Perfumer Robe;-1
111204;[Reversion] Perfumer's Traveling Garb;-1
111205;[Reversion] Spellblade's Traveling Attire;-1
111206;[Reversion] Ronin's Armor;-1
111207;[Reversion] Blaidd's Armor;-1
111208;[Reversion] Black Knife Armor;-1
111209;[Reversion] Briar Armor;-1
111210;[Reversion] Page Garb;-1
111211;[Reversion] Night's Cavalry Helm;-1
111212;[Reversion] Night's Cavalry Armor;-1
111213;[Reversion] Blue Silver Mail Armor;-1
111214;[Reversion] Nomadic Merchant's Finery;-1
111215;[Reversion] Tree Sentinel Armor;-1
111216;[Reversion] Royal Knight Armor;-1
111217;[Reversion] Nox Monk Hood;-1
111218;[Reversion] Nox Monk Armor;-1
111219;[Reversion] Nox Swordstress Crown;-1
111220;[Reversion] Nox Swordstress Armor;-1
111221;[Reversion] Gravekeeper Cloak;-1
111222;[Reversion] Cleanrot Helm;-1
111223;[Reversion] Cleanrot Armor;-1
111224;[Reversion] Depraved Perfumer Robe;-1
111225;[Reversion] All-Knowing Armor;-1
111226;[Reversion] Twinned Armor;-1
111229;[Reversion] Prophet Robe;-1
111230;[Reversion] Astrologer Robe;-1
111231;[Reversion] Lionel's Armor;-1
111232;[Reversion] Hoslow's Armor;-1
111233;[Reversion] Vagabond Knight Armor;-1
111234;[Reversion] War Surgeon Gown;-1
111236;[Reversion] Veteran's Armor;-1
111237;[Reversion] Bloodhound Knight Armor;-1
111238;[Reversion] Festive Hood;-1
111239;[Reversion] Commoner's Garb;-1
111240;[Reversion] Commoner's Simple Garb;-1
111241;[Reversion] Raging Wolf Armor;-1
111242;[Reversion] Land of Reeds Armor;-1
111243;[Reversion] Confessor Hood;-1
111244;[Reversion] Confessor Armor;-1
111245;[Reversion] Finger Maiden Robe;-1
111247;[Reversion] Preceptor's Long Gown;-1
111249;[Reversion] Eccentric's Hood;-1
111250;[Reversion] Fingerprint Armor;-1
111251;[Reversion] Carian Knight Armor;-1
111252;[Reversion] Errant Sorcerer Robe;-1
111253;[Reversion] Gelmir Knight Armor;-1
111254;[Reversion] Godrick Knight Armor;-1
111255;[Reversion] Cuckoo Knight Armor;-1
111256;[Reversion] Leyndell Knight Armor;-1
111257;[Reversion] Redmane Knight Armor;-1
111258;[Reversion] Mausoleum Knight Armor;-1
111259;[Reversion] Haligtree Knight Armor;-1
111260;[Reversion] High Page Clothes;-1
111261;[Reversion] Rotten Gravekeeper Cloak;-1
111262;[Reversion] Beast Champion Armor;-1
111263;[Reversion] Snow Witch Robe;-1
111264;[Reversion] Crucible Axe Armor;-1
111265;[Reversion] Crucible Tree Armor;-1
111266;[Reversion] Fia's Robe;-1
111267;[Reversion] Alberich's Pointed Hat;-1
111268;[Reversion] Alberich's Robe;-1
111269;[Reversion] Traveling Maiden Robe;-1
111300;[Reversion] Elden Lord Armor;-1
111301;[Reversion] Radahn's Lion Armor;-1
111302;[Reversion] Lord of Blood's Robe;-1
111303;[Reversion] Maliketh's Armor;-1
111304;[Reversion] Malenia's Armor;-1
112000;Ash of War: Impaling Thrust;-1
112001;Ash of War: Piercing Fang;-1
112002;Ash of War: Spinning Slash;-1
112003;Ash of War: Repeating Thrust;-1
112004;Ash of War: Double Slash;-1
112005;Ash of War: Unsheathe;-1
112006;Ash of War: Sword Dance;-1
112008;Ash of War: Quickstep;-1
112009;Ash of War: Bloodhound's Step;-1
112010;Ash of War: Lion's Claw;-1
112011;Ash of War: Stamp (Upward Cut);-1
112012;Ash of War: Stamp (Sweep);-1
112013;Ash of War: Wild Strikes;-1
112014;Ash of War: Earthshaker;-1
112015;Ash of War: Kick;-1
112016;Ash of War: Ground Slam;-1
112017;Ash of War: Hoarah Loux's Earthshaker;-1
112018;Ash of War: Barbaric Roar;-1
112019;Ash of War: War Cry;-1
112020;Ash of War: Troll's Roar;-1
112021;Ash of War: Braggart's Roar;-1
112022;Ash of War: Endure;-1
112023;Ash of War: Charge Forth;-1
112024;Ash of War: Square Off;-1
112025;Ash of War: Giant Hunt;-1
112026;Ash of War: Spinning Strikes;-1
112027;Ash of War: Storm Assault;-1
112028;Ash of War: Stormcaller;-1
112029;Ash of War: Storm Blade;-1
112030;Ash of War: Vacuum Slice;-1
112031;Ash of War: Storm Stomp;-1
112032;Ash of War: Determination;-1
112033;Ash of War: Royal Knight's Resolve;-1
112034;Ash of War: Prelate's Charge;-1
112035;Ash of War: Eruption;-1
112036;Ash of War: Flaming Strike;-1
112037;Ash of War: Black Flame Tornado;-1
112038;Ash of War: Flame of the Redmanes;-1
112039;Ash of War: Thunderbolt;-1
112040;Ash of War: Lightning Slash;-1
112041;Ash of War: Lightning Ram;-1
112042;Ash of War: Loretta's Slash;-1
112043;Ash of War: Spinning Weapon;-1
112044;Ash of War: Glintblade Phalanx;-1
112045;Ash of War: Glintstone Pebble;-1
112046;Ash of War: Gravitas;-1
112047;Ash of War: Carian Grandeur;-1
112048;Ash of War: Carian Greatsword;-1
112049;Ash of War: Waves of Darkness;-1
112050;Ash of War: Cragblade;-1
112051;Ash of War: Sacred Blade;-1
112052;Ash of War: Prayerful Strike;-1
112053;Ash of War: Golden Land;-1
112054;Ash of War: Sacred Ring of Light;-1
112055;Ash of War: Golden Slam;-1
112056;Ash of War: Golden Vow;-1
112057;Ash of War: Sacred Order;-1
112058;Ash of War: Shared Order;-1
112059;Ash of War: Beast's Roar;-1
112060;Ash of War: Phantom Slash;-1
112061;Ash of War: Spectral Lance;-1
112062;Ash of War: Raptor of the Mists;-1
112063;Ash of War: White Shadow's Lure;-1
112064;Ash of War: Poison Moth Flight;-1
112065;Ash of War: Poisonous Mist;-1
112066;Ash of War: Blood Tax;-1
112067;Ash of War: Bloody Slash;-1
112068;Ash of War: Lifesteal Fist;-1
112069;Ash of War: Blood Blade;-1
112070;Ash of War: Assassin's Gambit;-1
112071;Ash of War: Seppuku;-1
112072;Ash of War: Ice Spear;-1
112073;Ash of War: Chilling Mist;-1
112074;Ash of War: Hoarfrost Stomp;-1
112075;Ash of War: No Skill;-1
112076;Ash of War: Shield Bash;-1
112077;Ash of War: Shield Crash;-1
112078;Ash of War: Barricade Shield;-1
112079;Ash of War: Parry;-1
112080;Ash of War: Carian Retaliation;-1
112081;Ash of War: Storm Wall;-1
112082;Ash of War: Golden Parry;-1
112083;Ash of War: Thops's Barrier;-1
112084;Ash of War: Holy Ground;-1
112085;Ash of War: Vow of the Indomitable;-1
112086;Ash of War: Barrage;-1
112087;Ash of War: Mighty Shot;-1
112088;Ash of War: Sky Shot;-1
112089;Ash of War: Through and Through;-1
112090;Ash of War: Enchanted Shot;-1
112091;Ash of War: Rain of Arrows;-1
600000;Dagger;-1
600001;Longsword;-1
600002;Short Spear;-1
600003;Mace;-1
600004;Longbow;-1
600005;Falchion;-1
600006;Hand Axe;-1
600007;Buckler;-1
600008;Round Shield;-1
600009;Blue Cloth Cowl;-1
600010;Blue Cloth Vest;-1
600011;Warrior Gauntlets;-1
600012;Warrior Greaves;-1
600013;Lone Wolf Ashes;-1
600014;Cracked Pot;-1
600015;;-1
600016;Arrow;-1
600017;String;-1
600018;Note: Imp Shades;-1
600019;Note: Flask of Wondrous Physick;-1
600020;;-1
600021;Miranda Powder;-1
600022;;-1
900000;[Incantation] Dragonfire;-1
900001;[Incantation] Agheel's Flame;-1
900002;[Incantation] Magma Breath;-1
900003;[Incantation] Dragonice;-1
900004;[Incantation] Rotten Breath;-1
900010;[Incantation] Dragonfire;-1
900011;[Incantation] Agheel's Flame;-1
900012;[Incantation] Magma Breath;-1
900013;[Incantation] Dragonice;-1
900014;[Incantation] Rotten Breath;-1
900020;[Incantation] Dragonfire;-1
900021;[Incantation] Agheel's Flame;-1
900022;[Incantation] Magma Breath;-1
900023;[Incantation] Dragonice;-1
900024;[Incantation] Rotten Breath;-1
900030;[Incantation] Dragonfire;-1
900031;[Incantation] Agheel's Flame;-1
900032;[Incantation] Magma Breath;-1
900033;[Incantation] Dragonice;-1
900034;[Incantation] Rotten Breath;-1
1600101;Dagger;-1
1600102;Longsword;-1
1600103;Short Spear;-1
1600104;Mace;-1
1600105;Longbow;-1
1600106;Falchion;-1
1600107;Hand Axe;-1
1600108;Buckler;-1
1600109;Round Shield;-1
1600110;Blue Cloth Cowl;-1
1600111;Blue Cloth Vest;-1
1600112;Warrior Gauntlets;-1
1600113;Warrior Greaves;-1
1600114;;-1
1600115;Cracked Pot;-1
1600116;;-1
1600117;Arrow;-1
1600118;String;-1
1600119;Note: Imp Shades;-1
1600120;Note: Flask of Wondrous Physick;-1
1600121;;-1
1600122;Miranda Powder;-1
1600123;;-1
1600401;Glintstone Staff;-1
1600402;Finger Seal;-1
1600403;Clawmark Seal;-1
1600404;[Sorcery] Glintstone Pebble;-1
1600405;[Sorcery] Stars of Ruin;-1
1600406;;-1
1600407;[Incantation] Flame;-1
1600408;[Incantation] Frenzied Burst;-1
1600409;Carian Knight Helm;-1
1600410;Carian Knight Armor (Altered);-1
1600411;Carian Knight Gauntlets;-1
1600412;Carian Knight Greaves;-1
1600413;Champion Headband;-1
1600414;Champion Pauldron;-1
1600415;Champion Bracers;-1
1600416;Champion Gaiters;-1
1600417;Crimson Amber Medallion;-1
1600418;Axe Talisman;-1
1600419;Fire Arrow;-1
1600420;Note: Stonedigger Trolls;-1
9000000;Forked Greatsword;-1
9000001;Iron Greatsword;-1
9000002;Lordsworn's Greatsword;-1
9000003;Knight's Greatsword;-1
9000004;Ordovis's Greatsword;-1
9001000;Omen Helm;-1
9001001;Omen Armor;-1
9001002;Omen Gauntlets;-1
9001003;Omen Greaves;-1
9001004;;-1
