Row ID;Row Name;Equipped Weapon: Right Primary
10;;13020000
11;;13020000
12;;13000000
13;;16020000
20;;2000000
21;;16000000
22;;11000000
23;;14000000
100;;12000
110;;11000
1000;;500
1001;;500
1010;;501
1011;;501
1020;;11010000
1021;;11010000
1030;;14000000
1031;;14000000
1040;;504
1041;;504
1050;;2000
1051;;2003
1052;;2040
1053;;2042
1054;;2048
1055;;2090
1056;;2091
1057;;2105
1058;;2110
1059;;2113
1060;;2117
1061;;2120
1062;;2127
1063;;2132
1064;;2137
1065;;2150
1066;;2156
1067;;2460
1068;;2462
1069;;2466
1070;;2200
1071;;2207
1072;;2212
1073;;2217
1074;;2280
1075;;2287
1076;;2292
1077;;2297
1078;;16010000
1079;;16010000
1100;;33000000
1101;;33000000
1102;;33000000
1103;;34000000
1104;;34000000
1105;;34000000
1106;;34000000
1120;;14020000
1121;;16000200
1122;;17060000
1123;;2000000
1124;;3080000
1125;;2000000
1126;;2000000
1127;;2000000
1128;;14000000
1129;;2000000
1130;;17060000
1135;;2000000
1150;;-1
1151;;1030000
1152;;2000000
1153;;3000000
1154;;7000000
1155;;9010000
1156;;10000000
1157;;16010000
1158;;11010000
1159;;14000000
1160;;17060000
1161;;2000000
1162;;2000000
1163;;2000000
1164;;2000000
1165;;40020000
1166;;40020000
1167;;40020000
1168;;33000000
1169;;34000000
1180;;2000000
1181;;2000000
1200;;2000000
1201;;2000000
1202;;2000000
1203;;2000000
1204;;2000000
1205;;2000000
1206;;2000000
1207;;2000000
1208;;2000000
1209;;2000000
1210;;2000000
1211;;2000000
1212;;2000000
1213;;2000000
1220;;2000000
1221;;2000000
1222;;2000000
1223;;2000000
1224;;2000000
1225;;2000000
1226;;2000000
1227;;2000000
1228;;2000000
1229;;2000000
1230;;2000000
1231;;2000000
1240;;2000000
1241;;2000000
1242;;2000000
1243;;2000000
1300;;2000000
1301;;2000000
1500;;1000000
1501;;2000000
1502;;3000000
1503;;4010000
1504;;5020000
1505;;6020000
1506;;7000000
1507;;8020000
1508;;9000000
1509;;10000000
1510;;11000000
1511;;11010000
1512;;12060000
1513;;13010000
1514;;14000000
1515;;14080000
1516;;15000000
1517;;16000000
1518;;17060000
1519;;18010000
1520;;19010000
1521;;20000000
1522;;21000000
1523;;22000000
1524;;23010000
1525;;24000000
1526;;30000000
1527;;148
1528;;207
1529;;40000000
1530;;41000000
1531;;42000000
1532;;43000000
1533;;44000000
1600;;5030000
1601;;4040000
1602;;4040000
1700;;5030000
1701;;131
1702;;4010000
1703;;114
1800;;2000000
2400;Gift - None;-1
2401;Gift - Crimson Amber Medallion;-1
2402;Gift - Lands Between Rune;-1
2403;Gift - Golden Seed;-1
2404;Gift - Fanged Imp Ashes;-1
2405;Gift - Cracked Pot;-1
2406;Gift - Stonesword Key;-1
2407;Gift - Bewitching Branch;-1
2408;Gift - Boiled Prawn;-1
2409;Gift - Shabriri's Woe;-1
3000;Class - Vagabond;2000000
3001;Class - Warrior;7140000
3002;Class - Hero;14000000
3003;Class - Bandit;1090000
3004;Class - Astrologer;33130000
3005;Class - Prophet;16000000
3006;Class - Samurai;2020000
3007;Class - Prisoner;9000000
3008;Class - Confessor;5000000
3009;Class - Wretch;11010000
3010;Class - Battlemage;11010000
3011;Class - Black Knife Assassin;1010000
3012;Class - Blackflame Monk;10010000
3013;Class - Bloodhound Knight;22020000
3014;Class - Dominula Celebrant;14061200
3015;Class - Malenia's Chosen;16040000
3016;Class - Crucible Knight;3060000
3017;Class - Depraved Perfumer;43050000
3018;Class - Deathbed Companion;19000000
3019;Class - Fingerprint Knight;17050000
3020;Class - Erdtree Guardian;18110000
3021;Class - Lost Marionette;16140000
3022;Class - Night's Cavalry;13000000
3023;Class - Errant Sorcerer;33000000
3024;Class - Beholder of Death;2090000
3025;Class - Rotten Noble;5040000
3026;Class - Fallen Aristocrat;41070000
3027;Class - Draconic Adherent;20001200
3028;Class - Reviled Omen;3160000
3029;Class - Disciple of Helphen;3130000
3030;Class - Eternal Wanderer;7070000
3031;Class - Albinauric Upstart;14050000
3032;Class - White Mask Assailant;11060000
3033;Class - Fallen Braggart;21070000
3034;Class - Crystal Miner;33120000
3035;Class - Ascetic Sorcerer;5000000
3036;Class - Bestial Champion;1110000
3100;;2000000
3101;;2000000
3102;;7140000
3103;;7140000
3104;;14000000
3105;;14000000
3106;;1090000
3107;;1090000
3108;;33130000
3109;;33130000
3110;;16000000
3111;;16000000
3112;;2020000
3113;;2020000
3114;;9000000
3115;;9000000
3116;;5000000
3117;;5000000
3118;;11010000
3119;;11010000
4000;;1000000
4001;;1000000
4002;;2000000
4003;;2000000
4004;;3000000
4005;;3000000
4006;;4000000
4007;;4000000
4008;;5000000
4009;;5000000
4010;;6000000
4011;;6000000
4012;;7000000
4013;;7010000
4014;;7000000
4015;;8020000
4016;;8020000
4017;;9000000
4018;;9000000
4019;;10000000
4020;;10000000
4021;;11000000
4022;;11000000
4023;;12060000
4024;;12060000
4025;;13000000
4026;;13000000
4027;;14000000
4028;;14000000
4029;;15030000
4030;;15030000
4031;;23900000
4032;;23900000
4033;;16000000
4034;;16000000
4035;;17060000
4036;;17060000
4037;;18000000
4038;;18000000
4039;;19010000
4040;;19010000
4041;;20000000
4042;;20000000
4043;;21000000
4044;;21000000
4045;;22000000
4046;;22000000
4047;;24000000
4048;;24000000
4049;;30000000
4050;;30000000
4051;;31000000
4053;;31000000
4054;;32050000
4055;;32050000
4056;;33000000
4057;;33000000
4058;;34000000
4059;;34000000
4060;;35000000
4061;;35000000
4062;;36000000
4063;;36000000
4064;;40000000
4065;;40000000
4066;;41000000
4067;;41000000
4068;;42000000
4069;;42000000
4070;;43000000
4071;;43000000
4072;;44000000
4100;;1000000
4101;;1010000
4102;;1020000
4103;;1030000
4104;;1040000
4105;;1050000
4106;;1060000
4107;;1070000
4108;;1080000
4109;;1090000
4110;;1100000
4111;;1110000
4113;;1130000
4114;;1140000
4115;;1150000
4116;;1160000
4150;;2000000
4151;;2010000
4152;;2020000
4153;;2030000
4154;;2040000
4155;;2050000
4156;;2060000
4157;;2070000
4158;;2080000
4159;;2090000
4161;;2110000
4164;;2140000
4165;;2150000
4168;;2180000
4169;;2190000
4170;;2200000
4171;;2210000
4172;;2220000
4173;;2230000
4174;;2240000
4175;;2260000
4176;;2250000
4200;;3000000
4201;;3010000
4202;;3020000
4203;;3030000
4204;;3040000
4205;;3050000
4206;;3060000
4207;;3070000
4208;;3080000
4209;;3090000
4210;;3100000
4213;;3130000
4214;;3140000
4215;;3150000
4216;;3160000
4217;;3170000
4218;;3180000
4219;;3190000
4220;;3200000
4221;;3210000
4250;;4000000
4251;;4010000
4252;;4020000
4253;;4030000
4254;;4040000
4255;;4050000
4256;;4060000
4257;;4070000
4258;;4080000
4260;;4100000
4261;;4110000
4300;;5000000
4301;;5010000
4302;;5020000
4303;;5030000
4304;;5040000
4305;;5050000
4306;;5060000
4350;;6000000
4351;;6010000
4352;;6020000
4354;;6040000
4400;;7000000
4401;;7010000
4402;;7020000
4403;;7030000
4404;;7040000
4405;;7050000
4406;;7060000
4407;;7070000
4408;;7080000
4410;;7100000
4411;;7110000
4412;;7120000
4413;;7140000
4414;;7150000
4450;;8010000
4451;;8020000
4452;;8030000
4453;;8040000
4454;;8060000
4455;;8070000
4456;;8080000
4458;;8100000
4459;;8050000
4460;;8110000
4500;;9000000
4501;;9010000
4502;;9020000
4503;;9030000
4504;;9040000
4506;;9060000
4507;;9070000
4508;;9080000
4550;;10000000
4551;;10010000
4552;;10030000
4554;;10050000
4555;;10060000
4556;;10070000
4557;;10080000
4558;;10090000
4600;;11000000
4601;;11010000
4603;;11030000
4604;;11040000
4605;;11050000
4606;;11060000
4607;;11070000
4608;;11080000
4609;;11090000
4610;;11100000
4611;;11110000
4612;;11120000
4613;;11130000
4614;;11140000
4615;;11150000
4616;;11160000
4650;;12000000
4651;;12010000
4652;;12020000
4653;;12060000
4655;;12080000
4659;;12130000
4660;;12140000
4661;;12150000
4662;;12160000
4663;;12170000
4664;;12180000
4665;;12190000
4666;;12200000
4667;;12210000
4700;;13000000
4701;;13010000
4702;;13020000
4703;;13030000
4704;;13040000
4750;;14000000
4751;;14010000
4752;;14020000
4753;;14030000
4754;;14040000
4755;;14050000
4756;;14060000
4757;;14080000
4759;;14100000
4760;;14110000
4761;;14120000
4763;;14140000
4800;;15000000
4801;;15010000
4802;;15020000
4803;;15030000
4804;;15040000
4805;;15050000
4806;;15060000
4808;;15080000
4811;;15110000
4812;;15120000
4813;;15130000
4814;;15140000
4850;;23000000
4851;;23010000
4852;;23020000
4853;;23030000
4854;;23040000
4855;;23050000
4856;;23060000
4857;;23070000
4858;;23080000
4860;;23100000
4861;;23110000
4862;;23120000
4863;;23150000
4864;;23140000
4865;;23130000
4900;;16000000
4901;;16010000
4902;;16020000
4903;;16030000
4904;;16040000
4905;;16050000
4906;;16060000
4907;;16070000
4908;;16080000
4909;;16090000
4911;;16110000
4912;;16120000
4913;;16130000
4914;;16140000
4915;;16150000
4916;;16160000
4951;;17010000
4952;;17020000
4953;;17030000
4955;;17050000
4956;;17060000
4957;;17070000
5000;;18000000
5001;;18010000
5002;;18020000
5003;;18030000
5004;;18040000
5005;;18050000
5006;;18060000
5007;;18070000
5008;;18080000
5009;;18090000
5010;;18100000
5011;;18110000
5013;;18130000
5014;;18140000
5015;;18150000
5016;;18160000
5050;;19000000
5051;;19010000
5052;;19020000
5055;;19050000
5056;;19060000
5060;;20000000
5062;;20020000
5063;;20030000
5065;;20050000
5066;;20060000
5067;;20070000
5100;;21000000
5101;;21010000
5106;;21060000
5107;;21070000
5108;;21080000
5109;;21100000
5110;;21110000
5111;;21120000
5112;;21130000
5150;;22000000
5151;;22010000
5152;;22020000
5153;;22030000
5200;;24000000
5202;;24020000
5204;;24040000
5205;;24050000
5206;;24060000
5207;;24070000
5250;;30000000
5251;;30010000
5252;;30020000
5253;;30030000
5254;;30040000
5256;;30060000
5257;;30070000
5258;;30080000
5259;;30090000
5260;;30100000
5261;;30110000
5262;;30120000
5263;;30130000
5264;;30140000
5265;;30150000
5269;;30190000
5270;;30200000
5300;;31000000
5301;;31010000
5302;;31020000
5303;;31030000
5304;;31040000
5305;;31050000
5306;;31060000
5307;;31070000
5308;;31080000
5309;;31090000
5310;;31100000
5311;;31130000
5312;;31140000
5313;;31170000
5315;;31190000
5319;;31230000
5320;;31240000
5321;;31250000
5322;;31260000
5323;;31270000
5324;;31280000
5325;;31290000
5326;;31300000
5327;;31310000
5328;;31320000
5329;;31330000
5330;;31340000
5350;;32000000
5351;;32020000
5352;;32030000
5353;;32040000
5354;;32050000
5355;;32080000
5356;;32090000
5359;;32120000
5360;;32130000
5361;;32140000
5362;;32150000
5363;;32160000
5364;;32170000
5365;;32190000
5366;;32200000
5367;;32210000
5368;;32220000
5369;;32230000
5370;;32240000
5371;;32250000
5372;;32260000
5373;;32270000
5374;;32280000
5375;;32290000
5376;;32300000
5400;;33000000
5404;;33040000
5405;;33050000
5406;;33060000
5409;;33090000
5411;;33260000
5412;;33120000
5413;;33130000
5417;;33170000
5418;;33180000
5419;;33190000
5420;;33200000
5421;;33210000
5422;;33230000
5423;;33240000
5424;;33250000
5425;;33270000
5426;;33280000
5450;;34000000
5451;;34010000
5452;;34020000
5453;;34030000
5454;;34040000
5455;;34060000
5456;;34070000
5457;;34080000
5458;;34090000
5500;;34060000
5501;;34070000
5550;;40000000
5551;;40010000
5552;;40020000
5553;;40030000
5555;;40050000
5600;;41000000
5601;;41010000
5602;;41020000
5603;;41030000
5604;;41040000
5606;;41060000
5607;;41070000
5650;;42000000
5651;;42010000
5653;;42030000
5654;;42040000
5700;;43000000
5701;;43020000
5702;;43030000
5703;;43050000
5704;;43060000
5705;;43080000
5707;;43100000
5708;;43110000
5750;;44000000
5751;;44010000
6000;;-1
6001;;-1
6002;;-1
6003;;-1
6004;;-1
6005;;-1
6006;;-1
6007;;-1
6008;;-1
6009;;-1
6010;;-1
6011;;-1
6012;;-1
6013;;-1
6014;;-1
6015;;-1
6016;;-1
6017;;-1
6018;;-1
6019;;-1
6020;;-1
6021;;-1
6022;;-1
6023;;-1
6024;;-1
6025;;-1
6026;;-1
6027;;-1
6028;;-1
6029;;-1
6030;;-1
6031;;-1
6032;;-1
6033;;-1
6034;;-1
6035;;-1
6036;;-1
6037;;-1
6038;;-1
6039;;-1
6040;;-1
6041;;-1
6042;;-1
6043;;-1
6044;;-1
6045;;-1
6046;;-1
6047;;-1
6048;;-1
6049;;-1
6050;;-1
6051;;-1
6052;;-1
6053;;-1
6054;;-1
6055;;-1
6056;;-1
6057;;-1
6058;;-1
6059;;-1
6060;;-1
6061;;-1
6062;;-1
6063;;-1
6064;;-1
6065;;-1
6066;;-1
6067;;-1
6068;;-1
6069;;-1
6070;;-1
6071;;-1
6072;;-1
6073;;-1
6074;;-1
6075;;-1
6076;;-1
6077;;-1
6078;;-1
6079;;-1
6080;;-1
6081;;-1
6082;;-1
6083;;-1
6084;;-1
6085;;-1
6086;;-1
6087;;-1
6088;;-1
6089;;-1
6090;;-1
6091;;-1
6092;;-1
6093;;-1
6094;;-1
6095;;-1
6096;;-1
6097;;-1
6098;;-1
6099;;-1
6100;;-1
6101;;-1
6102;;-1
6103;;-1
6104;;-1
6105;;-1
6106;;-1
6107;;-1
6108;;-1
6109;;-1
6110;;-1
6111;;-1
6112;;-1
6113;;-1
6114;;-1
6115;;-1
6116;;-1
6117;;-1
6118;;-1
6119;;-1
6120;;-1
6121;;-1
6122;;-1
6123;;-1
6124;;-1
6125;;-1
6126;;-1
6127;;-1
6128;;-1
6129;;-1
6130;;-1
6131;;-1
6132;;-1
6133;;-1
6134;;-1
6135;;-1
6136;;-1
6139;;-1
6140;;-1
6141;;-1
6144;;-1
6145;;-1
6146;;-1
6147;;-1
6148;;-1
6149;;-1
6150;;-1
6151;;-1
6152;;-1
6153;;-1
6158;;-1
6159;;-1
6160;;-1
6161;;-1
6162;;-1
6163;;-1
6164;;-1
6165;;-1
6166;;-1
6167;;-1
6168;;-1
6169;;-1
6170;;-1
6171;;-1
6172;;-1
6173;;-1
6174;;-1
6175;;-1
6176;;-1
6177;;-1
6178;;-1
6179;;-1
6180;;-1
6181;;-1
6182;;-1
6183;;-1
6184;;-1
6185;;-1
6186;;-1
6187;;-1
6188;;-1
6189;;-1
6190;;-1
6191;;-1
6192;;-1
6193;;-1
6194;;-1
6195;;-1
6196;;-1
6197;;-1
6198;;-1
6199;;-1
6200;;-1
6201;;-1
6202;;-1
6203;;-1
6204;;-1
6205;;-1
6206;;-1
6207;;-1
6208;;-1
6209;;-1
6210;;-1
6211;;-1
6212;;-1
6213;;-1
6214;;-1
6215;;-1
6216;;-1
6217;;-1
6218;;-1
6219;;-1
6220;;-1
6221;;-1
6222;;-1
6223;;-1
6224;;-1
6225;;-1
6226;;-1
6227;;-1
6228;;-1
6229;;-1
6230;;-1
6231;;-1
6232;;-1
6233;;-1
6234;;-1
6235;;-1
6236;;-1
6237;;-1
6238;;-1
6239;;-1
6240;;-1
6241;;-1
6242;;-1
6243;;-1
6244;;-1
6245;;-1
6498;;-1
6499;;-1
6500;;-1
6501;;-1
6502;;-1
6503;;-1
6504;;-1
6505;;-1
6506;;-1
6507;;-1
6508;;-1
6509;;-1
6510;;-1
6511;;-1
6512;;-1
6513;;-1
6514;;-1
6515;;-1
6516;;-1
6517;;-1
6518;;-1
6519;;-1
6520;;-1
6521;;-1
6522;;-1
6523;;-1
6524;;-1
6525;;-1
6526;;-1
6527;;-1
6528;;-1
6529;;-1
6530;;-1
6531;;-1
6532;;-1
6533;;-1
6534;;-1
6535;;-1
6536;;-1
6537;;-1
6538;;-1
6539;;-1
6540;;-1
6541;;-1
6542;;-1
6543;;-1
6544;;-1
6545;;-1
6546;;-1
6547;;-1
6548;;-1
6549;;-1
6550;;-1
6551;;-1
6552;;-1
6553;;-1
6554;;-1
6555;;-1
6556;;-1
6557;;-1
6558;;-1
6559;;-1
6560;;-1
6561;;-1
6562;;-1
6563;;-1
6564;;-1
6565;;-1
6566;;-1
6567;;-1
6568;;-1
6569;;-1
6570;;-1
6571;;-1
6572;;-1
6573;;-1
6574;;-1
6575;;-1
6576;;-1
6577;;-1
6578;;-1
6579;;-1
6580;;-1
6581;;-1
6582;;-1
6583;;-1
6584;;-1
6585;;-1
6586;;-1
6587;;-1
6588;;-1
6589;;-1
6590;;-1
6591;;-1
6592;;-1
6593;;-1
6594;;-1
6595;;-1
6596;;-1
6597;;-1
6598;;-1
6599;;-1
6602;;-1
6603;;-1
6604;;-1
6605;;-1
6606;;-1
6607;;-1
6608;;-1
6609;;-1
6610;;-1
6611;;-1
6612;;-1
6613;;-1
6614;;-1
6616;;-1
6617;;-1
6618;;-1
6619;;-1
6620;;-1
6621;;-1
6622;;-1
6623;;-1
6624;;-1
6625;;-1
6626;;-1
6627;;-1
6628;;-1
6629;;-1
6630;;-1
6631;;-1
6632;;-1
6633;;-1
6634;;-1
6635;;-1
6636;;-1
6637;;-1
6638;;-1
6639;;-1
6640;;-1
6641;;-1
6642;;-1
6643;;-1
6644;;-1
6645;;-1
6646;;-1
6647;;-1
6648;;-1
6649;;-1
6650;;-1
6651;;-1
6652;;-1
6653;;-1
6654;;-1
6655;;-1
6656;;-1
6657;;-1
6658;;-1
6659;;-1
6660;;-1
6661;;-1
6662;;-1
6663;;-1
6664;;-1
6665;;-1
6666;;-1
6667;;-1
6668;;-1
6669;;-1
6670;;-1
6671;;-1
6672;;-1
6673;;-1
6674;;-1
6675;;-1
6676;;-1
6677;;-1
6678;;-1
6679;;-1
6680;;-1
6681;;-1
6682;;-1
6683;;-1
6684;;-1
6685;;-1
6686;;-1
6687;;-1
6688;;-1
6689;;-1
6690;;-1
6691;;-1
6692;;-1
6693;;-1
6694;;-1
6695;;-1
6696;;-1
6697;;-1
6698;;-1
6699;;-1
6700;;-1
6701;;-1
6702;;-1
6703;;-1
6704;;-1
6705;;-1
6706;;-1
6707;;-1
6708;;-1
6709;;-1
6710;;-1
6711;;-1
6712;;-1
6713;;-1
6714;;-1
6715;;-1
6716;;-1
6717;;-1
6718;;-1
6719;;-1
6720;;-1
6721;;-1
6722;;-1
6723;;-1
6724;;-1
6725;;-1
6726;;-1
6727;;-1
6728;;-1
6729;;-1
6998;;-1
6999;;-1
7000;;33000000
7001;;33000000
7002;;33000000
7003;;33000000
7004;;33000000
7005;;33000000
7006;;33000000
7007;;33000000
7008;;33000000
7009;;33000000
7010;;33000000
7011;;33000000
7012;;33000000
7013;;33000000
7014;;33000000
7015;;33000000
7016;;33000000
7017;;33000000
7018;;33000000
7019;;33000000
7020;;33000000
7021;;33000000
7022;;33000000
7023;;33000000
7024;;33000000
7025;;33000000
7026;;33000000
7027;;33000000
7028;;33000000
7029;;33000000
7030;;33000000
7031;;33000000
7032;;33000000
7033;;33000000
7034;;33000000
7035;;33000000
7036;;2000000
7037;;33000000
7038;;33000000
7039;;2000000
7040;;33000000
7041;;33000000
7042;;33000000
7043;;33000000
7044;;33000000
7045;;33000000
7046;;33000000
7047;;33000000
7048;;33000000
7049;;2000000
7050;;33000000
7051;;33000000
7052;;33000000
7053;;33000000
7054;;33000000
7055;;33000000
7056;;33000000
7057;;33000000
7058;;33000000
7059;;33000000
7060;;33000000
7061;;33000000
7062;;33000000
7063;;33000000
7064;;33000000
7065;;33000000
7066;;33000000
7067;;34000000
7068;;33000000
7069;;33000000
7100;;34000000
7101;;34000000
7102;;34000000
7103;;34000000
7104;;34000000
7105;;34000000
7106;;34000000
7107;;34000000
7108;;34000000
7109;;34000000
7110;;34000000
7111;;34000000
7112;;34000000
7113;;34000000
7114;;34000000
7115;;2000000
7116;;34000000
7117;;34000000
7118;;34000000
7119;;34000000
7120;;2000000
7121;;34000000
7122;;34000000
7123;;34000000
7124;;34000000
7125;;34000000
7126;;34000000
7127;;34000000
7128;;34000000
7129;;34000000
7130;;34000000
7131;;34000000
7132;;34000000
7133;;34000000
7134;;34000000
7135;;34000000
7136;;34000000
7137;;34000000
7138;;34000000
7139;;33000000
7140;;34000000
7141;;34000000
7142;;34000000
7143;;34000000
7144;;34000000
7145;;34000000
7146;;34000000
7147;;34000000
7148;;34000000
7149;;34000000
7150;;34000000
7151;;34000000
7152;;2000000
7153;;34000000
7154;;34000000
7155;;34000000
7156;;34000000
7157;;34000000
7158;;34000000
7159;;34000000
7160;;34000000
7161;;34000000
7162;;34000000
7163;;34000000
7164;;34000000
7165;;34000000
7166;;34000000
7167;;34000000
7168;;2000000
7169;;2000000
7170;;34000000
7171;;34000000
7172;;34000000
7173;;34000000
7174;;34000000
7175;;34000000
7176;;34000000
7177;;34000000
7178;;34000000
7179;;34000000
7180;;34000000
7181;;34000000
7182;;34000000
7183;;34000000
7184;;34000000
7185;;34000000
7186;;34000000
7187;;34000000
7188;;2000000
7189;;34000000
7190;;34000000
7191;;34000000
7192;;34000000
7193;;34000000
7194;;34000000
7195;;34000000
7196;;34000000
7197;;34000000
7198;;34000000
7199;;34000000
7200;;34000000
7300;;33000000
7301;;33000000
7302;;33000000
7303;;33000000
7304;;33000000
7305;;33000000
7306;;33000000
7307;;33000000
7308;;33000000
7309;;33000000
7310;;33000000
7311;;33000000
7312;;33000000
7313;;33000000
7314;;33000000
7315;;33000000
7316;;33000000
7317;;33000000
7318;;34000000
7319;;33000000
7320;;33000000
7321;;34000000
7322;;34000000
7323;;34000000
7324;;33000000
7325;;34000000
7326;;34000000
7327;;34000000
7328;;34000000
7329;;34000000
7400;;33000000
7401;;34000000
7402;;34000000
7403;;34000000
7404;;33000000
7405;;34000000
7406;;34000000
7407;;34000000
7408;;34000000
7409;;33000000
7410;;34000000
7411;;34000000
7412;;34000000
7500;;100
7501;;173
7502;;101
7503;;125
7504;;128
7505;;129
7506;;143
7508;;130
7509;;131
7510;;146
7511;;163
7512;;164
7513;;132
7515;;133
7516;;126
7518;;166
7519;;174
7520;;121
7521;;175
7522;;147
7523;;185
7524;;186
7526;;187
7527;;148
7528;;151
7529;;152
7530;;194
7533;;183
7534;;168
7535;;176
7536;;116
7538;;142
7539;;143
7540;;145
7541;;192
7542;;172
7543;;193
7560;;103
7561;;124
7562;;104
7563;;105
7564;;106
7565;;165
7566;;108
7567;;135
7568;;127
7569;;137
7570;;138
7571;;134
7572;;139
7574;;112
7575;;123
7576;;144
7577;;120
7578;;18100000
7579;;169
7580;;170
7581;;177
7582;;178
7583;;122
7584;;113
7585;;181
7586;;184
7587;;109
7588;;136
7589;;171
7590;;179
7591;;117
7592;;202
7593;;13000000
7595;;107
7596;;153
7597;;154
7598;;216
7600;;110
7601;;111
7610;;140
7612;;141
7620;;190
7621;;191
7623;;167
7624;;115
7630;;192
7640;;114
7641;;102
7650;;155
7651;;156
7652;;157
7653;;158
7654;;159
7655;;160
7656;;161
7660;;157
7661;;157
7662;;157
7670;;119
7700;;301
7701;;303
7702;;305
7703;;307
7704;;311
7705;;314
7706;;300
7710;;321
7711;;323
7712;;325
7713;;327
7714;;331
7715;;334
7716;;320
7801;;98720000
7802;;98730000
7803;;98740000
7805;;98760000
7900;;20
7901;;80
7902;;86
7910;;1000
7911;;1003
7912;;1006
7913;;1009
7914;;1012
7915;;1015
8000;;2000000
8001;;2000000
8002;;2000000
8003;;2000000
8004;;2000000
8005;;2000000
8006;;2000000
8007;;2000000
8008;;2000000
8009;;2000000
8010;;2000000
8011;;2000000
8012;;2000000
8013;;2000000
8014;;2000000
8015;;2000000
8016;;2000000
8017;;2000000
8018;;2000000
8019;;2000000
8020;;2000000
8021;;2000000
8022;;2000000
8023;;2000000
8024;;2000000
8025;;2000000
8026;;2000000
8027;;2000000
8028;;2000000
8029;;2000000
8030;;2000000
8031;;2000000
8032;;2000000
8033;;2000000
8034;;2000000
8035;;2000000
8036;;2000000
8037;;2000000
8038;;2000000
8039;;2000000
8040;;2000000
8041;;2000000
8042;;2000000
8043;;2000000
8044;;2000000
8045;;2000000
8046;;2000000
8047;;2000000
8048;;2000000
8049;;2000000
8050;;2000000
8051;;2000000
8052;;2000000
8053;;2000000
8054;;2000000
8055;;2000000
8056;;2000000
8057;;2000000
8058;;2000000
8059;;2000000
8060;;2000000
8061;;184
8062;;2000000
8063;;2000000
8064;;2000000
8065;;2000000
8066;;2000000
8067;;2000000
8068;;2000000
8069;;2000000
8070;;2000000
8071;;2000000
8072;;141
8073;;2000000
8074;;2000000
8075;;2000000
8076;;2000000
8077;;2000000
8078;;2000000
8079;;2000000
8080;;2000000
8081;;2000000
8082;;2000000
8083;;2000000
8084;;2000000
8085;;2000000
8086;;2000000
8087;;2000000
8088;;2000000
8089;;2000000
8090;;2000000
8091;;2000000
8092;;2000000
8093;;2000000
8094;;2000000
8095;;2000000
8096;;2000000
8097;;2000000
8098;;2000000
8099;;2000000
8100;;2000000
8101;;2000000
8102;;2000000
8103;;2000000
8104;;2000000
8105;;2000000
8106;;2000000
8107;;2000000
8108;;2000000
8109;;2000000
8110;;2000000
8111;;2000000
8112;;2000000
8113;;2000000
8114;;2000000
8115;;2000000
8116;;2000000
8400;;2000000
8401;;2000000
8402;;2000000
8403;;2000000
8404;;2000000
8405;;2000000
8406;;2000000
8407;;2000000
8408;;2000000
8409;;2000000
8410;;2000000
8411;;2000000
8412;;2000000
8413;;2000000
8414;;2000000
8415;;2000000
8416;;2000000
8417;;2000000
8418;;2000000
8419;;2000000
8420;;2000000
8421;;2000000
8422;;2000000
8423;;2000000
8424;;2000000
8425;;2000000
8426;;2000000
8427;;2000000
8428;;2000000
8429;;2000000
8430;;2000000
8431;;2000000
8432;;2000000
8433;;2000000
8434;;2000000
8435;;2000000
8436;;2000000
8437;;2000000
8438;;2000000
8439;;2000000
8440;;2000000
8441;;2000000
8442;;2000000
8443;;2000000
8444;;2000000
8445;;2000000
8446;;2000000
8447;;2000000
8448;;2000000
8449;;2000000
8450;;2000000
8499;;2000000
8500;;2000000
8501;;2000000
8502;;2000000
8503;;2000000
8504;;2000000
8505;;2000000
8506;;2000000
8507;;2000000
8508;;2000000
8509;;2000000
8510;;2000000
8511;;2000000
8512;;2000000
8513;;2000000
8514;;2000000
8515;;2000000
8516;;2000000
8517;;2000000
8518;;2000000
8519;;2000000
8520;;2000000
8521;;2000000
8522;;2000000
8523;;2000000
8524;;2000000
8525;;2000000
8526;;2000000
8539;;2000000
8540;;2000000
8545;;2000000
8546;;2000000
8547;;2000000
8548;;2000000
8549;;2000000
8550;;2000000
8551;;2000000
8552;;2000000
8553;;2000000
8554;;2000000
8555;;2000000
8556;;2000000
8557;;2000000
8558;;2000000
8559;;2000000
8560;;2000000
8561;;2000000
8562;;2000000
8563;;2000000
8564;;2000000
8565;;2000000
8566;;2000000
8567;;2000000
8568;;2000000
8569;;2000000
8570;;2000000
8571;;2000000
8572;;2000000
8573;;2000000
8574;;2000000
8575;;2000000
8576;;2000000
8577;;2000000
8578;;2000000
8579;;2000000
8580;;2000000
8581;;2000000
8582;;2000000
8583;;2000000
8584;;2000000
8585;;2000000
8586;;2000000
8587;;2000000
8588;;2000000
8600;;11551
8601;;11551
8602;;11551
8603;;11551
8604;;11551
8605;;11551
8606;;11551
8607;;11551
8608;;11551
8609;;11551
8610;;11551
8611;;11551
8612;;11551
8613;;11551
8614;;11551
8615;;11551
8616;;11551
8617;;11551
8618;;11551
8619;;11551
8620;;11551
8621;;11551
8622;;11551
8623;;11551
8624;;11551
8625;;11551
8700;;41000000
8701;;41000000
8702;;41000000
8703;;41000000
8704;;41000000
8705;;41000000
8706;;41000000
8707;;41000000
8708;;41000000
8709;;41000000
8710;;41000000
8711;;41000000
8712;;41000000
8713;;41000000
8714;;41000000
8715;;41000000
8716;;41000000
8720;;42000000
8721;;42000000
8722;;42000000
8723;;42000000
8730;;43000000
8731;;43000000
8732;;43000000
8733;;43000000
8734;;43000000
8735;;43000000
8736;;43000000
8737;;43000000
8738;;43000000
8739;;43000000
8750;;44000000
8751;;44000000
8800;;2000000
8801;;2000000
8802;;2000000
8803;;2000000
8804;;2000000
8805;;2000000
8806;;2000000
8807;;2000000
8808;;2000000
8809;;2000000
8810;;2000000
8811;;2000000
8812;;2000000
8813;;2000000
8814;;2000000
8815;;2000000
8816;;2000000
8817;;2000000
8818;;2000000
8819;;2000000
8820;;2000000
9000;;2000000
9001;;2000000
9002;;2000000
9003;;2000000
9004;;2000000
9005;;2000000
9006;;5030000
9007;;4040000
9008;;1090000
9010;;2000000
9011;;2000000
9012;;-1
9020;;33000000
9030;;2000000
9031;;2000000
9032;;2000000
9033;;2000000
9034;;33000000
9035;;2000000
9036;;2000000
9037;;2000000
9038;;2000000
9039;;2000000
9040;;2000000
9041;;2000000
9042;;2000000
9043;;2000000
9044;;2000000
9046;;2000000
9048;;2000000
9050;;2000000
9051;;33000000
9052;;2000000
9055;;2000000
9057;;2000000
9058;;33000000
9059;;2000000
9060;;2000002
9061;;33000002
9062;;2000000
9063;;33000000
9064;;2000000
9065;;2000001
9066;;33000002
9070;;13000
9075;;1000000
9076;;40020000
9090;;2000000
9100;;2000000
9101;;2000000
9102;;2000000
9103;;2000000
9104;;2000000
9105;;2000000
9106;;2000000
9107;;2000000
9108;;2000000
9109;;2000000
9110;;2000000
9111;;2000000
9113;;2000000
9114;;2000000
9115;;2000000
9116;;2000000
9117;;2000000
9118;;2000000
9119;;2000000
9120;;2000000
9121;;2000000
9122;;2000000
9123;;2000000
9124;;2000000
9125;;2000000
9126;;2000000
9130;;2000000
9131;;2000000
9132;;2000000
9133;;2000000
9134;;2000000
9135;;2000000
9136;;2000000
9137;;2000000
9138;;2000000
9139;;2000000
9140;;2000000
9141;;2000000
9142;;2000000
9143;;2000000
9144;;2000000
9145;;2000000
9146;;2000000
9147;;2000000
9148;;2000000
9149;;2000000
9150;;2000000
9151;;2000000
9152;;2000000
9153;;2000000
9154;;2000000
9155;;2000000
9156;;2000000
9157;;2000000
9158;;2000000
9159;;2000000
9160;;2000000
9161;;2000000
9162;;2000000
9163;;2000000
9164;;2000000
9165;;2000000
9166;;2000000
9167;;2000000
9168;;2000000
9169;;2000000
9170;;2000000
9171;;2000000
9172;;2000000
9173;;2000000
9174;;2000000
9175;;2000000
9176;;2000000
9177;;2000000
9178;;2000000
9179;;2000000
9180;;2000000
9181;;2000000
9182;;2000000
9183;;2000000
9184;;2000000
9185;;2000000
9186;;2000000
9187;;2000000
9188;;2000000
9189;;2000000
9190;;2000000
9191;;2000000
9192;;2000000
9193;;2000000
9196;;2000000
9197;;194
9198;;2000000
9199;;2000000
9200;;2000000
9201;;2000000
9202;;2000000
9203;;2000000
9204;;40000000
9205;;156
9206;;30000000
9207;;2000000
9208;;301
9209;;2000000
9230;;2000000
9231;;2000000
9232;;2000000
9233;;2000000
9234;;2000000
9235;;2000000
9236;;2000000
9262;;2000000
9263;;2000000
9264;;2000000
9265;;2000000
9266;;2000000
9267;;2000000
9268;;2000000
9269;;2000000
9270;;2000000
9271;;2000000
9272;;2000000
9273;;2000000
9274;;11000000
9275;;16000000
9276;;40020000
9300;;99000000
9301;;99000000
9302;;99000000
9303;;99000000
9339;;2000000
9396;;-1
9397;;-1
9398;;-1
9400;;2000000
9401;;2000001
9402;;2000002
9403;;2000004
9404;;2000005
9405;;2000006
9406;;2000008
9407;;2000009
9408;;2000011
9409;;2000014
9410;;2000316
9411;;2000318
9412;;2000320
9413;;2000322
9414;;2000325
9415;;2000325
9416;;2000325
9417;;2000325
9418;;2000325
9419;;2000325
9420;;2000325
9446;;-1
9447;;-1
9448;;-1
9449;;33000000
9450;;33000000
9451;;33000001
9452;;33000002
9453;;33000004
9454;;33000005
9455;;33000006
9456;;33000008
9457;;33000009
9458;;33000011
9459;;33000013
9460;;33000016
9461;;33000017
9462;;33000020
9463;;33000022
9464;;33000025
9465;;33000025
9466;;33000025
9467;;33000025
9468;;33000025
9469;;33000025
9470;;33000025
9471;;33000025
9497;;-1
9498;;-1
9499;;-1
9500;;2000000
9501;;2000001
9502;;2000002
9503;;2000004
9504;;2000005
9505;;2000006
9506;;2000008
9507;;2000009
9508;;2000011
9509;;2000014
9510;;2000316
9511;;2000318
9512;;2000320
9513;;2000322
9514;;2000325
9515;;2000325
9516;;2000325
9517;;2000325
9518;;2000325
9519;;2000325
9520;;2000325
9547;;-1
9548;;-1
9549;;-1
9550;;9004
9551;;33090010
9552;;3100010
9553;;9003
9554;;9020010
9555;;9006
9556;;9003
10997;;-1
10998;;-1
10999;;-1
11000;;10001
11001;;10006
11002;;10013
11005;;10050
11006;;10058
11010;;10101
11011;;10109
11015;;10150
11016;;10156
11017;;10166
11020;;10207
11025;;10252
11026;;10262
11030;;10302
11031;;10312
11035;;10350
11036;;10358
11040;;10400
11041;;10408
11045;;10452
11046;;10462
11047;;10515
11050;;10550
11051;;10556
11055;;10611
11060;;10656
11065;;10701
11070;;10752
11071;;10766
11075;;10807
11080;;10850
11085;;10900
11086;;10908
11087;;10917
11090;;10957
11095;;11001
11096;;11007
11097;;11014
11100;;11050
11101;;11056
11102;;11068
11105;;11100
11106;;11106
11107;;11116
11110;;11150
11111;;11155
11112;;11160
11113;;11165
11114;;11170
11115;;11207
11120;;11250
11121;;11256
11122;;11266
11125;;11300
11126;;11306
11130;;11369
11135;;11402
11136;;11422
11140;;11460
11141;;11472
11145;;11501
11146;;11506
11147;;11511
11148;;11516
11150;;11550
11151;;11556
11155;;11603
11160;;11653
11165;;11700
11166;;11705
11167;;11710
11168;;11715
11169;;11720
11170;;11750
11171;;11755
11172;;11760
11173;;11765
11174;;11770
11175;;11800
11176;;11805
11177;;11810
11178;;11822
11180;;11850
11181;;11856
11185;;11900
11186;;11906
11190;;11950
11191;;11955
11192;;11960
11195;;12007
11200;;12065
11205;;12100
11206;;12108
11210;;12157
11215;;12215
11220;;12250
11221;;12255
11222;;12260
11223;;12265
11224;;12270
11225;;12300
11226;;12305
11227;;12310
11228;;12315
11229;;12320
11230;;10001
11235;;10001
11240;;12450
11241;;10001
11245;;10001
11250;;10001
11255;;10001
11260;;10001
11265;;10001
11270;;10001
11275;;12825
11280;;12873
11285;;12923
11290;;12973
11295;;13023
11300;;13073
11305;;13100
11306;;13105
11307;;13110
11308;;13115
11309;;13120
11310;;13150
11311;;13155
11312;;13160
11313;;13165
11314;;13170
11315;;13200
11316;;13205
11317;;13210
11318;;13215
11319;;13220
11320;;13250
11321;;13255
11322;;13260
11323;;13265
11324;;13270
11325;;13300
11326;;13305
11327;;13310
11328;;13315
11329;;13320
11330;;13350
11331;;13355
11332;;13360
11333;;13365
11334;;13370
11335;;13400
11336;;13405
11337;;13410
11338;;13415
11339;;13420
11340;;13453
11345;;13500
11346;;13505
11347;;13510
11348;;13515
11349;;13520
11350;;13550
11351;;13555
11352;;13560
11353;;13565
11354;;13570
11355;;13600
11356;;13605
11357;;13610
11358;;13615
11359;;13620
11360;;13650
11365;;13700
11366;;13705
11367;;13710
11368;;13715
11369;;13720
11370;;13750
11371;;13755
11372;;13760
11373;;13765
11374;;13770
11375;;13800
11376;;13805
11377;;13810
11378;;13815
11379;;13820
11380;;13850
11381;;13856
11382;;13866
11385;;13900
11386;;13905
11387;;13910
11388;;13915
11389;;13920
11390;;13951
11391;;13956
11392;;13963
11393;;13968
11395;;14001
11396;;14006
11397;;14013
11398;;14018
11400;;14050
11401;;14055
11402;;14060
11403;;14065
11404;;14070
11410;;14102
11411;;14122
11415;;14151
11416;;14156
11417;;14163
11418;;14168
11420;;14200
11421;;14205
11422;;14210
11423;;14215
11424;;14220
11425;;14278
11430;;14328
11435;;14350
11436;;14355
11437;;14360
11438;;14365
11439;;14370
11440;;14400
11441;;14405
11442;;14410
11443;;14415
11444;;14420
11445;;14450
11446;;14455
11447;;14460
11448;;14465
11449;;14470
11450;;14500
11451;;14505
11452;;14510
11453;;14515
11454;;14520
11997;;-1
11998;;-1
11999;;-1
12000;;12170010
12001;;32150010
12002;;32160010
12003;;11100010
12004;;12160010
12005;;23030010
12006;;20030010
12007;;30200010
12008;;3090010
12009;;17020010
12010;;18040010
12011;;21060010
12012;;3150010
12013;;15110010
12014;;3140010
12015;;3160010
12016;;1040010
12017;;1070010
12018;;2080010
12019;;2140010
12020;;3100010
12021;;3130010
12022;;3170010
12023;;2190010
12024;;16120010
12025;;4060010
12026;;6040010
12027;;8100010
12028;;9020010
12029;;11150010
12030;;15040010
12031;;23050010
12032;;4050010
12033;;4080010
12034;;17010010
12035;;11120010
12036;;1010010
12037;;1160010
12038;;4020010
12039;;23100010
12040;;3070010
12041;;8010010
12042;;4100010
12043;;9070010
12044;;12150010
12045;;20060010
12046;;11130010
12047;;13030010
12048;;3200010
12049;;16090010
12050;;17050010
12051;;19020010
12052;;2060010
12053;;2070010
12054;;2110010
12055;;2220010
12165;;18100010
12166;;18140010
12167;;3210010
12168;;8050010
12169;;42000010
12170;;4070010
12171;;6000010
12172;;7050010
12173;;7070010
12174;;7100010
12175;;8030010
12176;;8040010
12177;;9040010
12178;;9060010
12179;;10050010
12182;;11110010
12183;;12200010
12184;;13020010
12185;;14120010
12186;;14140010
12187;;16040010
12188;;17030010
12189;;19060010
12190;;21120010
12191;;21130010
12192;;23010010
12193;;23070010
12194;;23080010
12195;;24040010
12196;;32080010
12197;;32120010
12198;;3060010
12199;;33090010
19996;;-1
19997;;-1
19998;;-1
19999;;-1
20000;Human;2000000
20001;;2000000
20002;;155
20010;;2000004
20011;;2000007
20012;;2000010
20013;;2000008
20014;;2000019
20015;;2000325
23000;Tanith;-1
23010;White Mask Varre;-1
23040;Roundtable Knight Vyke;3040
23041;Festering Fingerprint Vyke;17050002
23070;Preceptor Seluvis;-1
23090;Patches;-1
23091;Patches;3090
23092;Patches;3092
23100;Irina of Morne;34900000
23101;Hyetta;34900000
23102;Irina of Morne;34900000
23110;Edgar;3110
23120;Witch-Hunter Jerren;3120
23121;Castellan Jerren;3122
23122;Witch-Hunter Jerren;3120
23130;Rya the Scout;-1
23140;Knight Diallos;-1
23150;Human;-1
23160;Sorceress Sellen;33900000
23161;Sorceress Sellen;3160
23162;Sorceress Sellen;3160
23163;Sorceress Sellen;33900000
23180;Yura, Hunter of Bloody Fingers;-1
23181;Yura, Hunter of Bloody Fingers;-1
23182;Shabriri;-1
23183;Yura, Hunter of Bloody Fingers;3183
23184;Yura, Hunter of Bloody Fingers;3181
23190;D, Hunter of the Dead;-1
23191;D, Hunter of the Dead;3190
23192;D, Hunter of the Dead;-1
23193;D, Hunter of the Dead;3192
23194;D, Hunter of the Dead;3190
23195;D, Hunter of the Dead;3190
23200;Roderika;-1
23201;Roderika, Spirit Tuner;-1
23210;Kenneth Haight;-1
23220;;33910000
23221;Fia, Deathbed Companion;33910000
23222;Fia, Deathbed Companion;33910000
23230;Dung Eater;-1
23231;Dung Eater;3220003
23232;Dung Eater Puppet;3220002
23240;Sir Gideon Ofnir;-1
23241;Sir Gideon Ofnir;11170000
23242;Sir Gideon Ofnir;11170000
23243;Sir Gideon Ofnir;11170000
23244;Sir Gideon Ofnir;11170000
23245;Sir Gideon Ofnir;11170000
23246;Sir Gideon Ofnir;11170000
23247;Sir Gideon Ofnir;11170000
23248;Sir Gideon Ofnir;11170000
23249;Sir Gideon Ofnir;11170000
23250;Sorcerer Rogier;-1
23251;Sorcerer Rogier;-1
23252;Sorcerer Rogier;3250
23260;Knight Bernahl;3260
23261;Recusant Bernahl;12200002
23262;Recusant Bernahl;12200002
23270;Eleonora, Violet Bloody Finger;10050002
23271;Eleonora, Violet Bloody Finger;10050006
23290;Lionel the Lionhearted;3290
23291;Human;3292
23310;Blackguard;-1
23311;Blackguard;-1
23312;Blackguard;3310
23320;Rykard-Hating Ghost;-1
23330;Sorcerer Thops;-1
23331;Sorcerer Thops;3330
23340;Nepheli Loux;-1
23341;Nepheli Loux;14140003
23342;Nepheli Loux Puppet;14140004
23350;;3350
23360;Vyke's Finger Maiden;-1
23380;Finger Maiden;-1
23390;Ensha of the Royal Remains;21110003
23400;Bloody Finger Ravenmount Assassin;3400
23420;Boc the Seamster;-1
23430;Sanguine Noble;1910005
23440;Great Horned Tragoth;3440
23441;Great Horned Tragoth;3442
23450;Old Knight Istvan;3450
23460;Rileigh the Idle;3460
23470;Juno Hoslow;3470
23480;Millicent;-1
23481;Millicent;-1
23482;Millicent;-1
23483;Millicent;-1
23484;Millicent;34960000
23485;Millicent;9920005
23486;Millicent;-1
23487;Millicent;9920010
23488;Millicent;9920007
23490;Sage Gowry;-1
23510;Brother Corhyn;-1
23520;Preceptor Miriam;3520
23521;Preceptor Miriam;3520
23530;Anastasia, Tarnished-Eater;3530
23531;Anastasia, Tarnished-Eater;3531
23532;Anastasia, Tarnished-Eater;3532
23550;Bloody Finger Okina;9910002
23551;Okina;9911000
23560;Adan, Thief of Fire;3560
23590;Moongrum, Carian Knight;3590
23600;Vargram the Raging Wolf;4910006
23610;Fia's Champion 1;3610
23611;Fia's Champion 1;3610
23612;Fia's Champion 1;3612
23613;Fia's Champion 1;3612
23614;Fia's Champion 1;3612
23615;Fia's Champion 1;3612
23616;Fia's Champion 1;3612
23617;Fia's Champion 1;3612
23618;Fia's Champion 1;3612
23630;Finger Maiden Therolina;34000000
23631;Finger Maiden Therolina Puppet;34000000
23632;Finger Maiden Therolina;34000000
23640;Dolores the Sleeping Arrow;40020000
23650;Jarwight Puppet;-1
23670;Inaba, Disciple of Okina;3670
23680;Silver Tear;3680
23681;Silver Tear;3681
23682;Silver Tear;3682
23683;Silver Tear;3683
23690;Recusant Henricus;3690
23700;Fia's Champion 2;3700
23701;Fia's Champion 2;3700
23702;Fia's Champion 2;3702
23703;Fia's Champion 2;3702
23704;Fia's Champion 2;3702
23705;Fia's Champion 2;3702
23706;Fia's Champion 2;3702
23707;Fia's Champion 2;3702
23708;Fia's Champion 2;3702
23710;Fia's Champion 2;3710
23711;Fia's Champion 3;3710
23712;Fia's Champion 3;3712
23713;Fia's Champion 3;3712
23714;Fia's Champion 3;3712
23715;Fia's Champion 3;3712
23716;Fia's Champion 3;3712
23717;Fia's Champion 3;3712
23718;Fia's Champion 3;3712
23720;Maleigh Marais;3720
23730;Knight of the Great Jar 1;3730
23731;Knight of the Great Jar 1;3730
23732;Knight of the Great Jar 1;3730
23733;Knight of the Great Jar 1;3730
23734;Knight of the Great Jar 1;3730
23735;Knight of the Great Jar 1;3730
23736;Knight of the Great Jar 1;3730
23737;Knight of the Great Jar 1;3730
23738;Knight of the Great Jar 1;3730
23740;Knight of the Great Jar 2;3740
23741;Knight of the Great Jar 2;3740
23742;Knight of the Great Jar 2;3740
23743;Knight of the Great Jar 2;3740
23744;Knight of the Great Jar 2;3740
23745;Knight of the Great Jar 2;3740
23746;Knight of the Great Jar 2;3740
23747;Knight of the Great Jar 2;3740
23748;Knight of the Great Jar 2;3740
23750;Knight of the Great Jar 3;3750
23751;Knight of the Great Jar 3;3750
23752;Knight of the Great Jar 3;3750
23753;Knight of the Great Jar 3;3750
23754;Knight of the Great Jar 3;3750
23755;Knight of the Great Jar 3;3750
23756;Knight of the Great Jar 3;3750
23757;Knight of the Great Jar 3;3750
23758;Knight of the Great Jar 3;3750
23760;Necromancer Garris;13020002
23770;Nameless White Mask;3770
23800;Errant Sorcerer Wilhelm;3800
23820;Chief Guardian Arghanthy;3820
23830;Flame Guardian;3830
23840;Inquisitor Ghiza;23920006
23850;Mad Tongue Alberich;3850
23860;Esgar, Priest of Blood;1910005
23870;Mary, Eldest Sister;19020001
23880;Maureen, Second Sister;3880
23890;Amy, Third Sister;3890
23900;Polyanna, Youngest Sister;1190005
23901;Polyanna, Youngest Sister;1190005
24000;;-1
24010;Stray Mimic Tear;2000010
24020;Mimic Tear;2000007
26050;Mimic Tear;-1
27000;Stormhill Colosseum Silent Spirit;-1
27001;Caria Manor Silent Spirit;-1
27002;Dragonbarrow Silent Spirit;-1
27003;;-1
27900;Human;-1
28500;Human;-1
29000;;-1
