Row ID;Row Name;Reinforcement Level
10;Longsword +6 - test gem 1;6
20;Blank +6 - Lion's Claw;6
21;Blank +6 - Lion's Claw;6
22;Blank +6 - Lion's Claw;6
23;Blank +6 - Lion's Claw;6
80;Longsword +0 - Lion's Claw;0
81;Heavy Longsword +0 - Lion's Claw;0
82;Keen Longsword +0 - Lion's Claw;0
83;Quality Longsword +0 - Lion's Claw;0
84;Fire Longsword +0 - Lion's Claw;0
85;Flame Art Longsword +0 - Lion's Claw;0
86;Lightning Longsword +0 - Lion's Claw;0
87;Sacred Longsword +0 - Lion's Claw;0
88;Magic Longsword +0 - Lion's Claw;0
89;Cold Longsword +0 - Lion's Claw;0
90;Poison Longsword +0 - Lion's Claw;0
100;Bastard Sword +0 - Lion's Claw;0
101;Longsword +0 - Impaling Thrust;0
102;Uchigatana +0 - Piercing Fang;0
103;Longsword +0 - Spinning Slash;0
104;Bastard Sword +0 - Spinning Slash;0
105;Lance +0 - Charge Forth;0
106;Bastard Sword +0 - Stamp (Upward Cut);0
107;Greatsword +0 - Stamp (Sweep);0
108;Longsword +0 - Blood Tax;0
109;Longsword +0 - Repeating Thrust;0
110;Battle Axe +0 - Wild Strikes;0
111;Halberd +0 - Spinning Strikes;0
112;Uchigatana +0 - Double Slash;0
113;Prelate's Inferno Crozier +0 - Prelate's Charge;0
114;Uchigatana +0 - Unsheathe;0
115;Longsword +0 - Square Off;0
116;Lance +0 - Giant Hunt;0
117;Torch +0 - Torch Attack;0
118;Twinblade +0 - Loretta's Slash;0
119;Longsword +0 - Poison Moth Flight;0
120;Longsword +0 - Spinning Weapon;0
121;Longsword +0 -;0
122;Banished Knight's Halberd +0 - Storm Assault;0
123;Banished Knight's Halberd +0 - Stormcaller;0
124;Longsword +0 - Glintblade Phalanx;0
125;Longsword +0 - Sacred Blade;0
126;Short Spear +0 - Ice Spear;0
127;Longsword +0 - Glintstone Pebble;0
128;Longsword +0 - Bloody Slash;0
129;Caestus +0 - Lifesteal Fist;0
130;Great Mace +0 - Eruption;0
131;Great Mace +0 - Prayerful Strike;0
132;Blank +0 - Gravitas;0
133;Longsword +0 - Storm Blade;0
134;Nightrider Glaive +0 - Phantom Slash;0
135;Great Mace +0 - Earthshaker;0
136;Great Mace +0 - Golden Land;0
137;Longsword +0 - Flaming Strike;0
138;Short Spear +0 - Thunderbolt;0
139;Uchigatana +0 - Lightning Slash;0
140;Longsword +0 - Carian Grandeur;0
141;Longsword +0 - Carian Greatsword;0
142;Longsword +0 - Vacuum Slice;0
143;Twinblade +0 - Black Flame Tornado;0
144;Short Spear +0 - Sacred Ring of Light;0
145;Short Spear +0 - Spectral Lance;0
146;Kite Shield +0 - Shield Bash;0
147;Kite Shield +0 - Barricade Shield;0
148;Kite Shield +0 - Parry;0
149;Buckler +0 - Buckler Parry;0
151;Kite Shield +0 - Carian Retaliation;0
152;Kite Shield +0 - Storm Wall;0
153;Kite Shield +0 - Golden Parry;0
154;Kite Shield +0 - Shield Crash;0
155;Lion Greatbow +0 - Through and Through;0
156;Longbow +0 - Barrage;0
157;Longbow +0 - Mighty Shot;0
158;Longbow +0 - Enchanted Shot;0
159;Longbow +0 - Sky Shot;0
160;Lion Greatbow +0 - Rain of Arrows;0
161;Longbow +0 -;0
163;Longsword +0 -;0
164;Longsword +0 - Hoarfrost Stomp;0
165;Longsword +0 - Storm Stomp;0
166;Longsword +0 - Kick;0
167;Longsword +0 - Lightning Ram;0
168;Longsword +0 - Flame of the Redmanes;0
169;Longsword +0 - Ground Slam;0
170;Longsword +0 - Golden Slam;0
171;Great Mace +0 - Waves of Darkness;0
172;Caestus +0 - Hoarah Loux's Earthshaker;0
173;Longsword +0 - Determination;0
174;Longsword +0 - Assassin's Gambit;0
175;Longsword +0 - Golden Vow;0
176;Longsword +0 - Sacred Order;0
177;Longsword +0 - Seppuku;0
178;Greatsword +0 - Cragblade;0
179;Longsword +0 - Shared Order;0
180;Longsword +0 - Barbaric Roar;0
181;Longsword +0 - Beast's Roar;0
182;Longsword +0 -;0
183;Longsword +0 - Braggart's Roar;0
184;Longsword +0 - Troll's Roar;0
185;Mace +0 - Endure;0
186;Kite Shield +0 - Vow of the Indomitable;0
187;Kite Shield +0 - Holy Ground;0
188;Great Club +0 - Endure;0
189;Caestus +0 - Endure;0
190;Longsword +0 - Quickstep;0
191;Longsword +0 - Bloodhound's Step;0
192;Longsword +0 - Raptor of the Mists;0
193;Longsword +0 - Royal Knight's Resolve;0
194;Longsword +0 - White Shadow's Lure;0
197;Twinblade +0 - Spinning Slash;0
198;Short Spear +0 - Spinning Slash;0
199;Short Spear +0 - Loretta's Slash;0
200;Short Spear +0 - Storm Assault;0
201;Short Spear +0 - Stormcaller;0
202;Longsword +0 - Sword Dance;0
203;Bastard Sword +0 - Sword Dance;0
204;Short Spear +0 - Sword Dance;0
205;Torch +0 - Firebreather;0
206;Longsword +0 - Blood Blade;0
207;Dragon Towershield +0 - Shield Bash;0
208;Buckler +0 - Shield Bash;0
209;Dragon Towershield +0 - Barricade Shield;0
210;Buckler +0 - Barricade Shield;0
211;Buckler +0 - Parry;0
212;Dagger +0 - Parry;0
213;Falchion +0 - Parry;0
214;Dragon Towershield +0 - Shield Crash;0
215;Buckler +0 - Shield Crash;0
216;Kite Shield +0 - Thops's Barrier;0
217;Short Spear +0 - Determination;0
218;Short Spear +0 - Black Flame Tornado;0
219;Lance +0 - Black Flame Tornado;0
220;Lucerne +0 - Black Flame Tornado;0
221;Scythe +0 - Black Flame Tornado;0
300;Hookclaws +0 - Barbaric Roar;0
301;Longsword +0 - Barbaric Roar;0
302;Twinblade +0 - Barbaric Roar;0
303;Bastard Sword +0 - Barbaric Roar;0
304;Greatsword +0 - Barbaric Roar;0
305;Falchion +0 - Barbaric Roar;0
306;Uchigatana +0 - Barbaric Roar;0
307;Battle Axe +0 - Barbaric Roar;0
308;Duelist Greataxe +0 - Barbaric Roar;0
309;Watchdog's Staff +0 - Barbaric Roar;0
310;Greataxe +0 - Barbaric Roar;0
311;Mace +0 - Barbaric Roar;0
312;Flail +0 - Barbaric Roar;0
313;Great Mace +0 - Barbaric Roar;0
314;Short Spear +0 - Barbaric Roar;0
315;Mohgwyn's Sacred Spear +0 - Barbaric Roar;0
316;Halberd +0 - Barbaric Roar;0
317;Blank +0 - Barbaric Roar;0
318;Caestus +0 - Barbaric Roar;0
319;Scythe +0 - Barbaric Roar;0
320;Hookclaws +0 - War Cry;0
321;Longsword +0 - War Cry;0
322;Twinblade +0 - War Cry;0
323;Bastard Sword +0 - War Cry;0
324;Greatsword +0 - War Cry;0
325;Falchion +0 - War Cry;0
326;Uchigatana +0 - War Cry;0
327;Battle Axe +0 - War Cry;0
328;Duelist Greataxe +0 - War Cry;0
329;Watchdog's Staff +0 - War Cry;0
330;Greataxe +0 - War Cry;0
331;Mace +0 - War Cry;0
332;Flail +0 - War Cry;0
333;Great Mace +0 - War Cry;0
334;Short Spear +0 - War Cry;0
335;Mohgwyn's Sacred Spear +0 - War Cry;0
336;Halberd +0 - War Cry;0
337;Blank +0 - War Cry;0
338;Caestus +0 - War Cry;0
339;Scythe +0 - War Cry;0
340;Bastard Sword +0 - Double Slash;0
341;Banished Knight's Halberd +0 - Double Slash;0
345;Bastard Sword +0 - Bloody Slash;0
346;Twinblade +0 - Bloody Slash;0
350;Longsword +0 - Chilling Mist;0
355;Longsword +0 - Poisonous Mist;0
360;Twinblade +0 - Ice Spear;0
365;Caestus +0 - Thunderbolt;0
370;Banished Knight's Halberd +0 - Lightning Slash;0
500;Scimitar +0 - Storm Blade;0
501;Spear +0 - Determination;0
502;Club +0 - Blank;0
503;Rickety Shield +0 - Holy Ground;0
504;Bastard Sword +0 - Thunderbolt;0
1000;Bastard Sword +0 - Lion's Claw;0
1001;Longsword +0 - Impaling Thrust;0
1002;Longsword +0 - Spinning Slash;0
1003;Short Spear +0 -;0
1004;Flame Art Longsword +0 - Glintblade Phalanx;0
1005;Poison Longsword +0 -;0
1006;Sacred Bastard Sword +0 - Eruption;0
1007;Quality Bastard Sword +0 - Gravitas;0
1008;Quality Longsword +0 - Storm Blade;0
1009;Heavy Bastard Sword +0 - Earthshaker;0
1010;Magic Longsword +0 - Flaming Strike;0
1011;Cold Short Spear +0 - Thunderbolt;0
1012;Flame Art Longsword +0 - Carian Greatsword;0
1013;Heavy Longsword +0 - Storm Stomp;0
1014;Quality Longsword +0 - Determination;0
1015;Fire Longsword +0 - Holy Ground;0
1016;Keen Longsword +0 - Quickstep;0
1017;Keen Longsword +0 - Raptor of the Mists;0
3010;Blank +4 - No Skill;4
3040;Blank +4 - Storm Assault;4
3041;Blank +0 - No Skill;0
3042;Blank +5 - No Skill;5
3090;Spear +7 - Kick;7
3091;Blank +10 - No Skill;10
3092;Spear +0 - Kick;0
3093;Blank +0 - No Skill;0
3110;Banished Knight's Halberd +8 - Spinning Strikes;8
3111;Blank +0 - No Skill;0
3120;Flamberge +9 - Flaming Strike;9
3121;Blank +10 - No Skill;10
3122;Blank +0 - Flaming Strike;0
3123;Blank +0 - No Skill;0
3140;Hoslow's Petal Whip +3 - Kick;3
3141;Blank +10 - No Skill;10
3160;Blank +6 - No Skill;6
3180;Nagakiba +7 - Impaling Thrust;7
3181;Blank +10 - No Skill;10
3182;Uchigatana +5 - Impaling Thrust;5
3183;Blank +7 - Impaling Thrust;7
3190;Inseparable Sword +1 - Sacred Order;1
3191;Blank +10 - No Skill;10
3192;Blank +1 - Sacred Order;1
3193;Blank +10 - No Skill;10
3210;Erdsteel Dagger +10 - Sacred Order;10
3211;Blank +0 - No Skill;0
3230;Sword of Milos +10 - Blank;10
3240;Blank +7 - No Skill;7
3241;Blank +8 - No Skill;8
3250;Rogier's Rapier +10 - Glintblade Phalanx;10
3251;Blank +10 - No Skill;10
3260;Blank +6 - Vacuum Slice;6
3261;Blank +10 - No Skill;10
3262;Devourer's Scepter +7 - Blank;7
3270;Eleonora's Poleblade +2 - Blank;2
3271;Blank +0 - No Skill;0
3290;Great epee +8 - Repeating Thrust;8
3291;Blank +10 - No Skill;10
3292;Blank +0 - Blank;0
3293;Blank +0 - No Skill;0
3310;Iron Ball +7 - Braggart's Roar;7
3330;Blank +5 - No Skill;5
3340;Stormhawk Axe +4 - Blank;4
3350;Scavenger's Curved Sword +10 - Beast's Roar;10
3351;Blank +10 - No Skill;10
3390;Clinging Bone +3 - Blank;3
3391;Blank +6 - No Skill;6
3400;Raptor Talons +8 - Raptor of the Mists;8
3430;Reduvia +10 - Blank;10
3440;Blank +8 - Ground Slam;8
3441;Blank +10 - No Skill;10
3442;Blank +0 - Ground Slam;0
3443;Blank +0 - No Skill;0
3450;Blank +6 - Gravitas;6
3460;Scorpion's Stinger +5 - Quickstep;5
3461;Crepus's Black-Key Crossbow +10 - No Skill;10
3470;Hoslow's Petal Whip +9 - Bloodhound's Step;9
3510;Flail +5 - Blank;5
3511;Blank +5 - No Skill;5
3520;Blank +0 - No Skill;0
3530;Blank +6 - Wild Strikes;6
3531;Sacred Butchering Knife +6 - Wild Strikes;6
3532;Sacred Butchering Knife +7 - Prayerful Strike;7
3550;Rivers of Blood +4 - Blank;4
3551;Wakizashi +10 - Quickstep;10
3552;Rivers of Blood +0 - Blank;0
3553;Wakizashi +0 - Quickstep;0
3560;Flail +10 - Wild Strikes;10
3561;Blank +0 - No Skill;0
3590;Carian Knight's Sword +2 - Glintblade Phalanx;2
3591;Carian Knight's Shield +10 - Carian Retaliation;10
3592;Blank +0 - No Skill;0
3600;Godslayer's Greatsword +6 - Blank;6
3610;Quality Twinblade +9 - Spinning Slash;9
3611;Iron Roundshield +9 - No Skill;9
3612;Quality Twinblade +10 - Spinning Slash;10
3613;Iron Roundshield +10 - No Skill;10
3670;Blank +7 - Seppuku;7
3671;Wakizashi +8 - No Skill;8
3680;Light Crossbow +9 - Kick;9
3681;Mace +8 - Kick;8
3682;Blank +6 - Kick;6
3683;Short Spear +6 - Kick;6
3684;Inverted Hawk Towershield +9 - No Skill;9
3690;Blank +6 - Eruption;6
3700;Blank +9 - Endure;9
3701;Blank +9 - No Skill;9
3702;Blank +10 - Endure;10
3703;Blank +10 - No Skill;10
3710;Blank +9 - Quickstep;9
3711;Heater Shield +9 - No Skill;9
3712;Blank +10 - Quickstep;10
3713;Heater Shield +10 - No Skill;10
3720;Antspur Rapier +10 - Impaling Thrust;10
3721;Blank +10 - No Skill;10
3730;Keen Misericorde +10 - Poison Moth Flight;10
3731;Buckler +10 - Parry;10
3740;Heavy Great Mace +10 - Prayerful Strike;10
3741;Banished Knight's Shield +10 - No Skill;10
3750;Magic Estoc +10 - Parry;10
3751;Albinauric Staff +10 - No Skill;10
3760;Black Knife +3 - Blank;3
3761;Blank +10 - No Skill;10
3770;Blood Misericorde +10 - Blood Tax;10
3771;Blank +10 - No Skill;10
3800;Blank +6 - No Skill;6
3820;Blank +0 - No Skill;0
3821;One-Eyed Shield +10 - Blank;10
3830;Torchpole +2 - Kick;2
3831;Blank +10 - No Skill;10
3840;Ghiza's Wheel +7 - Blank;7
3850;Cold Scythe +7 - Sword Dance;7
3851;Staff of the Guilty +7 - No Skill;7
3860;Reduvia +10 - Blank;10
3861;Blank +10 - No Skill;10
3870;Halo Scythe +3 - Blank;3
3880;Blank +6 - Charge Forth;6
3890;Flowing Curved Sword +7 - Sword Dance;7
3900;Blank +7 - Blank;7
3901;Blank +7 - No Skill;7
5000;Banished Knight's Halberd +8 - Spinning Strikes;8
5010;Rogier's Rapier +8 - Glintblade Phalanx;8
5020;Spear +7 - Charge Forth;7
5030;Nagakiba +0 - Piercing Fang;0
5040;Iron Ball +0 - Braggart's Roar;0
9000;Magic Ice Crest Shield +10 - Carian Retaliation;10
9001;Heavy Giant-Crusher +10 - Bloodhound's Step;10
9002;Heavy Stone Club +10 - Hoarah Loux's Earthshaker;10
9003;Heavy Greatsword +10 - Bloodhound's Step;10
9004;Quality Grossmesser +10 - Sword Dance;10
9005;Banished Knight's Quality Greatsword +10 - Storm Stomp;10
9006;Hoslow's Keen Petal Whip +10 - Bloodhound's Step;10
9007;Composite Bow +10 - Barrage;10
10001;Heavy Longsword +10 - Lion's Claw;10
10002;Heavy Bastard Sword +10 - Lion's Claw;10
10003;Heavy Greatsword +10 - Lion's Claw;10
10004;Heavy Falchion +10 - Lion's Claw;10
10005;Heavy Dismounter +10 - Lion's Claw;10
10006;Heavy Uchigatana +10 - Lion's Claw;10
10007;Heavy Twinblade +10 - Lion's Claw;10
10010;Heavy Battle Axe +10 - Lion's Claw;10
10011;Heavy Greataxe +10 - Lion's Claw;10
10012;Heavy Mace +10 - Lion's Claw;10
10013;Heavy Large Club +10 - Lion's Claw;10
10014;Heavy Nightrider Flail +10 - Lion's Claw;10
10022;Heavy Duelist Greataxe +10 - Lion's Claw;10
10050;Keen Dagger +10 - Impaling Thrust;10
10051;Keen Longsword +10 - Impaling Thrust;10
10052;Keen Bastard Sword +10 - Impaling Thrust;10
10056;Keen Uchigatana +10 - Impaling Thrust;10
10057;Keen Twinblade +10 - Impaling Thrust;10
10058;Keen Rapier +10 - Impaling Thrust;10
10059;Keen Great epee +10 - Impaling Thrust;10
10065;Keen Short Spear +10 - Impaling Thrust;10
10066;Keen Lance +10 - Impaling Thrust;10
10067;Keen Halberd +10 - Impaling Thrust;10
10101;Keen Longsword +10 - Piercing Fang;10
10102;Keen Bastard Sword +10 - Piercing Fang;10
10106;Keen Uchigatana +10 - Piercing Fang;10
10107;Keen Twinblade +10 - Piercing Fang;10
10108;Keen Rapier +10 - Piercing Fang;10
10109;Keen Great epee +10 - Piercing Fang;10
10115;Keen Short Spear +10 - Piercing Fang;10
10116;Keen Lance +10 - Piercing Fang;10
10117;Keen Halberd +10 - Piercing Fang;10
10150;Keen Dagger +10 - Spinning Slash;10
10151;Keen Longsword +10 - Spinning Slash;10
10152;Keen Bastard Sword +10 - Spinning Slash;10
10154;Keen Falchion +10 - Spinning Slash;10
10155;Keen Dismounter +10 - Spinning Slash;10
10156;Keen Uchigatana +10 - Spinning Slash;10
10157;Keen Twinblade +10 - Spinning Slash;10
10160;Keen Battle Axe +10 - Spinning Slash;10
10161;Keen Greataxe +10 - Spinning Slash;10
10165;Keen Short Spear +10 - Spinning Slash;10
10166;Keen Lance +10 - Spinning Slash;10
10167;Keen Halberd +10 - Spinning Slash;10
10168;Keen Scythe +10 - Spinning Slash;10
10207;Quality Twinblade +10 - Charge Forth;10
10209;Quality Great epee +10 - Charge Forth;10
10215;Quality Short Spear +10 - Charge Forth;10
10216;Quality Lance +10 - Charge Forth;10
10217;Quality Halberd +10 - Charge Forth;10
10252;Heavy Bastard Sword +10 - Stamp (Upward Cut);10
10253;Heavy Greatsword +10 - Stamp (Upward Cut);10
10255;Heavy Dismounter +10 - Stamp (Upward Cut);10
10260;Heavy Battle Axe +10 - Stamp (Upward Cut);10
10261;Heavy Greataxe +10 - Stamp (Upward Cut);10
10262;Heavy Mace +10 - Stamp (Upward Cut);10
10263;Heavy Large Club +10 - Stamp (Upward Cut);10
10264;Heavy Nightrider Flail +10 - Stamp (Upward Cut);10
10272;Heavy Duelist Greataxe +10 - Stamp (Upward Cut);10
10302;Heavy Bastard Sword +10 - Stamp (Sweep);10
10303;Heavy Greatsword +10 - Stamp (Sweep);10
10305;Heavy Dismounter +10 - Stamp (Sweep);10
10310;Heavy Battle Axe +10 - Stamp (Sweep);10
10311;Heavy Greataxe +10 - Stamp (Sweep);10
10312;Heavy Mace +10 - Stamp (Sweep);10
10313;Heavy Large Club +10 - Stamp (Sweep);10
10314;Heavy Nightrider Flail +10 - Stamp (Sweep);10
10322;Heavy Duelist Greataxe +10 - Stamp (Sweep);10
10350;Blood Dagger +10 - Blood Tax;10
10351;Bloody Longsword +10 - Blood Tax;10
10352;Bloody Bastard Sword +10 - Blood Tax;10
10356;Blood Uchigatana +10 - Blood Tax;10
10357;Bloody Twinblade +10 - Blood Tax;10
10358;Blood Rapier +10 - Blood Tax;10
10359;Blood Great epee +10 - Blood Tax;10
10365;Blood Short Spear +10 - Blood Tax;10
10366;Bloody Lance +10 - Blood Tax;10
10367;Blood Halberd +10 - Blood Tax;10
10400;Keen Dagger +10 - Repeating Thrust;10
10401;Keen Longsword +10 - Repeating Thrust;10
10402;Keen Bastard Sword +10 - Repeating Thrust;10
10406;Keen Uchigatana +10 - Repeating Thrust;10
10407;Keen Twinblade +10 - Repeating Thrust;10
10408;Keen Rapier +10 - Repeating Thrust;10
10409;Keen Great epee +10 - Repeating Thrust;10
10415;Keen Short Spear +10 - Repeating Thrust;10
10416;Keen Lance +10 - Repeating Thrust;10
10417;Keen Halberd +10 - Repeating Thrust;10
10452;Quality Bastard Sword +10 - Wild Strikes;10
10454;Quality Falchion +10 - Wild Strikes;10
10455;Quality Dismounter +10 - Wild Strikes;10
10460;Quality Battle Axe +10 - Wild Strikes;10
10461;Quality Greataxe +10 - Wild Strikes;10
10462;Quality Mace +10 - Wild Strikes;10
10463;Quality Large Club +10 - Wild Strikes;10
10464;Quality Nightrider Flail +10 - Wild Strikes;10
10468;Quality Scythe +10 - Wild Strikes;10
10515;Heavy Short Spear +10 - Spinning Strikes;10
10517;Heavy Halberd +10 - Spinning Strikes;10
10518;Heavy Scythe +10 - Spinning Strikes;10
10550;Keen Dagger +10 - Double Slash;10
10551;Keen Longsword +10 - Double Slash;10
10552;Keen Bastard Sword +10 - Double Slash;10
10554;Keen Falchion +10 - Double Slash;10
10555;Keen Dismounter +10 - Double Slash;10
10556;Keen Uchigatana +10 - Double Slash;10
10557;Keen Twinblade +10 - Double Slash;10
10567;Keen Halberd +10 - Double Slash;10
10568;Keen Scythe +10 - Double Slash;10
10611;Flame Art Greataxe +10 - Prelate's Charge;10
10613;Flame Art Large Club +10 - Prelate's Charge;10
10622;Flame Art Duelist Greataxe +10 - Prelate's Charge;10
10656;Keen Uchigatana +10 - Unsheathe;10
10701;Quality Longsword +10 - Square Off;10
10752;Quality Bastard Sword +10 - Giant Hunt;10
10753;Quality Greatsword +10 - Giant Hunt;10
10757;Quality Twinblade +10 - Giant Hunt;10
10759;Quality Great epee +10 - Giant Hunt;10
10765;Quality Short Spear +10 - Giant Hunt;10
10766;Quality Lance +10 - Giant Hunt;10
10767;Quality Halberd +10 - Giant Hunt;10
10807;Magic Twinblade +10 - Loretta's Slash;10
10815;Magic Short Spear +10 - Loretta's Slash;10
10816;Magic Lance +10 - Loretta's Slash;10
10817;Magic Halberd +10 - Loretta's Slash;10
10818;Magic Scythe +10 - Loretta's Slash;10
10850;Poison Dagger +10 - Poison Moth Flight;10
10851;Poison Longsword +10 - Poison Moth Flight;10
10854;Poison Falchion +10 - Poison Moth Flight;10
10856;Poison Uchigatana +10 - Poison Moth Flight;10
10858;Poison Rapier +10 - Poison Moth Flight;10
10900;Magic Dagger +10 - Spinning Weapon;10
10901;Magic Longsword +10 - Spinning Weapon;10
10904;Magic Falchion +10 - Spinning Weapon;10
10906;Magic Uchigatana +10 - Spinning Weapon;10
10907;Magic Twinblade +10 - Spinning Weapon;10
10908;Magic Rapier +10 - Spinning Weapon;10
10910;Magic Battle Axe +10 - Spinning Weapon;10
10912;Magic Mace +10 - Spinning Weapon;10
10914;Magic Nightrider Flail +10 - Spinning Weapon;10
10915;Magic Short Spear +10 - Spinning Weapon;10
10917;Magic Halberd +10 - Spinning Weapon;10
10918;Magic Scythe +10 - Spinning Weapon;10
10957;Quality Twinblade +10 - Storm Assault;10
10959;Quality Great epee +10 - Storm Assault;10
10965;Quality Short Spear +10 - Storm Assault;10
10966;Quality Lance +10 - Storm Assault;10
10967;Quality Halberd +10 - Storm Assault;10
11001;Quality Longsword +10 - Stormcaller;10
11002;Quality Bastard Sword +10 - Stormcaller;10
11004;Quality Falchion +10 - Stormcaller;10
11005;Quality Dismounter +10 - Stormcaller;10
11006;Quality Uchigatana +10 - Stormcaller;10
11007;Quality Twinblade +10 - Stormcaller;10
11010;Quality Battle Axe +10 - Stormcaller;10
11011;Quality Greataxe +10 - Stormcaller;10
11012;Quality Mace +10 - Stormcaller;10
11013;Quality Large Club +10 - Stormcaller;10
11014;Quality Nightrider Flail +10 - Stormcaller;10
11015;Quality Short Spear +10 - Stormcaller;10
11016;Quality Lance +10 - Stormcaller;10
11017;Quality Halberd +10 - Stormcaller;10
11018;Quality Scythe +10 - Stormcaller;10
11050;Keen Dagger +10 - Sword Dance;10
11051;Keen Longsword +10 - Sword Dance;10
11052;Keen Bastard Sword +10 - Sword Dance;10
11054;Keen Falchion +10 - Sword Dance;10
11055;Keen Dismounter +10 - Sword Dance;10
11056;Keen Uchigatana +10 - Sword Dance;10
11057;Keen Twinblade +10 - Sword Dance;10
11060;Keen Battle Axe +10 - Sword Dance;10
11061;Keen Greataxe +10 - Sword Dance;10
11067;Keen Halberd +10 - Sword Dance;10
11068;Keen Scythe +10 - Sword Dance;10
11100;Magic Dagger +10 - Glintblade Phalanx;10
11101;Magic Longsword +10 - Glintblade Phalanx;10
11102;Magic Bastard Sword +10 - Glintblade Phalanx;10
11104;Magic Falchion +10 - Glintblade Phalanx;10
11105;Magic Dismounter +10 - Glintblade Phalanx;10
11106;Magic Uchigatana +10 - Glintblade Phalanx;10
11107;Magic Twinblade +10 - Glintblade Phalanx;10
11108;Magic Rapier +10 - Glintblade Phalanx;10
11109;Magic Great epee +10 - Glintblade Phalanx;10
11115;Magic Short Spear +10 - Glintblade Phalanx;10
11116;Magic Lance +10 - Glintblade Phalanx;10
11117;Magic Halberd +10 - Glintblade Phalanx;10
11150;Sacred Dagger +10 - Sacred Blade;10
11151;Sacred Longsword +10 - Sacred Blade;10
11152;Sacred Bastard Sword +10 - Sacred Blade;10
11153;Sacred Greatsword +10 - Sacred Blade;10
11154;Sacred Falchion +10 - Sacred Blade;10
11155;Sacred Dismounter +10 - Sacred Blade;10
11156;Sacred Uchigatana +10 - Sacred Blade;10
11157;Sacred Twinblade +10 - Sacred Blade;10
11158;Sacred Rapier +10 - Sacred Blade;10
11159;Sacred Great epee +10 - Sacred Blade;10
11160;Sacred Battle Axe +10 - Sacred Blade;10
11161;Sacred Greataxe +10 - Sacred Blade;10
11162;Sacred Mace +10 - Sacred Blade;10
11163;Sacred Large Club +10 - Sacred Blade;10
11164;Sacred Nightrider Flail +10 - Sacred Blade;10
11165;Sacred Short Spear +10 - Sacred Blade;10
11166;Sacred Lance +10 - Sacred Blade;10
11167;Sacred Halberd +10 - Sacred Blade;10
11168;Sacred Scythe +10 - Sacred Blade;10
11169;Sacred Caestus +10 - Sacred Blade;10
11170;Sacred Hookclaws +10 - Sacred Blade;10
11172;Sacred Duelist Greataxe +10 - Sacred Blade;10
11207;Cold Twinblade +10 - Ice Spear;10
11215;Cold Short Spear +10 - Ice Spear;10
11216;Cold Lance +10 - Ice Spear;10
11217;Cold Halberd +10 - Ice Spear;10
11250;Magic Dagger +10 - Glintstone Pebble;10
11251;Magic Longsword +10 - Glintstone Pebble;10
11252;Magic Bastard Sword +10 - Glintstone Pebble;10
11254;Magic Falchion +10 - Glintstone Pebble;10
11255;Magic Dismounter +10 - Glintstone Pebble;10
11256;Magic Uchigatana +10 - Glintstone Pebble;10
11257;Magic Twinblade +10 - Glintstone Pebble;10
11258;Magic Rapier +10 - Glintstone Pebble;10
11259;Magic Great epee +10 - Glintstone Pebble;10
11265;Magic Short Spear +10 - Glintstone Pebble;10
11266;Magic Lance +10 - Glintstone Pebble;10
11267;Magic Halberd +10 - Glintstone Pebble;10
11300;Blood Dagger +10 - Bloody Slash;10
11301;Bloody Longsword +10 - Bloody Slash;10
11302;Bloody Bastard Sword +10 - Bloody Slash;10
11304;Blood Falchion +10 - Bloody Slash;10
11305;Blood Dismounter +10 - Bloody Slash;10
11306;Blood Uchigatana +10 - Bloody Slash;10
11307;Bloody Twinblade +10 - Bloody Slash;10
11308;Blood Rapier +10 - Bloody Slash;10
11309;Blood Great epee +10 - Bloody Slash;10
11369;Blood Caestus +10 - Lifesteal Fist;10
11370;Blood Hookclaws +10 - Lifesteal Fist;10
11402;Fire Bastard Sword +10 - Eruption;10
11403;Fire Greatsword +10 - Eruption;10
11405;Fire Dismounter +10 - Eruption;10
11411;Fire Greataxe +10 - Eruption;10
11413;Fire Large Club +10 - Eruption;10
11422;Fire Duelist Greataxe +10 - Eruption;10
11460;Sacred Battle Axe +10 - Prayerful Strike;10
11461;Sacred Greataxe +10 - Prayerful Strike;10
11462;Sacred Mace +10 - Prayerful Strike;10
11463;Sacred Large Club +10 - Prayerful Strike;10
11464;Sacred Nightrider Flail +10 - Prayerful Strike;10
11472;Sacred Duelist Greataxe +10 - Prayerful Strike;10
11501;Magic Longsword +10 - Gravitas;10
11502;Magic Bastard Sword +10 - Gravitas;10
11503;Magic Greatsword +10 - Gravitas;10
11504;Magic Falchion +10 - Gravitas;10
11505;Magic Dismounter +10 - Gravitas;10
11506;Magic Uchigatana +10 - Gravitas;10
11507;Magic Twinblade +10 - Gravitas;10
11508;Magic Rapier +10 - Gravitas;10
11509;Magic Great epee +10 - Gravitas;10
11510;Magic Battle Axe +10 - Gravitas;10
11511;Magic Greataxe +10 - Gravitas;10
11512;Magic Mace +10 - Gravitas;10
11513;Magic Large Club +10 - Gravitas;10
11514;Magic Nightrider Flail +10 - Gravitas;10
11515;Magic Short Spear +10 - Gravitas;10
11516;Magic Lance +10 - Gravitas;10
11517;Magic Halberd +10 - Gravitas;10
11518;Magic Scythe +10 - Gravitas;10
11522;Magic Duelist Greataxe +10 - Gravitas;10
11550;Quality Dagger +10 - Storm Blade;10
11551;Quality Longsword +10 - Storm Blade;10
11552;Quality Bastard Sword +10 - Storm Blade;10
11554;Quality Falchion +10 - Storm Blade;10
11555;Quality Dismounter +10 - Storm Blade;10
11556;Quality Uchigatana +10 - Storm Blade;10
11558;Quality Rapier +10 - Storm Blade;10
11603;Heavy Greatsword +10 - Earthshaker;10
11611;Heavy Greataxe +10 - Earthshaker;10
11613;Heavy Large Club +10 - Earthshaker;10
11616;Heavy Lance +10 - Earthshaker;10
11622;Heavy Duelist Greataxe +10 - Earthshaker;10
11653;Sacred Greatsword +10 - Golden Land;10
11661;Sacred Greataxe +10 - Golden Land;10
11663;Sacred Large Club +10 - Golden Land;10
11666;Sacred Lance +10 - Golden Land;10
11672;Sacred Duelist Greataxe +10 - Golden Land;10
11700;Fire Dagger +10 - Flaming Strike;10
11701;Fire Longsword +10 - Flaming Strike;10
11702;Fire Bastard Sword +10 - Flaming Strike;10
11703;Fire Greatsword +10 - Flaming Strike;10
11704;Fire Falchion +10 - Flaming Strike;10
11705;Fire Dismounter +10 - Flaming Strike;10
11706;Fire Uchigatana +10 - Flaming Strike;10
11707;Fire Twinblade +10 - Flaming Strike;10
11708;Fire Rapier +10 - Flaming Strike;10
11709;Fire Great epee +10 - Flaming Strike;10
11710;Fire Battle Axe +10 - Flaming Strike;10
11711;Fire Greataxe +10 - Flaming Strike;10
11712;Fire Mace +10 - Flaming Strike;10
11713;Fire Large Club +10 - Flaming Strike;10
11714;Fire Nightrider Flail +10 - Flaming Strike;10
11715;Fire Short Spear +10 - Flaming Strike;10
11716;Fire Lance +10 - Flaming Strike;10
11717;Fire Halberd +10 - Flaming Strike;10
11718;Fire Scythe +10 - Flaming Strike;10
11719;Fire Caestus +10 - Flaming Strike;10
11720;Fire Hookclaws +10 - Flaming Strike;10
11722;Fire Duelist Greataxe +10 - Flaming Strike;10
11750;Lightning Dagger +10 - Thunderbolt;10
11751;Lightning Longsword +10 - Thunderbolt;10
11752;Lightning Bastard Sword +10 - Thunderbolt;10
11753;Lightning Greatsword +10 - Thunderbolt;10
11754;Lightning Falchion +10 - Thunderbolt;10
11755;Lightning Dismounter +10 - Thunderbolt;10
11756;Lightning Uchigatana +10 - Thunderbolt;10
11757;Lightning Twinblade +10 - Thunderbolt;10
11758;Lightning Rapier +10 - Thunderbolt;10
11759;Lightning Great epee +10 - Thunderbolt;10
11760;Lightning Battle Axe +10 - Thunderbolt;10
11761;Lightning Greataxe +10 - Thunderbolt;10
11762;Lightning Mace +10 - Thunderbolt;10
11763;Lightning Large Club +10 - Thunderbolt;10
11764;Lightning Nightrider Flail +10 - Thunderbolt;10
11765;Lightning Short Spear +10 - Thunderbolt;10
11766;Lightning Lance +10 - Thunderbolt;10
11767;Lightning Halberd +10 - Thunderbolt;10
11768;Lightning Scythe +10 - Thunderbolt;10
11769;Lightning Caestus +10 - Thunderbolt;10
11770;Lightning Hookclaws +10 - Thunderbolt;10
11771;Lightning Whip +10 - Thunderbolt;10
11772;Lightning Duelist Greataxe +10 - Thunderbolt;10
11800;Lightning Dagger +10 - Lightning Slash;10
11801;Lightning Longsword +10 - Lightning Slash;10
11802;Lightning Bastard Sword +10 - Lightning Slash;10
11803;Lightning Greatsword +10 - Lightning Slash;10
11804;Lightning Falchion +10 - Lightning Slash;10
11805;Lightning Dismounter +10 - Lightning Slash;10
11806;Lightning Uchigatana +10 - Lightning Slash;10
11807;Lightning Twinblade +10 - Lightning Slash;10
11808;Lightning Rapier +10 - Lightning Slash;10
11809;Lightning Great epee +10 - Lightning Slash;10
11810;Lightning Battle Axe +10 - Lightning Slash;10
11811;Lightning Greataxe +10 - Lightning Slash;10
11812;Lightning Mace +10 - Lightning Slash;10
11813;Lightning Large Club +10 - Lightning Slash;10
11814;Lightning Nightrider Flail +10 - Lightning Slash;10
11822;Lightning Duelist Greataxe +10 - Lightning Slash;10
11850;Magic Dagger +10 - Carian Grandeur;10
11851;Magic Longsword +10 - Carian Grandeur;10
11852;Magic Bastard Sword +10 - Carian Grandeur;10
11854;Magic Falchion +10 - Carian Grandeur;10
11855;Magic Dismounter +10 - Carian Grandeur;10
11856;Magic Uchigatana +10 - Carian Grandeur;10
11857;Magic Twinblade +10 - Carian Grandeur;10
11858;Magic Rapier +10 - Carian Grandeur;10
11859;Magic Great epee +10 - Carian Grandeur;10
11900;Magic Dagger +10 - Carian Greatsword;10
11901;Magic Longsword +10 - Carian Greatsword;10
11902;Magic Bastard Sword +10 - Carian Greatsword;10
11904;Magic Falchion +10 - Carian Greatsword;10
11905;Magic Dismounter +10 - Carian Greatsword;10
11906;Magic Uchigatana +10 - Carian Greatsword;10
11907;Magic Twinblade +10 - Carian Greatsword;10
11908;Magic Rapier +10 - Carian Greatsword;10
11909;Magic Great epee +10 - Carian Greatsword;10
11950;Quality Dagger +10 - Vacuum Slice;10
11951;Quality Longsword +10 - Vacuum Slice;10
11952;Quality Bastard Sword +10 - Vacuum Slice;10
11953;Quality Greatsword +10 - Vacuum Slice;10
11954;Quality Falchion +10 - Vacuum Slice;10
11955;Quality Dismounter +10 - Vacuum Slice;10
11956;Quality Uchigatana +10 - Vacuum Slice;10
11957;Quality Twinblade +10 - Vacuum Slice;10
11958;Quality Rapier +10 - Vacuum Slice;10
11959;Quality Great epee +10 - Vacuum Slice;10
11960;Quality Battle Axe +10 - Vacuum Slice;10
11961;Quality Greataxe +10 - Vacuum Slice;10
12007;Flame Art Twinblade +10 - Black Flame Tornado;10
12015;Flame Art Short Spear +10 - Black Flame Tornado;10
12016;Flame Art Lance +10 - Black Flame Tornado;10
12017;Flame Art Halberd +10 - Black Flame Tornado;10
12018;Flame Art Scythe +10 - Black Flame Tornado;10
12065;Sacred Short Spear +10 - Sacred Ring of Light;10
12067;Sacred Halberd +10 - Sacred Ring of Light;10
12068;Sacred Scythe +10 - Sacred Ring of Light;10
12100;Blood Dagger +10 - Blood Blade;10
12101;Bloody Longsword +10 - Blood Blade;10
12104;Blood Falchion +10 - Blood Blade;10
12106;Blood Uchigatana +10 - Blood Blade;10
12107;Bloody Twinblade +10 - Blood Blade;10
12108;Blood Rapier +10 - Blood Blade;10
12157;Quality Twinblade +10 - Phantom Slash;10
12165;Quality Short Spear +10 - Phantom Slash;10
12167;Quality Halberd +10 - Phantom Slash;10
12168;Quality Scythe +10 - Phantom Slash;10
12215;Occult Short Spear +10 - Spectral Lance;10
12216;Occult Lance +10 - Spectral Lance;10
12217;Occult Halberd +10 - Spectral Lance;10
12250;Cold Dagger +10 - Chilling Mist;10
12251;Cold Longsword +10 - Chilling Mist;10
12252;Cold Bastard Sword +10 - Chilling Mist;10
12253;Cold Greatsword +10 - Chilling Mist;10
12254;Cold Falchion +10 - Chilling Mist;10
12255;Cold Dismounter +10 - Chilling Mist;10
12256;Cold Uchigatana +10 - Chilling Mist;10
12257;Cold Twinblade +10 - Chilling Mist;10
12258;Cold Rapier +10 - Chilling Mist;10
12259;Cold Great epee +10 - Chilling Mist;10
12260;Cold Battle Axe +10 - Chilling Mist;10
12261;Cold Greataxe +10 - Chilling Mist;10
12262;Cold Mace +10 - Chilling Mist;10
12263;Cold Large Club +10 - Chilling Mist;10
12264;Cold Nightrider Flail +10 - Chilling Mist;10
12265;Cold Short Spear +10 - Chilling Mist;10
12266;Cold Lance +10 - Chilling Mist;10
12267;Cold Halberd +10 - Chilling Mist;10
12268;Cold Scythe +10 - Chilling Mist;10
12269;Cold Caestus +10 - Chilling Mist;10
12270;Cold Hookclaws +10 - Chilling Mist;10
12272;Cold Duelist Greataxe +10 - Chilling Mist;10
12300;Poison Dagger +10 - Poisonous Mist;10
12301;Poison Longsword +10 - Poisonous Mist;10
12302;Poison Bastard Sword +10 - Poisonous Mist;10
12303;Poison Greatsword +10 - Poisonous Mist;10
12304;Poison Falchion +10 - Poisonous Mist;10
12305;Poison Dismounter +10 - Poisonous Mist;10
12306;Poison Uchigatana +10 - Poisonous Mist;10
12307;Poison Twinblade +10 - Poisonous Mist;10
12308;Poison Rapier +10 - Poisonous Mist;10
12309;Poison Great epee +10 - Poisonous Mist;10
12310;Poison Battle Axe +10 - Poisonous Mist;10
12311;Poison Greataxe +10 - Poisonous Mist;10
12312;Poison Mace +10 - Poisonous Mist;10
12313;Poison Large Club +10 - Poisonous Mist;10
12314;Poison Nightrider Flail +10 - Poisonous Mist;10
12315;Poison Short Spear +10 - Poisonous Mist;10
12316;Poison Lance +10 - Poisonous Mist;10
12317;Poison Halberd +10 - Poisonous Mist;10
12318;Poison Scythe +10 - Poisonous Mist;10
12319;Poison Caestus +10 - Poisonous Mist;10
12320;Poison Hookclaws +10 - Poisonous Mist;10
12322;Poison Duelist Greataxe +10 - Poisonous Mist;10
12378;Red Thorn Roundshield +10 - Shield Bash;10
12379;Kite Shield +10 - Shield Bash;10
12380;Dragon Towershield +10 - Shield Bash;10
12428;Red Thorn Roundshield +10 - Barricade Shield;10
12429;Kite Shield +10 - Barricade Shield;10
12430;Dragon Towershield +10 - Barricade Shield;10
12450;Dagger +10 - Parry;10
12454;Falchion +10 - Parry;10
12458;Rapier +10 - Parry;10
12469;Caestus +10 - Poisonous Mist;10
12470;Hookclaws +10 - Poisonous Mist;10
12478;Red Thorn Roundshield +10 - Parry;10
12479;Kite Shield +10 - Parry;10
12528;Red Thorn Roundshield +10 - Carian Retaliation;10
12529;Kite Shield +10 - Carian Retaliation;10
12578;Red Thorn Roundshield +10 - Storm Wall;10
12579;Kite Shield +10 - Storm Wall;10
12628;Red Thorn Roundshield +10 - Golden Parry;10
12629;Kite Shield +10 - Golden Parry;10
12678;Red Thorn Roundshield +10 - Shield Crash;10
12679;Kite Shield +10 - Shield Crash;10
12680;Dragon Towershield +10 - Shield Crash;10
12728;Red Thorn Roundshield +10 - No Skill;10
12729;Kite Shield +10 - No Skill;10
12730;Dragon Towershield +10 - No Skill;10
12731;Torch +10 - No Skill;10
12778;Red Thorn Roundshield +10 - Thops's Barrier;10
12779;Kite Shield +10 - Thops's Barrier;10
12825;Greatbow +10 - Through and Through;10
12873;Composite Bow +10 - Barrage;10
12874;Longbow +10 - Barrage;10
12923;Composite Bow +10 - Mighty Shot;10
12924;Longbow +10 - Mighty Shot;10
12973;Composite Bow +10 - Enchanted Shot;10
12974;Longbow +10 - Enchanted Shot;10
13023;Composite Bow +10 - Sky Shot;10
13024;Longbow +10 - Sky Shot;10
13073;Composite Bow +10 - Rain of Arrows;10
13074;Longbow +10 - Rain of Arrows;10
13075;Greatbow +10 - Rain of Arrows;10
13100;Cold Dagger +10 - Hoarfrost Stomp;10
13101;Cold Longsword +10 - Hoarfrost Stomp;10
13102;Cold Bastard Sword +10 - Hoarfrost Stomp;10
13103;Cold Greatsword +10 - Hoarfrost Stomp;10
13104;Cold Falchion +10 - Hoarfrost Stomp;10
13105;Cold Dismounter +10 - Hoarfrost Stomp;10
13106;Cold Uchigatana +10 - Hoarfrost Stomp;10
13107;Cold Twinblade +10 - Hoarfrost Stomp;10
13108;Cold Rapier +10 - Hoarfrost Stomp;10
13109;Cold Great epee +10 - Hoarfrost Stomp;10
13110;Cold Battle Axe +10 - Hoarfrost Stomp;10
13111;Cold Greataxe +10 - Hoarfrost Stomp;10
13112;Cold Mace +10 - Hoarfrost Stomp;10
13113;Cold Large Club +10 - Hoarfrost Stomp;10
13114;Cold Nightrider Flail +10 - Hoarfrost Stomp;10
13115;Cold Short Spear +10 - Hoarfrost Stomp;10
13116;Cold Lance +10 - Hoarfrost Stomp;10
13117;Cold Halberd +10 - Hoarfrost Stomp;10
13118;Cold Scythe +10 - Hoarfrost Stomp;10
13119;Cold Caestus +10 - Hoarfrost Stomp;10
13120;Cold Hookclaws +10 - Hoarfrost Stomp;10
13121;Cold Whip +10 - Hoarfrost Stomp;10
13122;Cold Duelist Greataxe +10 - Hoarfrost Stomp;10
13150;Quality Dagger +10 - Storm Stomp;10
13151;Quality Longsword +10 - Storm Stomp;10
13152;Quality Bastard Sword +10 - Storm Stomp;10
13153;Quality Greatsword +10 - Storm Stomp;10
13154;Quality Falchion +10 - Storm Stomp;10
13155;Quality Dismounter +10 - Storm Stomp;10
13156;Quality Uchigatana +10 - Storm Stomp;10
13157;Quality Twinblade +10 - Storm Stomp;10
13158;Quality Rapier +10 - Storm Stomp;10
13159;Quality Great epee +10 - Storm Stomp;10
13160;Quality Battle Axe +10 - Storm Stomp;10
13161;Quality Greataxe +10 - Storm Stomp;10
13162;Quality Mace +10 - Storm Stomp;10
13163;Quality Large Club +10 - Storm Stomp;10
13164;Quality Nightrider Flail +10 - Storm Stomp;10
13165;Quality Short Spear +10 - Storm Stomp;10
13166;Quality Lance +10 - Storm Stomp;10
13167;Quality Halberd +10 - Storm Stomp;10
13168;Quality Scythe +10 - Storm Stomp;10
13169;Quality Caestus +10 - Storm Stomp;10
13170;Quality Hookclaws +10 - Storm Stomp;10
13171;Quality Whip +10 - Storm Stomp;10
13172;Quality Duelist Greataxe +10 - Storm Stomp;10
13200;Heavy Dagger +10 - Kick;10
13201;Heavy Longsword +10 - Kick;10
13202;Heavy Bastard Sword +10 - Kick;10
13203;Heavy Greatsword +10 - Kick;10
13204;Heavy Falchion +10 - Kick;10
13205;Heavy Dismounter +10 - Kick;10
13206;Heavy Uchigatana +10 - Kick;10
13207;Heavy Twinblade +10 - Kick;10
13208;Heavy Rapier +10 - Kick;10
13209;Heavy Great epee +10 - Kick;10
13210;Heavy Battle Axe +10 - Kick;10
13211;Heavy Greataxe +10 - Kick;10
13212;Heavy Mace +10 - Kick;10
13213;Heavy Large Club +10 - Kick;10
13214;Heavy Nightrider Flail +10 - Kick;10
13215;Heavy Short Spear +10 - Kick;10
13216;Heavy Lance +10 - Kick;10
13217;Heavy Halberd +10 - Kick;10
13218;Heavy Scythe +10 - Kick;10
13219;Heavy Caestus +10 - Kick;10
13220;Heavy Hookclaws +10 - Kick;10
13221;Heavy Whip +10 - Kick;10
13222;Heavy Duelist Greataxe +10 - Kick;10
13250;Lightning Dagger +10 - Lightning Ram;10
13251;Lightning Longsword +10 - Lightning Ram;10
13252;Lightning Bastard Sword +10 - Lightning Ram;10
13253;Lightning Greatsword +10 - Lightning Ram;10
13254;Lightning Falchion +10 - Lightning Ram;10
13255;Lightning Dismounter +10 - Lightning Ram;10
13256;Lightning Uchigatana +10 - Lightning Ram;10
13257;Lightning Twinblade +10 - Lightning Ram;10
13258;Lightning Rapier +10 - Lightning Ram;10
13259;Lightning Great epee +10 - Lightning Ram;10
13260;Lightning Battle Axe +10 - Lightning Ram;10
13261;Lightning Greataxe +10 - Lightning Ram;10
13262;Lightning Mace +10 - Lightning Ram;10
13263;Lightning Large Club +10 - Lightning Ram;10
13264;Lightning Nightrider Flail +10 - Lightning Ram;10
13265;Lightning Short Spear +10 - Lightning Ram;10
13266;Lightning Lance +10 - Lightning Ram;10
13267;Lightning Halberd +10 - Lightning Ram;10
13268;Lightning Scythe +10 - Lightning Ram;10
13269;Lightning Caestus +10 - Lightning Ram;10
13270;Lightning Hookclaws +10 - Lightning Ram;10
13271;Lightning Whip +10 - Lightning Ram;10
13272;Lightning Duelist Greataxe +10 - Lightning Ram;10
13300;Fire Dagger +10 - Flame of the Redmanes;10
13301;Fire Longsword +10 - Flame of the Redmanes;10
13302;Fire Bastard Sword +10 - Flame of the Redmanes;10
13303;Fire Greatsword +10 - Flame of the Redmanes;10
13304;Fire Falchion +10 - Flame of the Redmanes;10
13305;Fire Dismounter +10 - Flame of the Redmanes;10
13306;Fire Uchigatana +10 - Flame of the Redmanes;10
13307;Fire Twinblade +10 - Flame of the Redmanes;10
13308;Fire Rapier +10 - Flame of the Redmanes;10
13309;Fire Great epee +10 - Flame of the Redmanes;10
13310;Fire Battle Axe +10 - Flame of the Redmanes;10
13311;Fire Greataxe +10 - Flame of the Redmanes;10
13312;Fire Mace +10 - Flame of the Redmanes;10
13313;Fire Large Club +10 - Flame of the Redmanes;10
13314;Fire Nightrider Flail +10 - Flame of the Redmanes;10
13315;Fire Short Spear +10 - Flame of the Redmanes;10
13316;Fire Lance +10 - Flame of the Redmanes;10
13317;Fire Halberd +10 - Flame of the Redmanes;10
13318;Fire Scythe +10 - Flame of the Redmanes;10
13319;Fire Caestus +10 - Flame of the Redmanes;10
13320;Fire Hookclaws +10 - Flame of the Redmanes;10
13321;Fire Whip +10 - Flame of the Redmanes;10
13322;Fire Duelist Greataxe +10 - Flame of the Redmanes;10
13350;Heavy Dagger +10 - Ground Slam;10
13351;Heavy Longsword +10 - Ground Slam;10
13352;Heavy Bastard Sword +10 - Ground Slam;10
13353;Heavy Greatsword +10 - Ground Slam;10
13354;Heavy Falchion +10 - Ground Slam;10
13355;Heavy Dismounter +10 - Ground Slam;10
13356;Heavy Uchigatana +10 - Ground Slam;10
13357;Heavy Twinblade +10 - Ground Slam;10
13358;Heavy Rapier +10 - Ground Slam;10
13359;Heavy Great epee +10 - Ground Slam;10
13360;Heavy Battle Axe +10 - Ground Slam;10
13361;Heavy Greataxe +10 - Ground Slam;10
13362;Heavy Mace +10 - Ground Slam;10
13363;Heavy Large Club +10 - Ground Slam;10
13364;Heavy Nightrider Flail +10 - Ground Slam;10
13365;Heavy Short Spear +10 - Ground Slam;10
13366;Heavy Lance +10 - Ground Slam;10
13367;Heavy Halberd +10 - Ground Slam;10
13368;Heavy Scythe +10 - Ground Slam;10
13369;Heavy Caestus +10 - Ground Slam;10
13370;Heavy Hookclaws +10 - Ground Slam;10
13371;Heavy Whip +10 - Ground Slam;10
13372;Heavy Duelist Greataxe +10 - Ground Slam;10
13400;Sacred Dagger +10 - Golden Slam;10
13401;Sacred Longsword +10 - Golden Slam;10
13402;Sacred Bastard Sword +10 - Golden Slam;10
13403;Sacred Greatsword +10 - Golden Slam;10
13404;Sacred Falchion +10 - Golden Slam;10
13405;Sacred Dismounter +10 - Golden Slam;10
13406;Sacred Uchigatana +10 - Golden Slam;10
13407;Sacred Twinblade +10 - Golden Slam;10
13408;Sacred Rapier +10 - Golden Slam;10
13409;Sacred Great epee +10 - Golden Slam;10
13410;Sacred Battle Axe +10 - Golden Slam;10
13411;Sacred Greataxe +10 - Golden Slam;10
13412;Sacred Mace +10 - Golden Slam;10
13413;Sacred Large Club +10 - Golden Slam;10
13414;Sacred Nightrider Flail +10 - Golden Slam;10
13415;Sacred Short Spear +10 - Golden Slam;10
13416;Sacred Lance +10 - Golden Slam;10
13417;Sacred Halberd +10 - Golden Slam;10
13418;Sacred Scythe +10 - Golden Slam;10
13419;Sacred Caestus +10 - Golden Slam;10
13420;Sacred Hookclaws +10 - Golden Slam;10
13421;Sacred Whip +10 - Golden Slam;10
13422;Sacred Duelist Greataxe +10 - Golden Slam;10
13453;Magic Greatsword +10 - Waves of Darkness;10
13461;Magic Greataxe +10 - Waves of Darkness;10
13463;Magic Large Club +10 - Waves of Darkness;10
13466;Magic Lance +10 - Waves of Darkness;10
13472;Magic Duelist Greataxe +10 - Waves of Darkness;10
13500;Heavy Dagger +10 - Hoarah Loux's Earthshaker;10
13501;Heavy Longsword +10 - Hoarah Loux's Earthshaker;10
13502;Heavy Bastard Sword +10 - Hoarah Loux's Earthshaker;10
13503;Heavy Greatsword +10 - Hoarah Loux's Earthshaker;10
13504;Heavy Falchion +10 - Hoarah Loux's Earthshaker;10
13505;Heavy Dismounter +10 - Hoarah Loux's Earthshaker;10
13506;Heavy Uchigatana +10 - Hoarah Loux's Earthshaker;10
13507;Heavy Twinblade +10 - Hoarah Loux's Earthshaker;10
13508;Heavy Rapier +10 - Hoarah Loux's Earthshaker;10
13509;Heavy Great epee +10 - Hoarah Loux's Earthshaker;10
13510;Heavy Battle Axe +10 - Hoarah Loux's Earthshaker;10
13511;Heavy Greataxe +10 - Hoarah Loux's Earthshaker;10
13512;Heavy Mace +10 - Hoarah Loux's Earthshaker;10
13513;Heavy Large Club +10 - Hoarah Loux's Earthshaker;10
13514;Heavy Nightrider Flail +10 - Hoarah Loux's Earthshaker;10
13515;Heavy Short Spear +10 - Hoarah Loux's Earthshaker;10
13516;Heavy Lance +10 - Hoarah Loux's Earthshaker;10
13517;Heavy Halberd +10 - Hoarah Loux's Earthshaker;10
13518;Heavy Scythe +10 - Hoarah Loux's Earthshaker;10
13519;Heavy Caestus +10 - Hoarah Loux's Earthshaker;10
13520;Heavy Hookclaws +10 - Hoarah Loux's Earthshaker;10
13521;Heavy Whip +10 - Hoarah Loux's Earthshaker;10
13522;Heavy Duelist Greataxe +10 - Hoarah Loux's Earthshaker;10
13550;Quality Dagger +10 - Determination;10
13551;Quality Longsword +10 - Determination;10
13552;Quality Bastard Sword +10 - Determination;10
13553;Quality Greatsword +10 - Determination;10
13554;Quality Falchion +10 - Determination;10
13555;Quality Dismounter +10 - Determination;10
13556;Quality Uchigatana +10 - Determination;10
13557;Quality Twinblade +10 - Determination;10
13558;Quality Rapier +10 - Determination;10
13559;Quality Great epee +10 - Determination;10
13560;Quality Battle Axe +10 - Determination;10
13561;Quality Greataxe +10 - Determination;10
13562;Quality Mace +10 - Determination;10
13563;Quality Large Club +10 - Determination;10
13564;Quality Nightrider Flail +10 - Determination;10
13565;Quality Short Spear +10 - Determination;10
13566;Quality Lance +10 - Determination;10
13567;Quality Halberd +10 - Determination;10
13568;Quality Scythe +10 - Determination;10
13569;Quality Caestus +10 - Determination;10
13570;Quality Hookclaws +10 - Determination;10
13571;Quality Whip +10 - Determination;10
13572;Quality Duelist Greataxe +10 - Determination;10
13600;Quality Dagger +10 - Royal Knight's Resolve;10
13601;Quality Longsword +10 - Royal Knight's Resolve;10
13602;Quality Bastard Sword +10 - Royal Knight's Resolve;10
13603;Quality Greatsword +10 - Royal Knight's Resolve;10
13604;Quality Falchion +10 - Royal Knight's Resolve;10
13605;Quality Dismounter +10 - Royal Knight's Resolve;10
13606;Quality Uchigatana +10 - Royal Knight's Resolve;10
13607;Quality Twinblade +10 - Royal Knight's Resolve;10
13608;Quality Rapier +10 - Royal Knight's Resolve;10
13609;Quality Great epee +10 - Royal Knight's Resolve;10
13610;Quality Battle Axe +10 - Royal Knight's Resolve;10
13611;Quality Greataxe +10 - Royal Knight's Resolve;10
13612;Quality Mace +10 - Royal Knight's Resolve;10
13613;Quality Large Club +10 - Royal Knight's Resolve;10
13614;Quality Nightrider Flail +10 - Royal Knight's Resolve;10
13615;Quality Short Spear +10 - Royal Knight's Resolve;10
13616;Quality Lance +10 - Royal Knight's Resolve;10
13617;Quality Halberd +10 - Royal Knight's Resolve;10
13618;Quality Scythe +10 - Royal Knight's Resolve;10
13619;Quality Caestus +10 - Royal Knight's Resolve;10
13620;Quality Hookclaws +10 - Royal Knight's Resolve;10
13621;Quality Whip +10 - Royal Knight's Resolve;10
13622;Quality Duelist Greataxe +10 - Royal Knight's Resolve;10
13650;Blood Dagger +10 - Assassin's Gambit;10
13651;Bloody Longsword +10 - Assassin's Gambit;10
13656;Blood Uchigatana +10 - Assassin's Gambit;10
13657;Bloody Twinblade +10 - Assassin's Gambit;10
13658;Blood Rapier +10 - Assassin's Gambit;10
13700;Sacred Dagger +10 - Golden Vow;10
13701;Sacred Longsword +10 - Golden Vow;10
13702;Sacred Bastard Sword +10 - Golden Vow;10
13703;Sacred Greatsword +10 - Golden Vow;10
13704;Sacred Falchion +10 - Golden Vow;10
13705;Sacred Dismounter +10 - Golden Vow;10
13706;Sacred Uchigatana +10 - Golden Vow;10
13707;Sacred Twinblade +10 - Golden Vow;10
13708;Sacred Rapier +10 - Golden Vow;10
13709;Sacred Great epee +10 - Golden Vow;10
13710;Sacred Battle Axe +10 - Golden Vow;10
13711;Sacred Greataxe +10 - Golden Vow;10
13712;Sacred Mace +10 - Golden Vow;10
13713;Sacred Large Club +10 - Golden Vow;10
13714;Sacred Nightrider Flail +10 - Golden Vow;10
13715;Sacred Short Spear +10 - Golden Vow;10
13716;Sacred Lance +10 - Golden Vow;10
13717;Sacred Halberd +10 - Golden Vow;10
13718;Sacred Scythe +10 - Golden Vow;10
13719;Sacred Caestus +10 - Golden Vow;10
13720;Sacred Hookclaws +10 - Golden Vow;10
13721;Sacred Whip +10 - Golden Vow;10
13722;Sacred Duelist Greataxe +10 - Golden Vow;10
13750;Sacred Dagger +10 - Sacred Order;10
13751;Sacred Longsword +10 - Sacred Order;10
13752;Sacred Bastard Sword +10 - Sacred Order;10
13753;Sacred Greatsword +10 - Sacred Order;10
13754;Sacred Falchion +10 - Sacred Order;10
13755;Sacred Dismounter +10 - Sacred Order;10
13756;Sacred Uchigatana +10 - Sacred Order;10
13757;Sacred Twinblade +10 - Sacred Order;10
13758;Sacred Rapier +10 - Sacred Order;10
13759;Sacred Great epee +10 - Sacred Order;10
13760;Sacred Battle Axe +10 - Sacred Order;10
13761;Sacred Greataxe +10 - Sacred Order;10
13762;Sacred Mace +10 - Sacred Order;10
13763;Sacred Large Club +10 - Sacred Order;10
13764;Sacred Nightrider Flail +10 - Sacred Order;10
13765;Sacred Short Spear +10 - Sacred Order;10
13766;Sacred Lance +10 - Sacred Order;10
13767;Sacred Halberd +10 - Sacred Order;10
13768;Sacred Scythe +10 - Sacred Order;10
13769;Sacred Caestus +10 - Sacred Order;10
13770;Sacred Hookclaws +10 - Sacred Order;10
13771;Sacred Whip +10 - Sacred Order;10
13772;Sacred Duelist Greataxe +10 - Sacred Order;10
13800;Sacred Dagger +10 - Shared Order;10
13801;Sacred Longsword +10 - Shared Order;10
13802;Sacred Bastard Sword +10 - Shared Order;10
13803;Sacred Greatsword +10 - Shared Order;10
13804;Sacred Falchion +10 - Shared Order;10
13805;Sacred Dismounter +10 - Shared Order;10
13806;Sacred Uchigatana +10 - Shared Order;10
13807;Sacred Twinblade +10 - Shared Order;10
13808;Sacred Rapier +10 - Shared Order;10
13809;Sacred Great epee +10 - Shared Order;10
13810;Sacred Battle Axe +10 - Shared Order;10
13811;Sacred Greataxe +10 - Shared Order;10
13812;Sacred Mace +10 - Shared Order;10
13813;Sacred Large Club +10 - Shared Order;10
13814;Sacred Nightrider Flail +10 - Shared Order;10
13815;Sacred Short Spear +10 - Shared Order;10
13816;Sacred Lance +10 - Shared Order;10
13817;Sacred Halberd +10 - Shared Order;10
13818;Sacred Scythe +10 - Shared Order;10
13819;Sacred Caestus +10 - Shared Order;10
13820;Sacred Hookclaws +10 - Shared Order;10
13821;Sacred Whip +10 - Shared Order;10
13822;Sacred Duelist Greataxe +10 - Shared Order;10
13850;Blood Dagger +10 - Seppuku;10
13851;Bloody Longsword +10 - Seppuku;10
13852;Bloody Bastard Sword +10 - Seppuku;10
13854;Blood Falchion +10 - Seppuku;10
13855;Blood Dismounter +10 - Seppuku;10
13856;Blood Uchigatana +10 - Seppuku;10
13857;Bloody Twinblade +10 - Seppuku;10
13858;Blood Rapier +10 - Seppuku;10
13859;Blood Great epee +10 - Seppuku;10
13865;Blood Short Spear +10 - Seppuku;10
13866;Bloody Lance +10 - Seppuku;10
13867;Blood Halberd +10 - Seppuku;10
13900;Heavy Dagger +10 - Cragblade;10
13901;Heavy Longsword +10 - Cragblade;10
13902;Heavy Bastard Sword +10 - Cragblade;10
13903;Heavy Greatsword +10 - Cragblade;10
13904;Heavy Falchion +10 - Cragblade;10
13905;Heavy Dismounter +10 - Cragblade;10
13906;Heavy Uchigatana +10 - Cragblade;10
13907;Heavy Twinblade +10 - Cragblade;10
13908;Heavy Rapier +10 - Cragblade;10
13909;Heavy Great epee +10 - Cragblade;10
13910;Heavy Battle Axe +10 - Cragblade;10
13911;Heavy Greataxe +10 - Cragblade;10
13912;Heavy Mace +10 - Cragblade;10
13913;Heavy Large Club +10 - Cragblade;10
13914;Heavy Nightrider Flail +10 - Cragblade;10
13915;Heavy Short Spear +10 - Cragblade;10
13916;Heavy Lance +10 - Cragblade;10
13917;Heavy Halberd +10 - Cragblade;10
13918;Heavy Scythe +10 - Cragblade;10
13919;Heavy Caestus +10 - Cragblade;10
13920;Heavy Hookclaws +10 - Cragblade;10
13922;Heavy Duelist Greataxe +10 - Cragblade;10
13951;Heavy Longsword +10 - Barbaric Roar;10
13952;Heavy Bastard Sword +10 - Barbaric Roar;10
13953;Heavy Greatsword +10 - Barbaric Roar;10
13954;Heavy Falchion +10 - Barbaric Roar;10
13955;Heavy Dismounter +10 - Barbaric Roar;10
13956;Heavy Uchigatana +10 - Barbaric Roar;10
13957;Heavy Twinblade +10 - Barbaric Roar;10
13960;Heavy Battle Axe +10 - Barbaric Roar;10
13961;Heavy Greataxe +10 - Barbaric Roar;10
13962;Heavy Mace +10 - Barbaric Roar;10
13963;Heavy Large Club +10 - Barbaric Roar;10
13964;Heavy Nightrider Flail +10 - Barbaric Roar;10
13965;Heavy Short Spear +10 - Barbaric Roar;10
13966;Heavy Lance +10 - Barbaric Roar;10
13967;Heavy Halberd +10 - Barbaric Roar;10
13968;Heavy Scythe +10 - Barbaric Roar;10
13969;Heavy Caestus +10 - Barbaric Roar;10
13970;Heavy Hookclaws +10 - Barbaric Roar;10
13972;Heavy Duelist Greataxe +10 - Barbaric Roar;10
14001;Heavy Longsword +10 - War Cry;10
14002;Heavy Bastard Sword +10 - War Cry;10
14003;Heavy Greatsword +10 - War Cry;10
14004;Heavy Falchion +10 - War Cry;10
14005;Heavy Dismounter +10 - War Cry;10
14006;Heavy Uchigatana +10 - War Cry;10
14007;Heavy Twinblade +10 - War Cry;10
14010;Heavy Battle Axe +10 - War Cry;10
14011;Heavy Greataxe +10 - War Cry;10
14012;Heavy Mace +10 - War Cry;10
14013;Heavy Large Club +10 - War Cry;10
14014;Heavy Nightrider Flail +10 - War Cry;10
14015;Heavy Short Spear +10 - War Cry;10
14016;Heavy Lance +10 - War Cry;10
14017;Heavy Halberd +10 - War Cry;10
14018;Heavy Scythe +10 - War Cry;10
14019;Heavy Caestus +10 - War Cry;10
14020;Heavy Hookclaws +10 - War Cry;10
14022;Heavy Duelist Greataxe +10 - War Cry;10
14050;Keen Dagger +10 - Beast's Roar;10
14051;Keen Longsword +10 - Beast's Roar;10
14052;Keen Bastard Sword +10 - Beast's Roar;10
14053;Keen Greatsword +10 - Beast's Roar;10
14054;Keen Falchion +10 - Beast's Roar;10
14055;Keen Dismounter +10 - Beast's Roar;10
14056;Keen Uchigatana +10 - Beast's Roar;10
14057;Keen Twinblade +10 - Beast's Roar;10
14058;Keen Rapier +10 - Beast's Roar;10
14059;Keen Great epee +10 - Beast's Roar;10
14060;Keen Battle Axe +10 - Beast's Roar;10
14061;Keen Greataxe +10 - Beast's Roar;10
14062;Keen Mace +10 - Beast's Roar;10
14063;Keen Large Club +10 - Beast's Roar;10
14064;Keen Nightrider Flail +10 - Beast's Roar;10
14065;Keen Short Spear +10 - Beast's Roar;10
14066;Keen Lance +10 - Beast's Roar;10
14067;Keen Halberd +10 - Beast's Roar;10
14068;Keen Scythe +10 - Beast's Roar;10
14069;Keen Caestus +10 - Beast's Roar;10
14070;Keen Hookclaws +10 - Beast's Roar;10
14071;Keen Whip +10 - Beast's Roar;10
14072;Keen Duelist Greataxe +10 - Beast's Roar;10
14102;Heavy Bastard Sword +10 - Troll's Roar;10
14103;Heavy Greatsword +10 - Troll's Roar;10
14105;Heavy Dismounter +10 - Troll's Roar;10
14111;Heavy Greataxe +10 - Troll's Roar;10
14113;Heavy Large Club +10 - Troll's Roar;10
14122;Heavy Duelist Greataxe +10 - Troll's Roar;10
14151;Heavy Longsword +10 - Braggart's Roar;10
14152;Heavy Bastard Sword +10 - Braggart's Roar;10
14153;Heavy Greatsword +10 - Braggart's Roar;10
14154;Heavy Falchion +10 - Braggart's Roar;10
14155;Heavy Dismounter +10 - Braggart's Roar;10
14156;Heavy Uchigatana +10 - Braggart's Roar;10
14157;Heavy Twinblade +10 - Braggart's Roar;10
14160;Heavy Battle Axe +10 - Braggart's Roar;10
14161;Heavy Greataxe +10 - Braggart's Roar;10
14162;Heavy Mace +10 - Braggart's Roar;10
14163;Heavy Large Club +10 - Braggart's Roar;10
14164;Heavy Nightrider Flail +10 - Braggart's Roar;10
14165;Heavy Short Spear +10 - Braggart's Roar;10
14166;Heavy Lance +10 - Braggart's Roar;10
14167;Heavy Halberd +10 - Braggart's Roar;10
14168;Heavy Scythe +10 - Braggart's Roar;10
14169;Heavy Caestus +10 - Braggart's Roar;10
14170;Heavy Hookclaws +10 - Braggart's Roar;10
14172;Heavy Duelist Greataxe +10 - Braggart's Roar;10
14200;Quality Dagger +10 - Endure;10
14201;Quality Longsword +10 - Endure;10
14202;Quality Bastard Sword +10 - Endure;10
14203;Quality Greatsword +10 - Endure;10
14204;Quality Falchion +10 - Endure;10
14205;Quality Dismounter +10 - Endure;10
14206;Quality Uchigatana +10 - Endure;10
14207;Quality Twinblade +10 - Endure;10
14208;Quality Rapier +10 - Endure;10
14209;Quality Great epee +10 - Endure;10
14210;Quality Battle Axe +10 - Endure;10
14211;Quality Greataxe +10 - Endure;10
14212;Quality Mace +10 - Endure;10
14213;Quality Large Club +10 - Endure;10
14214;Quality Nightrider Flail +10 - Endure;10
14215;Quality Short Spear +10 - Endure;10
14216;Quality Lance +10 - Endure;10
14217;Quality Halberd +10 - Endure;10
14218;Quality Scythe +10 - Endure;10
14219;Quality Caestus +10 - Endure;10
14220;Quality Hookclaws +10 - Endure;10
14221;Quality Whip +10 - Endure;10
14222;Quality Duelist Greataxe +10 - Endure;10
14278;Quality Red Thorn Roundshield +10 - Vow of the Indomitable;10
14279;Quality Kite Shield +10 - Vow of the Indomitable;10
14280;Quality Dragon Towershield +10 - Vow of the Indomitable;10
14328;Quality Red Thorn Roundshield +10 - Holy Ground;10
14329;Quality Kite Shield +10 - Holy Ground;10
14330;Quality Dragon Towershield +10 - Holy Ground;10
14350;Quality Dagger +10 - Quickstep;10
14351;Quality Longsword +10 - Quickstep;10
14352;Quality Bastard Sword +10 - Quickstep;10
14353;Quality Greatsword +10 - Quickstep;10
14354;Quality Falchion +10 - Quickstep;10
14355;Quality Dismounter +10 - Quickstep;10
14356;Quality Uchigatana +10 - Quickstep;10
14357;Quality Twinblade +10 - Quickstep;10
14358;Quality Rapier +10 - Quickstep;10
14359;Quality Great epee +10 - Quickstep;10
14360;Quality Battle Axe +10 - Quickstep;10
14361;Quality Greataxe +10 - Quickstep;10
14362;Quality Mace +10 - Quickstep;10
14363;Quality Large Club +10 - Quickstep;10
14364;Quality Nightrider Flail +10 - Quickstep;10
14365;Quality Short Spear +10 - Quickstep;10
14366;Quality Lance +10 - Quickstep;10
14367;Quality Halberd +10 - Quickstep;10
14368;Quality Scythe +10 - Quickstep;10
14369;Quality Caestus +10 - Quickstep;10
14370;Quality Hookclaws +10 - Quickstep;10
14371;Quality Whip +10 - Quickstep;10
14372;Quality Duelist Greataxe +10 - Quickstep;10
14400;Quality Dagger +10 - Bloodhound's Step;10
14401;Quality Longsword +10 - Bloodhound's Step;10
14402;Quality Bastard Sword +10 - Bloodhound's Step;10
14403;Quality Greatsword +10 - Bloodhound's Step;10
14404;Quality Falchion +10 - Bloodhound's Step;10
14405;Quality Dismounter +10 - Bloodhound's Step;10
14406;Quality Uchigatana +10 - Bloodhound's Step;10
14407;Quality Twinblade +10 - Bloodhound's Step;10
14408;Quality Rapier +10 - Bloodhound's Step;10
14409;Quality Great epee +10 - Bloodhound's Step;10
14410;Quality Battle Axe +10 - Bloodhound's Step;10
14411;Quality Greataxe +10 - Bloodhound's Step;10
14412;Quality Mace +10 - Bloodhound's Step;10
14413;Quality Large Club +10 - Bloodhound's Step;10
14414;Quality Nightrider Flail +10 - Bloodhound's Step;10
14415;Quality Short Spear +10 - Bloodhound's Step;10
14416;Quality Lance +10 - Bloodhound's Step;10
14417;Quality Halberd +10 - Bloodhound's Step;10
14418;Quality Scythe +10 - Bloodhound's Step;10
14419;Quality Caestus +10 - Bloodhound's Step;10
14420;Quality Hookclaws +10 - Bloodhound's Step;10
14421;Quality Whip +10 - Bloodhound's Step;10
14422;Quality Duelist Greataxe +10 - Bloodhound's Step;10
14450;Quality Dagger +10 - Raptor of the Mists;10
14451;Quality Longsword +10 - Raptor of the Mists;10
14452;Quality Bastard Sword +10 - Raptor of the Mists;10
14453;Quality Greatsword +10 - Raptor of the Mists;10
14454;Quality Falchion +10 - Raptor of the Mists;10
14455;Quality Dismounter +10 - Raptor of the Mists;10
14456;Quality Uchigatana +10 - Raptor of the Mists;10
14457;Quality Twinblade +10 - Raptor of the Mists;10
14458;Quality Rapier +10 - Raptor of the Mists;10
14459;Quality Great epee +10 - Raptor of the Mists;10
14460;Quality Battle Axe +10 - Raptor of the Mists;10
14461;Quality Greataxe +10 - Raptor of the Mists;10
14462;Quality Mace +10 - Raptor of the Mists;10
14463;Quality Large Club +10 - Raptor of the Mists;10
14464;Quality Nightrider Flail +10 - Raptor of the Mists;10
14465;Quality Short Spear +10 - Raptor of the Mists;10
14466;Quality Lance +10 - Raptor of the Mists;10
14467;Quality Halberd +10 - Raptor of the Mists;10
14468;Quality Scythe +10 - Raptor of the Mists;10
14469;Quality Caestus +10 - Raptor of the Mists;10
14470;Quality Hookclaws +10 - Raptor of the Mists;10
14471;Quality Whip +10 - Raptor of the Mists;10
14472;Quality Duelist Greataxe +10 - Raptor of the Mists;10
14500;Quality Dagger +10 - White Shadow's Lure;10
14501;Quality Longsword +10 - White Shadow's Lure;10
14502;Quality Bastard Sword +10 - White Shadow's Lure;10
14503;Quality Greatsword +10 - White Shadow's Lure;10
14504;Quality Falchion +10 - White Shadow's Lure;10
14505;Quality Dismounter +10 - White Shadow's Lure;10
14506;Quality Uchigatana +10 - White Shadow's Lure;10
14507;Quality Twinblade +10 - White Shadow's Lure;10
14508;Quality Rapier +10 - White Shadow's Lure;10
14509;Quality Great epee +10 - White Shadow's Lure;10
14510;Quality Battle Axe +10 - White Shadow's Lure;10
14511;Quality Greataxe +10 - White Shadow's Lure;10
14512;Quality Mace +10 - White Shadow's Lure;10
14513;Quality Large Club +10 - White Shadow's Lure;10
14514;Quality Nightrider Flail +10 - White Shadow's Lure;10
14515;Quality Short Spear +10 - White Shadow's Lure;10
14516;Quality Lance +10 - White Shadow's Lure;10
14517;Quality Halberd +10 - White Shadow's Lure;10
14518;Quality Scythe +10 - White Shadow's Lure;10
14519;Quality Caestus +10 - White Shadow's Lure;10
14520;Quality Hookclaws +10 - White Shadow's Lure;10
14521;Quality Whip +10 - White Shadow's Lure;10
14522;Quality Duelist Greataxe +10 - White Shadow's Lure;10
