Row: 40000
- Field Absorption - Thrust
- Old Value 0.958
- New Value 0.9101

Row: 40100
- Field Absorption - Thrust
- Old Value 0.891
- New Value 0.84645

Row: 40200
- Field Absorption - Thrust
- Old Value 0.971
- New Value 0.92245

Row: 40300
- Field Absorption - Thrust
- Old Value 0.932
- New Value 0.8854

Row: 50000
- Field Absorption - Thrust
- Old Value 0.956
- New Value 0.9082

Row: 50100
- Field Absorption - Thrust
- Old Value 0.881
- New Value 0.83695

Row: 50200
- Field Absorption - Thrust
- Old Value 0.971
- New Value 0.92245

Row: 50300
- Field Absorption - Thrust
- Old Value 0.935
- New Value 0.88825

Row: 60000
- Field Absorption - Thrust
- Old Value 0.96
- New Value 0.912

Row: 60100
- Field Absorption - Thrust
- Old Value 0.886
- New Value 0.8417

Row: 60200
- Field Absorption - Thrust
- Old Value 0.972
- New Value 0.9234

Row: 60300
- Field Absorption - Thrust
- Old Value 0.935
- New Value 0.88825

Row: 61000
- Field Absorption - Thrust
- Old Value 0.964
- New Value 0.9158

Row: 61100
- Field Absorption - Thrust
- Old Value 0.893
- New Value 0.84835

Row: 80000
- Field Absorption - Thrust
- Old Value 0.942
- New Value 0.8949

Row: 80100
- Field Absorption - Thrust
- Old Value 0.84
- New Value 0.798

Row: 80200
- Field Absorption - Thrust
- Old Value 0.96
- New Value 0.912

Row: 80300
- Field Absorption - Thrust
- Old Value 0.908
- New Value 0.8626

Row: 81100
- Field Absorption - Thrust
- Old Value 0.847
- New Value 0.80465

Row: 90000
- Field Absorption - Thrust
- Old Value 0.986
- New Value 0.9367

Row: 90100
- Field Absorption - Thrust
- Old Value 0.947
- New Value 0.89965

Row: 90200
- Field Absorption - Thrust
- Old Value 0.99
- New Value 0.9405

Row: 90300
- Field Absorption - Thrust
- Old Value 0.977
- New Value 0.92815

Row: 91100
- Field Absorption - Thrust
- Old Value 0.958
- New Value 0.9101

Row: 100000
- Field Absorption - Thrust
- Old Value 0.991
- New Value 0.94145

Row: 100100
- Field Absorption - Thrust
- Old Value 0.958
- New Value 0.9101

Row: 100200
- Field Absorption - Thrust
- Old Value 0.994
- New Value 0.9443

Row: 100300
- Field Absorption - Thrust
- Old Value 0.985
- New Value 0.93575

Row: 101100
- Field Absorption - Thrust
- Old Value 0.973
- New Value 0.92435

Row: 120000
- Field Absorption - Thrust
- Old Value 0.982
- New Value 0.9329

Row: 120100
- Field Absorption - Thrust
- Old Value 0.947
- New Value 0.89965

Row: 120200
- Field Absorption - Thrust
- Old Value 0.987
- New Value 0.93765

Row: 120300
- Field Absorption - Thrust
- Old Value 0.97
- New Value 0.9215

Row: 121000
- Field Absorption - Thrust
- Old Value 0.991
- New Value 0.94145

Row: 121100
- Field Absorption - Thrust
- Old Value 0.958
- New Value 0.9101

Row: 130000
- Field Absorption - Thrust
- Old Value 0.987
- New Value 0.93765

Row: 130100
- Field Absorption - Thrust
- Old Value 0.959
- New Value 0.91105

Row: 130200
- Field Absorption - Thrust
- Old Value 0.991
- New Value 0.94145

Row: 130300
- Field Absorption - Thrust
- Old Value 0.971
- New Value 0.92245

Row: 131100
- Field Absorption - Thrust
- Old Value 0.974
- New Value 0.9253

Row: 140000
- Field Absorption - Thrust
- Old Value 0.933
- New Value 0.88635

Row: 140100
- Field Absorption - Thrust
- Old Value 0.817
- New Value 0.77615

Row: 140200
- Field Absorption - Thrust
- Old Value 0.954
- New Value 0.9063

Row: 140300
- Field Absorption - Thrust
- Old Value 0.894
- New Value 0.8493

Row: 150000
- Field Absorption - Thrust
- Old Value 0.964
- New Value 0.9158

Row: 150100
- Field Absorption - Thrust
- Old Value 0.895
- New Value 0.85025

Row: 150200
- Field Absorption - Thrust
- Old Value 0.973
- New Value 0.92435

Row: 150300
- Field Absorption - Thrust
- Old Value 0.938
- New Value 0.8911

Row: 151100
- Field Absorption - Thrust
- Old Value 0.912
- New Value 0.8664

Row: 160000
- Field Absorption - Thrust
- Old Value 0.998
- New Value 0.9481

Row: 160100
- Field Absorption - Thrust
- Old Value 0.958
- New Value 0.9101

Row: 160300
- Field Absorption - Thrust
- Old Value 0.977
- New Value 0.92815

Row: 170000
- Field Absorption - Thrust
- Old Value 0.945
- New Value 0.89775

Row: 170100
- Field Absorption - Thrust
- Old Value 0.847
- New Value 0.80465

Row: 170200
- Field Absorption - Thrust
- Old Value 0.962
- New Value 0.9139

Row: 170300
- Field Absorption - Thrust
- Old Value 0.912
- New Value 0.8664

Row: 171100
- Field Absorption - Thrust
- Old Value 0.854
- New Value 0.8113

Row: 180000
- Field Absorption - Thrust
- Old Value 0.958
- New Value 0.9101

Row: 180100
- Field Absorption - Thrust
- Old Value 0.876
- New Value 0.8322

Row: 180200
- Field Absorption - Thrust
- Old Value 0.969
- New Value 0.92055

Row: 180300
- Field Absorption - Thrust
- Old Value 0.929
- New Value 0.88255

Row: 181100
- Field Absorption - Thrust
- Old Value 0.877
- New Value 0.83315

Row: 190000
- Field Absorption - Thrust
- Old Value 0.956
- New Value 0.9082

Row: 190100
- Field Absorption - Thrust
- Old Value 0.876
- New Value 0.8322

Row: 190200
- Field Absorption - Thrust
- Old Value 0.971
- New Value 0.92245

Row: 190300
- Field Absorption - Thrust
- Old Value 0.929
- New Value 0.88255

Row: 200000
- Field Absorption - Thrust
- Old Value 0.937
- New Value 0.89015

Row: 200100
- Field Absorption - Thrust
- Old Value 0.825
- New Value 0.78375

Row: 200200
- Field Absorption - Thrust
- Old Value 0.956
- New Value 0.9082

Row: 200300
- Field Absorption - Thrust
- Old Value 0.899
- New Value 0.85405

Row: 201000
- Field Absorption - Thrust
- Old Value 0.939
- New Value 0.89205

Row: 201100
- Field Absorption - Thrust
- Old Value 0.832
- New Value 0.7904

Row: 202100
- Field Absorption - Thrust
- Old Value 0.825
- New Value 0.78375

Row: 210000
- Field Absorption - Thrust
- Old Value 0.956
- New Value 0.9082

Row: 210100
- Field Absorption - Thrust
- Old Value 0.876
- New Value 0.8322

Row: 210200
- Field Absorption - Thrust
- Old Value 0.969
- New Value 0.92055

Row: 210300
- Field Absorption - Thrust
- Old Value 0.929
- New Value 0.88255

Row: 211100
- Field Absorption - Thrust
- Old Value 0.881
- New Value 0.83695

Row: 220000
- Field Absorption - Thrust
- Old Value 0.991
- New Value 0.94145

Row: 220100
- Field Absorption - Thrust
- Old Value 0.947
- New Value 0.89965

Row: 220300
- Field Absorption - Thrust
- Old Value 0.977
- New Value 0.92815

Row: 221100
- Field Absorption - Thrust
- Old Value 0.956
- New Value 0.9082

Row: 230000
- Field Absorption - Thrust
- Old Value 0.952
- New Value 0.9044

Row: 230100
- Field Absorption - Thrust
- Old Value 0.865
- New Value 0.82175

Row: 230200
- Field Absorption - Thrust
- Old Value 0.967
- New Value 0.91865

Row: 230300
- Field Absorption - Thrust
- Old Value 0.923
- New Value 0.87685

Row: 231000
- Field Absorption - Thrust
- Old Value 0.956
- New Value 0.9082

Row: 231100
- Field Absorption - Thrust
- Old Value 0.876
- New Value 0.8322

Row: 240000
- Field Absorption - Thrust
- Old Value 0.962
- New Value 0.9139

Row: 240100
- Field Absorption - Thrust
- Old Value 0.886
- New Value 0.8417

Row: 240200
- Field Absorption - Thrust
- Old Value 0.981
- New Value 0.93195

Row: 240300
- Field Absorption - Thrust
- Old Value 0.938
- New Value 0.8911

Row: 241100
- Field Absorption - Thrust
- Old Value 0.889
- New Value 0.84455

Row: 250000
- Field Absorption - Thrust
- Old Value 0.977
- New Value 0.92815

Row: 250100
- Field Absorption - Thrust
- Old Value 0.933
- New Value 0.88635

Row: 250300
- Field Absorption - Thrust
- Old Value 0.962
- New Value 0.9139

Row: 251100
- Field Absorption - Thrust
- Old Value 0.94
- New Value 0.893

Row: 260000
- Field Absorption - Thrust
- Old Value 0.939
- New Value 0.89205

Row: 260100
- Field Absorption - Thrust
- Old Value 0.832
- New Value 0.7904

Row: 260200
- Field Absorption - Thrust
- Old Value 0.958
- New Value 0.9101

Row: 260300
- Field Absorption - Thrust
- Old Value 0.904
- New Value 0.8588

Row: 270000
- Field Absorption - Thrust
- Old Value 0.937
- New Value 0.89015

Row: 270100
- Field Absorption - Thrust
- Old Value 0.825
- New Value 0.78375

Row: 270200
- Field Absorption - Thrust
- Old Value 0.956
- New Value 0.9082

Row: 270300
- Field Absorption - Thrust
- Old Value 0.899
- New Value 0.85405

Row: 271100
- Field Absorption - Thrust
- Old Value 0.827
- New Value 0.78565

Row: 280000
- Field Absorption - Thrust
- Old Value 0.939
- New Value 0.89205

Row: 280100
- Field Absorption - Thrust
- Old Value 0.832
- New Value 0.7904

Row: 280200
- Field Absorption - Thrust
- Old Value 0.958
- New Value 0.9101

Row: 280300
- Field Absorption - Thrust
- Old Value 0.904
- New Value 0.8588

Row: 281100
- Field Absorption - Thrust
- Old Value 0.834
- New Value 0.7923

Row: 290000
- Field Absorption - Thrust
- Old Value 0.975
- New Value 0.92625

Row: 290100
- Field Absorption - Thrust
- Old Value 0.914
- New Value 0.8683

Row: 290200
- Field Absorption - Thrust
- Old Value 0.981
- New Value 0.93195

Row: 290300
- Field Absorption - Thrust
- Old Value 0.95
- New Value 0.9025

Row: 291000
- Field Absorption - Thrust
- Old Value 0.977
- New Value 0.92815

Row: 291100
- Field Absorption - Thrust
- Old Value 0.922
- New Value 0.8759

Row: 292000
- Field Absorption - Thrust
- Old Value 0.969
- New Value 0.92055

Row: 292100
- Field Absorption - Thrust
- Old Value 0.905
- New Value 0.85975

Row: 293000
- Field Absorption - Thrust
- Old Value 0.966
- New Value 0.9177

Row: 293100
- Field Absorption - Thrust
- Old Value 0.898
- New Value 0.8531

Row: 294000
- Field Absorption - Thrust
- Old Value 0.975
- New Value 0.92625

Row: 294100
- Field Absorption - Thrust
- Old Value 0.912
- New Value 0.8664

Row: 300000
- Field Absorption - Thrust
- Old Value 0.972
- New Value 0.9234

Row: 300100
- Field Absorption - Thrust
- Old Value 0.939
- New Value 0.89205

Row: 300300
- Field Absorption - Thrust
- Old Value 0.966
- New Value 0.9177

Row: 301000
- Field Absorption - Thrust
- Old Value 0.964
- New Value 0.9158

Row: 301100
- Field Absorption - Thrust
- Old Value 0.92
- New Value 0.874

Row: 301300
- Field Absorption - Thrust
- Old Value 0.955
- New Value 0.90725

Row: 310000
- Field Absorption - Thrust
- Old Value 0.939
- New Value 0.89205

Row: 310100
- Field Absorption - Thrust
- Old Value 0.929
- New Value 0.88255

Row: 310300
- Field Absorption - Thrust
- Old Value 0.926
- New Value 0.8797

Row: 311100
- Field Absorption - Thrust
- Old Value 0.933
- New Value 0.88635

Row: 320000
- Field Absorption - Thrust
- Old Value 0.991
- New Value 0.94145

Row: 320100
- Field Absorption - Thrust
- Old Value 0.947
- New Value 0.89965

Row: 320300
- Field Absorption - Thrust
- Old Value 0.977
- New Value 0.92815

Row: 330000
- Field Absorption - Thrust
- Old Value 0.966
- New Value 0.9177

Row: 330100
- Field Absorption - Thrust
- Old Value 0.905
- New Value 0.85975

Row: 330200
- Field Absorption - Thrust
- Old Value 0.977
- New Value 0.92815

Row: 330300
- Field Absorption - Thrust
- Old Value 0.946
- New Value 0.8987

Row: 331100
- Field Absorption - Thrust
- Old Value 0.92
- New Value 0.874

Row: 340000
- Field Absorption - Thrust
- Old Value 0.937
- New Value 0.89015

Row: 340100
- Field Absorption - Thrust
- Old Value 0.825
- New Value 0.78375

Row: 340200
- Field Absorption - Thrust
- Old Value 0.956
- New Value 0.9082

Row: 340300
- Field Absorption - Thrust
- Old Value 0.899
- New Value 0.85405

Row: 341000
- Field Absorption - Thrust
- Old Value 0.945
- New Value 0.89775

Row: 341100
- Field Absorption - Thrust
- Old Value 0.84
- New Value 0.798

Row: 350000
- Field Absorption - Thrust
- Old Value 0.96
- New Value 0.912

Row: 350100
- Field Absorption - Thrust
- Old Value 0.876
- New Value 0.8322

Row: 350200
- Field Absorption - Thrust
- Old Value 0.969
- New Value 0.92055

Row: 350300
- Field Absorption - Thrust
- Old Value 0.929
- New Value 0.88255

Row: 351000
- Field Absorption - Thrust
- Old Value 0.958
- New Value 0.9101

Row: 351100
- Field Absorption - Thrust
- Old Value 0.871
- New Value 0.82745

Row: 351200
- Field Absorption - Thrust
- Old Value 0.968
- New Value 0.9196

Row: 351300
- Field Absorption - Thrust
- Old Value 0.926
- New Value 0.8797

Row: 360000
- Field Absorption - Thrust
- Old Value 0.933
- New Value 0.88635

Row: 360100
- Field Absorption - Thrust
- Old Value 0.817
- New Value 0.77615

Row: 360200
- Field Absorption - Thrust
- Old Value 0.954
- New Value 0.9063

Row: 360300
- Field Absorption - Thrust
- Old Value 0.894
- New Value 0.8493

Row: 361100
- Field Absorption - Thrust
- Old Value 0.825
- New Value 0.78375

Row: 370000
- Field Absorption - Thrust
- Old Value 0.984
- New Value 0.9348

Row: 370100
- Field Absorption - Thrust
- Old Value 0.922
- New Value 0.8759

Row: 370300
- Field Absorption - Thrust
- Old Value 0.957
- New Value 0.90915

Row: 371100
- Field Absorption - Thrust
- Old Value 0.929
- New Value 0.88255

Row: 380000
- Field Absorption - Thrust
- Old Value 0.969
- New Value 0.92055

Row: 380100
- Field Absorption - Thrust
- Old Value 0.912
- New Value 0.8664

Row: 390000
- Field Absorption - Thrust
- Old Value 0.975
- New Value 0.92625

Row: 390100
- Field Absorption - Thrust
- Old Value 0.929
- New Value 0.88255

Row: 390300
- Field Absorption - Thrust
- Old Value 0.966
- New Value 0.9177

Row: 420000
- Field Absorption - Thrust
- Old Value 0.969
- New Value 0.92055

Row: 420100
- Field Absorption - Thrust
- Old Value 0.92
- New Value 0.874

Row: 420200
- Field Absorption - Thrust
- Old Value 0.984
- New Value 0.9348

Row: 420300
- Field Absorption - Thrust
- Old Value 0.95
- New Value 0.9025

Row: 430000
- Field Absorption - Thrust
- Old Value 0.986
- New Value 0.9367

Row: 430100
- Field Absorption - Thrust
- Old Value 0.958
- New Value 0.9101

Row: 430300
- Field Absorption - Thrust
- Old Value 0.985
- New Value 0.93575

Row: 440000
- Field Absorption - Thrust
- Old Value 0.933
- New Value 0.88635

Row: 460000
- Field Absorption - Thrust
- Old Value 0.96
- New Value 0.912

Row: 460100
- Field Absorption - Thrust
- Old Value 0.876
- New Value 0.8322

Row: 460200
- Field Absorption - Thrust
- Old Value 0.969
- New Value 0.92055

Row: 460300
- Field Absorption - Thrust
- Old Value 0.932
- New Value 0.8854

Row: 461100
- Field Absorption - Thrust
- Old Value 0.884
- New Value 0.8398

Row: 470000
- Field Absorption - Thrust
- Old Value 0.937
- New Value 0.89015

Row: 470100
- Field Absorption - Thrust
- Old Value 0.825
- New Value 0.78375

Row: 470200
- Field Absorption - Thrust
- Old Value 0.956
- New Value 0.9082

Row: 470300
- Field Absorption - Thrust
- Old Value 0.899
- New Value 0.85405

Row: 471100
- Field Absorption - Thrust
- Old Value 0.83
- New Value 0.7885

Row: 480100
- Field Absorption - Thrust
- Old Value 0.914
- New Value 0.8683

Row: 481100
- Field Absorption - Thrust
- Old Value 0.919
- New Value 0.87305

Row: 510000
- Field Absorption - Thrust
- Old Value 0.986
- New Value 0.9367

Row: 510100
- Field Absorption - Thrust
- Old Value 0.958
- New Value 0.9101

Row: 510200
- Field Absorption - Thrust
- Old Value 0.99
- New Value 0.9405

Row: 510300
- Field Absorption - Thrust
- Old Value 0.997
- New Value 0.94715

Row: 520000
- Field Absorption - Thrust
- Old Value 0.986
- New Value 0.9367

Row: 520100
- Field Absorption - Thrust
- Old Value 0.973
- New Value 0.92435

Row: 520200
- Field Absorption - Thrust
- Old Value 0.987
- New Value 0.93765

Row: 520300
- Field Absorption - Thrust
- Old Value 0.985
- New Value 0.93575

Row: 530000
- Field Absorption - Thrust
- Old Value 0.986
- New Value 0.9367

Row: 530100
- Field Absorption - Thrust
- Old Value 0.939
- New Value 0.89205

Row: 530200
- Field Absorption - Thrust
- Old Value 0.987
- New Value 0.93765

Row: 530300
- Field Absorption - Thrust
- Old Value 0.977
- New Value 0.92815

Row: 540000
- Field Absorption - Thrust
- Old Value 0.987
- New Value 0.93765

Row: 540100
- Field Absorption - Thrust
- Old Value 0.959
- New Value 0.91105

Row: 540200
- Field Absorption - Thrust
- Old Value 0.988
- New Value 0.9386

Row: 540300
- Field Absorption - Thrust
- Old Value 0.967
- New Value 0.91865

Row: 541100
- Field Absorption - Thrust
- Old Value 0.974
- New Value 0.9253

Row: 570000
- Field Absorption - Thrust
- Old Value 0.939
- New Value 0.89205

Row: 570100
- Field Absorption - Thrust
- Old Value 0.832
- New Value 0.7904

Row: 570200
- Field Absorption - Thrust
- Old Value 0.958
- New Value 0.9101

Row: 570300
- Field Absorption - Thrust
- Old Value 0.904
- New Value 0.8588

Row: 571000
- Field Absorption - Thrust
- Old Value 0.944
- New Value 0.8968

Row: 571100
- Field Absorption - Thrust
- Old Value 0.842
- New Value 0.7999

Row: 572100
- Field Absorption - Thrust
- Old Value 0.84
- New Value 0.798

Row: 573100
- Field Absorption - Thrust
- Old Value 0.844
- New Value 0.8018

Row: 580000
- Field Absorption - Thrust
- Old Value 0.977
- New Value 0.92815

Row: 580100
- Field Absorption - Thrust
- Old Value 0.939
- New Value 0.89205

Row: 580200
- Field Absorption - Thrust
- Old Value 0.999
- New Value 0.94905

Row: 580300
- Field Absorption - Thrust
- Old Value 0.985
- New Value 0.93575

Row: 581000
- Field Absorption - Thrust
- Old Value 0.975
- New Value 0.92625

Row: 581100
- Field Absorption - Thrust
- Old Value 0.933
- New Value 0.88635

Row: 581200
- Field Absorption - Thrust
- Old Value 0.994
- New Value 0.9443

Row: 590000
- Field Absorption - Thrust
- Old Value 0.958
- New Value 0.9101

Row: 590100
- Field Absorption - Thrust
- Old Value 0.881
- New Value 0.83695

Row: 590200
- Field Absorption - Thrust
- Old Value 0.971
- New Value 0.92245

Row: 590300
- Field Absorption - Thrust
- Old Value 0.932
- New Value 0.8854

Row: 591100
- Field Absorption - Thrust
- Old Value 0.886
- New Value 0.8417

Row: 600000
- Field Absorption - Thrust
- Old Value 0.958
- New Value 0.9101

Row: 600100
- Field Absorption - Thrust
- Old Value 0.865
- New Value 0.82175

Row: 600200
- Field Absorption - Thrust
- Old Value 0.971
- New Value 0.92245

Row: 600300
- Field Absorption - Thrust
- Old Value 0.932
- New Value 0.8854

Row: 601100
- Field Absorption - Thrust
- Old Value 0.871
- New Value 0.82745

Row: 610000
- Field Absorption - Thrust
- Old Value 0.969
- New Value 0.92055

Row: 610100
- Field Absorption - Thrust
- Old Value 0.905
- New Value 0.85975

Row: 610200
- Field Absorption - Thrust
- Old Value 0.977
- New Value 0.92815

Row: 610300
- Field Absorption - Thrust
- Old Value 0.96
- New Value 0.912

Row: 611000
- Field Absorption - Thrust
- Old Value 0.972
- New Value 0.9234

Row: 611100
- Field Absorption - Thrust
- Old Value 0.909
- New Value 0.86355

Row: 620000
- Field Absorption - Thrust
- Old Value 0.998
- New Value 0.9481

Row: 620100
- Field Absorption - Thrust
- Old Value 0.939
- New Value 0.89205

Row: 620300
- Field Absorption - Thrust
- Old Value 0.97
- New Value 0.9215

Row: 621100
- Field Absorption - Thrust
- Old Value 0.939
- New Value 0.89205

Row: 622100
- Field Absorption - Thrust
- Old Value 0.933
- New Value 0.88635

Row: 630000
- Field Absorption - Thrust
- Old Value 0.986
- New Value 0.9367

Row: 630100
- Field Absorption - Thrust
- Old Value 0.939
- New Value 0.89205

Row: 630200
- Field Absorption - Thrust
- Old Value 0.99
- New Value 0.9405

Row: 630300
- Field Absorption - Thrust
- Old Value 0.966
- New Value 0.9177

Row: 631100
- Field Absorption - Thrust
- Old Value 0.947
- New Value 0.89965

Row: 640000
- Field Absorption - Thrust
- Old Value 0.928
- New Value 0.8816

Row: 640100
- Field Absorption - Thrust
- Old Value 0.803
- New Value 0.76285

Row: 640200
- Field Absorption - Thrust
- Old Value 0.95
- New Value 0.9025

Row: 640300
- Field Absorption - Thrust
- Old Value 0.886
- New Value 0.8417

Row: 641100
- Field Absorption - Thrust
- Old Value 0.807
- New Value 0.76665

Row: 650000
- Field Absorption - Thrust
- Old Value 0.952
- New Value 0.9044

Row: 650100
- Field Absorption - Thrust
- Old Value 0.876
- New Value 0.8322

Row: 650200
- Field Absorption - Thrust
- Old Value 0.969
- New Value 0.92055

Row: 650300
- Field Absorption - Thrust
- Old Value 0.929
- New Value 0.88255

Row: 651000
- Field Absorption - Thrust
- Old Value 0.956
- New Value 0.9082

Row: 652100
- Field Absorption - Thrust
- Old Value 0.88
- New Value 0.836

Row: 660000
- Field Absorption - Thrust
- Old Value 0.96
- New Value 0.912

Row: 660100
- Field Absorption - Thrust
- Old Value 0.881
- New Value 0.83695

Row: 660200
- Field Absorption - Thrust
- Old Value 0.971
- New Value 0.92245

Row: 660300
- Field Absorption - Thrust
- Old Value 0.935
- New Value 0.88825

Row: 661100
- Field Absorption - Thrust
- Old Value 0.883
- New Value 0.83885

Row: 670000
- Field Absorption - Thrust
- Old Value 0.977
- New Value 0.92815

Row: 670100
- Field Absorption - Thrust
- Old Value 0.92
- New Value 0.874

Row: 670200
- Field Absorption - Thrust
- Old Value 0.981
- New Value 0.93195

Row: 670300
- Field Absorption - Thrust
- Old Value 0.955
- New Value 0.90725

Row: 680000
- Field Absorption - Thrust
- Old Value 0.973
- New Value 0.92435

Row: 680100
- Field Absorption - Thrust
- Old Value 0.93
- New Value 0.8835

Row: 680200
- Field Absorption - Thrust
- Old Value 0.984
- New Value 0.9348

Row: 680300
- Field Absorption - Thrust
- Old Value 0.961
- New Value 0.91295

Row: 681100
- Field Absorption - Thrust
- Old Value 0.934
- New Value 0.8873

Row: 690000
- Field Absorption - Thrust
- Old Value 0.958
- New Value 0.9101

Row: 690100
- Field Absorption - Thrust
- Old Value 0.881
- New Value 0.83695

Row: 690200
- Field Absorption - Thrust
- Old Value 0.971
- New Value 0.92245

Row: 690300
- Field Absorption - Thrust
- Old Value 0.932
- New Value 0.8854

Row: 700000
- Field Absorption - Thrust
- Old Value 0.998
- New Value 0.9481

Row: 700100
- Field Absorption - Thrust
- Old Value 0.958
- New Value 0.9101

Row: 700200
- Field Absorption - Thrust
- Old Value 0.999
- New Value 0.94905

Row: 700300
- Field Absorption - Thrust
- Old Value 0.97
- New Value 0.9215

Row: 701000
- Field Absorption - Thrust
- Old Value 0.96
- New Value 0.912

Row: 702000
- Field Absorption - Thrust
- Old Value 0.973
- New Value 0.92435

Row: 720000
- Field Absorption - Thrust
- Old Value 0.933
- New Value 0.88635

Row: 720100
- Field Absorption - Thrust
- Old Value 0.817
- New Value 0.77615

Row: 720200
- Field Absorption - Thrust
- Old Value 0.954
- New Value 0.9063

Row: 720300
- Field Absorption - Thrust
- Old Value 0.894
- New Value 0.8493

Row: 721100
- Field Absorption - Thrust
- Old Value 0.818
- New Value 0.7771

Row: 730000
- Field Absorption - Thrust
- Old Value 0.972
- New Value 0.9234

Row: 730100
- Field Absorption - Thrust
- Old Value 0.929
- New Value 0.88255

Row: 730200
- Field Absorption - Thrust
- Old Value 0.981
- New Value 0.93195

Row: 730300
- Field Absorption - Thrust
- Old Value 0.955
- New Value 0.90725

Row: 740000
- Field Absorption - Thrust
- Old Value 0.982
- New Value 0.9329

Row: 740100
- Field Absorption - Thrust
- Old Value 0.933
- New Value 0.88635

Row: 740200
- Field Absorption - Thrust
- Old Value 0.984
- New Value 0.9348

Row: 740300
- Field Absorption - Thrust
- Old Value 0.962
- New Value 0.9139

Row: 741000
- Field Absorption - Thrust
- Old Value 0.991
- New Value 0.94145

Row: 742000
- Field Absorption - Thrust
- Old Value 0.991
- New Value 0.94145

Row: 760000
- Field Absorption - Thrust
- Old Value 0.952
- New Value 0.9044

Row: 760100
- Field Absorption - Thrust
- Old Value 0.865
- New Value 0.82175

Row: 760200
- Field Absorption - Thrust
- Old Value 0.967
- New Value 0.91865

Row: 760300
- Field Absorption - Thrust
- Old Value 0.923
- New Value 0.87685

Row: 761100
- Field Absorption - Thrust
- Old Value 0.876
- New Value 0.8322

Row: 770000
- Field Absorption - Thrust
- Old Value 0.96
- New Value 0.912

Row: 770100
- Field Absorption - Thrust
- Old Value 0.905
- New Value 0.85975

Row: 770200
- Field Absorption - Thrust
- Old Value 0.972
- New Value 0.9234

Row: 770300
- Field Absorption - Thrust
- Old Value 0.935
- New Value 0.88825

Row: 771100
- Field Absorption - Thrust
- Old Value 0.914
- New Value 0.8683

Row: 780000
- Field Absorption - Thrust
- Old Value 0.937
- New Value 0.89015

Row: 780100
- Field Absorption - Thrust
- Old Value 0.825
- New Value 0.78375

Row: 780200
- Field Absorption - Thrust
- Old Value 0.956
- New Value 0.9082

Row: 780300
- Field Absorption - Thrust
- Old Value 0.899
- New Value 0.85405

Row: 781100
- Field Absorption - Thrust
- Old Value 0.827
- New Value 0.78565

Row: 790000
- Field Absorption - Thrust
- Old Value 0.952
- New Value 0.9044

Row: 790100
- Field Absorption - Thrust
- Old Value 0.865
- New Value 0.82175

Row: 790200
- Field Absorption - Thrust
- Old Value 0.967
- New Value 0.91865

Row: 790300
- Field Absorption - Thrust
- Old Value 0.923
- New Value 0.87685

Row: 791100
- Field Absorption - Thrust
- Old Value 0.868
- New Value 0.8246

Row: 800000
- Field Absorption - Thrust
- Old Value 0.982
- New Value 0.9329

Row: 800100
- Field Absorption - Thrust
- Old Value 0.947
- New Value 0.89965

Row: 801000
- Field Absorption - Thrust
- Old Value 0.991
- New Value 0.94145

Row: 801100
- Field Absorption - Thrust
- Old Value 0.958
- New Value 0.9101

Row: 802000
- Field Absorption - Thrust
- Old Value 0.982
- New Value 0.9329

Row: 802100
- Field Absorption - Thrust
- Old Value 0.947
- New Value 0.89965

Row: 810000
- Field Absorption - Thrust
- Old Value 0.986
- New Value 0.9367

Row: 810100
- Field Absorption - Thrust
- Old Value 0.939
- New Value 0.89205

Row: 810300
- Field Absorption - Thrust
- Old Value 0.977
- New Value 0.92815

Row: 811000
- Field Absorption - Thrust
- Old Value 0.994
- New Value 0.9443

Row: 811100
- Field Absorption - Thrust
- Old Value 0.947
- New Value 0.89965

Row: 812000
- Field Absorption - Thrust
- Old Value 0.939
- New Value 0.89205

Row: 812100
- Field Absorption - Thrust
- Old Value 0.947
- New Value 0.89965

Row: 820000
- Field Absorption - Thrust
- Old Value 0.972
- New Value 0.9234

Row: 830000
- Field Absorption - Thrust
- Old Value 0.952
- New Value 0.9044

Row: 830100
- Field Absorption - Thrust
- Old Value 0.973
- New Value 0.92435

Row: 830200
- Field Absorption - Thrust
- Old Value 0.999
- New Value 0.94905

Row: 830300
- Field Absorption - Thrust
- Old Value 0.997
- New Value 0.94715

Row: 831000
- Field Absorption - Thrust
- Old Value 0.952
- New Value 0.9044

Row: 832000
- Field Absorption - Thrust
- Old Value 0.952
- New Value 0.9044

Row: 833000
- Field Absorption - Thrust
- Old Value 0.952
- New Value 0.9044

Row: 834000
- Field Absorption - Thrust
- Old Value 0.952
- New Value 0.9044

Row: 834100
- Field Absorption - Thrust
- Old Value 0.952
- New Value 0.9044

Row: 835000
- Field Absorption - Thrust
- Old Value 0.998
- New Value 0.9481

Row: 835100
- Field Absorption - Thrust
- Old Value 0.994
- New Value 0.9443

Row: 835200
- Field Absorption - Thrust
- Old Value 0.999
- New Value 0.94905

Row: 835300
- Field Absorption - Thrust
- Old Value 0.997
- New Value 0.94715

Row: 836000
- Field Absorption - Thrust
- Old Value 0.952
- New Value 0.9044

Row: 840000
- Field Absorption - Thrust
- Old Value 0.962
- New Value 0.9139

Row: 840100
- Field Absorption - Thrust
- Old Value 0.912
- New Value 0.8664

Row: 850000
- Field Absorption - Thrust
- Old Value 0.962
- New Value 0.9139

Row: 860000
- Field Absorption - Thrust
- Old Value 0.955
- New Value 0.90725

Row: 860100
- Field Absorption - Thrust
- Old Value 0.874
- New Value 0.8303

Row: 860200
- Field Absorption - Thrust
- Old Value 0.969
- New Value 0.92055

Row: 860300
- Field Absorption - Thrust
- Old Value 0.928
- New Value 0.8816

Row: 861100
- Field Absorption - Thrust
- Old Value 0.877
- New Value 0.83315

Row: 870000
- Field Absorption - Thrust
- Old Value 0.966
- New Value 0.9177

Row: 870100
- Field Absorption - Thrust
- Old Value 0.905
- New Value 0.85975

Row: 870200
- Field Absorption - Thrust
- Old Value 0.977
- New Value 0.92815

Row: 870300
- Field Absorption - Thrust
- Old Value 0.946
- New Value 0.8987

Row: 871100
- Field Absorption - Thrust
- Old Value 0.912
- New Value 0.8664

Row: 872000
- Field Absorption - Thrust
- Old Value 0.969
- New Value 0.92055

Row: 872100
- Field Absorption - Thrust
- Old Value 0.912
- New Value 0.8664

Row: 872200
- Field Absorption - Thrust
- Old Value 0.979
- New Value 0.93005

Row: 872300
- Field Absorption - Thrust
- Old Value 0.95
- New Value 0.9025

Row: 873000
- Field Absorption - Thrust
- Old Value 0.969
- New Value 0.92055

Row: 880000
- Field Absorption - Thrust
- Old Value 0.969
- New Value 0.92055

Row: 880100
- Field Absorption - Thrust
- Old Value 0.905
- New Value 0.85975

Row: 880200
- Field Absorption - Thrust
- Old Value 0.977
- New Value 0.92815

Row: 880300
- Field Absorption - Thrust
- Old Value 0.95
- New Value 0.9025

Row: 881000
- Field Absorption - Thrust
- Old Value 0.975
- New Value 0.92625

Row: 881100
- Field Absorption - Thrust
- Old Value 0.916
- New Value 0.8702

Row: 890000
- Field Absorption - Thrust
- Old Value 0.932
- New Value 0.8854

Row: 890100
- Field Absorption - Thrust
- Old Value 0.958
- New Value 0.9101

Row: 890300
- Field Absorption - Thrust
- Old Value 0.977
- New Value 0.92815

Row: 891000
- Field Absorption - Thrust
- Old Value 0.945
- New Value 0.89775

Row: 892100
- Field Absorption - Thrust
- Old Value 0.958
- New Value 0.9101

Row: 900000
- Field Absorption - Thrust
- Old Value 0.991
- New Value 0.94145

Row: 900100
- Field Absorption - Thrust
- Old Value 0.957
- New Value 0.90915

Row: 900200
- Field Absorption - Thrust
- Old Value 0.99
- New Value 0.9405

Row: 900300
- Field Absorption - Thrust
- Old Value 0.976
- New Value 0.9272

Row: 901100
- Field Absorption - Thrust
- Old Value 0.972
- New Value 0.9234

Row: 901200
- Field Absorption - Thrust
- Old Value 0.958
- New Value 0.9101

Row: 901600
- Field Absorption - Thrust
- Old Value 0.958
- New Value 0.9101

Row: 902000
- Field Absorption - Thrust
- Old Value 0.986
- New Value 0.9367

Row: 902100
- Field Absorption - Thrust
- Old Value 0.968
- New Value 0.9196

Row: 902300
- Field Absorption - Thrust
- Old Value 0.985
- New Value 0.93575

Row: 903100
- Field Absorption - Thrust
- Old Value 0.994
- New Value 0.9443

Row: 904100
- Field Absorption - Thrust
- Old Value 0.973
- New Value 0.92435

Row: 910000
- Field Absorption - Thrust
- Old Value 0.975
- New Value 0.92625

Row: 910100
- Field Absorption - Thrust
- Old Value 0.939
- New Value 0.89205

Row: 910200
- Field Absorption - Thrust
- Old Value 0.985
- New Value 0.93575

Row: 910300
- Field Absorption - Thrust
- Old Value 0.966
- New Value 0.9177

Row: 911000
- Field Absorption - Thrust
- Old Value 0.977
- New Value 0.92815

Row: 911100
- Field Absorption - Thrust
- Old Value 0.958
- New Value 0.9101

Row: 912000
- Field Absorption - Thrust
- Old Value 0.975
- New Value 0.92625

Row: 912100
- Field Absorption - Thrust
- Old Value 0.939
- New Value 0.89205

Row: 912200
- Field Absorption - Thrust
- Old Value 0.985
- New Value 0.93575

Row: 912300
- Field Absorption - Thrust
- Old Value 0.966
- New Value 0.9177

Row: 913000
- Field Absorption - Thrust
- Old Value 0.975
- New Value 0.92625

Row: 920000
- Field Absorption - Thrust
- Old Value 0.991
- New Value 0.94145

Row: 930000
- Field Absorption - Thrust
- Old Value 0.969
- New Value 0.92055

Row: 930100
- Field Absorption - Thrust
- Old Value 0.905
- New Value 0.85975

Row: 930200
- Field Absorption - Thrust
- Old Value 0.983
- New Value 0.93385

Row: 930300
- Field Absorption - Thrust
- Old Value 0.95
- New Value 0.9025

Row: 931100
- Field Absorption - Thrust
- Old Value 0.905
- New Value 0.85975

Row: 940000
- Field Absorption - Thrust
- Old Value 0.956
- New Value 0.9082

Row: 940100
- Field Absorption - Thrust
- Old Value 0.871
- New Value 0.82745

Row: 940200
- Field Absorption - Thrust
- Old Value 0.971
- New Value 0.92245

Row: 940300
- Field Absorption - Thrust
- Old Value 0.935
- New Value 0.88825

Row: 941000
- Field Absorption - Thrust
- Old Value 0.956
- New Value 0.9082

Row: 950000
- Field Absorption - Thrust
- Old Value 0.958
- New Value 0.9101

Row: 950100
- Field Absorption - Thrust
- Old Value 0.881
- New Value 0.83695

Row: 950200
- Field Absorption - Thrust
- Old Value 0.971
- New Value 0.92245

Row: 950300
- Field Absorption - Thrust
- Old Value 0.932
- New Value 0.8854

Row: 951100
- Field Absorption - Thrust
- Old Value 0.885
- New Value 0.84075

Row: 960000
- Field Absorption - Thrust
- Old Value 0.975
- New Value 0.92625

Row: 960100
- Field Absorption - Thrust
- Old Value 0.947
- New Value 0.89965

Row: 960300
- Field Absorption - Thrust
- Old Value 0.97
- New Value 0.9215

Row: 961000
- Field Absorption - Thrust
- Old Value 0.986
- New Value 0.9367

Row: 961100
- Field Absorption - Thrust
- Old Value 0.958
- New Value 0.9101

Row: 962100
- Field Absorption - Thrust
- Old Value 0.973
- New Value 0.92435

Row: 963000
- Field Absorption - Thrust
- Old Value 0.986
- New Value 0.9367

Row: 963100
- Field Absorption - Thrust
- Old Value 0.973
- New Value 0.92435

Row: 963200
- Field Absorption - Thrust
- Old Value 0.994
- New Value 0.9443

Row: 964000
- Field Absorption - Thrust
- Old Value 0.979
- New Value 0.93005

Row: 964100
- Field Absorption - Thrust
- Old Value 0.947
- New Value 0.89965

Row: 965000
- Field Absorption - Thrust
- Old Value 0.975
- New Value 0.92625

Row: 965100
- Field Absorption - Thrust
- Old Value 0.947
- New Value 0.89965

Row: 965300
- Field Absorption - Thrust
- Old Value 0.97
- New Value 0.9215

Row: 966000
- Field Absorption - Thrust
- Old Value 0.986
- New Value 0.9367

Row: 967000
- Field Absorption - Thrust
- Old Value 0.986
- New Value 0.9367

Row: 970000
- Field Absorption - Thrust
- Old Value 0.932
- New Value 0.8854

Row: 970100
- Field Absorption - Thrust
- Old Value 0.813
- New Value 0.77235

Row: 970200
- Field Absorption - Thrust
- Old Value 0.953
- New Value 0.90535

Row: 970300
- Field Absorption - Thrust
- Old Value 0.892
- New Value 0.8474

Row: 980000
- Field Absorption - Thrust
- Old Value 0.958
- New Value 0.9101

Row: 980100
- Field Absorption - Thrust
- Old Value 0.882
- New Value 0.8379

Row: 980200
- Field Absorption - Thrust
- Old Value 0.971
- New Value 0.92245

Row: 980300
- Field Absorption - Thrust
- Old Value 0.932
- New Value 0.8854

Row: 981100
- Field Absorption - Thrust
- Old Value 0.883
- New Value 0.83885

Row: 990000
- Field Absorption - Thrust
- Old Value 0.977
- New Value 0.92815

Row: 990100
- Field Absorption - Thrust
- Old Value 0.958
- New Value 0.9101

Row: 990200
- Field Absorption - Thrust
- Old Value 0.994
- New Value 0.9443

Row: 990300
- Field Absorption - Thrust
- Old Value 0.97
- New Value 0.9215

Row: 991100
- Field Absorption - Thrust
- Old Value 0.973
- New Value 0.92435

Row: 992000
- Field Absorption - Thrust
- Old Value 0.977
- New Value 0.92815

Row: 1000000
- Field Absorption - Thrust
- Old Value 0.977
- New Value 0.92815

Row: 1000100
- Field Absorption - Thrust
- Old Value 0.947
- New Value 0.89965

Row: 1000200
- Field Absorption - Thrust
- Old Value 0.99
- New Value 0.9405

Row: 1000300
- Field Absorption - Thrust
- Old Value 0.97
- New Value 0.9215

Row: 1010000
- Field Absorption - Thrust
- Old Value 0.986
- New Value 0.9367

Row: 1010100
- Field Absorption - Thrust
- Old Value 0.954
- New Value 0.9063

Row: 1010300
- Field Absorption - Thrust
- Old Value 0.977
- New Value 0.92815

Row: 1011100
- Field Absorption - Thrust
- Old Value 0.969
- New Value 0.92055

Row: 1020100
- Field Absorption - Thrust
- Old Value 0.973
- New Value 0.92435

Row: 1020200
- Field Absorption - Thrust
- Old Value 0.99
- New Value 0.9405

Row: 1020300
- Field Absorption - Thrust
- Old Value 0.977
- New Value 0.92815

Row: 1030000
- Field Absorption - Thrust
- Old Value 0.986
- New Value 0.9367

Row: 1030100
- Field Absorption - Thrust
- Old Value 0.947
- New Value 0.89965

Row: 1040000
- Field Absorption - Thrust
- Old Value 0.986
- New Value 0.9367

Row: 1040100
- Field Absorption - Thrust
- Old Value 0.994
- New Value 0.9443

Row: 1040200
- Field Absorption - Thrust
- Old Value 0.999
- New Value 0.94905

Row: 1040300
- Field Absorption - Thrust
- Old Value 0.97
- New Value 0.9215

Row: 1050100
- Field Absorption - Thrust
- Old Value 0.939
- New Value 0.89205

Row: 1060000
- Field Absorption - Thrust
- Old Value 0.962
- New Value 0.9139

Row: 1060100
- Field Absorption - Thrust
- Old Value 0.886
- New Value 0.8417

Row: 1070000
- Field Absorption - Thrust
- Old Value 0.962
- New Value 0.9139

Row: 1070100
- Field Absorption - Thrust
- Old Value 0.891
- New Value 0.84645

Row: 1070200
- Field Absorption - Thrust
- Old Value 0.975
- New Value 0.92625

Row: 1070300
- Field Absorption - Thrust
- Old Value 0.942
- New Value 0.8949

Row: 1080000
- Field Absorption - Thrust
- Old Value 0.939
- New Value 0.89205

Row: 1081000
- Field Absorption - Thrust
- Old Value 0.939
- New Value 0.89205

Row: 1082000
- Field Absorption - Thrust
- Old Value 0.939
- New Value 0.89205

Row: 1083000
- Field Absorption - Thrust
- Old Value 0.939
- New Value 0.89205

Row: 1084000
- Field Absorption - Thrust
- Old Value 0.939
- New Value 0.89205

Row: 1085000
- Field Absorption - Thrust
- Old Value 0.939
- New Value 0.89205

Row: 1090000
- Field Absorption - Thrust
- Old Value 0.969
- New Value 0.92055

Row: 1100000
- Field Absorption - Thrust
- Old Value 0.958
- New Value 0.9101

Row: 1100100
- Field Absorption - Thrust
- Old Value 0.881
- New Value 0.83695

Row: 1100200
- Field Absorption - Thrust
- Old Value 0.971
- New Value 0.92245

Row: 1100300
- Field Absorption - Thrust
- Old Value 0.932
- New Value 0.8854

Row: 1101000
- Field Absorption - Thrust
- Old Value 0.948
- New Value 0.9006

Row: 1101100
- Field Absorption - Thrust
- Old Value 0.881
- New Value 0.83695

Row: 1102100
- Field Absorption - Thrust
- Old Value 0.881
- New Value 0.83695

Row: 1110000
- Field Absorption - Thrust
- Old Value 0.972
- New Value 0.9234

Row: 1120000
- Field Absorption - Thrust
- Old Value 0.932
- New Value 0.8854

Row: 1130000
- Field Absorption - Thrust
- Old Value 0.982
- New Value 0.9329

Row: 1130100
- Field Absorption - Thrust
- Old Value 0.947
- New Value 0.89965

Row: 1130200
- Field Absorption - Thrust
- Old Value 0.987
- New Value 0.93765

Row: 1130300
- Field Absorption - Thrust
- Old Value 0.97
- New Value 0.9215

Row: 1300000
- Field Absorption - Thrust
- Old Value 0.95
- New Value 0.9025

Row: 1301000
- Field Absorption - Thrust
- Old Value 0.948
- New Value 0.9006

Row: 1400000
- Field Absorption - Thrust
- Old Value 0.969
- New Value 0.92055

Row: 1400100
- Field Absorption - Thrust
- Old Value 0.912
- New Value 0.8664

Row: 1400200
- Field Absorption - Thrust
- Old Value 0.979
- New Value 0.93005

Row: 1400300
- Field Absorption - Thrust
- Old Value 0.95
- New Value 0.9025

Row: 1401000
- Field Absorption - Thrust
- Old Value 0.969
- New Value 0.92055

Row: 1500000
- Field Absorption - Thrust
- Old Value 0.952
- New Value 0.9044

Row: 1500100
- Field Absorption - Thrust
- Old Value 0.865
- New Value 0.82175

Row: 1500200
- Field Absorption - Thrust
- Old Value 0.967
- New Value 0.91865

Row: 1500300
- Field Absorption - Thrust
- Old Value 0.923
- New Value 0.87685

Row: 1600000
- Field Absorption - Thrust
- Old Value 0.964
- New Value 0.9158

Row: 1610000
- Field Absorption - Thrust
- Old Value 0.964
- New Value 0.9158

Row: 1700000
- Field Absorption - Thrust
- Old Value 0.958
- New Value 0.9101

Row: 1700100
- Field Absorption - Thrust
- Old Value 0.876
- New Value 0.8322

Row: 1700200
- Field Absorption - Thrust
- Old Value 0.969
- New Value 0.92055

Row: 1700300
- Field Absorption - Thrust
- Old Value 0.929
- New Value 0.88255

Row: 1710000
- Field Absorption - Thrust
- Old Value 0.956
- New Value 0.9082

Row: 1710100
- Field Absorption - Thrust
- Old Value 0.871
- New Value 0.82745

Row: 1710200
- Field Absorption - Thrust
- Old Value 0.968
- New Value 0.9196

Row: 1710300
- Field Absorption - Thrust
- Old Value 0.926
- New Value 0.8797

Row: 1720000
- Field Absorption - Thrust
- Old Value 0.956
- New Value 0.9082

Row: 1720100
- Field Absorption - Thrust
- Old Value 0.871
- New Value 0.82745

Row: 1720200
- Field Absorption - Thrust
- Old Value 0.968
- New Value 0.9196

Row: 1720300
- Field Absorption - Thrust
- Old Value 0.926
- New Value 0.8797

Row: 1730000
- Field Absorption - Thrust
- Old Value 0.96
- New Value 0.912

Row: 1730100
- Field Absorption - Thrust
- Old Value 0.881
- New Value 0.83695

Row: 1730200
- Field Absorption - Thrust
- Old Value 0.971
- New Value 0.92245

Row: 1730300
- Field Absorption - Thrust
- Old Value 0.932
- New Value 0.8854

Row: 1740100
- Field Absorption - Thrust
- Old Value 0.876
- New Value 0.8322

Row: 1740200
- Field Absorption - Thrust
- Old Value 0.969
- New Value 0.92055

Row: 1740300
- Field Absorption - Thrust
- Old Value 0.929
- New Value 0.88255

Row: 1750000
- Field Absorption - Thrust
- Old Value 0.956
- New Value 0.9082

Row: 1750100
- Field Absorption - Thrust
- Old Value 0.871
- New Value 0.82745

Row: 1750200
- Field Absorption - Thrust
- Old Value 0.968
- New Value 0.9196

Row: 1750300
- Field Absorption - Thrust
- Old Value 0.926
- New Value 0.8797

Row: 1760000
- Field Absorption - Thrust
- Old Value 0.952
- New Value 0.9044

Row: 1760100
- Field Absorption - Thrust
- Old Value 0.865
- New Value 0.82175

Row: 1760200
- Field Absorption - Thrust
- Old Value 0.967
- New Value 0.91865

Row: 1760300
- Field Absorption - Thrust
- Old Value 0.923
- New Value 0.87685

Row: 1761100
- Field Absorption - Thrust
- Old Value 0.869
- New Value 0.82555

Row: 1770000
- Field Absorption - Thrust
- Old Value 0.954
- New Value 0.9063

Row: 1770100
- Field Absorption - Thrust
- Old Value 0.871
- New Value 0.82745

Row: 1770200
- Field Absorption - Thrust
- Old Value 0.968
- New Value 0.9196

Row: 1770300
- Field Absorption - Thrust
- Old Value 0.926
- New Value 0.8797

Row: 1771100
- Field Absorption - Thrust
- Old Value 0.875
- New Value 0.83125

Row: 1780000
- Field Absorption - Thrust
- Old Value 0.952
- New Value 0.9044

Row: 1780100
- Field Absorption - Thrust
- Old Value 0.865
- New Value 0.82175

Row: 1780200
- Field Absorption - Thrust
- Old Value 0.967
- New Value 0.91865

Row: 1780300
- Field Absorption - Thrust
- Old Value 0.923
- New Value 0.87685

Row: 1781100
- Field Absorption - Thrust
- Old Value 0.869
- New Value 0.82555

Row: 1790000
- Field Absorption - Thrust
- Old Value 0.952
- New Value 0.9044

Row: 1790100
- Field Absorption - Thrust
- Old Value 0.865
- New Value 0.82175

Row: 1790200
- Field Absorption - Thrust
- Old Value 0.967
- New Value 0.91865

Row: 1790300
- Field Absorption - Thrust
- Old Value 0.923
- New Value 0.87685

Row: 1791100
- Field Absorption - Thrust
- Old Value 0.869
- New Value 0.82555

Row: 1800000
- Field Absorption - Thrust
- Old Value 0.956
- New Value 0.9082

Row: 1800100
- Field Absorption - Thrust
- Old Value 0.876
- New Value 0.8322

Row: 1800200
- Field Absorption - Thrust
- Old Value 0.969
- New Value 0.92055

Row: 1800300
- Field Absorption - Thrust
- Old Value 0.929
- New Value 0.88255

Row: 1801100
- Field Absorption - Thrust
- Old Value 0.88
- New Value 0.836

Row: 1810100
- Field Absorption - Thrust
- Old Value 0.871
- New Value 0.82745

Row: 1810200
- Field Absorption - Thrust
- Old Value 0.968
- New Value 0.9196

Row: 1810300
- Field Absorption - Thrust
- Old Value 0.926
- New Value 0.8797

Row: 1811100
- Field Absorption - Thrust
- Old Value 0.875
- New Value 0.83125

Row: 1820000
- Field Absorption - Thrust
- Old Value 0.952
- New Value 0.9044

Row: 1820100
- Field Absorption - Thrust
- Old Value 0.865
- New Value 0.82175

Row: 1820200
- Field Absorption - Thrust
- Old Value 0.967
- New Value 0.91865

Row: 1820300
- Field Absorption - Thrust
- Old Value 0.923
- New Value 0.87685

Row: 1821100
- Field Absorption - Thrust
- Old Value 0.869
- New Value 0.82555

Row: 1830000
- Field Absorption - Thrust
- Old Value 0.966
- New Value 0.9177

Row: 1830100
- Field Absorption - Thrust
- Old Value 0.905
- New Value 0.85975

Row: 1830200
- Field Absorption - Thrust
- Old Value 0.979
- New Value 0.93005

Row: 1830300
- Field Absorption - Thrust
- Old Value 0.946
- New Value 0.8987

Row: 1840000
- Field Absorption - Thrust
- Old Value 0.964
- New Value 0.9158

Row: 1840100
- Field Absorption - Thrust
- Old Value 0.898
- New Value 0.8531

Row: 1850000
- Field Absorption - Thrust
- Old Value 0.964
- New Value 0.9158

Row: 1850100
- Field Absorption - Thrust
- Old Value 0.898
- New Value 0.8531

Row: 1860000
- Field Absorption - Thrust
- Old Value 0.969
- New Value 0.92055

Row: 1860100
- Field Absorption - Thrust
- Old Value 0.912
- New Value 0.8664

Row: 1870100
- Field Absorption - Thrust
- Old Value 0.905
- New Value 0.85975

Row: 1880000
- Field Absorption - Thrust
- Old Value 0.964
- New Value 0.9158

Row: 1880100
- Field Absorption - Thrust
- Old Value 0.898
- New Value 0.8531

Row: 1890000
- Field Absorption - Thrust
- Old Value 0.975
- New Value 0.92625

Row: 1890100
- Field Absorption - Thrust
- Old Value 0.929
- New Value 0.88255

Row: 1890200
- Field Absorption - Thrust
- Old Value 0.983
- New Value 0.93385

Row: 1890300
- Field Absorption - Thrust
- Old Value 0.96
- New Value 0.912

Row: 1900000
- Field Absorption - Thrust
- Old Value 0.962
- New Value 0.9139

Row: 1901000
- Field Absorption - Thrust
- Old Value 0.962
- New Value 0.9139

Row: 1902000
- Field Absorption - Thrust
- Old Value 0.962
- New Value 0.9139

Row: 1910000
- Field Absorption - Thrust
- Old Value 0.962
- New Value 0.9139

Row: 1920000
- Field Absorption - Thrust
- Old Value 0.962
- New Value 0.9139

Row: 1930100
- Field Absorption - Thrust
- Old Value 0.994
- New Value 0.9443

Row: 1930300
- Field Absorption - Thrust
- Old Value 0.985
- New Value 0.93575

Row: 1932100
- Field Absorption - Thrust
- Old Value 0.973
- New Value 0.92435

Row: 1940000
- Field Absorption - Thrust
- Old Value 0.986
- New Value 0.9367

Row: 1940100
- Field Absorption - Thrust
- Old Value 0.947
- New Value 0.89965

Row: 1941100
- Field Absorption - Thrust
- Old Value 0.973
- New Value 0.92435

Row: 1950100
- Field Absorption - Thrust
- Old Value 0.973
- New Value 0.92435

Row: 1950200
- Field Absorption - Thrust
- Old Value 0.994
- New Value 0.9443

Row: 1950300
- Field Absorption - Thrust
- Old Value 0.985
- New Value 0.93575

Row: 1960100
- Field Absorption - Thrust
- Old Value 0.973
- New Value 0.92435

Row: 1960200
- Field Absorption - Thrust
- Old Value 0.994
- New Value 0.9443

Row: 1970100
- Field Absorption - Thrust
- Old Value 0.947
- New Value 0.89965

Row: 1970200
- Field Absorption - Thrust
- Old Value 0.987
- New Value 0.93765

Row: 1971100
- Field Absorption - Thrust
- Old Value 0.947
- New Value 0.89965

Row: 1971200
- Field Absorption - Thrust
- Old Value 0.987
- New Value 0.93765

Row: 1980000
- Field Absorption - Thrust
- Old Value 0.969
- New Value 0.92055

Row: 1980100
- Field Absorption - Thrust
- Old Value 0.912
- New Value 0.8664

Row: 1980200
- Field Absorption - Thrust
- Old Value 0.979
- New Value 0.93005

Row: 1990000
- Field Absorption - Thrust
- Old Value 0.991
- New Value 0.94145

Row: 1990100
- Field Absorption - Thrust
- Old Value 0.945
- New Value 0.89775

Row: 1991100
- Field Absorption - Thrust
- Old Value 0.956
- New Value 0.9082

Row: 2000000
- Field Absorption - Thrust
- Old Value 0.945
- New Value 0.89775

Row: 2000100
- Field Absorption - Thrust
- Old Value 0.933
- New Value 0.88635

Row: 2000300
- Field Absorption - Thrust
- Old Value 0.929
- New Value 0.88255

Row: 2001100
- Field Absorption - Thrust
- Old Value 0.939
- New Value 0.89205

Row: 2010000
- Field Absorption - Thrust
- Old Value 0.93
- New Value 0.8835

Row: 2020000
- Field Absorption - Thrust
- Old Value 0.972
- New Value 0.9234

Row: 2030000
- Field Absorption - Thrust
- Old Value 0.973
- New Value 0.92435

