Row ID;Row Name;Flat Texture Name
2;;AET005_004_a
3;;AET005_004_a
3;;AET005_004_a
4;;AET005_004_a
5;;AET005_004_a
6;;AET005_004_a
7;;AET005_004_a
8;;AET005_004_a
9;;AET005_004_a
10;;AET005_031_a
11;;AET005_031_a
12;;AET005_031_a
13;;AET005_031_a
14;;AET005_031_a
15;;AET005_031_a
16;;AET005_031_a
17;;AET005_007_a
18;;AET005_008_a
19;;AET005_006_a
20;;AET005_007_a
21;;AET005_008_a
22;;AET005_004_a
23;;AET005_004_a
24;;AET003_904_a
25;;AET003_904_a
26;;AET005_020_a
27;;AET005_015_a
28;;AET005_017_a
29;;AET005_011_a
30;;AET005_004_a
31;;AET005_004_a
32;;AET005_004_a
37;;AET005_004_a
38;;AET999_994_a
39;;AET005_004_a
40;;AET005_004_a
41;;AET005_004_a
42;;AET005_004_a
43;;AET005_004_a
44;;AET005_004_a
45;;AET005_004_a
46;;AET005_004_a
47;;AET005_004_a
48;;AET005_004_a
49;;AET005_004_a
50;;AET005_004_a
51;;AET005_004_a
52;;AET005_004_a
53;;AET005_004_a
54;;AET005_004_a
55;;AET005_004_a
56;;AET005_031_a
57;;AET005_031_a
58;;AET005_031_a
59;;AET005_004_a
60;;AET005_004_a
61;;AET005_004_a
62;;AET005_031_a
63;;AET005_031_a
64;;AET005_031_a
65;;AET005_004_a
66;;AET005_004_a
70;;AET005_004_a
71;;AET005_004_a
72;;AET005_004_a
73;;AET005_004_a
74;;AET005_004_a
75;;AET005_004_a
76;;AET005_004_a
77;;AET005_004_a
78;;AET005_004_a
79;;AET005_004_a
80;;AET005_004_a
81;;AET005_004_a
82;;AET005_004_a
83;;AET005_004_a
84;;AET005_004_a
85;;AET005_004_a
89;;AET005_004_a
90;;AET005_004_a
91;;AET005_004_a
92;;AET005_004_a
93;;AET005_004_a
94;;AET005_004_a
95;;AET005_004_a
96;;AET005_004_a
97;;AET005_004_a
98;;AET005_004_a
99;;AET005_004_a
100;;AET005_031_a
101;;AET005_031_a
102;;AET005_031_a
103;;AET005_031_a
104;;AET005_031_a
105;;AET005_031_a
106;;AET005_031_a
107;;AET005_031_a
108;;AET005_031_a
109;;AET005_031_a
110;;AET005_031_a
111;;AET005_031_a
112;;AET005_031_a
113;;AET005_031_a
114;;AET005_031_a
115;;AET005_031_a
116;;AET005_004_a
117;;AET005_031_a
118;;AET005_031_a
119;;AET005_031_a
120;;AET005_031_a
121;;AET005_031_a
122;;AET005_031_a
123;;AET005_031_a
124;;AET230_042_a
125;;AET005_031_a
126;;AET005_031_a
127;;AET005_004_a
128;;AET005_031_a
129;;AET005_031_a
130;;AET005_031_a
131;;AET005_031_a
132;;AET005_031_a
133;;AET005_031_a
134;;AET005_031_a
135;;AET005_031_a
136;;AET005_031_a
137;;AET005_031_a
138;;AET005_031_a
139;;AET240_800_a
140;;AET240_800_a
141;;AET240_800_a
142;;AET005_031_a
143;;AET005_004_a
144;;AET005_004_a
145;;AET005_004_a
146;;AET005_004_a
147;;AET005_031_a
148;;AET005_031_a
149;;AET005_031_a
150;;AET005_031_a
151;;AET005_031_a
152;;AET005_007_a
153;;AET005_004_a
154;;AET005_004_a
155;;AET005_031_a
156;;AET005_031_a
157;;AET005_031_a
158;;AET005_031_a
159;;AET005_031_a
160;;AET005_031_a
161;;AET005_031_a
162;;AET005_004_a
163;;AET005_004_a
164;;AET005_031_a
165;;AET005_031_a
166;;AET005_031_a
167;;AET005_004_a
168;;AET005_004_a
169;;AET005_004_a
170;;AET005_004_a
171;;AET005_004_a
172;;AET005_004_a
173;;AET005_004_a
174;;AET005_004_a
175;;AET005_031_a
176;;AET005_004_a
177;;AET005_031_a
178;;AET005_004_a
179;;AET005_031_a
180;;AET005_031_a
181;;AET005_004_a
182;;AET005_004_a
183;;AET005_004_a
184;;AET005_004_a
185;;AET005_031_a
186;;AET005_031_a
187;;AET005_031_a
188;;AET005_004_a
189;;AET005_004_a
190;;AET005_004_a
191;;AET005_031_a
192;;AET005_031_a
193;;AET005_004_a
194;;AET005_004_a
195;;AET240_118_a
196;;AET240_118_a
197;;AET240_118_a
198;;AET005_004_a
199;;AET005_004_a
200;;AET005_004_a
201;;AET005_004_a
202;;AET005_004_a
203;;AET005_004_a
204;;AET005_004_a
205;;AET005_004_a
206;;AET005_004_a
207;;AET005_004_a
208;;AET005_004_a
209;;AET005_004_a
210;;AET005_004_a
211;;AET005_004_a
212;;AET005_004_a
213;;AET005_004_a
214;;AET005_004_a
215;;AET005_004_a
216;;AET005_004_a
217;;AET005_004_a
218;;AET005_004_a
219;;AET005_004_a
220;;AET005_004_a
221;;AET005_004_a
222;;AET005_004_a
225;;AET005_004_a
226;;AET005_004_a
227;;AET005_004_a
228;;AET005_067_a
229;;AET005_031_a
230;;AET005_004_a
232;;AET005_031_a
233;;AET005_004_a
234;;AET005_031_a
235;;AET005_031_a
236;;AET005_031_a
237;;AET005_031_a
238;;AET005_031_a
239;;AET005_031_a
240;;AET005_031_a
241;;AET005_004_a
242;;AET005_004_a
243;;AET005_004_a
244;;AET005_031_a
245;;AET005_031_a
246;;AET005_031_a
248;;AET005_031_a
249;;AET005_031_a
250;;AET005_031_a
251;;AET260_960_a
252;;AET005_031_a
253;;AET005_031_a
254;;AET005_031_a
255;;AET005_031_a
256;;AET005_031_a
257;;AET005_031_a
258;;AET005_031_a
259;;AET005_031_a
260;;AET005_031_a
261;;AET005_031_a
262;;AET005_031_a
263;;AET005_004_a
264;;AET005_004_a
265;;AET005_004_a
266;;AET005_004_a
267;;AET005_031_a
268;;AET005_031_a
269;;AET005_031_a
270;;AET005_004_a
271;;AET005_004_a
272;;AET005_004_a
273;;AET005_004_a
274;;AET005_004_a
275;;AET005_031_a
280;;AET005_031_a
281;;AET240_124_a
282;;AET240_124_a
283;;AET005_031_a
284;;AET005_004_a
285;;AET230_886_a
286;;
287;;AET270_408_a
288;;AET250_461_a
289;;AET005_031_a
290;;AET005_031_a
291;;AET005_031_a
292;;AET005_031_a
293;;AET005_031_a
294;;AET005_031_a
295;;AET270_491_a
296;;
297;;
298;;
299;;
300;;
301;;
302;;AET005_031_a
303;;AET005_004_a
304;;AET005_031_a
305;;AET005_031_a
306;;AET005_004_a
307;;AET005_004_a
308;;AET005_031_a
309;;AET005_031_a
310;;AET005_004_a
311;;AET005_031_a
312;;AET005_004_a
313;;
314;;
315;;
316;;
317;;AET005_004_a
318;;AET210_414_a
319;;AET005_031_a
320;;AET005_004_a
321;;AET005_031_a
322;;AET005_004_a
323;;AET005_031_a
324;;
325;;AET005_004_a
326;;
327;;AET005_004_a
328;;AET005_004_a
329;;AET005_004_a
330;;AET005_004_a
331;;AET005_004_a
332;;AET005_004_a
333;;AET005_004_a
334;;AET005_004_a
335;;AET005_004_a
336;;AET005_004_a
337;;AET005_031_a
338;;AET005_004_a
339;;AET005_004_a
340;;AET005_004_a
342;;AET005_004_a
343;;AET005_004_a
344;;AET005_031_a
345;;AET230_557_a
346;;AET005_004_a
347;;AET005_031_a
348;;AET005_031_a
349;;AET005_004_a
350;;AET005_031_a
351;;AET005_004_a
352;;AET002_594_a
353;;AET002_595_a
354;;AET005_031_a
355;;
356;;AET005_004_a
357;;AET005_004_a
358;;AET005_004_a
359;;AET005_004_a
360;;AET005_004_a
361;;AET005_004_a
362;;AET005_004_a
363;;AET005_031_a
364;;AET005_031_a
365;;AET005_031_a
366;;AET005_031_a
367;;AET005_004_a
407;;AET005_004_a
408;;AET005_004_a
442;;AET005_004_a
443;;AET005_004_a
1000;;AET005_004_a
1007;;AET005_004_a
