Row: 9006
- Field Reinforcement Level
- Old Value 25
- New Value 10

Row: 9007
- Field Reinforcement Level
- Old Value 25
- New Value 10

Row: 10001
- Field Reinforcement Level
- Old Value 25
- New Value 10

Row: 10002
- Field Reinforcement Level
- Old Value 25
- New Value 10

Row: 10003
- Field Reinforcement Level
- Old Value 25
- New Value 10

Row: 10004
- Field Reinforcement Level
- Old Value 25
- New Value 10

Row: 10005
- Field Reinforcement Level
- Old Value 25
- New Value 10

Row: 10006
- Field Reinforcement Level
- Old Value 25
- New Value 10

Row: 10007
- Field Reinforcement Level
- Old Value 25
- New Value 10

Row: 10010
- Field Reinforcement Level
- Old Value 25
- New Value 10

Row: 10011
- Field Reinforcement Level
- Old Value 25
- New Value 10

Row: 10012
- Field Reinforcement Level
- Old Value 25
- New Value 10

Row: 10013
- Field Reinforcement Level
- Old Value 25
- New Value 10

Row: 10014
- Field Reinforcement Level
- Old Value 25
- New Value 10

Row: 10022
- Field Reinforcement Level
- Old Value 25
- New Value 10

Row: 10050
- Field Reinforcement Level
- Old Value 25
- New Value 10

Row: 10051
- Field Reinforcement Level
- Old Value 25
- New Value 10

Row: 10052
- Field Reinforcement Level
- Old Value 25
- New Value 10

Row: 10056
- Field Reinforcement Level
- Old Value 25
- New Value 10

Row: 10057
- Field Reinforcement Level
- Old Value 25
- New Value 10

Row: 10058
- Field Reinforcement Level
- Old Value 25
- New Value 10

Row: 10059
- Field Reinforcement Level
- Old Value 25
- New Value 10

Row: 10065
- Field Reinforcement Level
- Old Value 25
- New Value 10

Row: 10066
- Field Reinforcement Level
- Old Value 25
- New Value 10

Row: 10067
- Field Reinforcement Level
- Old Value 25
- New Value 10

Row: 10101
- Field Reinforcement Level
- Old Value 25
- New Value 10

Row: 10102
- Field Reinforcement Level
- Old Value 25
- New Value 10

Row: 10106
- Field Reinforcement Level
- Old Value 25
- New Value 10

Row: 10107
- Field Reinforcement Level
- Old Value 25
- New Value 10

Row: 10108
- Field Reinforcement Level
- Old Value 25
- New Value 10

Row: 10109
- Field Reinforcement Level
- Old Value 25
- New Value 10

Row: 10115
- Field Reinforcement Level
- Old Value 25
- New Value 10

Row: 10116
- Field Reinforcement Level
- Old Value 25
- New Value 10

Row: 10117
- Field Reinforcement Level
- Old Value 25
- New Value 10

Row: 10150
- Field Reinforcement Level
- Old Value 25
- New Value 10

Row: 10151
- Field Reinforcement Level
- Old Value 25
- New Value 10

Row: 10152
- Field Reinforcement Level
- Old Value 25
- New Value 10

Row: 10154
- Field Reinforcement Level
- Old Value 25
- New Value 10

Row: 10155
- Field Reinforcement Level
- Old Value 25
- New Value 10

Row: 10156
- Field Reinforcement Level
- Old Value 25
- New Value 10

Row: 10157
- Field Reinforcement Level
- Old Value 25
- New Value 10

Row: 10160
- Field Reinforcement Level
- Old Value 25
- New Value 10

Row: 10161
- Field Reinforcement Level
- Old Value 25
- New Value 10

Row: 10165
- Field Reinforcement Level
- Old Value 25
- New Value 10

Row: 10166
- Field Reinforcement Level
- Old Value 25
- New Value 10

Row: 10167
- Field Reinforcement Level
- Old Value 25
- New Value 10

Row: 10168
- Field Reinforcement Level
- Old Value 25
- New Value 10

Row: 10207
- Field Reinforcement Level
- Old Value 25
- New Value 10

Row: 10209
- Field Reinforcement Level
- Old Value 25
- New Value 10

Row: 10215
- Field Reinforcement Level
- Old Value 25
- New Value 10

Row: 10216
- Field Reinforcement Level
- Old Value 25
- New Value 10

Row: 10217
- Field Reinforcement Level
- Old Value 25
- New Value 10

Row: 10252
- Field Reinforcement Level
- Old Value 25
- New Value 10

Row: 10253
- Field Reinforcement Level
- Old Value 25
- New Value 10

Row: 10255
- Field Reinforcement Level
- Old Value 25
- New Value 10

Row: 10260
- Field Reinforcement Level
- Old Value 25
- New Value 10

Row: 10261
- Field Reinforcement Level
- Old Value 25
- New Value 10

Row: 10262
- Field Reinforcement Level
- Old Value 25
- New Value 10

Row: 10263
- Field Reinforcement Level
- Old Value 25
- New Value 10

Row: 10264
- Field Reinforcement Level
- Old Value 25
- New Value 10

Row: 10272
- Field Reinforcement Level
- Old Value 25
- New Value 10

Row: 10302
- Field Reinforcement Level
- Old Value 25
- New Value 10

Row: 10303
- Field Reinforcement Level
- Old Value 25
- New Value 10

Row: 10305
- Field Reinforcement Level
- Old Value 25
- New Value 10

Row: 10310
- Field Reinforcement Level
- Old Value 25
- New Value 10

Row: 10311
- Field Reinforcement Level
- Old Value 25
- New Value 10

Row: 10312
- Field Reinforcement Level
- Old Value 25
- New Value 10

Row: 10313
- Field Reinforcement Level
- Old Value 25
- New Value 10

Row: 10314
- Field Reinforcement Level
- Old Value 25
- New Value 10

Row: 10322
- Field Reinforcement Level
- Old Value 25
- New Value 10

Row: 10350
- Field Reinforcement Level
- Old Value 25
- New Value 10

Row: 10351
- Field Reinforcement Level
- Old Value 25
- New Value 10

Row: 10352
- Field Reinforcement Level
- Old Value 25
- New Value 10

Row: 10356
- Field Reinforcement Level
- Old Value 25
- New Value 10

Row: 10357
- Field Reinforcement Level
- Old Value 25
- New Value 10

Row: 10358
- Field Reinforcement Level
- Old Value 25
- New Value 10

Row: 10359
- Field Reinforcement Level
- Old Value 25
- New Value 10

Row: 10365
- Field Reinforcement Level
- Old Value 25
- New Value 10

Row: 10366
- Field Reinforcement Level
- Old Value 25
- New Value 10

Row: 10367
- Field Reinforcement Level
- Old Value 25
- New Value 10

Row: 10400
- Field Reinforcement Level
- Old Value 25
- New Value 10

Row: 10401
- Field Reinforcement Level
- Old Value 25
- New Value 10

Row: 10402
- Field Reinforcement Level
- Old Value 25
- New Value 10

Row: 10406
- Field Reinforcement Level
- Old Value 25
- New Value 10

Row: 10407
- Field Reinforcement Level
- Old Value 25
- New Value 10

Row: 10408
- Field Reinforcement Level
- Old Value 25
- New Value 10

Row: 10409
- Field Reinforcement Level
- Old Value 25
- New Value 10

Row: 10415
- Field Reinforcement Level
- Old Value 25
- New Value 10

Row: 10416
- Field Reinforcement Level
- Old Value 25
- New Value 10

Row: 10417
- Field Reinforcement Level
- Old Value 25
- New Value 10

Row: 10452
- Field Reinforcement Level
- Old Value 25
- New Value 10

Row: 10454
- Field Reinforcement Level
- Old Value 25
- New Value 10

Row: 10455
- Field Reinforcement Level
- Old Value 25
- New Value 10

Row: 10460
- Field Reinforcement Level
- Old Value 25
- New Value 10

Row: 10461
- Field Reinforcement Level
- Old Value 25
- New Value 10

Row: 10462
- Field Reinforcement Level
- Old Value 25
- New Value 10

Row: 10463
- Field Reinforcement Level
- Old Value 25
- New Value 10

Row: 10464
- Field Reinforcement Level
- Old Value 25
- New Value 10

Row: 10468
- Field Reinforcement Level
- Old Value 25
- New Value 10

Row: 10515
- Field Reinforcement Level
- Old Value 25
- New Value 10

Row: 10517
- Field Reinforcement Level
- Old Value 25
- New Value 10

Row: 10518
- Field Reinforcement Level
- Old Value 25
- New Value 10

Row: 10550
- Field Reinforcement Level
- Old Value 25
- New Value 10

Row: 10551
- Field Reinforcement Level
- Old Value 25
- New Value 10

Row: 10552
- Field Reinforcement Level
- Old Value 25
- New Value 10

Row: 10554
- Field Reinforcement Level
- Old Value 25
- New Value 10

Row: 10555
- Field Reinforcement Level
- Old Value 25
- New Value 10

Row: 10556
- Field Reinforcement Level
- Old Value 25
- New Value 10

Row: 10557
- Field Reinforcement Level
- Old Value 25
- New Value 10

Row: 10567
- Field Reinforcement Level
- Old Value 25
- New Value 10

Row: 10568
- Field Reinforcement Level
- Old Value 25
- New Value 10

Row: 10611
- Field Reinforcement Level
- Old Value 25
- New Value 10

Row: 10613
- Field Reinforcement Level
- Old Value 25
- New Value 10

Row: 10622
- Field Reinforcement Level
- Old Value 25
- New Value 10

Row: 10656
- Field Reinforcement Level
- Old Value 25
- New Value 10

Row: 10701
- Field Reinforcement Level
- Old Value 25
- New Value 10

Row: 10752
- Field Reinforcement Level
- Old Value 25
- New Value 10

Row: 10753
- Field Reinforcement Level
- Old Value 25
- New Value 10

Row: 10757
- Field Reinforcement Level
- Old Value 25
- New Value 10

Row: 10759
- Field Reinforcement Level
- Old Value 25
- New Value 10

Row: 10765
- Field Reinforcement Level
- Old Value 25
- New Value 10

Row: 10766
- Field Reinforcement Level
- Old Value 25
- New Value 10

Row: 10767
- Field Reinforcement Level
- Old Value 25
- New Value 10

Row: 10807
- Field Reinforcement Level
- Old Value 25
- New Value 10

Row: 10815
- Field Reinforcement Level
- Old Value 25
- New Value 10

Row: 10816
- Field Reinforcement Level
- Old Value 25
- New Value 10

Row: 10817
- Field Reinforcement Level
- Old Value 25
- New Value 10

Row: 10818
- Field Reinforcement Level
- Old Value 25
- New Value 10

Row: 10850
- Field Reinforcement Level
- Old Value 25
- New Value 10

Row: 10851
- Field Reinforcement Level
- Old Value 25
- New Value 10

Row: 10854
- Field Reinforcement Level
- Old Value 25
- New Value 10

Row: 10856
- Field Reinforcement Level
- Old Value 25
- New Value 10

Row: 10858
- Field Reinforcement Level
- Old Value 25
- New Value 10

Row: 10900
- Field Reinforcement Level
- Old Value 25
- New Value 10

Row: 10901
- Field Reinforcement Level
- Old Value 25
- New Value 10

Row: 10904
- Field Reinforcement Level
- Old Value 25
- New Value 10

Row: 10906
- Field Reinforcement Level
- Old Value 25
- New Value 10

Row: 10907
- Field Reinforcement Level
- Old Value 25
- New Value 10

Row: 10908
- Field Reinforcement Level
- Old Value 25
- New Value 10

Row: 10910
- Field Reinforcement Level
- Old Value 25
- New Value 10

Row: 10912
- Field Reinforcement Level
- Old Value 25
- New Value 10

Row: 10914
- Field Reinforcement Level
- Old Value 25
- New Value 10

Row: 10915
- Field Reinforcement Level
- Old Value 25
- New Value 10

Row: 10917
- Field Reinforcement Level
- Old Value 25
- New Value 10

Row: 10918
- Field Reinforcement Level
- Old Value 25
- New Value 10

Row: 10957
- Field Reinforcement Level
- Old Value 25
- New Value 10

Row: 10959
- Field Reinforcement Level
- Old Value 25
- New Value 10

Row: 10965
- Field Reinforcement Level
- Old Value 25
- New Value 10

Row: 10966
- Field Reinforcement Level
- Old Value 25
- New Value 10

Row: 10967
- Field Reinforcement Level
- Old Value 25
- New Value 10

Row: 11001
- Field Reinforcement Level
- Old Value 25
- New Value 10

Row: 11002
- Field Reinforcement Level
- Old Value 25
- New Value 10

Row: 11004
- Field Reinforcement Level
- Old Value 25
- New Value 10

Row: 11005
- Field Reinforcement Level
- Old Value 25
- New Value 10

Row: 11006
- Field Reinforcement Level
- Old Value 25
- New Value 10

Row: 11007
- Field Reinforcement Level
- Old Value 25
- New Value 10

Row: 11010
- Field Reinforcement Level
- Old Value 25
- New Value 10

Row: 11011
- Field Reinforcement Level
- Old Value 25
- New Value 10

Row: 11012
- Field Reinforcement Level
- Old Value 25
- New Value 10

Row: 11013
- Field Reinforcement Level
- Old Value 25
- New Value 10

Row: 11014
- Field Reinforcement Level
- Old Value 25
- New Value 10

Row: 11015
- Field Reinforcement Level
- Old Value 25
- New Value 10

Row: 11016
- Field Reinforcement Level
- Old Value 25
- New Value 10

Row: 11017
- Field Reinforcement Level
- Old Value 25
- New Value 10

Row: 11018
- Field Reinforcement Level
- Old Value 25
- New Value 10

Row: 11050
- Field Reinforcement Level
- Old Value 25
- New Value 10

Row: 11051
- Field Reinforcement Level
- Old Value 25
- New Value 10

Row: 11052
- Field Reinforcement Level
- Old Value 25
- New Value 10

Row: 11054
- Field Reinforcement Level
- Old Value 25
- New Value 10

Row: 11055
- Field Reinforcement Level
- Old Value 25
- New Value 10

Row: 11056
- Field Reinforcement Level
- Old Value 25
- New Value 10

Row: 11057
- Field Reinforcement Level
- Old Value 25
- New Value 10

Row: 11060
- Field Reinforcement Level
- Old Value 25
- New Value 10

Row: 11061
- Field Reinforcement Level
- Old Value 25
- New Value 10

Row: 11067
- Field Reinforcement Level
- Old Value 25
- New Value 10

Row: 11068
- Field Reinforcement Level
- Old Value 25
- New Value 10

Row: 11100
- Field Reinforcement Level
- Old Value 25
- New Value 10

Row: 11101
- Field Reinforcement Level
- Old Value 25
- New Value 10

Row: 11102
- Field Reinforcement Level
- Old Value 25
- New Value 10

Row: 11104
- Field Reinforcement Level
- Old Value 25
- New Value 10

Row: 11105
- Field Reinforcement Level
- Old Value 25
- New Value 10

Row: 11106
- Field Reinforcement Level
- Old Value 25
- New Value 10

Row: 11107
- Field Reinforcement Level
- Old Value 25
- New Value 10

Row: 11108
- Field Reinforcement Level
- Old Value 25
- New Value 10

Row: 11109
- Field Reinforcement Level
- Old Value 25
- New Value 10

Row: 11115
- Field Reinforcement Level
- Old Value 25
- New Value 10

Row: 11116
- Field Reinforcement Level
- Old Value 25
- New Value 10

Row: 11117
- Field Reinforcement Level
- Old Value 25
- New Value 10

Row: 11150
- Field Reinforcement Level
- Old Value 25
- New Value 10

Row: 11151
- Field Reinforcement Level
- Old Value 25
- New Value 10

Row: 11152
- Field Reinforcement Level
- Old Value 25
- New Value 10

Row: 11153
- Field Reinforcement Level
- Old Value 25
- New Value 10

Row: 11154
- Field Reinforcement Level
- Old Value 25
- New Value 10

Row: 11155
- Field Reinforcement Level
- Old Value 25
- New Value 10

Row: 11156
- Field Reinforcement Level
- Old Value 25
- New Value 10

Row: 11157
- Field Reinforcement Level
- Old Value 25
- New Value 10

Row: 11158
- Field Reinforcement Level
- Old Value 25
- New Value 10

Row: 11159
- Field Reinforcement Level
- Old Value 25
- New Value 10

Row: 11160
- Field Reinforcement Level
- Old Value 25
- New Value 10

Row: 11161
- Field Reinforcement Level
- Old Value 25
- New Value 10

Row: 11162
- Field Reinforcement Level
- Old Value 25
- New Value 10

Row: 11163
- Field Reinforcement Level
- Old Value 25
- New Value 10

Row: 11164
- Field Reinforcement Level
- Old Value 25
- New Value 10

Row: 11165
- Field Reinforcement Level
- Old Value 25
- New Value 10

Row: 11166
- Field Reinforcement Level
- Old Value 25
- New Value 10

Row: 11167
- Field Reinforcement Level
- Old Value 25
- New Value 10

Row: 11168
- Field Reinforcement Level
- Old Value 25
- New Value 10

Row: 11169
- Field Reinforcement Level
- Old Value 25
- New Value 10

Row: 11170
- Field Reinforcement Level
- Old Value 25
- New Value 10

Row: 11172
- Field Reinforcement Level
- Old Value 25
- New Value 10

Row: 11207
- Field Reinforcement Level
- Old Value 25
- New Value 10

Row: 11215
- Field Reinforcement Level
- Old Value 25
- New Value 10

Row: 11216
- Field Reinforcement Level
- Old Value 25
- New Value 10

Row: 11217
- Field Reinforcement Level
- Old Value 25
- New Value 10

Row: 11250
- Field Reinforcement Level
- Old Value 25
- New Value 10

Row: 11251
- Field Reinforcement Level
- Old Value 25
- New Value 10

Row: 11252
- Field Reinforcement Level
- Old Value 25
- New Value 10

Row: 11254
- Field Reinforcement Level
- Old Value 25
- New Value 10

Row: 11255
- Field Reinforcement Level
- Old Value 25
- New Value 10

Row: 11256
- Field Reinforcement Level
- Old Value 25
- New Value 10

Row: 11257
- Field Reinforcement Level
- Old Value 25
- New Value 10

Row: 11258
- Field Reinforcement Level
- Old Value 25
- New Value 10

Row: 11259
- Field Reinforcement Level
- Old Value 25
- New Value 10

Row: 11265
- Field Reinforcement Level
- Old Value 25
- New Value 10

Row: 11266
- Field Reinforcement Level
- Old Value 25
- New Value 10

Row: 11267
- Field Reinforcement Level
- Old Value 25
- New Value 10

Row: 11300
- Field Reinforcement Level
- Old Value 25
- New Value 10

Row: 11301
- Field Reinforcement Level
- Old Value 25
- New Value 10

Row: 11302
- Field Reinforcement Level
- Old Value 25
- New Value 10

Row: 11304
- Field Reinforcement Level
- Old Value 25
- New Value 10

Row: 11305
- Field Reinforcement Level
- Old Value 25
- New Value 10

Row: 11306
- Field Reinforcement Level
- Old Value 25
- New Value 10

Row: 11307
- Field Reinforcement Level
- Old Value 25
- New Value 10

Row: 11308
- Field Reinforcement Level
- Old Value 25
- New Value 10

Row: 11309
- Field Reinforcement Level
- Old Value 25
- New Value 10

Row: 11369
- Field Reinforcement Level
- Old Value 25
- New Value 10

Row: 11370
- Field Reinforcement Level
- Old Value 25
- New Value 10

Row: 11402
- Field Reinforcement Level
- Old Value 25
- New Value 10

Row: 11403
- Field Reinforcement Level
- Old Value 25
- New Value 10

Row: 11405
- Field Reinforcement Level
- Old Value 25
- New Value 10

Row: 11411
- Field Reinforcement Level
- Old Value 25
- New Value 10

Row: 11413
- Field Reinforcement Level
- Old Value 25
- New Value 10

Row: 11422
- Field Reinforcement Level
- Old Value 25
- New Value 10

Row: 11460
- Field Reinforcement Level
- Old Value 25
- New Value 10

Row: 11461
- Field Reinforcement Level
- Old Value 25
- New Value 10

Row: 11462
- Field Reinforcement Level
- Old Value 25
- New Value 10

Row: 11463
- Field Reinforcement Level
- Old Value 25
- New Value 10

Row: 11464
- Field Reinforcement Level
- Old Value 25
- New Value 10

Row: 11472
- Field Reinforcement Level
- Old Value 25
- New Value 10

Row: 11501
- Field Reinforcement Level
- Old Value 25
- New Value 10

Row: 11502
- Field Reinforcement Level
- Old Value 25
- New Value 10

Row: 11503
- Field Reinforcement Level
- Old Value 25
- New Value 10

Row: 11504
- Field Reinforcement Level
- Old Value 25
- New Value 10

Row: 11505
- Field Reinforcement Level
- Old Value 25
- New Value 10

Row: 11506
- Field Reinforcement Level
- Old Value 25
- New Value 10

Row: 11507
- Field Reinforcement Level
- Old Value 25
- New Value 10

Row: 11508
- Field Reinforcement Level
- Old Value 25
- New Value 10

Row: 11509
- Field Reinforcement Level
- Old Value 25
- New Value 10

Row: 11510
- Field Reinforcement Level
- Old Value 25
- New Value 10

Row: 11511
- Field Reinforcement Level
- Old Value 25
- New Value 10

Row: 11512
- Field Reinforcement Level
- Old Value 25
- New Value 10

Row: 11513
- Field Reinforcement Level
- Old Value 25
- New Value 10

Row: 11514
- Field Reinforcement Level
- Old Value 25
- New Value 10

Row: 11515
- Field Reinforcement Level
- Old Value 25
- New Value 10

Row: 11516
- Field Reinforcement Level
- Old Value 25
- New Value 10

Row: 11517
- Field Reinforcement Level
- Old Value 25
- New Value 10

Row: 11518
- Field Reinforcement Level
- Old Value 25
- New Value 10

Row: 11522
- Field Reinforcement Level
- Old Value 25
- New Value 10

Row: 11550
- Field Reinforcement Level
- Old Value 25
- New Value 10

Row: 11551
- Field Reinforcement Level
- Old Value 25
- New Value 10

Row: 11552
- Field Reinforcement Level
- Old Value 25
- New Value 10

Row: 11554
- Field Reinforcement Level
- Old Value 25
- New Value 10

Row: 11555
- Field Reinforcement Level
- Old Value 25
- New Value 10

Row: 11556
- Field Reinforcement Level
- Old Value 25
- New Value 10

Row: 11558
- Field Reinforcement Level
- Old Value 25
- New Value 10

Row: 11603
- Field Reinforcement Level
- Old Value 25
- New Value 10

Row: 11611
- Field Reinforcement Level
- Old Value 25
- New Value 10

Row: 11613
- Field Reinforcement Level
- Old Value 25
- New Value 10

Row: 11616
- Field Reinforcement Level
- Old Value 25
- New Value 10

Row: 11622
- Field Reinforcement Level
- Old Value 25
- New Value 10

Row: 11653
- Field Reinforcement Level
- Old Value 25
- New Value 10

Row: 11661
- Field Reinforcement Level
- Old Value 25
- New Value 10

Row: 11663
- Field Reinforcement Level
- Old Value 25
- New Value 10

Row: 11666
- Field Reinforcement Level
- Old Value 25
- New Value 10

Row: 11672
- Field Reinforcement Level
- Old Value 25
- New Value 10

Row: 11700
- Field Reinforcement Level
- Old Value 25
- New Value 10

Row: 11701
- Field Reinforcement Level
- Old Value 25
- New Value 10

Row: 11702
- Field Reinforcement Level
- Old Value 25
- New Value 10

Row: 11703
- Field Reinforcement Level
- Old Value 25
- New Value 10

Row: 11704
- Field Reinforcement Level
- Old Value 25
- New Value 10

Row: 11705
- Field Reinforcement Level
- Old Value 25
- New Value 10

Row: 11706
- Field Reinforcement Level
- Old Value 25
- New Value 10

Row: 11707
- Field Reinforcement Level
- Old Value 25
- New Value 10

Row: 11708
- Field Reinforcement Level
- Old Value 25
- New Value 10

Row: 11709
- Field Reinforcement Level
- Old Value 25
- New Value 10

Row: 11710
- Field Reinforcement Level
- Old Value 25
- New Value 10

Row: 11711
- Field Reinforcement Level
- Old Value 25
- New Value 10

Row: 11712
- Field Reinforcement Level
- Old Value 25
- New Value 10

Row: 11713
- Field Reinforcement Level
- Old Value 25
- New Value 10

Row: 11714
- Field Reinforcement Level
- Old Value 25
- New Value 10

Row: 11715
- Field Reinforcement Level
- Old Value 25
- New Value 10

Row: 11716
- Field Reinforcement Level
- Old Value 25
- New Value 10

Row: 11717
- Field Reinforcement Level
- Old Value 25
- New Value 10

Row: 11718
- Field Reinforcement Level
- Old Value 25
- New Value 10

Row: 11719
- Field Reinforcement Level
- Old Value 25
- New Value 10

Row: 11720
- Field Reinforcement Level
- Old Value 25
- New Value 10

Row: 11722
- Field Reinforcement Level
- Old Value 25
- New Value 10

Row: 11750
- Field Reinforcement Level
- Old Value 25
- New Value 10

Row: 11751
- Field Reinforcement Level
- Old Value 25
- New Value 10

Row: 11752
- Field Reinforcement Level
- Old Value 25
- New Value 10

Row: 11753
- Field Reinforcement Level
- Old Value 25
- New Value 10

Row: 11754
- Field Reinforcement Level
- Old Value 25
- New Value 10

Row: 11755
- Field Reinforcement Level
- Old Value 25
- New Value 10

Row: 11756
- Field Reinforcement Level
- Old Value 25
- New Value 10

Row: 11757
- Field Reinforcement Level
- Old Value 25
- New Value 10

Row: 11758
- Field Reinforcement Level
- Old Value 25
- New Value 10

Row: 11759
- Field Reinforcement Level
- Old Value 25
- New Value 10

Row: 11760
- Field Reinforcement Level
- Old Value 25
- New Value 10

Row: 11761
- Field Reinforcement Level
- Old Value 25
- New Value 10

Row: 11762
- Field Reinforcement Level
- Old Value 25
- New Value 10

Row: 11763
- Field Reinforcement Level
- Old Value 25
- New Value 10

Row: 11764
- Field Reinforcement Level
- Old Value 25
- New Value 10

Row: 11765
- Field Reinforcement Level
- Old Value 25
- New Value 10

Row: 11766
- Field Reinforcement Level
- Old Value 25
- New Value 10

Row: 11767
- Field Reinforcement Level
- Old Value 25
- New Value 10

Row: 11768
- Field Reinforcement Level
- Old Value 25
- New Value 10

Row: 11769
- Field Reinforcement Level
- Old Value 25
- New Value 10

Row: 11770
- Field Reinforcement Level
- Old Value 25
- New Value 10

Row: 11771
- Field Reinforcement Level
- Old Value 25
- New Value 10

Row: 11772
- Field Reinforcement Level
- Old Value 25
- New Value 10

Row: 11800
- Field Reinforcement Level
- Old Value 25
- New Value 10

Row: 11801
- Field Reinforcement Level
- Old Value 25
- New Value 10

Row: 11802
- Field Reinforcement Level
- Old Value 25
- New Value 10

Row: 11803
- Field Reinforcement Level
- Old Value 25
- New Value 10

Row: 11804
- Field Reinforcement Level
- Old Value 25
- New Value 10

Row: 11805
- Field Reinforcement Level
- Old Value 25
- New Value 10

Row: 11806
- Field Reinforcement Level
- Old Value 25
- New Value 10

Row: 11807
- Field Reinforcement Level
- Old Value 25
- New Value 10

Row: 11808
- Field Reinforcement Level
- Old Value 25
- New Value 10

Row: 11809
- Field Reinforcement Level
- Old Value 25
- New Value 10

Row: 11810
- Field Reinforcement Level
- Old Value 25
- New Value 10

Row: 11811
- Field Reinforcement Level
- Old Value 25
- New Value 10

Row: 11812
- Field Reinforcement Level
- Old Value 25
- New Value 10

Row: 11813
- Field Reinforcement Level
- Old Value 25
- New Value 10

Row: 11814
- Field Reinforcement Level
- Old Value 25
- New Value 10

Row: 11822
- Field Reinforcement Level
- Old Value 25
- New Value 10

Row: 11850
- Field Reinforcement Level
- Old Value 25
- New Value 10

Row: 11851
- Field Reinforcement Level
- Old Value 25
- New Value 10

Row: 11852
- Field Reinforcement Level
- Old Value 25
- New Value 10

Row: 11854
- Field Reinforcement Level
- Old Value 25
- New Value 10

Row: 11855
- Field Reinforcement Level
- Old Value 25
- New Value 10

Row: 11856
- Field Reinforcement Level
- Old Value 25
- New Value 10

Row: 11857
- Field Reinforcement Level
- Old Value 25
- New Value 10

Row: 11858
- Field Reinforcement Level
- Old Value 25
- New Value 10

Row: 11859
- Field Reinforcement Level
- Old Value 25
- New Value 10

Row: 11900
- Field Reinforcement Level
- Old Value 25
- New Value 10

Row: 11901
- Field Reinforcement Level
- Old Value 25
- New Value 10

Row: 11902
- Field Reinforcement Level
- Old Value 25
- New Value 10

Row: 11904
- Field Reinforcement Level
- Old Value 25
- New Value 10

Row: 11905
- Field Reinforcement Level
- Old Value 25
- New Value 10

Row: 11906
- Field Reinforcement Level
- Old Value 25
- New Value 10

Row: 11907
- Field Reinforcement Level
- Old Value 25
- New Value 10

Row: 11908
- Field Reinforcement Level
- Old Value 25
- New Value 10

Row: 11909
- Field Reinforcement Level
- Old Value 25
- New Value 10

Row: 11950
- Field Reinforcement Level
- Old Value 25
- New Value 10

Row: 11951
- Field Reinforcement Level
- Old Value 25
- New Value 10

Row: 11952
- Field Reinforcement Level
- Old Value 25
- New Value 10

Row: 11953
- Field Reinforcement Level
- Old Value 25
- New Value 10

Row: 11954
- Field Reinforcement Level
- Old Value 25
- New Value 10

Row: 11955
- Field Reinforcement Level
- Old Value 25
- New Value 10

Row: 11956
- Field Reinforcement Level
- Old Value 25
- New Value 10

Row: 11957
- Field Reinforcement Level
- Old Value 25
- New Value 10

Row: 11958
- Field Reinforcement Level
- Old Value 25
- New Value 10

Row: 11959
- Field Reinforcement Level
- Old Value 25
- New Value 10

Row: 11960
- Field Reinforcement Level
- Old Value 25
- New Value 10

Row: 11961
- Field Reinforcement Level
- Old Value 25
- New Value 10

Row: 12007
- Field Reinforcement Level
- Old Value 25
- New Value 10

Row: 12015
- Field Reinforcement Level
- Old Value 25
- New Value 10

Row: 12016
- Field Reinforcement Level
- Old Value 25
- New Value 10

Row: 12017
- Field Reinforcement Level
- Old Value 25
- New Value 10

Row: 12018
- Field Reinforcement Level
- Old Value 25
- New Value 10

Row: 12065
- Field Reinforcement Level
- Old Value 25
- New Value 10

Row: 12067
- Field Reinforcement Level
- Old Value 25
- New Value 10

Row: 12068
- Field Reinforcement Level
- Old Value 25
- New Value 10

Row: 12100
- Field Reinforcement Level
- Old Value 25
- New Value 10

Row: 12101
- Field Reinforcement Level
- Old Value 25
- New Value 10

Row: 12104
- Field Reinforcement Level
- Old Value 25
- New Value 10

Row: 12106
- Field Reinforcement Level
- Old Value 25
- New Value 10

Row: 12107
- Field Reinforcement Level
- Old Value 25
- New Value 10

Row: 12108
- Field Reinforcement Level
- Old Value 25
- New Value 10

Row: 12157
- Field Reinforcement Level
- Old Value 25
- New Value 10

Row: 12165
- Field Reinforcement Level
- Old Value 25
- New Value 10

Row: 12167
- Field Reinforcement Level
- Old Value 25
- New Value 10

Row: 12168
- Field Reinforcement Level
- Old Value 25
- New Value 10

Row: 12215
- Field Reinforcement Level
- Old Value 25
- New Value 10

Row: 12216
- Field Reinforcement Level
- Old Value 25
- New Value 10

Row: 12217
- Field Reinforcement Level
- Old Value 25
- New Value 10

Row: 12250
- Field Reinforcement Level
- Old Value 25
- New Value 10

Row: 12251
- Field Reinforcement Level
- Old Value 25
- New Value 10

Row: 12252
- Field Reinforcement Level
- Old Value 25
- New Value 10

Row: 12253
- Field Reinforcement Level
- Old Value 25
- New Value 10

Row: 12254
- Field Reinforcement Level
- Old Value 25
- New Value 10

Row: 12255
- Field Reinforcement Level
- Old Value 25
- New Value 10

Row: 12256
- Field Reinforcement Level
- Old Value 25
- New Value 10

Row: 12257
- Field Reinforcement Level
- Old Value 25
- New Value 10

Row: 12258
- Field Reinforcement Level
- Old Value 25
- New Value 10

Row: 12259
- Field Reinforcement Level
- Old Value 25
- New Value 10

Row: 12260
- Field Reinforcement Level
- Old Value 25
- New Value 10

Row: 12261
- Field Reinforcement Level
- Old Value 25
- New Value 10

Row: 12262
- Field Reinforcement Level
- Old Value 25
- New Value 10

Row: 12263
- Field Reinforcement Level
- Old Value 25
- New Value 10

Row: 12264
- Field Reinforcement Level
- Old Value 25
- New Value 10

Row: 12265
- Field Reinforcement Level
- Old Value 25
- New Value 10

Row: 12266
- Field Reinforcement Level
- Old Value 25
- New Value 10

Row: 12267
- Field Reinforcement Level
- Old Value 25
- New Value 10

Row: 12268
- Field Reinforcement Level
- Old Value 25
- New Value 10

Row: 12269
- Field Reinforcement Level
- Old Value 25
- New Value 10

Row: 12270
- Field Reinforcement Level
- Old Value 25
- New Value 10

Row: 12272
- Field Reinforcement Level
- Old Value 25
- New Value 10

Row: 12300
- Field Reinforcement Level
- Old Value 25
- New Value 10

Row: 12301
- Field Reinforcement Level
- Old Value 25
- New Value 10

Row: 12302
- Field Reinforcement Level
- Old Value 25
- New Value 10

Row: 12303
- Field Reinforcement Level
- Old Value 25
- New Value 10

Row: 12304
- Field Reinforcement Level
- Old Value 25
- New Value 10

Row: 12305
- Field Reinforcement Level
- Old Value 25
- New Value 10

Row: 12306
- Field Reinforcement Level
- Old Value 25
- New Value 10

Row: 12307
- Field Reinforcement Level
- Old Value 25
- New Value 10

Row: 12308
- Field Reinforcement Level
- Old Value 25
- New Value 10

Row: 12309
- Field Reinforcement Level
- Old Value 25
- New Value 10

Row: 12310
- Field Reinforcement Level
- Old Value 25
- New Value 10

Row: 12311
- Field Reinforcement Level
- Old Value 25
- New Value 10

Row: 12312
- Field Reinforcement Level
- Old Value 25
- New Value 10

Row: 12313
- Field Reinforcement Level
- Old Value 25
- New Value 10

Row: 12314
- Field Reinforcement Level
- Old Value 25
- New Value 10

Row: 12315
- Field Reinforcement Level
- Old Value 25
- New Value 10

Row: 12316
- Field Reinforcement Level
- Old Value 25
- New Value 10

Row: 12317
- Field Reinforcement Level
- Old Value 25
- New Value 10

Row: 12318
- Field Reinforcement Level
- Old Value 25
- New Value 10

Row: 12319
- Field Reinforcement Level
- Old Value 25
- New Value 10

Row: 12320
- Field Reinforcement Level
- Old Value 25
- New Value 10

Row: 12322
- Field Reinforcement Level
- Old Value 25
- New Value 10

Row: 12378
- Field Reinforcement Level
- Old Value 25
- New Value 10

Row: 12379
- Field Reinforcement Level
- Old Value 25
- New Value 10

Row: 12380
- Field Reinforcement Level
- Old Value 25
- New Value 10

Row: 12428
- Field Reinforcement Level
- Old Value 25
- New Value 10

Row: 12429
- Field Reinforcement Level
- Old Value 25
- New Value 10

Row: 12430
- Field Reinforcement Level
- Old Value 25
- New Value 10

Row: 12450
- Field Reinforcement Level
- Old Value 25
- New Value 10

Row: 12454
- Field Reinforcement Level
- Old Value 25
- New Value 10

Row: 12458
- Field Reinforcement Level
- Old Value 25
- New Value 10

Row: 12469
- Field Reinforcement Level
- Old Value 25
- New Value 10

Row: 12470
- Field Reinforcement Level
- Old Value 25
- New Value 10

Row: 12478
- Field Reinforcement Level
- Old Value 25
- New Value 10

Row: 12479
- Field Reinforcement Level
- Old Value 25
- New Value 10

Row: 12528
- Field Reinforcement Level
- Old Value 25
- New Value 10

Row: 12529
- Field Reinforcement Level
- Old Value 25
- New Value 10

Row: 12578
- Field Reinforcement Level
- Old Value 25
- New Value 10

Row: 12579
- Field Reinforcement Level
- Old Value 25
- New Value 10

Row: 12628
- Field Reinforcement Level
- Old Value 25
- New Value 10

Row: 12629
- Field Reinforcement Level
- Old Value 25
- New Value 10

Row: 12678
- Field Reinforcement Level
- Old Value 25
- New Value 10

Row: 12679
- Field Reinforcement Level
- Old Value 25
- New Value 10

Row: 12680
- Field Reinforcement Level
- Old Value 25
- New Value 10

Row: 12728
- Field Reinforcement Level
- Old Value 25
- New Value 10

Row: 12729
- Field Reinforcement Level
- Old Value 25
- New Value 10

Row: 12730
- Field Reinforcement Level
- Old Value 25
- New Value 10

Row: 12731
- Field Reinforcement Level
- Old Value 25
- New Value 10

Row: 12778
- Field Reinforcement Level
- Old Value 25
- New Value 10

Row: 12779
- Field Reinforcement Level
- Old Value 25
- New Value 10

Row: 12825
- Field Reinforcement Level
- Old Value 25
- New Value 10

Row: 12873
- Field Reinforcement Level
- Old Value 25
- New Value 10

Row: 12874
- Field Reinforcement Level
- Old Value 25
- New Value 10

Row: 12923
- Field Reinforcement Level
- Old Value 25
- New Value 10

Row: 12924
- Field Reinforcement Level
- Old Value 25
- New Value 10

Row: 12973
- Field Reinforcement Level
- Old Value 25
- New Value 10

Row: 12974
- Field Reinforcement Level
- Old Value 25
- New Value 10

Row: 13023
- Field Reinforcement Level
- Old Value 25
- New Value 10

Row: 13024
- Field Reinforcement Level
- Old Value 25
- New Value 10

Row: 13073
- Field Reinforcement Level
- Old Value 25
- New Value 10

Row: 13074
- Field Reinforcement Level
- Old Value 25
- New Value 10

Row: 13075
- Field Reinforcement Level
- Old Value 25
- New Value 10

Row: 13100
- Field Reinforcement Level
- Old Value 25
- New Value 10

Row: 13101
- Field Reinforcement Level
- Old Value 25
- New Value 10

Row: 13102
- Field Reinforcement Level
- Old Value 25
- New Value 10

Row: 13103
- Field Reinforcement Level
- Old Value 25
- New Value 10

Row: 13104
- Field Reinforcement Level
- Old Value 25
- New Value 10

Row: 13105
- Field Reinforcement Level
- Old Value 25
- New Value 10

Row: 13106
- Field Reinforcement Level
- Old Value 25
- New Value 10

Row: 13107
- Field Reinforcement Level
- Old Value 25
- New Value 10

Row: 13108
- Field Reinforcement Level
- Old Value 25
- New Value 10

Row: 13109
- Field Reinforcement Level
- Old Value 25
- New Value 10

Row: 13110
- Field Reinforcement Level
- Old Value 25
- New Value 10

Row: 13111
- Field Reinforcement Level
- Old Value 25
- New Value 10

Row: 13112
- Field Reinforcement Level
- Old Value 25
- New Value 10

Row: 13113
- Field Reinforcement Level
- Old Value 25
- New Value 10

Row: 13114
- Field Reinforcement Level
- Old Value 25
- New Value 10

Row: 13115
- Field Reinforcement Level
- Old Value 25
- New Value 10

Row: 13116
- Field Reinforcement Level
- Old Value 25
- New Value 10

Row: 13117
- Field Reinforcement Level
- Old Value 25
- New Value 10

Row: 13118
- Field Reinforcement Level
- Old Value 25
- New Value 10

Row: 13119
- Field Reinforcement Level
- Old Value 25
- New Value 10

Row: 13120
- Field Reinforcement Level
- Old Value 25
- New Value 10

Row: 13121
- Field Reinforcement Level
- Old Value 25
- New Value 10

Row: 13122
- Field Reinforcement Level
- Old Value 25
- New Value 10

Row: 13150
- Field Reinforcement Level
- Old Value 25
- New Value 10

Row: 13151
- Field Reinforcement Level
- Old Value 25
- New Value 10

Row: 13152
- Field Reinforcement Level
- Old Value 25
- New Value 10

Row: 13153
- Field Reinforcement Level
- Old Value 25
- New Value 10

Row: 13154
- Field Reinforcement Level
- Old Value 25
- New Value 10

Row: 13155
- Field Reinforcement Level
- Old Value 25
- New Value 10

Row: 13156
- Field Reinforcement Level
- Old Value 25
- New Value 10

Row: 13157
- Field Reinforcement Level
- Old Value 25
- New Value 10

Row: 13158
- Field Reinforcement Level
- Old Value 25
- New Value 10

Row: 13159
- Field Reinforcement Level
- Old Value 25
- New Value 10

Row: 13160
- Field Reinforcement Level
- Old Value 25
- New Value 10

Row: 13161
- Field Reinforcement Level
- Old Value 25
- New Value 10

Row: 13162
- Field Reinforcement Level
- Old Value 25
- New Value 10

Row: 13163
- Field Reinforcement Level
- Old Value 25
- New Value 10

Row: 13164
- Field Reinforcement Level
- Old Value 25
- New Value 10

Row: 13165
- Field Reinforcement Level
- Old Value 25
- New Value 10

Row: 13166
- Field Reinforcement Level
- Old Value 25
- New Value 10

Row: 13167
- Field Reinforcement Level
- Old Value 25
- New Value 10

Row: 13168
- Field Reinforcement Level
- Old Value 25
- New Value 10

Row: 13169
- Field Reinforcement Level
- Old Value 25
- New Value 10

Row: 13170
- Field Reinforcement Level
- Old Value 25
- New Value 10

Row: 13171
- Field Reinforcement Level
- Old Value 25
- New Value 10

Row: 13172
- Field Reinforcement Level
- Old Value 25
- New Value 10

Row: 13200
- Field Reinforcement Level
- Old Value 25
- New Value 10

Row: 13201
- Field Reinforcement Level
- Old Value 25
- New Value 10

Row: 13202
- Field Reinforcement Level
- Old Value 25
- New Value 10

Row: 13203
- Field Reinforcement Level
- Old Value 25
- New Value 10

Row: 13204
- Field Reinforcement Level
- Old Value 25
- New Value 10

Row: 13205
- Field Reinforcement Level
- Old Value 25
- New Value 10

Row: 13206
- Field Reinforcement Level
- Old Value 25
- New Value 10

Row: 13207
- Field Reinforcement Level
- Old Value 25
- New Value 10

Row: 13208
- Field Reinforcement Level
- Old Value 25
- New Value 10

Row: 13209
- Field Reinforcement Level
- Old Value 25
- New Value 10

Row: 13210
- Field Reinforcement Level
- Old Value 25
- New Value 10

Row: 13211
- Field Reinforcement Level
- Old Value 25
- New Value 10

Row: 13212
- Field Reinforcement Level
- Old Value 25
- New Value 10

Row: 13213
- Field Reinforcement Level
- Old Value 25
- New Value 10

Row: 13214
- Field Reinforcement Level
- Old Value 25
- New Value 10

Row: 13215
- Field Reinforcement Level
- Old Value 25
- New Value 10

Row: 13216
- Field Reinforcement Level
- Old Value 25
- New Value 10

Row: 13217
- Field Reinforcement Level
- Old Value 25
- New Value 10

Row: 13218
- Field Reinforcement Level
- Old Value 25
- New Value 10

Row: 13219
- Field Reinforcement Level
- Old Value 25
- New Value 10

Row: 13220
- Field Reinforcement Level
- Old Value 25
- New Value 10

Row: 13221
- Field Reinforcement Level
- Old Value 25
- New Value 10

Row: 13222
- Field Reinforcement Level
- Old Value 25
- New Value 10

Row: 13250
- Field Reinforcement Level
- Old Value 25
- New Value 10

Row: 13251
- Field Reinforcement Level
- Old Value 25
- New Value 10

Row: 13252
- Field Reinforcement Level
- Old Value 25
- New Value 10

Row: 13253
- Field Reinforcement Level
- Old Value 25
- New Value 10

Row: 13254
- Field Reinforcement Level
- Old Value 25
- New Value 10

Row: 13255
- Field Reinforcement Level
- Old Value 25
- New Value 10

Row: 13256
- Field Reinforcement Level
- Old Value 25
- New Value 10

Row: 13257
- Field Reinforcement Level
- Old Value 25
- New Value 10

Row: 13258
- Field Reinforcement Level
- Old Value 25
- New Value 10

Row: 13259
- Field Reinforcement Level
- Old Value 25
- New Value 10

Row: 13260
- Field Reinforcement Level
- Old Value 25
- New Value 10

Row: 13261
- Field Reinforcement Level
- Old Value 25
- New Value 10

Row: 13262
- Field Reinforcement Level
- Old Value 25
- New Value 10

Row: 13263
- Field Reinforcement Level
- Old Value 25
- New Value 10

Row: 13264
- Field Reinforcement Level
- Old Value 25
- New Value 10

Row: 13265
- Field Reinforcement Level
- Old Value 25
- New Value 10

Row: 13266
- Field Reinforcement Level
- Old Value 25
- New Value 10

Row: 13267
- Field Reinforcement Level
- Old Value 25
- New Value 10

Row: 13268
- Field Reinforcement Level
- Old Value 25
- New Value 10

Row: 13269
- Field Reinforcement Level
- Old Value 25
- New Value 10

Row: 13270
- Field Reinforcement Level
- Old Value 25
- New Value 10

Row: 13271
- Field Reinforcement Level
- Old Value 25
- New Value 10

Row: 13272
- Field Reinforcement Level
- Old Value 25
- New Value 10

Row: 13300
- Field Reinforcement Level
- Old Value 25
- New Value 10

Row: 13301
- Field Reinforcement Level
- Old Value 25
- New Value 10

Row: 13302
- Field Reinforcement Level
- Old Value 25
- New Value 10

Row: 13303
- Field Reinforcement Level
- Old Value 25
- New Value 10

Row: 13304
- Field Reinforcement Level
- Old Value 25
- New Value 10

Row: 13305
- Field Reinforcement Level
- Old Value 25
- New Value 10

Row: 13306
- Field Reinforcement Level
- Old Value 25
- New Value 10

Row: 13307
- Field Reinforcement Level
- Old Value 25
- New Value 10

Row: 13308
- Field Reinforcement Level
- Old Value 25
- New Value 10

Row: 13309
- Field Reinforcement Level
- Old Value 25
- New Value 10

Row: 13310
- Field Reinforcement Level
- Old Value 25
- New Value 10

Row: 13311
- Field Reinforcement Level
- Old Value 25
- New Value 10

Row: 13312
- Field Reinforcement Level
- Old Value 25
- New Value 10

Row: 13313
- Field Reinforcement Level
- Old Value 25
- New Value 10

Row: 13314
- Field Reinforcement Level
- Old Value 25
- New Value 10

Row: 13315
- Field Reinforcement Level
- Old Value 25
- New Value 10

Row: 13316
- Field Reinforcement Level
- Old Value 25
- New Value 10

Row: 13317
- Field Reinforcement Level
- Old Value 25
- New Value 10

Row: 13318
- Field Reinforcement Level
- Old Value 25
- New Value 10

Row: 13319
- Field Reinforcement Level
- Old Value 25
- New Value 10

Row: 13320
- Field Reinforcement Level
- Old Value 25
- New Value 10

Row: 13321
- Field Reinforcement Level
- Old Value 25
- New Value 10

Row: 13322
- Field Reinforcement Level
- Old Value 25
- New Value 10

Row: 13350
- Field Reinforcement Level
- Old Value 25
- New Value 10

Row: 13351
- Field Reinforcement Level
- Old Value 25
- New Value 10

Row: 13352
- Field Reinforcement Level
- Old Value 25
- New Value 10

Row: 13353
- Field Reinforcement Level
- Old Value 25
- New Value 10

Row: 13354
- Field Reinforcement Level
- Old Value 25
- New Value 10

Row: 13355
- Field Reinforcement Level
- Old Value 25
- New Value 10

Row: 13356
- Field Reinforcement Level
- Old Value 25
- New Value 10

Row: 13357
- Field Reinforcement Level
- Old Value 25
- New Value 10

Row: 13358
- Field Reinforcement Level
- Old Value 25
- New Value 10

Row: 13359
- Field Reinforcement Level
- Old Value 25
- New Value 10

Row: 13360
- Field Reinforcement Level
- Old Value 25
- New Value 10

Row: 13361
- Field Reinforcement Level
- Old Value 25
- New Value 10

Row: 13362
- Field Reinforcement Level
- Old Value 25
- New Value 10

Row: 13363
- Field Reinforcement Level
- Old Value 25
- New Value 10

Row: 13364
- Field Reinforcement Level
- Old Value 25
- New Value 10

Row: 13365
- Field Reinforcement Level
- Old Value 25
- New Value 10

Row: 13366
- Field Reinforcement Level
- Old Value 25
- New Value 10

Row: 13367
- Field Reinforcement Level
- Old Value 25
- New Value 10

Row: 13368
- Field Reinforcement Level
- Old Value 25
- New Value 10

Row: 13369
- Field Reinforcement Level
- Old Value 25
- New Value 10

Row: 13370
- Field Reinforcement Level
- Old Value 25
- New Value 10

Row: 13371
- Field Reinforcement Level
- Old Value 25
- New Value 10

Row: 13372
- Field Reinforcement Level
- Old Value 25
- New Value 10

Row: 13400
- Field Reinforcement Level
- Old Value 25
- New Value 10

Row: 13401
- Field Reinforcement Level
- Old Value 25
- New Value 10

Row: 13402
- Field Reinforcement Level
- Old Value 25
- New Value 10

Row: 13403
- Field Reinforcement Level
- Old Value 25
- New Value 10

Row: 13404
- Field Reinforcement Level
- Old Value 25
- New Value 10

Row: 13405
- Field Reinforcement Level
- Old Value 25
- New Value 10

Row: 13406
- Field Reinforcement Level
- Old Value 25
- New Value 10

Row: 13407
- Field Reinforcement Level
- Old Value 25
- New Value 10

Row: 13408
- Field Reinforcement Level
- Old Value 25
- New Value 10

Row: 13409
- Field Reinforcement Level
- Old Value 25
- New Value 10

Row: 13410
- Field Reinforcement Level
- Old Value 25
- New Value 10

Row: 13411
- Field Reinforcement Level
- Old Value 25
- New Value 10

Row: 13412
- Field Reinforcement Level
- Old Value 25
- New Value 10

Row: 13413
- Field Reinforcement Level
- Old Value 25
- New Value 10

Row: 13414
- Field Reinforcement Level
- Old Value 25
- New Value 10

Row: 13415
- Field Reinforcement Level
- Old Value 25
- New Value 10

Row: 13416
- Field Reinforcement Level
- Old Value 25
- New Value 10

Row: 13417
- Field Reinforcement Level
- Old Value 25
- New Value 10

Row: 13418
- Field Reinforcement Level
- Old Value 25
- New Value 10

Row: 13419
- Field Reinforcement Level
- Old Value 25
- New Value 10

Row: 13420
- Field Reinforcement Level
- Old Value 25
- New Value 10

Row: 13421
- Field Reinforcement Level
- Old Value 25
- New Value 10

Row: 13422
- Field Reinforcement Level
- Old Value 25
- New Value 10

Row: 13453
- Field Reinforcement Level
- Old Value 25
- New Value 10

Row: 13461
- Field Reinforcement Level
- Old Value 25
- New Value 10

Row: 13463
- Field Reinforcement Level
- Old Value 25
- New Value 10

Row: 13466
- Field Reinforcement Level
- Old Value 25
- New Value 10

Row: 13472
- Field Reinforcement Level
- Old Value 25
- New Value 10

Row: 13500
- Field Reinforcement Level
- Old Value 25
- New Value 10

Row: 13501
- Field Reinforcement Level
- Old Value 25
- New Value 10

Row: 13502
- Field Reinforcement Level
- Old Value 25
- New Value 10

Row: 13503
- Field Reinforcement Level
- Old Value 25
- New Value 10

Row: 13504
- Field Reinforcement Level
- Old Value 25
- New Value 10

Row: 13505
- Field Reinforcement Level
- Old Value 25
- New Value 10

Row: 13506
- Field Reinforcement Level
- Old Value 25
- New Value 10

Row: 13507
- Field Reinforcement Level
- Old Value 25
- New Value 10

Row: 13508
- Field Reinforcement Level
- Old Value 25
- New Value 10

Row: 13509
- Field Reinforcement Level
- Old Value 25
- New Value 10

Row: 13510
- Field Reinforcement Level
- Old Value 25
- New Value 10

Row: 13511
- Field Reinforcement Level
- Old Value 25
- New Value 10

Row: 13512
- Field Reinforcement Level
- Old Value 25
- New Value 10

Row: 13513
- Field Reinforcement Level
- Old Value 25
- New Value 10

Row: 13514
- Field Reinforcement Level
- Old Value 25
- New Value 10

Row: 13515
- Field Reinforcement Level
- Old Value 25
- New Value 10

Row: 13516
- Field Reinforcement Level
- Old Value 25
- New Value 10

Row: 13517
- Field Reinforcement Level
- Old Value 25
- New Value 10

Row: 13518
- Field Reinforcement Level
- Old Value 25
- New Value 10

Row: 13519
- Field Reinforcement Level
- Old Value 25
- New Value 10

Row: 13520
- Field Reinforcement Level
- Old Value 25
- New Value 10

Row: 13521
- Field Reinforcement Level
- Old Value 25
- New Value 10

Row: 13522
- Field Reinforcement Level
- Old Value 25
- New Value 10

Row: 13550
- Field Reinforcement Level
- Old Value 25
- New Value 10

Row: 13551
- Field Reinforcement Level
- Old Value 25
- New Value 10

Row: 13552
- Field Reinforcement Level
- Old Value 25
- New Value 10

Row: 13553
- Field Reinforcement Level
- Old Value 25
- New Value 10

Row: 13554
- Field Reinforcement Level
- Old Value 25
- New Value 10

Row: 13555
- Field Reinforcement Level
- Old Value 25
- New Value 10

Row: 13556
- Field Reinforcement Level
- Old Value 25
- New Value 10

Row: 13557
- Field Reinforcement Level
- Old Value 25
- New Value 10

Row: 13558
- Field Reinforcement Level
- Old Value 25
- New Value 10

Row: 13559
- Field Reinforcement Level
- Old Value 25
- New Value 10

Row: 13560
- Field Reinforcement Level
- Old Value 25
- New Value 10

Row: 13561
- Field Reinforcement Level
- Old Value 25
- New Value 10

Row: 13562
- Field Reinforcement Level
- Old Value 25
- New Value 10

Row: 13563
- Field Reinforcement Level
- Old Value 25
- New Value 10

Row: 13564
- Field Reinforcement Level
- Old Value 25
- New Value 10

Row: 13565
- Field Reinforcement Level
- Old Value 25
- New Value 10

Row: 13566
- Field Reinforcement Level
- Old Value 25
- New Value 10

Row: 13567
- Field Reinforcement Level
- Old Value 25
- New Value 10

Row: 13568
- Field Reinforcement Level
- Old Value 25
- New Value 10

Row: 13569
- Field Reinforcement Level
- Old Value 25
- New Value 10

Row: 13570
- Field Reinforcement Level
- Old Value 25
- New Value 10

Row: 13571
- Field Reinforcement Level
- Old Value 25
- New Value 10

Row: 13572
- Field Reinforcement Level
- Old Value 25
- New Value 10

Row: 13600
- Field Reinforcement Level
- Old Value 25
- New Value 10

Row: 13601
- Field Reinforcement Level
- Old Value 25
- New Value 10

Row: 13602
- Field Reinforcement Level
- Old Value 25
- New Value 10

Row: 13603
- Field Reinforcement Level
- Old Value 25
- New Value 10

Row: 13604
- Field Reinforcement Level
- Old Value 25
- New Value 10

Row: 13605
- Field Reinforcement Level
- Old Value 25
- New Value 10

Row: 13606
- Field Reinforcement Level
- Old Value 25
- New Value 10

Row: 13607
- Field Reinforcement Level
- Old Value 25
- New Value 10

Row: 13608
- Field Reinforcement Level
- Old Value 25
- New Value 10

Row: 13609
- Field Reinforcement Level
- Old Value 25
- New Value 10

Row: 13610
- Field Reinforcement Level
- Old Value 25
- New Value 10

Row: 13611
- Field Reinforcement Level
- Old Value 25
- New Value 10

Row: 13612
- Field Reinforcement Level
- Old Value 25
- New Value 10

Row: 13613
- Field Reinforcement Level
- Old Value 25
- New Value 10

Row: 13614
- Field Reinforcement Level
- Old Value 25
- New Value 10

Row: 13615
- Field Reinforcement Level
- Old Value 25
- New Value 10

Row: 13616
- Field Reinforcement Level
- Old Value 25
- New Value 10

Row: 13617
- Field Reinforcement Level
- Old Value 25
- New Value 10

Row: 13618
- Field Reinforcement Level
- Old Value 25
- New Value 10

Row: 13619
- Field Reinforcement Level
- Old Value 25
- New Value 10

Row: 13620
- Field Reinforcement Level
- Old Value 25
- New Value 10

Row: 13621
- Field Reinforcement Level
- Old Value 25
- New Value 10

Row: 13622
- Field Reinforcement Level
- Old Value 25
- New Value 10

Row: 13650
- Field Reinforcement Level
- Old Value 25
- New Value 10

Row: 13651
- Field Reinforcement Level
- Old Value 25
- New Value 10

Row: 13656
- Field Reinforcement Level
- Old Value 25
- New Value 10

Row: 13657
- Field Reinforcement Level
- Old Value 25
- New Value 10

Row: 13658
- Field Reinforcement Level
- Old Value 25
- New Value 10

Row: 13700
- Field Reinforcement Level
- Old Value 25
- New Value 10

Row: 13701
- Field Reinforcement Level
- Old Value 25
- New Value 10

Row: 13702
- Field Reinforcement Level
- Old Value 25
- New Value 10

Row: 13703
- Field Reinforcement Level
- Old Value 25
- New Value 10

Row: 13704
- Field Reinforcement Level
- Old Value 25
- New Value 10

Row: 13705
- Field Reinforcement Level
- Old Value 25
- New Value 10

Row: 13706
- Field Reinforcement Level
- Old Value 25
- New Value 10

Row: 13707
- Field Reinforcement Level
- Old Value 25
- New Value 10

Row: 13708
- Field Reinforcement Level
- Old Value 25
- New Value 10

Row: 13709
- Field Reinforcement Level
- Old Value 25
- New Value 10

Row: 13710
- Field Reinforcement Level
- Old Value 25
- New Value 10

Row: 13711
- Field Reinforcement Level
- Old Value 25
- New Value 10

Row: 13712
- Field Reinforcement Level
- Old Value 25
- New Value 10

Row: 13713
- Field Reinforcement Level
- Old Value 25
- New Value 10

Row: 13714
- Field Reinforcement Level
- Old Value 25
- New Value 10

Row: 13715
- Field Reinforcement Level
- Old Value 25
- New Value 10

Row: 13716
- Field Reinforcement Level
- Old Value 25
- New Value 10

Row: 13717
- Field Reinforcement Level
- Old Value 25
- New Value 10

Row: 13718
- Field Reinforcement Level
- Old Value 25
- New Value 10

Row: 13719
- Field Reinforcement Level
- Old Value 25
- New Value 10

Row: 13720
- Field Reinforcement Level
- Old Value 25
- New Value 10

Row: 13721
- Field Reinforcement Level
- Old Value 25
- New Value 10

Row: 13722
- Field Reinforcement Level
- Old Value 25
- New Value 10

Row: 13750
- Field Reinforcement Level
- Old Value 25
- New Value 10

Row: 13751
- Field Reinforcement Level
- Old Value 25
- New Value 10

Row: 13752
- Field Reinforcement Level
- Old Value 25
- New Value 10

Row: 13753
- Field Reinforcement Level
- Old Value 25
- New Value 10

Row: 13754
- Field Reinforcement Level
- Old Value 25
- New Value 10

Row: 13755
- Field Reinforcement Level
- Old Value 25
- New Value 10

Row: 13756
- Field Reinforcement Level
- Old Value 25
- New Value 10

Row: 13757
- Field Reinforcement Level
- Old Value 25
- New Value 10

Row: 13758
- Field Reinforcement Level
- Old Value 25
- New Value 10

Row: 13759
- Field Reinforcement Level
- Old Value 25
- New Value 10

Row: 13760
- Field Reinforcement Level
- Old Value 25
- New Value 10

Row: 13761
- Field Reinforcement Level
- Old Value 25
- New Value 10

Row: 13762
- Field Reinforcement Level
- Old Value 25
- New Value 10

Row: 13763
- Field Reinforcement Level
- Old Value 25
- New Value 10

Row: 13764
- Field Reinforcement Level
- Old Value 25
- New Value 10

Row: 13765
- Field Reinforcement Level
- Old Value 25
- New Value 10

Row: 13766
- Field Reinforcement Level
- Old Value 25
- New Value 10

Row: 13767
- Field Reinforcement Level
- Old Value 25
- New Value 10

Row: 13768
- Field Reinforcement Level
- Old Value 25
- New Value 10

Row: 13769
- Field Reinforcement Level
- Old Value 25
- New Value 10

Row: 13770
- Field Reinforcement Level
- Old Value 25
- New Value 10

Row: 13771
- Field Reinforcement Level
- Old Value 25
- New Value 10

Row: 13772
- Field Reinforcement Level
- Old Value 25
- New Value 10

Row: 13800
- Field Reinforcement Level
- Old Value 25
- New Value 10

Row: 13801
- Field Reinforcement Level
- Old Value 25
- New Value 10

Row: 13802
- Field Reinforcement Level
- Old Value 25
- New Value 10

Row: 13803
- Field Reinforcement Level
- Old Value 25
- New Value 10

Row: 13804
- Field Reinforcement Level
- Old Value 25
- New Value 10

Row: 13805
- Field Reinforcement Level
- Old Value 25
- New Value 10

Row: 13806
- Field Reinforcement Level
- Old Value 25
- New Value 10

Row: 13807
- Field Reinforcement Level
- Old Value 25
- New Value 10

Row: 13808
- Field Reinforcement Level
- Old Value 25
- New Value 10

Row: 13809
- Field Reinforcement Level
- Old Value 25
- New Value 10

Row: 13810
- Field Reinforcement Level
- Old Value 25
- New Value 10

Row: 13811
- Field Reinforcement Level
- Old Value 25
- New Value 10

Row: 13812
- Field Reinforcement Level
- Old Value 25
- New Value 10

Row: 13813
- Field Reinforcement Level
- Old Value 25
- New Value 10

Row: 13814
- Field Reinforcement Level
- Old Value 25
- New Value 10

Row: 13815
- Field Reinforcement Level
- Old Value 25
- New Value 10

Row: 13816
- Field Reinforcement Level
- Old Value 25
- New Value 10

Row: 13817
- Field Reinforcement Level
- Old Value 25
- New Value 10

Row: 13818
- Field Reinforcement Level
- Old Value 25
- New Value 10

Row: 13819
- Field Reinforcement Level
- Old Value 25
- New Value 10

Row: 13820
- Field Reinforcement Level
- Old Value 25
- New Value 10

Row: 13821
- Field Reinforcement Level
- Old Value 25
- New Value 10

Row: 13822
- Field Reinforcement Level
- Old Value 25
- New Value 10

Row: 13850
- Field Reinforcement Level
- Old Value 25
- New Value 10

Row: 13851
- Field Reinforcement Level
- Old Value 25
- New Value 10

Row: 13852
- Field Reinforcement Level
- Old Value 25
- New Value 10

Row: 13854
- Field Reinforcement Level
- Old Value 25
- New Value 10

Row: 13855
- Field Reinforcement Level
- Old Value 25
- New Value 10

Row: 13856
- Field Reinforcement Level
- Old Value 25
- New Value 10

Row: 13857
- Field Reinforcement Level
- Old Value 25
- New Value 10

Row: 13858
- Field Reinforcement Level
- Old Value 25
- New Value 10

Row: 13859
- Field Reinforcement Level
- Old Value 25
- New Value 10

Row: 13865
- Field Reinforcement Level
- Old Value 25
- New Value 10

Row: 13866
- Field Reinforcement Level
- Old Value 25
- New Value 10

Row: 13867
- Field Reinforcement Level
- Old Value 25
- New Value 10

Row: 13900
- Field Reinforcement Level
- Old Value 25
- New Value 10

Row: 13901
- Field Reinforcement Level
- Old Value 25
- New Value 10

Row: 13902
- Field Reinforcement Level
- Old Value 25
- New Value 10

Row: 13903
- Field Reinforcement Level
- Old Value 25
- New Value 10

Row: 13904
- Field Reinforcement Level
- Old Value 25
- New Value 10

Row: 13905
- Field Reinforcement Level
- Old Value 25
- New Value 10

Row: 13906
- Field Reinforcement Level
- Old Value 25
- New Value 10

Row: 13907
- Field Reinforcement Level
- Old Value 25
- New Value 10

Row: 13908
- Field Reinforcement Level
- Old Value 25
- New Value 10

Row: 13909
- Field Reinforcement Level
- Old Value 25
- New Value 10

Row: 13910
- Field Reinforcement Level
- Old Value 25
- New Value 10

Row: 13911
- Field Reinforcement Level
- Old Value 25
- New Value 10

Row: 13912
- Field Reinforcement Level
- Old Value 25
- New Value 10

Row: 13913
- Field Reinforcement Level
- Old Value 25
- New Value 10

Row: 13914
- Field Reinforcement Level
- Old Value 25
- New Value 10

Row: 13915
- Field Reinforcement Level
- Old Value 25
- New Value 10

Row: 13916
- Field Reinforcement Level
- Old Value 25
- New Value 10

Row: 13917
- Field Reinforcement Level
- Old Value 25
- New Value 10

Row: 13918
- Field Reinforcement Level
- Old Value 25
- New Value 10

Row: 13919
- Field Reinforcement Level
- Old Value 25
- New Value 10

Row: 13920
- Field Reinforcement Level
- Old Value 25
- New Value 10

Row: 13922
- Field Reinforcement Level
- Old Value 25
- New Value 10

Row: 13951
- Field Reinforcement Level
- Old Value 25
- New Value 10

Row: 13952
- Field Reinforcement Level
- Old Value 25
- New Value 10

Row: 13953
- Field Reinforcement Level
- Old Value 25
- New Value 10

Row: 13954
- Field Reinforcement Level
- Old Value 25
- New Value 10

Row: 13955
- Field Reinforcement Level
- Old Value 25
- New Value 10

Row: 13956
- Field Reinforcement Level
- Old Value 25
- New Value 10

Row: 13957
- Field Reinforcement Level
- Old Value 25
- New Value 10

Row: 13960
- Field Reinforcement Level
- Old Value 25
- New Value 10

Row: 13961
- Field Reinforcement Level
- Old Value 25
- New Value 10

Row: 13962
- Field Reinforcement Level
- Old Value 25
- New Value 10

Row: 13963
- Field Reinforcement Level
- Old Value 25
- New Value 10

Row: 13964
- Field Reinforcement Level
- Old Value 25
- New Value 10

Row: 13965
- Field Reinforcement Level
- Old Value 25
- New Value 10

Row: 13966
- Field Reinforcement Level
- Old Value 25
- New Value 10

Row: 13967
- Field Reinforcement Level
- Old Value 25
- New Value 10

Row: 13968
- Field Reinforcement Level
- Old Value 25
- New Value 10

Row: 13969
- Field Reinforcement Level
- Old Value 25
- New Value 10

Row: 13970
- Field Reinforcement Level
- Old Value 25
- New Value 10

Row: 13972
- Field Reinforcement Level
- Old Value 25
- New Value 10

Row: 14001
- Field Reinforcement Level
- Old Value 25
- New Value 10

Row: 14002
- Field Reinforcement Level
- Old Value 25
- New Value 10

Row: 14003
- Field Reinforcement Level
- Old Value 25
- New Value 10

Row: 14004
- Field Reinforcement Level
- Old Value 25
- New Value 10

Row: 14005
- Field Reinforcement Level
- Old Value 25
- New Value 10

Row: 14006
- Field Reinforcement Level
- Old Value 25
- New Value 10

Row: 14007
- Field Reinforcement Level
- Old Value 25
- New Value 10

Row: 14010
- Field Reinforcement Level
- Old Value 25
- New Value 10

Row: 14011
- Field Reinforcement Level
- Old Value 25
- New Value 10

Row: 14012
- Field Reinforcement Level
- Old Value 25
- New Value 10

Row: 14013
- Field Reinforcement Level
- Old Value 25
- New Value 10

Row: 14014
- Field Reinforcement Level
- Old Value 25
- New Value 10

Row: 14015
- Field Reinforcement Level
- Old Value 25
- New Value 10

Row: 14016
- Field Reinforcement Level
- Old Value 25
- New Value 10

Row: 14017
- Field Reinforcement Level
- Old Value 25
- New Value 10

Row: 14018
- Field Reinforcement Level
- Old Value 25
- New Value 10

Row: 14019
- Field Reinforcement Level
- Old Value 25
- New Value 10

Row: 14020
- Field Reinforcement Level
- Old Value 25
- New Value 10

Row: 14022
- Field Reinforcement Level
- Old Value 25
- New Value 10

Row: 14050
- Field Reinforcement Level
- Old Value 25
- New Value 10

Row: 14051
- Field Reinforcement Level
- Old Value 25
- New Value 10

Row: 14052
- Field Reinforcement Level
- Old Value 25
- New Value 10

Row: 14053
- Field Reinforcement Level
- Old Value 25
- New Value 10

Row: 14054
- Field Reinforcement Level
- Old Value 25
- New Value 10

Row: 14055
- Field Reinforcement Level
- Old Value 25
- New Value 10

Row: 14056
- Field Reinforcement Level
- Old Value 25
- New Value 10

Row: 14057
- Field Reinforcement Level
- Old Value 25
- New Value 10

Row: 14058
- Field Reinforcement Level
- Old Value 25
- New Value 10

Row: 14059
- Field Reinforcement Level
- Old Value 25
- New Value 10

Row: 14060
- Field Reinforcement Level
- Old Value 25
- New Value 10

Row: 14061
- Field Reinforcement Level
- Old Value 25
- New Value 10

Row: 14062
- Field Reinforcement Level
- Old Value 25
- New Value 10

Row: 14063
- Field Reinforcement Level
- Old Value 25
- New Value 10

Row: 14064
- Field Reinforcement Level
- Old Value 25
- New Value 10

Row: 14065
- Field Reinforcement Level
- Old Value 25
- New Value 10

Row: 14066
- Field Reinforcement Level
- Old Value 25
- New Value 10

Row: 14067
- Field Reinforcement Level
- Old Value 25
- New Value 10

Row: 14068
- Field Reinforcement Level
- Old Value 25
- New Value 10

Row: 14069
- Field Reinforcement Level
- Old Value 25
- New Value 10

Row: 14070
- Field Reinforcement Level
- Old Value 25
- New Value 10

Row: 14071
- Field Reinforcement Level
- Old Value 25
- New Value 10

Row: 14072
- Field Reinforcement Level
- Old Value 25
- New Value 10

Row: 14102
- Field Reinforcement Level
- Old Value 25
- New Value 10

Row: 14103
- Field Reinforcement Level
- Old Value 25
- New Value 10

Row: 14105
- Field Reinforcement Level
- Old Value 25
- New Value 10

Row: 14111
- Field Reinforcement Level
- Old Value 25
- New Value 10

Row: 14113
- Field Reinforcement Level
- Old Value 25
- New Value 10

Row: 14122
- Field Reinforcement Level
- Old Value 25
- New Value 10

Row: 14151
- Field Reinforcement Level
- Old Value 25
- New Value 10

Row: 14152
- Field Reinforcement Level
- Old Value 25
- New Value 10

Row: 14153
- Field Reinforcement Level
- Old Value 25
- New Value 10

Row: 14154
- Field Reinforcement Level
- Old Value 25
- New Value 10

Row: 14155
- Field Reinforcement Level
- Old Value 25
- New Value 10

Row: 14156
- Field Reinforcement Level
- Old Value 25
- New Value 10

Row: 14157
- Field Reinforcement Level
- Old Value 25
- New Value 10

Row: 14160
- Field Reinforcement Level
- Old Value 25
- New Value 10

Row: 14161
- Field Reinforcement Level
- Old Value 25
- New Value 10

Row: 14162
- Field Reinforcement Level
- Old Value 25
- New Value 10

Row: 14163
- Field Reinforcement Level
- Old Value 25
- New Value 10

Row: 14164
- Field Reinforcement Level
- Old Value 25
- New Value 10

Row: 14165
- Field Reinforcement Level
- Old Value 25
- New Value 10

Row: 14166
- Field Reinforcement Level
- Old Value 25
- New Value 10

Row: 14167
- Field Reinforcement Level
- Old Value 25
- New Value 10

Row: 14168
- Field Reinforcement Level
- Old Value 25
- New Value 10

Row: 14169
- Field Reinforcement Level
- Old Value 25
- New Value 10

Row: 14170
- Field Reinforcement Level
- Old Value 25
- New Value 10

Row: 14172
- Field Reinforcement Level
- Old Value 25
- New Value 10

Row: 14200
- Field Reinforcement Level
- Old Value 25
- New Value 10

Row: 14201
- Field Reinforcement Level
- Old Value 25
- New Value 10

Row: 14202
- Field Reinforcement Level
- Old Value 25
- New Value 10

Row: 14203
- Field Reinforcement Level
- Old Value 25
- New Value 10

Row: 14204
- Field Reinforcement Level
- Old Value 25
- New Value 10

Row: 14205
- Field Reinforcement Level
- Old Value 25
- New Value 10

Row: 14206
- Field Reinforcement Level
- Old Value 25
- New Value 10

Row: 14207
- Field Reinforcement Level
- Old Value 25
- New Value 10

Row: 14208
- Field Reinforcement Level
- Old Value 25
- New Value 10

Row: 14209
- Field Reinforcement Level
- Old Value 25
- New Value 10

Row: 14210
- Field Reinforcement Level
- Old Value 25
- New Value 10

Row: 14211
- Field Reinforcement Level
- Old Value 25
- New Value 10

Row: 14212
- Field Reinforcement Level
- Old Value 25
- New Value 10

Row: 14213
- Field Reinforcement Level
- Old Value 25
- New Value 10

Row: 14214
- Field Reinforcement Level
- Old Value 25
- New Value 10

Row: 14215
- Field Reinforcement Level
- Old Value 25
- New Value 10

Row: 14216
- Field Reinforcement Level
- Old Value 25
- New Value 10

Row: 14217
- Field Reinforcement Level
- Old Value 25
- New Value 10

Row: 14218
- Field Reinforcement Level
- Old Value 25
- New Value 10

Row: 14219
- Field Reinforcement Level
- Old Value 25
- New Value 10

Row: 14220
- Field Reinforcement Level
- Old Value 25
- New Value 10

Row: 14221
- Field Reinforcement Level
- Old Value 25
- New Value 10

Row: 14222
- Field Reinforcement Level
- Old Value 25
- New Value 10

Row: 14278
- Field Reinforcement Level
- Old Value 25
- New Value 10

Row: 14279
- Field Reinforcement Level
- Old Value 25
- New Value 10

Row: 14280
- Field Reinforcement Level
- Old Value 25
- New Value 10

Row: 14328
- Field Reinforcement Level
- Old Value 25
- New Value 10

Row: 14329
- Field Reinforcement Level
- Old Value 25
- New Value 10

Row: 14330
- Field Reinforcement Level
- Old Value 25
- New Value 10

Row: 14350
- Field Reinforcement Level
- Old Value 25
- New Value 10

Row: 14351
- Field Reinforcement Level
- Old Value 25
- New Value 10

Row: 14352
- Field Reinforcement Level
- Old Value 25
- New Value 10

Row: 14353
- Field Reinforcement Level
- Old Value 25
- New Value 10

Row: 14354
- Field Reinforcement Level
- Old Value 25
- New Value 10

Row: 14355
- Field Reinforcement Level
- Old Value 25
- New Value 10

Row: 14356
- Field Reinforcement Level
- Old Value 25
- New Value 10

Row: 14357
- Field Reinforcement Level
- Old Value 25
- New Value 10

Row: 14358
- Field Reinforcement Level
- Old Value 25
- New Value 10

Row: 14359
- Field Reinforcement Level
- Old Value 25
- New Value 10

Row: 14360
- Field Reinforcement Level
- Old Value 25
- New Value 10

Row: 14361
- Field Reinforcement Level
- Old Value 25
- New Value 10

Row: 14362
- Field Reinforcement Level
- Old Value 25
- New Value 10

Row: 14363
- Field Reinforcement Level
- Old Value 25
- New Value 10

Row: 14364
- Field Reinforcement Level
- Old Value 25
- New Value 10

Row: 14365
- Field Reinforcement Level
- Old Value 25
- New Value 10

Row: 14366
- Field Reinforcement Level
- Old Value 25
- New Value 10

Row: 14367
- Field Reinforcement Level
- Old Value 25
- New Value 10

Row: 14368
- Field Reinforcement Level
- Old Value 25
- New Value 10

Row: 14369
- Field Reinforcement Level
- Old Value 25
- New Value 10

Row: 14370
- Field Reinforcement Level
- Old Value 25
- New Value 10

Row: 14371
- Field Reinforcement Level
- Old Value 25
- New Value 10

Row: 14372
- Field Reinforcement Level
- Old Value 25
- New Value 10

Row: 14400
- Field Reinforcement Level
- Old Value 25
- New Value 10

Row: 14401
- Field Reinforcement Level
- Old Value 25
- New Value 10

Row: 14402
- Field Reinforcement Level
- Old Value 25
- New Value 10

Row: 14403
- Field Reinforcement Level
- Old Value 25
- New Value 10

Row: 14404
- Field Reinforcement Level
- Old Value 25
- New Value 10

Row: 14405
- Field Reinforcement Level
- Old Value 25
- New Value 10

Row: 14406
- Field Reinforcement Level
- Old Value 25
- New Value 10

Row: 14407
- Field Reinforcement Level
- Old Value 25
- New Value 10

Row: 14408
- Field Reinforcement Level
- Old Value 25
- New Value 10

Row: 14409
- Field Reinforcement Level
- Old Value 25
- New Value 10

Row: 14410
- Field Reinforcement Level
- Old Value 25
- New Value 10

Row: 14411
- Field Reinforcement Level
- Old Value 25
- New Value 10

Row: 14412
- Field Reinforcement Level
- Old Value 25
- New Value 10

Row: 14413
- Field Reinforcement Level
- Old Value 25
- New Value 10

Row: 14414
- Field Reinforcement Level
- Old Value 25
- New Value 10

Row: 14415
- Field Reinforcement Level
- Old Value 25
- New Value 10

Row: 14416
- Field Reinforcement Level
- Old Value 25
- New Value 10

Row: 14417
- Field Reinforcement Level
- Old Value 25
- New Value 10

Row: 14418
- Field Reinforcement Level
- Old Value 25
- New Value 10

Row: 14419
- Field Reinforcement Level
- Old Value 25
- New Value 10

Row: 14420
- Field Reinforcement Level
- Old Value 25
- New Value 10

Row: 14421
- Field Reinforcement Level
- Old Value 25
- New Value 10

Row: 14422
- Field Reinforcement Level
- Old Value 25
- New Value 10

Row: 14450
- Field Reinforcement Level
- Old Value 25
- New Value 10

Row: 14451
- Field Reinforcement Level
- Old Value 25
- New Value 10

Row: 14452
- Field Reinforcement Level
- Old Value 25
- New Value 10

Row: 14453
- Field Reinforcement Level
- Old Value 25
- New Value 10

Row: 14454
- Field Reinforcement Level
- Old Value 25
- New Value 10

Row: 14455
- Field Reinforcement Level
- Old Value 25
- New Value 10

Row: 14456
- Field Reinforcement Level
- Old Value 25
- New Value 10

Row: 14457
- Field Reinforcement Level
- Old Value 25
- New Value 10

Row: 14458
- Field Reinforcement Level
- Old Value 25
- New Value 10

Row: 14459
- Field Reinforcement Level
- Old Value 25
- New Value 10

Row: 14460
- Field Reinforcement Level
- Old Value 25
- New Value 10

Row: 14461
- Field Reinforcement Level
- Old Value 25
- New Value 10

Row: 14462
- Field Reinforcement Level
- Old Value 25
- New Value 10

Row: 14463
- Field Reinforcement Level
- Old Value 25
- New Value 10

Row: 14464
- Field Reinforcement Level
- Old Value 25
- New Value 10

Row: 14465
- Field Reinforcement Level
- Old Value 25
- New Value 10

Row: 14466
- Field Reinforcement Level
- Old Value 25
- New Value 10

Row: 14467
- Field Reinforcement Level
- Old Value 25
- New Value 10

Row: 14468
- Field Reinforcement Level
- Old Value 25
- New Value 10

Row: 14469
- Field Reinforcement Level
- Old Value 25
- New Value 10

Row: 14470
- Field Reinforcement Level
- Old Value 25
- New Value 10

Row: 14471
- Field Reinforcement Level
- Old Value 25
- New Value 10

Row: 14472
- Field Reinforcement Level
- Old Value 25
- New Value 10

Row: 14500
- Field Reinforcement Level
- Old Value 25
- New Value 10

Row: 14501
- Field Reinforcement Level
- Old Value 25
- New Value 10

Row: 14502
- Field Reinforcement Level
- Old Value 25
- New Value 10

Row: 14503
- Field Reinforcement Level
- Old Value 25
- New Value 10

Row: 14504
- Field Reinforcement Level
- Old Value 25
- New Value 10

Row: 14505
- Field Reinforcement Level
- Old Value 25
- New Value 10

Row: 14506
- Field Reinforcement Level
- Old Value 25
- New Value 10

Row: 14507
- Field Reinforcement Level
- Old Value 25
- New Value 10

Row: 14508
- Field Reinforcement Level
- Old Value 25
- New Value 10

Row: 14509
- Field Reinforcement Level
- Old Value 25
- New Value 10

Row: 14510
- Field Reinforcement Level
- Old Value 25
- New Value 10

Row: 14511
- Field Reinforcement Level
- Old Value 25
- New Value 10

Row: 14512
- Field Reinforcement Level
- Old Value 25
- New Value 10

Row: 14513
- Field Reinforcement Level
- Old Value 25
- New Value 10

Row: 14514
- Field Reinforcement Level
- Old Value 25
- New Value 10

Row: 14515
- Field Reinforcement Level
- Old Value 25
- New Value 10

Row: 14516
- Field Reinforcement Level
- Old Value 25
- New Value 10

Row: 14517
- Field Reinforcement Level
- Old Value 25
- New Value 10

Row: 14518
- Field Reinforcement Level
- Old Value 25
- New Value 10

Row: 14519
- Field Reinforcement Level
- Old Value 25
- New Value 10

Row: 14520
- Field Reinforcement Level
- Old Value 25
- New Value 10

Row: 14521
- Field Reinforcement Level
- Old Value 25
- New Value 10

Row: 14522
- Field Reinforcement Level
- Old Value 25
- New Value 10

