Row: 10000
- Field Available: Torch
- Old Value True
- New Value True

Row: 10100
- Field Available: Torch
- Old Value True
- New Value True

Row: 10200
- Field Available: Torch
- Old Value True
- New Value True

Row: 10300
- Field Available: Torch
- Old Value True
- New Value True

Row: 10500
- Field Available: Torch
- Old Value True
- New Value True

Row: 10600
- Field Available: Torch
- Old Value True
- New Value True

Row: 10700
- Field Available: Torch
- Old Value True
- New Value True

Row: 10800
- Field Available: Torch
- Old Value True
- New Value True

Row: 10900
- Field Available: Torch
- Old Value True
- New Value True

Row: 11000
- Field Available: Torch
- Old Value True
- New Value True

Row: 11100
- Field Available: Torch
- Old Value True
- New Value True

Row: 11200
- Field Available: Torch
- Old Value True
- New Value True

Row: 11300
- Field Available: Torch
- Old Value True
- New Value True

Row: 11400
- Field Available: Torch
- Old Value True
- New Value True

Row: 11500
- Field Available: Torch
- Old Value True
- New Value True

Row: 11600
- Field Available: Torch
- Old Value True
- New Value True

Row: 11800
- Field Available: Torch
- Old Value True
- New Value True

Row: 11900
- Field Available: Torch
- Old Value False
- New Value True

Row: 12000
- Field Available: Torch
- Old Value False
- New Value True

Row: 12200
- Field Available: Torch
- Old Value False
- New Value True

Row: 12300
- Field Available: Torch
- Old Value False
- New Value True

Row: 12400
- Field Available: Torch
- Old Value False
- New Value True

Row: 20000
- Field Available: Torch
- Old Value False
- New Value True

Row: 20100
- Field Available: Torch
- Old Value False
- New Value True

Row: 20200
- Field Available: Torch
- Old Value False
- New Value True

Row: 20300
- Field Available: Torch
- Old Value False
- New Value True

Row: 20400
- Field Available: Torch
- Old Value False
- New Value True

Row: 20500
- Field Available: Torch
- Old Value False
- New Value True

Row: 20700
- Field Available: Torch
- Old Value False
- New Value True

Row: 20800
- Field Available: Torch
- Old Value False
- New Value True

Row: 20900
- Field Available: Torch
- Old Value False
- New Value True

Row: 21000
- Field Available: Torch
- Old Value False
- New Value True

Row: 21200
- Field Available: Torch
- Old Value False
- New Value True

Row: 21300
- Field Available: Torch
- Old Value False
- New Value True

Row: 21400
- Field Available: Torch
- Old Value False
- New Value True

Row: 21600
- Field Available: Torch
- Old Value False
- New Value True

Row: 21700
- Field Available: Torch
- Old Value False
- New Value True

Row: 21800
- Field Available: Torch
- Old Value False
- New Value True

Row: 21900
- Field Available: Torch
- Old Value False
- New Value True

Row: 22000
- Field Available: Torch
- Old Value False
- New Value True

Row: 22100
- Field Available: Torch
- Old Value False
- New Value True

Row: 22200
- Field Available: Torch
- Old Value False
- New Value True

Row: 22400
- Field Available: Torch
- Old Value False
- New Value True

Row: 22500
- Field Available: Torch
- Old Value False
- New Value True

Row: 22600
- Field Available: Torch
- Old Value False
- New Value True

Row: 22700
- Field Available: Torch
- Old Value False
- New Value True

Row: 22800
- Field Available: Torch
- Old Value False
- New Value True

Row: 30000
- Field Available: Torch
- Old Value False
- New Value True

Row: 30100
- Field Available: Torch
- Old Value False
- New Value True

Row: 30200
- Field Available: Torch
- Old Value False
- New Value True

Row: 30500
- Field Available: Torch
- Old Value False
- New Value True

Row: 30600
- Field Available: Torch
- Old Value False
- New Value True

Row: 30700
- Field Available: Torch
- Old Value False
- New Value True

Row: 30800
- Field Available: Torch
- Old Value False
- New Value True

Row: 30900
- Field Available: Torch
- Old Value True
- New Value True

Row: 31000
- Field Available: Torch
- Old Value False
- New Value True

Row: 40000
- Field Available: Torch
- Old Value False
- New Value True

Row: 40100
- Field Available: Torch
- Old Value False
- New Value True

Row: 40200
- Field Available: Torch
- Old Value False
- New Value True

Row: 40400
- Field Available: Torch
- Old Value False
- New Value True

Row: 40500
- Field Available: Torch
- Old Value False
- New Value True

Row: 40600
- Field Available: Torch
- Old Value False
- New Value True

Row: 50100
- Field Available: Torch
- Old Value False
- New Value True

Row: 50200
- Field Available: Torch
- Old Value False
- New Value True

Row: 50300
- Field Available: Torch
- Old Value False
- New Value True

Row: 50400
- Field Available: Torch
- Old Value False
- New Value True

Row: 50500
- Field Available: Torch
- Old Value False
- New Value True

Row: 50600
- Field Available: Torch
- Old Value False
- New Value True

Row: 50700
- Field Available: Torch
- Old Value False
- New Value True

Row: 50800
- Field Available: Torch
- Old Value False
- New Value True

Row: 50900
- Field Available: Torch
- Old Value False
- New Value True

Row: 60000
- Field Available: Torch
- Old Value False
- New Value True

Row: 60100
- Field Available: Torch
- Old Value False
- New Value True

Row: 60200
- Field Available: Torch
- Old Value False
- New Value True

Row: 60300
- Field Available: Torch
- Old Value False
- New Value True

Row: 60400
- Field Available: Torch
- Old Value False
- New Value True

Row: 60500
- Field Available: Torch
- Old Value False
- New Value True

Row: 60600
- Field Available: Torch
- Old Value False
- New Value True

Row: 60700
- Field Available: Torch
- Old Value False
- New Value True

Row: 65000
- Field Available: Torch
- Old Value False
- New Value True

Row: 65100
- Field Available: Torch
- Old Value False
- New Value True

Row: 65200
- Field Available: Torch
- Old Value False
- New Value True

Row: 65300
- Field Available: Torch
- Old Value False
- New Value True

Row: 65400
- Field Available: Torch
- Old Value False
- New Value True

Row: 70000
- Field Available: Torch
- Old Value False
- New Value True

Row: 70100
- Field Available: Torch
- Old Value False
- New Value True

Row: 70200
- Field Available: Torch
- Old Value False
- New Value True

Row: 80000
- Field Available: Torch
- Old Value False
- New Value True

Row: 80100
- Field Available: Torch
- Old Value False
- New Value True

Row: 80200
- Field Available: Torch
- Old Value False
- New Value True

Row: 85000
- Field Available: Torch
- Old Value False
- New Value True

