Row ID;Row Name;Item ID 1
0;;100000
1;;240
2;;0
100;;12
200;;403
300;;12302
310;;12307
2000;;1001
2001;;1051
2010;;400
2020;;12
2230;;109
2520;;12
2700;;251
2900;;22000
2910;;22001
3000;;9200
3010;;9201
3020;;9202
3030;;9203
3040;;9204
4820;;3360
4900;;8182
4910;;8183
4920;;8184
5000;;1000
5010;;109
5020;;374
5030;;375
5040;;1110
5200;;2
5210;;3
5220;;6
5230;;10
5240;;20
5250;;30
5260;;40
5270;;50
5280;;100
5400;;190
5401;;150
5410;;190
5411;;150
5420;;150
5430;;190
5431;;150
5440;;190
5441;;150
5450;;190
5451;;150
5500;;150
5510;;-1
5510;;150
5520;;-1
5530;;150
5540;;150
5550;;150
5620;;150
5630;;150
5640;;150
5650;;150
5670;;150
5680;;150
6000;;0
9000;;500
9010;;500
9020;;501
9030;;330
10000;;10040
10010;;8148
10011;;2950
10020;;0
10030;;2060000
10031;;32090000
10040;;2952
10041;;8150
10050;;10040
10060;;11110000
10061;;590000
10062;;590100
10063;;590200
10064;;590300
10070;;2957
10080;;2964
10090;;6921
10100;;3190000
10101;;10080000
10110;;2960
10120;;2955
10121;;8152
10130;;0
10140;;8954
10141;;22100
10150;;2958
10160;;2956
10170;;10030
10180;;2959
10181;;10080
10182;;0
10190;;4381
10191;;18100000
10200;;2954
10201;;8153
10210;;6010000
10211;;6270
10220;;2953
10221;;8151
10230;;2963
10240;;0
10250;;6300
10260;;8040000
10261;;10060
10270;;0
10280;;10010
10281;;201000
10290;;16130000
10300;;2951
10301;;8149
10310;;2961
10320;;209000
10330;;2962
10340;;8185
10341;;1090000
10350;;5020
10730;;520000
10731;;520100
10732;;520200
10733;;520300
10740;;247000
10800;;4100000
10810;;4380
10811;;11800
10820;;3150000
10821;;32050000
10830;;4080000
10840;;21120000
20000;;258000
20010;;234000
20020;;241000
20030;;5050
20040;;202000
20050;;219000
20060;;218000
20070;;231000
20080;;256000
20090;;239000
20100;;3060000
20101;;570000
20102;;570100
20103;;570200
20104;;570300
20110;;217000
20120;;8960
20130;;246000
20140;;243000
20150;;224000
20160;;257000
20161;;10010
20170;;8050000
20171;;1070000
20172;;1070100
20173;;1070200
20174;;1070300
20180;;10010
20181;;8961
20190;;10909
20191;;2000100
20200;;228000
20210;;5060
20211;;8172
20220;;2160
20300;;1020
20310;;4010
20320;;0
20330;;4020
20340;;8161
20341;;8163
20350;;2110
20360;;2080
20370;;1010
20380;;4510
20390;;2170
20400;;44010000
20410;;15020000
20420;;6010
20430;;215000
20440;;4022
20450;;1110
20460;;4520
20470;;3170000
20480;;5040
20481;;6240
20490;;13020000
20600;;15060000
20610;;2190
20620;;8951
20630;;23020000
20640;;8010000
20650;;8956
20660;;10060
20661;;9060000
20670;;10165
20671;;10106
20672;;3070
20673;;8955
20680;;4701
30100;;18080000
30110;;10060
30120;;7500
30130;;8030000
30170;;2090
30171;;212000
30185;;11009
30186;;11008
30200;;11029
30201;;11030
30202;;11031
30205;;11004
30206;;11016
30210;;10060
30225;;4110
30240;;2090
30241;;213000
30245;;6110
30250;;4302
30255;;4700
30260;;10060
30261;;4431
30265;;200000
30300;;6950
30310;;10164
30311;;10105
30312;;3060
30313;;3070
30315;;23060000
30316;;32040000
30320;;11006
30321;;11000
30325;;10010000
30326;;6230
30335;;32080000
30336;;2914
30350;;1010000
30375;;10165
30376;;10105
30377;;23080000
30380;;11018
30381;;11025
30385;;2090
30386;;5030
30390;;10060
30395;;10030
30400;;10060
30405;;18040000
30406;;8975
30410;;11010
30411;;11028
30415;;11011
30416;;11026
30420;;10060
30425;;3210000
30426;;18160000
30505;;10090000
30506;;15140000
30510;;10060
30515;;6970
30516;;950000
30517;;950100
30518;;950200
30519;;950300
30525;;11005
30526;;11007
30530;;16120000
30550;;10060
30555;;11013
30556;;11017
30600;;9070000
30620;;18140000
40100;;30600
40104;;11000
40108;;60000
40112;;11400
40116;;50600
40118;;20100
40120;;10700
40132;;6480
40136;;6920
40138;;7220
40140;;40200
40142;;10160
40144;;10160
40146;;10160
40170;;12200
40172;;12300
40174;;5000
40200;;22700
40202;;10500
40204;;50100
40206;;31000
40208;;70100
40210;;30000
40218;;6320
40220;;4450
40224;;65000
40236;;7320
40238;;12400
40250;;4490
40252;;10161
40254;;10161
40256;;10162
40258;;10162
40260;;10161
40262;;10161
40264;;10161
40272;;22600
40290;;10163
40300;;60400
40302;;30800
40304;;21200
40306;;22400
40308;;50700
40310;;50400
40312;;6340
40314;;20800
40316;;30700
40318;;21700
40320;;10164
40332;;40100
40334;;40000
40370;;6330
40372;;21600
40400;;6030
40402;;20500
40404;;22200
40406;;22800
40408;;21400
40410;;50500
40412;;40500
40414;;60700
40416;;7230
40418;;11200
40420;;6850
40422;;10163
40424;;10163
40426;;10167
40428;;10200
40500;;10100
40502;;10100
40504;;10100
40506;;10100
40508;;10100
40510;;60600
40512;;65300
40514;;6060
40516;;11300
40520;;10100
40522;;10100
40524;;85000
40526;;10100
40528;;10100
40570;;2900
40572;;2900
40574;;2900
40578;;2900
40590;;10164
40592;;10164
40600;;10165
40602;;10165
40610;;5110
40612;;2900
40614;;2900
40616;;2900
40618;;2900
40630;;11500
40632;;2900
40634;;2900
40636;;2900
40638;;2900
40640;;2900
40642;;10164
40644;;2900
40646;;40400
40648;;6780
40650;;2900
40652;;5100
40660;;21300
40662;;2900
40664;;2900
40666;;2900
40668;;10165
40670;;10165
40680;;2900
40682;;2900
40684;;2900
40686;;10800
40772;;7903
50000;;9100
50010;;9101
50020;;9102
50030;;9103
50040;;9104
50050;;9105
50060;;9106
50070;;9107
50080;;9108
50090;;9109
50100;;9110
50110;;9111
50120;;9112
50130;;9113
50140;;9114
50150;;9115
50160;;9116
50170;;9117
50180;;9118
50190;;9119
50200;;9120
50210;;9121
50220;;9122
50230;;9123
50240;;9124
50250;;9125
50260;;9126
50270;;9127
50280;;9128
50290;;9129
80000;;8200
80010;;8201
80020;;8202
80030;;8203
80040;;8204
80050;;8205
80060;;8206
80300;;1901000
80310;;1030000
80311;;1030100
80312;;8185
80320;;40030000
80330;;1600000
80340;;237000
80350;;7900
80360;;40600
90000;;9700
90200;;9800
90210;;9801
90220;;9802
100000;;130
100010;;8107
100100;;8100
100200;;900
100210;;8101
100300;;111
100310;;8154
100320;;2160
100330;;8155
100340;;102
100350;;0
100360;;11060000
100361;;111
100400;;125
100410;;9510
100420;;2030
100500;;2050
100510;;8918
100520;;10000
100530;;1190
100600;;6070
100610;;1240
100611;;5000
100612;;1235
100700;;8128
100710;;960000
100711;;960100
100712;;960300
100720;;8134
100730;;8127
100740;;8132
100750;;8133
100760;;4800
100770;;9080000
100780;;5030
100790;;7520
100800;;8131
100810;;8130
100890;;34090000
100891;;3311
100900;;8137
100910;;8221
100911;;6060
101000;;8144
101010;;1070000
101020;;8169
101030;;1290
101040;;4200
101050;;4220
101060;;8913
101061;;834000
101070;;834000
101100;;10040
101200;;2030
101201;;2030
101210;;2030
101300;;8176
101400;;8164
101410;;2000
101420;;8165
101430;;8143
101440;;2030
101450;;8166
101460;;0
101480;;8911
101481;;910000
101482;;910100
101483;;910200
101484;;910300
101490;;8910
101491;;262000
101495;;8910
101496;;259000
101500;;10161
101580;;4060000
101581;;170100
101582;;170200
101583;;170300
101590;;8199
101600;;104
101610;;10104
101620;;11027
101621;;10050000
101630;;5030
101640;;150000
101641;;150100
101642;;150200
101643;;150300
101700;;1210
101710;;1210
101720;;1120000
101730;;8222
101740;;1231
101741;;8222
101790;;0
101800;;8167
101810;;8168
101820;;20030000
101830;;2900
101840;;16010007
101841;;1400100
101842;;1400200
101843;;1400300
101900;;236000
101910;;10010
102100;;8590
102200;;1150000
102300;;65200
102301;;6840
102302;;6800
102303;;34040000
102304;;8979
102310;;10140
102311;;6830
102312;;12150000
102313;;6810
102314;;6820
102400;;8940
102401;;1301000
102600;;2030
102700;;8163
102710;;20760
102800;;8175
102810;;8178
102820;;6260
102830;;6490
102840;;9421
102850;;6760
102860;;11110000
102861;;590000
102862;;590100
102863;;590200
102864;;590300
102900;;8173
102910;;4810
102920;;2080
102921;;12200000
102922;;720000
102923;;721100
102924;;720200
102925;;720300
102926;;4810
102930;;720000
102931;;721100
102932;;720200
102933;;720300
103000;;8136
103010;;5040
103011;;891000
103020;;8193
103021;;8942
103022;;5040
103023;;891000
103100;;8976
103110;;8978
103120;;3050
103121;;8944
103200;;1070
103210;;8196
103220;;1250
103240;;2190
103241;;10168
103300;;3360
103310;;8980
103320;;6070
103330;;3361
103340;;8190
103350;;8183
103400;;8915
103401;;600000
103402;;600100
103403;;600200
103404;;600300
103410;;2090000
103411;;600000
103412;;600100
103413;;600200
103414;;600300
103500;;5010
103510;;8172
103580;;5010
103581;;8172
103582;;8223
103590;;8941
103591;;130000
103592;;130100
103593;;130200
103594;;130300
103600;;8919
103601;;33200000
103602;;4630
103700;;8943
103710;;13010000
103720;;620100
103800;;8197
103820;;970000
103821;;970100
103822;;970200
103823;;970300
103900;;8158
103901;;232000
103910;;8111
103920;;8191
103930;;3090000
103940;;8146
103950;;8159
104000;;10140
104010;;940000
104011;;940100
104012;;940200
104013;;940300
104100;;204000
104110;;10168
104120;;240000
104121;;240100
104122;;240200
104123;;240300
104200;;1030
104220;;10140
104300;;4220
104400;;4200
104500;;20050000
104501;;651000
104502;;2913
104600;;2210
104700;;1032
104800;;2081
104900;;690000
104901;;690100
104902;;690200
104903;;690300
105000;;1040100
105001;;1040200
105002;;1040300
109099;;0
110300;;11060000
110301;;111
110400;;125
110401;;9510
110410;;8920
110500;;8918
110501;;10000
110502;;1190
110600;;5000
110610;;5000
110620;;1240
110621;;5000
110799;;0
110800;;8131
110810;;3311
110811;;8131
110910;;6060
111099;;0
111000;;8913
111001;;834000
111080;;2030
111090;;2030
111199;;0
111299;;0
111300;;8176
111499;;0
111500;;4060000
111501;;170100
111502;;170200
111503;;170300
111699;;0
111600;;5030
111610;;150000
111611;;150100
111612;;150200
111613;;150300
111700;;1230
111710;;1231
111899;;0
111800;;8912
111801;;16010007
111802;;1400100
111803;;1400200
111804;;1400300
111810;;8912
111811;;16010007
111812;;1400100
111813;;1400200
111814;;1400300
111815;;8168
111999;;0
111900;;2030
112000;;8917
112001;;15090
112199;;0
112299;;0
112200;;10010
112300;;8979
112301;;10140
112499;;0
112699;;0
112799;;0
112899;;0
112900;;8916
112901;;12200000
112902;;720000
112903;;721100
112904;;720200
112905;;720300
113000;;8136
113001;;8942
113002;;5040
113003;;891000
113010;;8193
113011;;8942
113012;;5040
113013;;891000
113120;;3050
113121;;8944
113200;;1250
113210;;8196
113300;;1940000
113301;;1940100
113400;;8915
113401;;600000
113402;;600100
113403;;600200
113404;;600300
113410;;2090000
113411;;600000
113412;;600100
113413;;600200
113414;;600300
113420;;2090000
113421;;600000
113422;;600100
113423;;600200
113424;;600300
113599;;0
113699;;0
113600;;8919
113601;;33200000
113799;;0
113700;;8943
113701;;13010000
113702;;620100
113899;;0
113800;;3160000
113820;;3160000
113821;;970000
113822;;970100
113823;;970200
113824;;970300
113999;;0
114099;;0
114000;;940000
114001;;940100
114002;;940200
114003;;940300
114100;;240000
114101;;240100
114102;;240200
114103;;240300
114210;;14140000
114211;;14140000
114310;;580000
114311;;580100
114312;;580200
114313;;580300
114410;;581000
114411;;581100
114412;;581200
114500;;20050000
114501;;651000
104510;;20050000
104511;;651000
104512;;2913
114600;;15410
114799;;0
119000;;8921
119005;;8922
119010;;8923
119015;;8924
119020;;8925
119025;;8926
119030;;8927
119035;;8928
119040;;8929
119045;;8930
119050;;8931
119055;;8932
119060;;8933
119065;;8934
119070;;8935
119075;;8936
119080;;8937
119085;;8938
119090;;8939
996500;;20650
996510;;20651
996520;;15210
996530;;20653
996540;;20654
996550;;17000
996560;;20651
996570;;20653
996580;;17000
996590;;17000
996600;;20660
996610;;17000
996620;;17000
996630;;17000
996640;;17000
996650;;17000
996660;;17000
996670;;17000
996680;;17000
996690;;17000
996700;;17000
996710;;17000
996720;;17000
996730;;17000
996740;;17000
996750;;17000
996760;;17000
996770;;17000
996780;;17000
996790;;17000
996800;;20680
996810;;20681
996820;;20682
996830;;20683
996840;;20652
996850;;20685
996860;;17000
996870;;20652
996880;;17000
996890;;17000
996900;;20690
996910;;20691
996920;;17000
996930;;17000
996940;;17000
996950;;17000
996960;;20691
996970;;17000
996980;;17000
996990;;17000
997000;;20700
997010;;15230
997020;;17000
997030;;17000
997040;;17000
997050;;17000
997060;;17000
997070;;17000
997080;;17000
997090;;17000
997100;;20710
997110;;17000
997120;;17000
997130;;17000
997140;;17000
997150;;17000
997160;;17000
997170;;17000
997180;;17000
997190;;17000
997200;;20720
997210;;20721
997220;;20722
997230;;20723
997240;;17000
997250;;17000
997260;;17000
997270;;17000
997280;;17000
997290;;17000
997300;;20720
997310;;17000
997320;;17000
997330;;17000
997340;;17000
997350;;17000
997360;;17000
997370;;17000
997380;;17000
997390;;17000
997400;;20740
997410;;17000
997420;;17000
997430;;17000
997440;;17000
997450;;17000
997460;;17000
997470;;17000
997480;;17000
997490;;17000
997500;;20750
997510;;20751
997520;;17000
997530;;20753
997540;;17000
997550;;17000
997560;;17000
997570;;17000
997580;;17000
997590;;17000
997600;;20760
997610;;20761
997620;;17000
997630;;17000
997640;;17000
997650;;17000
997660;;17000
997670;;17000
997680;;17000
997690;;17000
997700;;20770
997710;;17000
997720;;17000
997730;;17000
997740;;17000
997750;;20775
997760;;17000
997770;;17000
997780;;17000
997790;;17000
997800;;20780
997810;;17000
997820;;17000
997830;;17000
997840;;17000
997850;;17000
997860;;17000
997870;;17000
997880;;17000
997890;;17000
997900;;17000
997910;;17000
997920;;17000
997930;;17000
997940;;17000
997950;;20795
997960;;1760
997970;;17000
997980;;17000
997990;;17000
998000;;20800
998010;;20801
998020;;20802
998030;;17000
998040;;17000
998050;;17000
998060;;17000
998070;;17000
998080;;17000
998090;;17000
998100;;20810
998110;;20811
998120;;20812
998130;;17000
998140;;17000
998150;;17000
998160;;17000
998170;;17000
998180;;17000
998190;;17000
998200;;20820
998210;;17000
998220;;17000
998230;;17000
998240;;17000
998250;;20825
998260;;17000
998270;;17000
998280;;17000
998290;;17000
998300;;20830
998310;;20831
998320;;17000
998330;;17000
998340;;17000
998350;;17000
998360;;17000
998370;;17000
998380;;17000
998390;;17000
998400;;20840
998410;;20841
998420;;20842
998430;;17000
998440;;17000
998450;;20845
998460;;17000
998470;;17000
998480;;17000
998490;;17000
998500;;20850
998510;;17000
998520;;20852
998530;;17000
998540;;17000
998550;;20855
998560;;17000
998570;;17000
998580;;17000
998590;;17000
998600;;10100
998610;;10101
998620;;10102
998630;;10103
998640;;10104
998650;;10105
998660;;10106
998670;;10107
998680;;10140
998690;;17000
998700;;10160
998710;;10161
998720;;10162
998730;;10163
998740;;10164
998750;;10165
998760;;10166
998770;;10167
998780;;10168
998790;;10200
998800;;17000
998810;;17000
998820;;17000
998830;;17000
998840;;17000
998850;;17000
998860;;17000
998870;;17000
998880;;17000
998890;;17000
998900;;17000
998910;;17000
998920;;17000
998930;;17000
998940;;17000
998950;;17000
998960;;17000
998970;;17000
998980;;17000
998990;;17000
999200;;10900
999210;;10901
999220;;10902
999230;;10903
999240;;10904
999250;;10905
999260;;10906
999270;;10907
999280;;10908
999290;;10909
999300;;10910
999310;;10911
999320;;10912
999330;;10913
999340;;10914
999350;;10915
999360;;10916
999370;;10917
999380;;10918
999390;;10919
10000030;;150
10000040;;1400
10000050;;1200
10000060;;111
10000080;;50000000
10000090;;32190000
10000100;;31010000
10000110;;2900
10000120;;52000000
10000130;;10102
10000140;;1760
10000150;;10101
10000160;;1190
10000170;;2901
10000180;;22000000
10000190;;1700
10000200;;50040000
10000210;;20802
10000220;;1400
10000230;;2180
10000240;;2901
10000250;;20691
10000260;;1700
10000270;;20760
10000280;;1500
10000290;;2901
10000300;;10161
10000310;;10101
10000320;;31020000
10000330;;2901
10000340;;14100000
10000350;;1730
10000360;;2901
10000370;;8000
10000380;;1210
10000390;;15020
10000400;;2900
10000410;;10101
10000420;;8970
10000430;;50000000
10000440;;1160
10000450;;8171
10000451;;740000
10000460;;910
10000470;;8000
10000480;;9303
10000500;;8010
10000510;;10100
10000520;;2900
10000530;;2901
10000540;;53000000
10000550;;43080000
10000560;;812000
10000570;;2901
10000580;;2904
10000590;;10101
10000600;;2903
10000610;;50010000
10000620;;16070000
10000630;;150
10000640;;10100
10000650;;20802
10000660;;2903
10000670;;2900
10000680;;20760
10000690;;2901
10000700;;1420
10000710;;10101
10000720;;2901
10000730;;10010
10000740;;10101
10000750;;10100
10000760;;2904
10000770;;9500
10000775;;9500
10000780;;10100
10000781;;10101
10000790;;1730
10000800;;10101
10000810;;15020
10000820;;10100
10000830;;2901
10000840;;10102
10000850;;1240
10000860;;2020
10000870;;10101
10000880;;20691
10000890;;2901
10000900;;20650
10000910;;20802
10000920;;8000
10000930;;1700
10000940;;1190
10000950;;1730
10000960;;1100
10000965;;34010000
10000970;;3040
10000975;;2200
10000980;;10161
10000990;;8857
10001085;;10160
10001086;;15030
10001087;;15040
10001095;;10010
10001295;;7510
10000005;;32290000
10000015;;31270000
10000025;;1030000
10000035;;12190000
10010000;;106
10010010;;8194
10010900;;238000
11000000;;1420
11000010;;150
11000020;;15341
11000030;;10103
11000040;;2906
11000050;;20840
11000060;;940
11000070;;15400
11000080;;962100
11000090;;15150
11000100;;10105
11000110;;3310
11000120;;2909
11000130;;9510
11000140;;1750
11000150;;20811
11000160;;1430
11000170;;2907
11000180;;15040
11000190;;10103
11000200;;2907
11000210;;10164
11000220;;2907
11000230;;52080000
11000240;;20685
11000250;;8000
11000260;;2909
11000270;;2907
11000280;;2908
11000290;;10105
11000300;;2908
11000310;;20691
11000320;;1083000
11000330;;2908
11000340;;8193
11000350;;10105
11000360;;2908
11000370;;10104
11000380;;8000
11000390;;2911
11000400;;15030
11000410;;20800
11000420;;1210
11000430;;1450
11000440;;10165
11000450;;2908
11000460;;1170
11000470;;9510
11000480;;20855
11000490;;8000
11000500;;2908
11000510;;10103
11000520;;50090000
11000530;;10105
11000540;;960
11000550;;2907
11000560;;9500
11000570;;10070
11000580;;190
11000590;;1150000
11000600;;1720
11000610;;10165
11000620;;15420
11000630;;10104
11000640;;1100
11000650;;10105
11000660;;2908
11000670;;41070000
11000680;;1480
11000690;;8858
11000700;;10104
11000710;;2908
11000720;;10105
11000730;;1180
11000740;;150
11000750;;20855
11000760;;10104
11000770;;15040
11000780;;10105
11000790;;20800
11000800;;8000
11000810;;1750
11000820;;10105
11000830;;2908
11000840;;20855
11000850;;8193
11000860;;10104
11000870;;150
11000880;;21080000
11000890;;1430
11000900;;10105
11000910;;8862
11000920;;10164
11000930;;1430
11000940;;1430
11000950;;190
11000960;;34070000
11000970;;2110000
11000980;;8000
11001985;;860000
11001986;;860100
11001987;;860200
11001988;;860300
11000990;;10010
11001000;;6431
11001010;;8972
11001020;;5020
11001030;;4090
11001040;;16090000
11001187;;18150000
11001193;;10010
11001195;;10166
11001198;;2919
11000005;;120000
11000006;;120100
11000007;;120200
11000008;;120300
11000015;;41030000
11000025;;2130
11000035;;1930100
11000045;;640000
11000046;;640100
11000047;;640200
11000048;;640300
11000055;;11080000
11000065;;190
11000075;;2914
11000085;;2911
11000095;;160000
11000105;;14140000
11000115;;2210000
11000125;;52030000
11000135;;20855
11000145;;10165
11000155;;2918
11000165;;2910
11000175;;2915
11000185;;10165
11000186;;15030
11000187;;15040
11000195;;10165
11000196;;15030
11000197;;15040
11000205;;2912
11000215;;2909
11000225;;2911
11000235;;1170
11000245;;2910
11050000;;6424
11050001;;6431
11050010;;10168
11050020;;20685
11050030;;190
11050040;;20683
11050050;;2917
11050100;;1042
11050850;;8193
11100000;;21130000
11100700;;8859
11100710;;43110000
11100711;;52030000
11100800;;108
11100900;;21110000
12010000;;8613
12010010;;8614
12010020;;9389
12010030;;10167
12010040;;2900
12010050;;2901
12010060;;10100
12010070;;1420
12010080;;2902
12010090;;10200
12010100;;10010
12010110;;1490
12010120;;52030000
12010130;;3310
12010140;;1170
12010150;;10102
12010160;;50060000
12010170;;2050
12010180;;1170
12010190;;10102
12010200;;2900
12010210;;10102
12010220;;1700
12010230;;10102
12010240;;2901
12010250;;1690
12010260;;10102
12010270;;10103
12010280;;10101
12010290;;20852
12010300;;1740
12010310;;2120
12010320;;10162
12010330;;20761
12010340;;2902
12010350;;2130
12010360;;2902
12010370;;20801
12010380;;10166
12010390;;20810
12010400;;2902
12010410;;1420
12010420;;2902
12010430;;150
12010440;;10100
12010450;;2908
12010460;;2010000
12010470;;940
12010480;;2906
12010490;;2909
12010500;;2906
12010510;;15100
12010520;;10165
12010530;;10103
12010540;;930
12010550;;1690
12010560;;2909
12010570;;7070000
12010580;;8000
12010590;;2906
12010600;;2909
12010610;;1750
12010620;;10105
12010630;;249000
12010640;;2909
12010650;;2909
12010660;;2909
12010670;;10105
12010680;;2909
12010690;;10919
12010700;;10166
12010710;;222000
12010720;;8000
12010730;;1420
12010740;;1530
12010750;;20825
12010760;;10105
12010770;;2130
12010780;;10166
12010790;;2130
12010800;;10103
12010810;;10104
12010820;;2909
12010830;;10104
12010840;;1750
12010850;;2909
12010860;;10106
12010870;;10105
12010880;;10167
12010890;;10166
12010900;;7070000
12010910;;10919
12010920;;1080000
12010930;;2000400
12010940;;10166
12010950;;10918
12010960;;1140
12010970;;32220000
12010980;;8964
12010990;;206000
12015995;;10166
12015997;;10010
12010105;;2909
12010106;;190
12020000;;1200
12020010;;8974
12020020;;9363
12020030;;20691
12020040;;10010
12020050;;1220
12020060;;8615
12020070;;3000600
12020080;;8159
12020081;;10919
12020090;;3000
12020100;;15130
12020110;;15010
12020120;;2902
12020130;;9330
12020140;;31320000
12020150;;10161
12020160;;15040
12020170;;2901
12020180;;1690
12020190;;2902
12020200;;1140
12020210;;10161
12020220;;10102
12020230;;10101
12020240;;50100000
12020250;;1200
12020260;;2903
12020270;;2903
12020280;;150
12020290;;2903
12020300;;10103
12020310;;15341
12020320;;2905
12020330;;2902
12020340;;15000
12020350;;10102
12020360;;1200
12020370;;2903
12020380;;50100000
12020390;;8000
12020400;;2903
12020410;;10101
12020420;;41020000
12020430;;2903
12020440;;15000
12020450;;8000
12020460;;190
12020470;;1180
12020480;;15020
12020490;;1181
12020500;;2903
12020510;;50100000
12020520;;20800
12020530;;20830
12020540;;1160
12020550;;2903
12020560;;301000
12020570;;15040
12020580;;2904
12020590;;1730
12020600;;15341
12020610;;10104
12020620;;1201
12020630;;15040
12020640;;15341
12020650;;10103
12020660;;15030
12020670;;15030
12020680;;10164
12020690;;2911
12020700;;2900
12020710;;10104
12020720;;10101
12020730;;2130
12020740;;10104
12020750;;8000
12020760;;20825
12020770;;2900
12020780;;2912
12020790;;2906
12020800;;10104
12020810;;2905
12020820;;190
12020830;;10103
12020840;;2900
12020850;;950
12020860;;190
12020870;;2130
12020880;;207000
12020890;;2906
12020900;;10102
12020910;;11120000
12020920;;2130
12020930;;2906
12020940;;2100
12020950;;10164
12020960;;1480
12020970;;15120
12020980;;2906
12020990;;2906
12020435;;32030000
12020445;;10165
12030000;;8617
12030010;;8000
12030020;;20852
12030030;;2904
12030040;;2907
12030050;;50090000
12030060;;10105
12030070;;1430
12030080;;6720
12030090;;10103
12030100;;2904
12030110;;2905
12030120;;3310
12030130;;10103
12030140;;22000
12030150;;1480
12030160;;15341
12030170;;2900
12030180;;33180000
12030190;;10105
12030200;;2904
12030210;;2907
12030220;;20800
12030230;;10166
12030240;;10166
12030250;;10166
12030260;;1750
12030270;;10165
12030280;;2907
12030290;;2907
12030300;;571000
12030301;;571100
12030302;;570200
12030303;;570300
12030310;;10105
12030320;;2907
12030330;;10166
12030340;;20691
12030350;;10106
12030360;;53010000
12030370;;2907
12030380;;10105
12030390;;2907
12030400;;960
12030410;;10103
12030420;;15100
12030430;;2907
12030440;;2908
12030450;;10103
12030460;;20800
12030470;;2907
12030480;;10104
12030490;;10104
12030500;;10105
12030510;;190
12030520;;254000
12030530;;10166
12030540;;2907
12030550;;10165
12030560;;2900
12030570;;2900
12030580;;2900
12030590;;2900
12030900;;3000600
12030910;;2900
12030950;;17020000
12030960;;23070000
12030800;;2913
12030801;;190
12030810;;2913
12030811;;190
12030820;;2913
12030821;;190
12030830;;2913
12030831;;190
12030840;;2913
12030841;;190
12030850;;2913
12030851;;190
12050000;;8616
12050010;;10010
12050020;;2910
12050030;;10105
12050040;;20723
12050050;;9391
12050060;;2917
12050070;;10107
12050080;;2916
12050090;;20831
12050100;;10200
12050110;;7210
12050120;;1540
12050130;;20831
12050140;;2911
12050150;;10106
12050160;;2911
12050170;;20753
12050180;;20800
12050190;;190
12050200;;2900
12050210;;2912
12050220;;2900
12050230;;2900
12050240;;2900
12050250;;2900
12050260;;2900
12050270;;2900
12050280;;2900
12050290;;20723
12050300;;1430
12050310;;8000
12050320;;10105
12050330;;20691
12050340;;2912
12050350;;960
12050360;;1490
12050370;;4042
12050380;;2900
12050390;;2900
12050400;;2900
12050410;;2900
12050420;;2900
12050430;;2900
12050440;;2900
12050450;;2900
12050460;;2900
12050470;;2900
12050480;;2900
12050490;;2900
12050500;;2900
12050510;;2900
12050520;;2900
12050530;;2900
12050540;;2900
12050550;;2900
12050560;;2900
12050570;;2900
12050580;;2900
12050590;;10106
12050600;;910
12050610;;8000
12050620;;20723
12050630;;2000400
12050640;;10107
12050650;;2913
12050660;;3000600
12050670;;2912
12050680;;2910
12050690;;2919
12050700;;10105
12050710;;2900
12050720;;2900
12050730;;2900
12050740;;2900
12050900;;10168
12050950;;680000
12050951;;681100
12050952;;680200
12050953;;680300
12070000;;150
12070010;;20810
12070020;;2902
12070030;;2901
12070040;;10103
12070050;;10101
12070060;;2901
12070070;;1110
12070080;;2901
12070090;;2020
12070100;;2903
12070110;;15050
12070120;;1700
12070130;;10102
12070140;;2903
12070150;;10103
12070160;;2120
12070170;;940
12070180;;1190
12070190;;2900
12070200;;2900
12070210;;2900
12070220;;2900
12070230;;2900
12070240;;2900
12070250;;2900
12070260;;2900
12070270;;2900
12070280;;2900
12070290;;2900
12070300;;2904
12070310;;1450
12070320;;52040000
12070330;;20800
12070340;;190
12070350;;2905
12070360;;10104
12070370;;150
12070380;;1330
12070390;;2905
12070400;;8963
12070410;;10102
12070420;;10163
12070430;;10104
12070440;;248000
12070450;;2906
12070460;;2906
12070470;;190
12070480;;8185
12070490;;8185
12070500;;24050000
12070510;;2900
12070520;;2900
12070530;;2900
12070540;;2900
13000000;;10107
13000010;;2908
13000020;;15040
13000030;;1170
13000040;;10105
13000050;;10107
13000060;;1480
13000070;;10107
13000080;;10107
13000090;;53010000
13000100;;0
13000110;;2911
13000120;;8865
13000130;;2915
13000140;;10105
13000150;;8958
13000160;;0
13000170;;10200
13000180;;20652
13000190;;10107
13000200;;950
13000210;;0
13000220;;10107
13000230;;0
13000240;;20855
13000250;;10166
13000260;;2908
13000270;;50090000
13000280;;20855
13000290;;20855
13000300;;2909
13000310;;2911
13000320;;10105
13000330;;2910
13000340;;0
13000350;;8000
13000360;;2911
13000370;;0
13000380;;190
13000390;;10200
13000400;;0
13000410;;0
13000420;;2910
13000430;;15040
13000440;;2918
13000450;;10106
13000460;;1410
13000470;;10200
13000480;;10140
13000490;;2911
13000500;;4002
13000510;;1140
13000520;;10107
13000530;;2919
13000540;;20800
13000550;;2911
13000560;;10107
13000570;;190
13000580;;10106
13000590;;1480
13000600;;10107
13000610;;0
13000620;;2911
13000630;;0
13000640;;10106
13000650;;9402
13000660;;10167
13000670;;10105
13000680;;20691
13000690;;0
13000700;;53010000
13000710;;20652
13000720;;2911
13000730;;10106
13000740;;2911
13000750;;0
13000760;;4032
13000770;;10166
13000780;;0
13000790;;8959
13000800;;2911
13000810;;10166
13000820;;10167
13000830;;4050
13000840;;0
13000850;;10106
13000860;;20855
13000870;;10200
13000880;;10107
13000890;;230000
13000900;;10140
13000910;;8962
13000920;;60000
13000921;;60100
13000922;;60200
13000923;;60300
13000930;;0
13000940;;32000000
13000950;;3060
13000980;;10010
13000990;;10010
13002091;;10140
13002093;;10140
13002095;;260000
13002096;;260100
13002097;;260200
13002098;;260300
13000005;;10168
13000015;;1480
13000025;;10909
13000035;;10909
14000000;;1420
14000020;;190
14000030;;2901
14000040;;10162
14000070;;2050
14000090;;10103
14000120;;1150
14000150;;225000
14000160;;1190
14000190;;1420
14000200;;2903
14000220;;20760
14000250;;2903
14000280;;2902
14000290;;226000
14000300;;10104
14000320;;6040
14000330;;1740
14000350;;2903
14000360;;8850
14000370;;10103
14000380;;8000
14000390;;150
14000410;;15410
14000420;;8000
14000430;;20812
14000440;;2901
14000450;;2903
14000460;;20750
14000470;;2903
14000480;;10104
14000490;;2901
14000500;;8973
14000510;;2902
14000520;;1740
14000530;;2903
14000540;;150
14000560;;2906
14000600;;2903
14000620;;1740
14000630;;8186
14000660;;52050000
14000670;;10103
14000710;;2903
14000720;;10102
14000740;;1420
14000750;;2902
14000760;;10163
14000770;;4500
14000780;;9500
14000840;;33230000
14000850;;980000
14000851;;980100
14000852;;980200
14000853;;980300
14000860;;10162
14000870;;10070
14000880;;4021
14000890;;3000
14000900;;9501
14000910;;1902000
14000920;;4130
14000930;;8174
14000940;;3070
14000950;;9342
14000960;;8121
14000970;;43060000
14000980;;31190000
14000990;;10010
14000005;;830000
14000015;;831000
14000025;;832000
14000035;;833000
15000000;;8000
15000010;;20753
15000020;;2909
15000030;;8000
15000040;;1400
15000050;;20801
15000060;;940
15000070;;2909
15000080;;820000
15000090;;1140
15000100;;10107
15000110;;2205
15000120;;3310
15000130;;52190000
15000140;;2913
15000150;;2912
15000160;;10070
15000170;;214000
15000180;;2900
15000190;;2900
15000200;;2909
15000210;;1490
15000220;;4052
15000230;;10107
15000240;;2912
15000250;;15341
15000260;;1400
15000270;;10140
15000280;;10167
15000290;;2911
15000300;;20801
15000310;;10105
15000320;;10200
15000330;;2909
15000340;;2911
15000350;;1022
15000360;;10105
15000370;;20753
15000380;;10106
15000390;;2917
15000400;;10107
15000410;;2900
15000420;;2900
15000430;;2900
15000440;;2900
15000450;;10200
15000460;;10140
15000470;;2900
15000480;;2900
15000490;;2900
15000500;;1430
15000510;;2911
15000520;;10107
15000530;;2200000
15000540;;53010000
15000550;;10106
15000560;;6701
15000570;;1310
15000580;;223000
15000590;;10168
15000600;;2913
15000610;;10168
15000620;;10200
15000630;;2909
15000640;;10106
15000650;;15040
15000660;;3310
15000670;;50240000
15000680;;10107
15000690;;255000
15000700;;2910
15000710;;20691
15000720;;20753
15000730;;10107
15000740;;2919
15000750;;8193
15000760;;10200
15000770;;1100
15000780;;15030
15000790;;20801
15000800;;1221
15000810;;2911
15000820;;1820000
15000830;;10105
15000840;;8193
15000850;;2900
15000860;;2260000
15000870;;2918
15000880;;1490
15000890;;10909
15000900;;2909
15000910;;8965
15000920;;20800
15000930;;4003
15000940;;20801
15000950;;20691
15000960;;2918
15000970;;2913
15000980;;1020100
15000981;;1020200
15000982;;1020300
15000990;;2190
15001200;;10010
15001210;;2900
15001250;;2900
15001260;;2900
15001270;;2919
15001280;;23140000
15001290;;2900
16000000;;10105
16000010;;216000
16000020;;60100
16000030;;15050
16000040;;1160
16000050;;2908
16000060;;2904
16000070;;8000
16000080;;150
16000090;;9312
16000100;;10166
16000110;;9510
16000120;;10105
16000130;;34070000
16000140;;1500
16000150;;2905
16000160;;50010000
16000170;;2908
16000190;;53020000
16000200;;2908
16000210;;10165
16000220;;1160
16000230;;15420
16000240;;10103
16000250;;10105
16000270;;20802
16000280;;10106
16000290;;10164
16000310;;20802
16000320;;2908
16000330;;2909
16000350;;10105
16000360;;2908
16000380;;10104
16000390;;20802
16000400;;2911
16000410;;150
16000420;;15030
16000430;;33190000
16000431;;1060000
16000440;;1500
16000450;;9313
16000480;;1910000
16000490;;8000
16000500;;190
16000510;;810000
16000520;;229000
16000530;;10165
16000540;;1001
16000550;;10105
16000560;;10103
16000610;;30150000
16000620;;2090
16000690;;17030000
16000700;;8193
16000710;;8129
16000720;;112
16000730;;1101100
16000940;;23100000
16000950;;7520
16001000;;2900
16001010;;2900
16002000;;10060
18000000;;1720
18000010;;8000
18000020;;2904
18000030;;1480
18000040;;1410
18000050;;1040
18000060;;10900
18000070;;4040
18000080;;100
18000081;;103
18000900;;42030000
18000901;;51000000
30000010;;15100
30000020;;2901
30000030;;9343
30000040;;2201
30010010;;20775
30010020;;2204
30020000;;20775
30020010;;20802
30020020;;240000
30020030;;2200
30030000;;20775
30030010;;251000
30030020;;15100
30030030;;190
30030040;;23010000
30040000;;20775
30050000;;14120000
30050010;;190
30050030;;2090
30050040;;1150
30060000;;20775
30060010;;1300000
30060020;;2902
30060030;;220000
30060040;;190
30060050;;15040
30060060;;15341
30060070;;19000000
30060080;;2203
30070000;;9400
30070010;;2904
30070020;;1420
30070600;;2010
30070900;;2900
30080010;;5000
30080020;;252000
30080030;;4001
30080040;;20775
30080050;;2206
30080060;;15100
30090000;;2090
30090010;;11130000
30090020;;2905
30090030;;20802
30090040;;8000
30090050;;1760000
30090051;;1760100
30090052;;1760200
30090053;;1760300
30090060;;20775
30090070;;15030
30100010;;1430
30100020;;1750
30100030;;2906
30100040;;4070
30100050;;2070000
30100060;;15110
30100070;;8000
30100080;;242000
30100100;;70200
30100101;;270000
30100102;;270100
30100103;;270200
30100104;;270300
30110000;;2090
30110010;;20723
30110020;;9000000
30120000;;1430
30120010;;210000
30120020;;190
30120030;;2202
30120900;;2900
30130010;;9386
30130020;;2906
30130030;;10104
30130040;;20775
30130100;;9500
30130110;;9500
30130120;;9500
30130130;;9500
30130140;;9501
30130150;;9501
30140000;;1084000
30140010;;20654
30140020;;20753
30140030;;20801
30140040;;2903
30140900;;2900
30150000;;245000
30160000;;2905
30160010;;1420
30160020;;253000
30160030;;1190
30160040;;4721
30170000;;12170000
30170010;;6060
30170020;;3000600
30170030;;34020000
30170040;;1470
30170050;;2910
30170060;;2900
30180000;;2909
30180010;;930
30180020;;20800
30180030;;20775
30180040;;9501
30180070;;227000
30180900;;2090
30190000;;2911
30190010;;950
30190020;;20775
30190030;;15100
30190040;;1085000
30190900;;2900
30200000;;3310
30200010;;20753
30200020;;2914
30200030;;15040
30200040;;20775
30200050;;1470
30200060;;4012
30200900;;1100
30200910;;2090
31000000;;20760
31000010;;160100
31000011;;160300
31010000;;2900
31010010;;2030
31010020;;1730
31010030;;20802
31010040;;20651
31010100;;1100
31020000;;2901
31020010;;150
31020020;;1720
31020030;;20691
31020040;;9388
31020050;;1310
31030000;;2900
31030010;;2030
31030020;;9500
31040000;;2902
31040010;;2903
31040020;;50020000
31040030;;2904
31040040;;2030
31040050;;1460
31040060;;430000
31040061;;430100
31040062;;430300
31050000;;15341
31050010;;1700
31050020;;2904
31050030;;2100
31050040;;10103
31050050;;10101
31050060;;15020
31050070;;20691
31050100;;2060
31060000;;3030
31060010;;8000
31060100;;190
31060110;;33040000
31070000;;1460
31070010;;15020
31070020;;940
31070030;;1130000
31070031;;1130100
31070032;;1130200
31070033;;1130300
31070040;;1720
31070050;;2905
31070060;;2906
31070070;;1110
31090000;;2905
31090010;;15000
31090020;;20691
31090030;;15020
31090040;;30200000
31180000;;9510
31180020;;15410
31180030;;15410
31180040;;20691
31180050;;2904
31180060;;15150
31180070;;3310
31180080;;2904
31190000;;950
31190010;;10070
31190030;;31250000
31190040;;1190
31190050;;1400000
31190060;;20800
31190080;;8000
31190090;;1480
31190100;;22030000
31190110;;51020000
31190120;;930100
31190130;;930000
31190200;;2904
31190210;;2904
31100000;;3310
31100010;;2911
31100050;;1210
31100110;;2907
31100120;;15030
31110000;;2902
31110010;;10070
31110020;;2904
31110030;;930
31110040;;10163
31110080;;940
31110090;;1740
31110100;;2904
31110110;;2030
31110200;;16020000
31110220;;208000
31110300;;10100
31120000;;2906
31120010;;1470
31120020;;2915
31120030;;190
31120040;;20653
31120050;;20800
31120060;;920
31120070;;1740
31120080;;920
31120090;;1470
31120100;;1470
31120110;;2909
31120120;;50240000
31150010;;15140
31150020;;20802
31170010;;2900
31170020;;20691
31170030;;10100
31170040;;10101
31170050;;2903
31170060;;1400
31170070;;150
31170080;;7030000
31200000;;1480
31200010;;22010000
31200020;;41040000
31200030;;1400
31210000;;2901
31210030;;2901
31210040;;15040
31210070;;2901
31210080;;2903
31210090;;8000
31210100;;1100000
31210110;;2903
31210120;;15090
31210140;;2904
31210150;;2020
31210160;;2903
31210190;;2030
31210200;;10164
31210210;;30040000
31210350;;2220000
31210400;;190
31220000;;872100
31220001;;872200
31220002;;872300
31220010;;2905
31220020;;2911
31220030;;1470
31220040;;2909
31220050;;2914
31220060;;190
31220070;;1320
31220080;;20691
32000000;;2901
32000010;;2903
32000020;;3051
32000030;;910
32000060;;2100
32000070;;20691
32000900;;1210
32010000;;10100
32010010;;2903
32010020;;3051
32010030;;2900
32010040;;3050
32020000;;10161
32020010;;10162
32020020;;2902
32020030;;10102
32020040;;10162
32020060;;10100
32020070;;4100
32020900;;1050000
32040000;;2905
32040010;;910
32040020;;10163
32040030;;1831
32040040;;4031
32040050;;23130000
32050000;;1740
32050010;;20691
32050020;;2906
32050030;;1031
32050040;;3050
32050900;;3050
32050910;;190
32070000;;10161
32070010;;2904
32070020;;16110000
32070030;;1200
32070060;;3051
32070070;;2050
32080000;;1490
32080020;;2904
32080030;;3050
32080050;;190
32080060;;3030
32080070;;10163
32080100;;2903
32080110;;1480
32080120;;3040
32080900;;3060
32080901;;3070
32080910;;4110
32110000;;1470
32110020;;2909
32110030;;10140
32110040;;190
32110060;;1831
32110080;;2918
34100000;;3310
34100010;;2100
34100070;;15430
34100080;;1190
34100090;;2901
34100100;;4030
34100110;;1900000
34100500;;191
34110010;;2902
34110060;;2903
34110080;;5010
34110100;;911000
34110110;;1180
34110120;;20812
34110200;;33210000
34110400;;530000
34110401;;530100
34110402;;530200
34110403;;530300
34110500;;8191
34110501;;1080
34110700;;4370
34110710;;4480
34120010;;2904
34120020;;2904
34120030;;0
34120040;;15341
34120050;;1200
34120060;;8000
34120070;;190
34120080;;2900
34120090;;150
34120100;;15040
34120110;;2050
34120120;;3051
34120130;;10105
34120140;;0
34120150;;1410
34120160;;2908
34120500;;194
34120900;;8952
34130000;;8000
34130010;;190
34130020;;2911
34130050;;192
34130900;;4070000
34140000;;1320
34140010;;964100
34140020;;4021
34140700;;193
34140710;;195
34140720;;10165
34140800;;2908
34140810;;1160000
34150000;;196
35000000;;1720
35000010;;10000
35000020;;2900
35000030;;1002
35000040;;2910
35000050;;963200
35000051;;964000
35000060;;20740
35000070;;8714
35000080;;940
35000090;;150
35000100;;2900
35000110;;2910
35000120;;190
35000130;;10070
35000150;;10000
35000160;;8000
35000170;;50080000
35000180;;20654
35000190;;10106
35000200;;1160
35000210;;10167
35000220;;10106
35000240;;2050
35000250;;15400
35000260;;1400
35000270;;205000
35000280;;940
35000300;;10000
35000310;;2150
35000320;;1340
35000330;;10000
35000340;;20820
35000350;;1840
35000370;;1470
35000380;;50020000
35000390;;1400
35000400;;10165
35000410;;10106
35000420;;6520
35000430;;2909
35000450;;10166
35000460;;10106
35000470;;10000
35000480;;10106
35000500;;2908
35000510;;2910
35000530;;3310
35000540;;10107
35000550;;20740
35000560;;2907
35000570;;10106
35000580;;2900
35000590;;2910
35000600;;10104
35000610;;9501
35000630;;10105
35000650;;2050
35000660;;2910
35000670;;15341
35000680;;7300
35000700;;1041
35000710;;250000
35000711;;250100
35000712;;250300
35000720;;32130000
35000730;;3310
35000740;;1840
35000750;;10100
35000770;;2000400
35000780;;190
35000800;;9441
35000900;;10915
35000910;;20775
35000920;;20760
35000930;;20753
35000940;;4060
35000950;;4041
35000960;;190
35000970;;10165
35000980;;10166
39200000;;2900
39200010;;10104
39200020;;190
39200030;;10162
39200040;;7110000
39200050;;10103
39200060;;2903
39200070;;2904
39200080;;190
39200090;;2100
39200100;;2904
39200110;;2904
39200120;;10070
39200130;;10102
39200140;;10102
39200150;;10102
39200160;;1410
39200170;;10020
39200200;;10100
39200500;;140000
39200501;;140100
39200502;;140200
39200503;;140300
99010000;;2900
9990000;;404
9990010;;404
9990100;;8552
9990110;;8553
9990120;;9500
9990130;;9510
9990140;;15040
9990141;;15040
9990142;;15040
9990143;;15040
9990150;;15070
9990151;;15070
9990152;;15070
9990153;;15070
9990160;;15120
9990161;;15120
9990162;;15120
9990163;;15120
9990170;;15190
9990171;;15190
9990172;;15190
9990173;;15190
9990180;;15200
9990181;;15200
9990182;;15200
9990183;;15200
9990190;;15210
9990191;;15210
9990192;;15210
9990193;;15210
9990200;;15220
9990201;;15220
9990202;;15220
9990203;;15220
9990210;;15240
9990211;;15240
9990212;;15240
9990213;;15240
9990220;;15250
9990221;;15250
9990222;;15250
9990223;;15250
9990230;;15310
9990231;;15310
9990232;;15310
9990233;;15310
9990240;;15320
9990241;;15320
9990242;;15320
9990243;;15320
9990250;;15390
9990251;;15390
9990252;;15390
9990253;;15390
9990260;;11000
9990270;;11002
9990280;;11016
9990290;;11018
9990300;;11021
9990310;;250
9930000;;780000
9930001;;781000
9930002;;782000
9930003;;783000
9930004;;205000
9930010;;404
9931000;;2100
99010000;;401
99010010;;2900
900002000;;17000
900002010;;17000
900002020;;17000
900002030;;17000
900002040;;17000
900002050;;17000
900002060;;17000
900002070;;17000
900002080;;17000
900002100;;17000
900002110;;17000
900002120;;17000
900002130;;17000
900002200;;17000
900002210;;17000
900002220;;17000
900002300;;17000
900002310;;17000
900002500;;17000
900002510;;17000
900002600;;17000
900002610;;17000
900002620;;17000
900002630;;17000
900002640;;17000
900002650;;17000
900002660;;17000
900003000;;2900
1045370300;;11014
1045370301;;11001
1046380300;;250
1046380301;;11002
1046380100;;10020
1041330200;;10020
1043350100;;10020
1044330100;;10020
1041380100;;10010
1044320020;;10010
1046360100;;10010
1043370400;;10900
1042380400;;4080
1042380410;;8945
1040380000;;10100
1040390000;;9305
1041350000;;15110
1041350010;;10101
1041350020;;1210
1041360000;;15140
1041370000;;15160
1041370020;;1290
1041380010;;1420
1041380030;;10100
1041380040;;8000
1041380050;;250000
1041382000;;20723
1041390000;;15020
1042400000;;101
1042400001;;110
1042350010;;1200
1042350000;;15020
1042360010;;1190
1042360030;;2901
1042360040;;2900
1042360050;;10100
1042360060;;10100
1042370000;;1760
942370060;;13010000
942370070;;3030000
1042371010;;8590
1042371011;;50200
1042370010;;1730
1042371300;;2100
1042370100;;5050
1042380000;;15010
1042380010;;2900
1042380020;;50010000
1042380030;;2904
1042380040;;2900
1042380050;;2902
1042380070;;2901
1042380080;;2900
1042380090;;2901
1042380100;;2900
1042380110;;2900
1042380120;;2901
1042380140;;15020
1042380600;;10100
1042380601;;10101
1042382000;;20802
1042390000;;11021
1042390010;;17060000
1042390900;;31280000
1042390500;;80000
1042390501;;80100
1042390502;;80200
1042390503;;80300
1042390700;;2070
1043350000;;15130
1043350010;;2900
1043350030;;15120
1043360010;;8000
1043360020;;2901
1043360040;;15130
1043361010;;10000000
1043360070;;20691
1043370000;;10100
1043370010;;1400
1043370020;;20691
1042370200;;8600
1042370700;;1040000
1043380000;;9320
1043380010;;10100
1043380020;;2901
1043390010;;1210
1043390020;;10100
1043392000;;2902
1043390030;;15090
1043400000;;1450
1043400010;;2140
1044320000;;8601
1044340000;;8000
1044340010;;10100
1044340050;;1760
1044340080;;12000000
1044350000;;2901
1044350010;;8851
1044350020;;2900
1044350030;;15000
944350050;;6010
1044350040;;15130
1044350060;;2900
1044350070;;1290
1044350100;;8185
1044350900;;6020000
1044360000;;2030
1044360010;;2900
1044360020;;1110
1044360100;;20651
1044360030;;20802
1044360040;;10160
944360200;;15000000
1044360300;;2900
1044360310;;2900
1044360320;;2901
1044360330;;2900
1044360340;;2902
1044370010;;2900
1044372000;;1200
1044370020;;6070
1044380010;;10100
1044380040;;20650
1044380100;;2900
1045330400;;0
1045350000;;2900
1045350020;;2900
1045350030;;2903
1045350040;;2902
1045350050;;2901
1045350060;;2900
1045350070;;2901
1045350080;;2900
1045350090;;2900
1045370000;;2901
1045370010;;10101
1045370020;;8602
1045370030;;9380
1045371000;;2130
1045370050;;2900
1045370060;;15340
1045370070;;20830
1045370080;;1700
1045370090;;2904
1045380000;;1420
1045380010;;9420
1045380020;;2900
1045380030;;2900
1045380040;;2900
1045380050;;2901
1045380060;;2903
1045380070;;2903
1045380080;;2905
1045390000;;2903
1045390020;;20760
1045390140;;10100
1045390120;;1150
1045390040;;10101
1045390050;;2900
1045390060;;2900
1045390070;;2900
1045390080;;2900
1045390090;;2904
1045390100;;2901
1045390110;;2900
1046360000;;10100
1046360010;;20723
1046360020;;9302
1046360030;;20723
1046360500;;8105
1046360700;;20400
1046370000;;15160
1046380010;;900
1041320000;;2900
1041320010;;2900
1041320020;;2901
1041320030;;2900
1041320040;;2900
1041320050;;2902
1041330000;;2900
1041330010;;2904
1041330030;;15110
1041330100;;4600
1042320000;;15110
1042320020;;20760
1042320100;;40050000
1042330000;;31310000
1042330100;;1050
1042340000;;1440
1042350020;;15000
1042350030;;3350
1042340010;;15010
1042340100;;19060000
1042340020;;2901
1042340030;;30130000
1043320000;;20845
1043320010;;15000
1043330000;;2901
1043330010;;2901
1043340000;;20691
1043340100;;31170000
1043340020;;11024
1043340040;;20830
1043340050;;15400
1043340400;;33060000
1043340401;;4090
1044310010;;2903
1044310020;;20691
1044310030;;10161
1044320010;;10100
1044320030;;3310
1044320040;;31140000
1044320400;;14110000
1044320410;;30100
1044320411;;13000000
1044330000;;31260000
1044330020;;2020
1044340100;;44000000
1044340101;;53000000
1044340040;;2020
1044340060;;2900
1044340070;;2900
1045330000;;1290
1045330100;;10030
1045340000;;8000
1042331200;;2900
1043300000;;10160
1043300010;;50010000
1043310000;;1400
1043310010;;0
1043310020;;10101
1043310030;;0
1043310040;;0
1043310050;;0
1043310060;;0
1043310070;;0
1043310080;;2901
1043310090;;10101
1043310100;;0
1043310110;;2901
1043310120;;0
1043310130;;0
1043310140;;1100
1043310150;;0
1043310160;;0
1043310170;;8000
1043310180;;0
1043310190;;0
1043310200;;0
1043310210;;0
1043310220;;20685
1043310230;;0
1043310240;;10101
1043310250;;0
1043310260;;0
1043310270;;0
1043310280;;1700
1043310290;;0
1043310300;;0
1043310310;;0
1043310320;;150
1043310330;;24020000
1043310340;;0
1043310350;;10100
1043310360;;53000000
1043310370;;20000000
1043310400;;2900
1043310500;;10100
1043310900;;2120
1043310910;;3180000
1044330030;;15160
1044330040;;0
1044330050;;2901
1044330060;;0
1044330070;;2901
1044330080;;7310
1044330200;;10101
1044330210;;11050000
1046390000;;2900
1046390010;;2901
1046390020;;2902
1046400000;;20800
1046400010;;190
1046400020;;2902
1046400030;;9365
1046400040;;940
1046400050;;9387
1046400060;;1510
1046400700;;2030
1047370000;;2900
1047370010;;2904
1047370020;;2900
1047370030;;2901
1047370040;;20650
1047370050;;1290
1047370100;;8185
1047380020;;10163
1047380030;;15110
1047380040;;1490
1047380070;;190
1047380080;;3310
1047380100;;20802
1047380110;;20760
1047380120;;6050
1047380130;;53020000
1047380700;;10000
1047380900;;1060
1047380910;;9030000
1047380920;;21100000
1047390000;;10104
1047390040;;2908
1047390080;;15120
1047400000;;2904
1047400010;;9500
1047400020;;10103
1047400030;;10163
1047400040;;52060000
1047400070;;1500
1047400080;;20802
1047400900;;190
1047400910;;2190000
1047400920;;4000000
1048360000;;9403
1048370000;;15130
1048370020;;2902
1048370030;;2903
1048380000;;2903
1048380010;;9510
1048380011;;100000
1048380012;;100100
1048380013;;100200
1048380014;;100300
1048380020;;33250000
1048380500;;20753
1048380501;;2902
1048380502;;2904
1048380503;;2909
1048390000;;20753
1048390010;;10164
1048390040;;15110
1048390050;;8000
1048390900;;4710
1048400010;;2900
1048400020;;2905
1048400030;;2901
1048400040;;20753
1048400050;;15341
1048400060;;32170000
1048400900;;32160000
1048410800;;8948
1049360000;;20802
1049360010;;1750
1049370000;;11015
1049370010;;15030
1049370020;;10010
1049370050;;15030
1049370070;;2901
1049370100;;11900
1049370110;;3200000
1049370700;;10163
1049370701;;15030
1049370702;;15040
1049380000;;4650
1049380010;;10163
1049380020;;20801
1049380030;;10103
1049380040;;52030000
1049380060;;20753
1049380070;;190
1049380080;;2903
1049380110;;2904
1049380120;;10000
1049390000;;8000
1049390010;;20650
1049390020;;190
1049390030;;33280000
1049390040;;235000
1049390800;;2080000
1049390850;;221000
1049390900;;33240000
1049390910;;4011
1049400500;;8610
1049370500;;8609
1049400000;;2904
1049400010;;20855
1049400020;;15000
1049400040;;10104
1049410040;;20691
1049410070;;1480
1049410080;;190
1049410090;;10200
1049410100;;2913
1050390900;;4620
1050390910;;8186
1050360000;;20760
1050360900;;2150
1050380000;;2904
1050380010;;1560
1050380020;;10020
1050390000;;1460
1050390010;;20770
1050390020;;10106
1050390030;;10106
1050390040;;8000
1050390050;;10107
1050390060;;1290
1050390070;;1920000
1050390090;;15030
1050390100;;10010
1050400800;;10060
1051350000;;20802
1051360000;;2905
1051360010;;9326
1051360020;;10105
1051360030;;10102
1051360040;;10103
1051360050;;10102
1051360060;;10104
1051360070;;8971
1051360080;;10104
1051360090;;10103
1051360100;;10105
1051360110;;10164
1051360120;;9331
1051360130;;3050000
1051360700;;10163
1051360701;;15030
1051360702;;15040
1051360800;;10163
1051360801;;15030
1051360802;;15040
1051360910;;10105
1051380000;;51040000
1051380010;;51040000
1051380020;;51040000
1051390040;;2911
1051390050;;900
1051390060;;1051
1051390900;;8106
1051400040;;190
1051430000;;2100
1051430010;;1110000
1051430020;;10010
1051430030;;4000
1052410000;;2907
1052410010;;2905
1052410020;;2902
1052410030;;2900
1052410100;;80100
1052410900;;10030
1052430000;;1290
1035460100;;10010
1036440300;;10010
1039390000;;10020
1036490000;;10020
1037490100;;10020
1036420000;;11022
1035490000;;11023
1036450400;;5001
1036480400;;11600
1036480401;;18050000
1037420400;;2040
1037460400;;8946
1039430400;;20200
1038440100;;8864
1035420200;;1290
1039430100;;1290
1036500010;;2902
1036500020;;920
1036500030;;211000
1039400000;;8866
1038390000;;3310
1038400000;;20802
1038400010;;9341
1039410000;;2902
1039410010;;3030
1039410020;;10161
1039410030;;15430
1039410100;;1090
1039410200;;1240
1039410300;;2905
1039410310;;2905
1039420000;;20760
1039420010;;1740
1039420020;;2905
1039420030;;2902
1039420040;;15030
1039420050;;18020000
1037420000;;2902
1037420030;;10000
1037420100;;9501
1037420900;;3080
1037470000;;20654
1037470010;;20691
1037470020;;1160
1037470030;;30190000
1036410000;;8855
1036410010;;1140
1036410020;;190
1036440000;;20750
1036440010;;20691
1036440040;;10101
1036440050;;50060000
1036440060;;20812
1036440100;;9340
1036450020;;20842
1036450110;;8000
1035430010;;10160
1035430100;;8185
1035440000;;10102
1035440010;;2900
1035440020;;2903
1035440030;;2902
1035440040;;2901
1035440050;;2903
1035440060;;2901
1035440070;;2900
1035440080;;2904
1035440090;;2901
1035440100;;2902
1035440110;;10101
1035440120;;30100000
1035440200;;9306
1035450000;;2130
1035450030;;15160
1035460020;;8000
1035460700;;80200
1035470000;;2900
1034440000;;20751
1034440010;;10101
1034440900;;14080000
1037460000;;8162
1037460001;;8188
1037460010;;15430
1038420000;;10101
1038420010;;2903
1038420020;;33170000
1038420100;;9348
1035470010;;10101
1035470100;;10030
1039480000;;1740
1039480100;;4080
1039480101;;4120
1033400100;;4361
1033460000;;15160
1033460030;;1440
1033460040;;32120000
1033470020;;8186
1033470900;;15420
1033470910;;3030
1034500010;;2902
1034500020;;2903
1034500030;;2904
1034500040;;2900
1034500050;;2902
1034500060;;2902
1034500070;;2901
1034500080;;2902
1034500090;;170000
1034500100;;10030
1034500200;;8165
1034510900;;1010000
1034510901;;1010100
1034510902;;1010300
1034470000;;1700
1034471500;;2901
1034471010;;2900
1034471020;;2902
1034471030;;2902
1034471040;;2900
1034471050;;2904
1034471060;;2902
1034471070;;2901
1034471080;;2902
1034471090;;2902
1034471100;;2903
1034471110;;2901
1034471120;;2903
1034471300;;2905
1034471310;;2905
1034481300;;2905
1034481310;;2905
1034480000;;20751
1034480010;;20812
1034480100;;5050000
1038450000;;20802
1038450010;;6040
1038450020;;10103
1038480000;;9440
1038480020;;20740
1038480030;;8000
1038480040;;8716
1038480100;;6050
1038480120;;20740
1038480130;;3311
1038500000;;10104
1038500010;;1480
1037490000;;3030
1037490010;;190
1037490030;;902000
1037490031;;902100
1037490032;;902300
1037490200;;12060000
1037490300;;8126
1037490301;;17050000
1039430010;;2901
1039430020;;2905
1039430030;;2900
1039430040;;2902
1039430050;;2901
1039430060;;2902
1038430000;;15160
1038430010;;15000
1038430020;;1190
1038430100;;2905
1037410010;;53000000
1037430000;;2902
1037430010;;10102
1037440000;;2903
1037440010;;1420
1037450100;;10102
1036430000;;10101
1036430010;;880000
1036430011;;880100
1036430012;;880200
1036430013;;880300
1036430020;;20685
1036430030;;2020
1039440000;;10102
1039440010;;15110
1039440020;;20651
1039440030;;10102
1039440040;;15410
1039440100;;9500
1039440110;;9500
1039440120;;9500
1039440130;;9501
1039440140;;9501
1034460100;;10102
1034450010;;1480
1034450020;;1730
1034450100;;8109
1037420010;;10102
1037420040;;9322
1035420010;;10101
1035420030;;190
1035420040;;1130000
1035420100;;1290
1035420110;;1290
1035420120;;1290
1035420130;;1290
1035420140;;1290
1035420150;;1290
1035420160;;1290
1035420170;;1290
1035420180;;1290
1035420190;;1290
1035450100;;8198
1035490020;;10163
1035480010;;15040
1035480020;;1450
1035480030;;15020
1035480100;;2905
1036480000;;20795
1036480100;;2900
1037480000;;15120
1037480010;;2902
1037480020;;2902
1037480030;;2900
1037480040;;2906
1037480050;;2902
1037480060;;2901
1037480070;;2903
1037480080;;2902
1037480100;;2900
1033470000;;10162
1033470010;;10103
1033470030;;190
1033470200;;2180000
1038470010;;3311
1038470030;;8000
1038470100;;2900
1038440030;;10102
1038440040;;244000
1040400000;;17070000
1038410000;;9345
1038410010;;6070
1038410100;;1007
1033450100;;9070000
1036470000;;10162
1036470100;;2900
1034420020;;15420
1034420030;;10101
1034420050;;2150000
1034420060;;8185
1034430000;;1420
1034430100;;10030
1034430200;;2905
1034430300;;3030
1035500000;;190
1035500010;;2903
1035500020;;8000
1035500030;;15120
1035500040;;9346
1035500050;;10162
1035500060;;2902
1035500070;;1740
1035500080;;10103
1035500090;;21800
1035500100;;10162
1035500110;;1150
1035500120;;20751
1035500130;;10101
1035500140;;10103
1035500150;;20070000
1035500160;;10102
1035500170;;2903
1035500180;;15040
1035500190;;20812
1035500200;;30140000
1035500220;;1420
1035500230;;20751
1035500240;;20751
1035500250;;20751
1035500260;;20751
1035500270;;20751
1035500280;;20751
1035500300;;10010
1035500400;;9500
1035500900;;2140000
1037490020;;190
1038460000;;1310
1038460400;;2900
1038490000;;20845
1038490010;;10101
1038490030;;52040000
1038490040;;2902
1038490900;;7330
1033410000;;10106
1033410010;;10107
1033410020;;10106
1033410400;;10060
1033410410;;10060
1033440000;;1235
1033440010;;1235
1033440020;;1235
1033440030;;1235
1033440040;;1235
1034410000;;20855
1034420000;;2908
1034420010;;1420
1034420040;;190
1034420100;;10167
1034420400;;10060
1035410000;;2909
1035410010;;20812
1035410100;;1012
1035410110;;10107
1038410200;;8603
1037440210;;8604
1034480200;;8605
1035520010;;2901
1035520020;;2903
1035520030;;2901
1035520040;;2905
1035530000;;20802
1035530010;;2902
1035530020;;20760
1035530030;;20802
1035530040;;20802
1035530050;;2904
1035540000;;1480
1035540010;;2902
1035540020;;8000
1035540030;;9325
1035540050;;2020
1035540060;;2907
1035540070;;15120
1036510000;;2904
1036510010;;9384
1036510020;;9510
1036520000;;10105
1036520010;;2220
1036520020;;20841
1036520030;;20800
1036520040;;20855
1036520050;;4820
1036520060;;43050000
1036520070;;9510
1036530000;;2905
1036540000;;2902
1036540010;;20802
1036540020;;2906
1036540030;;20802
1036540040;;1290
1036540050;;1160
1036540100;;8185
1037510000;;10104
1037510010;;20652
1037510020;;961000
1037510021;;961100
1037520020;;50000000
1037520030;;20753
1037520040;;15400
1037520050;;20830
1037520060;;20811
1037520070;;2207
1037520080;;1290
1037520090;;990000
1037520100;;990200
1037520101;;990300
1037520102;;991100
1037530000;;20760
1037530010;;2905
1037530020;;10104
1037540000;;15030
1037540010;;8000
1037540020;;1450
1037540030;;20690
1037540040;;20740
1037540050;;50090000
1037540060;;10000
1037540070;;20800
1037540080;;950
1037540090;;15341
1037540100;;2905
1037540110;;51000000
1037540120;;1750
1037540130;;1500
1037540140;;2903
1037540150;;7080000
1037550000;;1460
1038510000;;20800
1038510010;;15400
1038510020;;1170
1038510030;;4100
1038510040;;1170
1038510050;;2050
1038510060;;1410
1038510070;;15400
1038510080;;2902
1038510090;;4030000
1038520000;;4051
1038520010;;10104
1038520020;;2902
1038520030;;2906
1038520040;;1340
1038520050;;15430
1038520060;;2903
1038520070;;15100
1038530000;;2901
1038530010;;2902
1038530020;;2903
1038530030;;2906
1038530040;;2902
1038530050;;10165
1038540000;;20723
1038540010;;53020000
1038540020;;2907
1038540030;;50010000
1038540050;;6600
1038540060;;20691
1038540070;;1700
1038540080;;15030
1038540090;;10104
1038540100;;5040000
1038540101;;963000
1038540102;;963100
1038540110;;41060000
1038540700;;15120700
1039500000;;15341
1039500010;;8000
1039500020;;2903
1039500100;;3090
1039510000;;9510
1039510010;;1750
1039510020;;6070
1039510030;;3310
1039510040;;15090
1039510200;;60500
1039520000;;15100
1039520020;;1420
1039520700;;10050000
1039530000;;2903
1039530010;;1440
1039530020;;2902
1039530030;;20653
1039530040;;20800
1039530050;;4660
1039530051;;4670
1039530060;;15120
1039530070;;2902
1039530080;;8660
1039530700;;6000
1039530701;;52030000
1039540000;;1490
1039540010;;2902
1039540020;;10104
1039540030;;20650
1039540040;;9510
1039540050;;1720
1039540060;;2905
1039540070;;10103
1039540080;;10164
1039540090;;10104
1039540100;;1500
1039540110;;2905
1039540120;;15030
1039540130;;900
1039540140;;10000
1039540150;;8000
1039540160;;2905
1039540170;;1460
1039540180;;15341
1039540190;;9385
1039540200;;10104
1039540210;;20811
1039540220;;10000
1039540230;;10104
1039540240;;10104
1039540250;;2903
1039540260;;10103
1039540300;;8977
1039540350;;1290
1040500000;;3060
1040510000;;2130
1040510010;;15040
1040510020;;6971
1040510030;;15030
1040510040;;53010000
1040520000;;8142
1040520010;;2905
1040520020;;2905
1040520030;;2903
1040520040;;2902
1040520050;;2903
1040530000;;2904
1040530010;;6000000
1040530020;;20800
1040530030;;20652
1040530040;;50090000
1040530050;;15020
1040530060;;15341
1040540000;;12180000
1040540010;;20855
1040540030;;930
1040540050;;1480
1040540090;;1040000
1040550000;;233000
1041510000;;2902
1041510010;;2905
1041510020;;1190
1041510030;;3070
1041520000;;2907
1041520010;;2905
1041520020;;2903
1041520030;;2902
1041520040;;2900
1041520070;;15020
1041520080;;15140
1041520090;;8000
1041530010;;1720
1041530020;;6410
1041530030;;1320
1041530040;;15030
1041530050;;9307
1041530060;;20855
1041530070;;2100
1041530080;;32140000
1041540000;;1460
1041550000;;10030000
1041550010;;1235
1041550020;;741000
1041550021;;740100
1041550022;;740200
1041550023;;740300
1042500000;;23110000
1042500020;;10010
1042510000;;1430
1042510900;;15130000
1042520000;;15040
1042520010;;2903
1042520020;;2020
1042520030;;2909
1042520040;;20691
1042530000;;53010000
1042530010;;10164
1042540000;;15080
1042540010;;2904
1042540020;;1180
1042540030;;15430
1042540040;;15341
1042540050;;50090000
1042540060;;42040000
1042540061;;51000000
1042540070;;20811
1042540080;;1410
1042540090;;1210
1042540100;;190
1042550000;;12130000
1043500000;;34060000
1043500010;;20802
1043500030;;9364
1043520000;;10070
1043520030;;2904
1043520500;;1021
1043530000;;2908
1043530010;;2909
1043530100;;8185
1043530020;;2050
1043530030;;1530
1043530040;;10104
1043530050;;2904
1043530060;;2906
1043530070;;20760
1043530400;;8947
1044520000;;51000000
1044520010;;2905
1044520020;;2901
1044530010;;2903
1045520000;;3060
1045520010;;20855
1045520020;;10105
1045520030;;10104
1044530200;;11003
1044530201;;11019
1044530210;;11012
1044530300;;31090000
1038510400;;10010
1039510400;;10010
1039520400;;10020
1041540400;;10010
1040510400;;10020
1042510400;;10010
1042510410;;10010
1042540400;;10010
1043520400;;10010
1043520410;;10010
1036540400;;10010
1037530400;;10010
1040520500;;8606
1042510500;;8607
1036540500;;8608
1037500000;;900
1037500001;;910
1037500002;;241000
1037500100;;10010
1047510000;;1500
1047510010;;2906
1047510300;;1480
1048510000;;10166
1048510700;;22500
1049520000;;1470
1049520800;;10010
1049530000;;15000
1049530010;;1120
1049530020;;2909
1049530030;;4410
1049530300;;15030
1049530700;;8611
1049530900;;8953
1050530000;;10166
1050530300;;20802
1050530700;;10166
1050540000;;10070
1050540800;;20691
1050540810;;4910
1051550300;;2906
1051550310;;1530
1051550320;;2020
1051550330;;2912
1050560300;;20685
1050560500;;3310
1050560510;;1320
1050560520;;10106
1050560600;;10140
1050560620;;900000
1050560621;;900100
1050560622;;900200
1050560623;;900300
1050560700;;20050000
1050560701;;650000
1050560702;;650100
1050560703;;650200
1050560704;;650300
1050560800;;10107
1050560820;;3001
1052570000;;930
1052570300;;920
1052570310;;15040
1052570800;;10010
1052570810;;10106
1053570300;;2910
1053560300;;10167
1053560310;;2909
1053560700;;2911
1053560710;;2911
1053560720;;2911
1053560800;;2906
1053560810;;2906
1052570900;;4210
1054550000;;10106
1054550310;;8957
1054550800;;10020
1052560300;;53020000
1052560310;;190
1051530000;;10140
1051530010;;10106
1051530300;;1530
1051530500;;9040000
1051530501;;872000
1051530600;;65300
1051530700;;10167
1051530800;;10020
1051530810;;3310
1051540000;;1320
1051540800;;1750
1052530000;;2909
1052530800;;10010
1052540000;;2050
1052540010;;2909
1052540020;;2909
1052540700;;8612
1052540800;;1290
1052540790;;11020
1052550000;;20802
1052550010;;10106
1052550020;;2909
1052550030;;20802
1052550040;;10106
1052550300;;2907
1052550310;;8000
1052550700;;32150000
1052550800;;20855
1052550900;;8856
1051560020;;10200
1051560030;;1470
1051560300;;20852
1051560310;;2100
1051560320;;2909
1051560700;;10167
1051560800;;20653
1051560810;;20653
1051560900;;3080
1051570000;;1470
1051570010;;2909
1051570020;;10104
1051570030;;1750
1051570040;;2909
1051570050;;2909
1051570060;;20800
1051570070;;1011
1051570080;;10106
1051570090;;10104
1051570100;;10105
1051570110;;10167
1051570120;;2909
1051570130;;15100
1051570140;;2910
1051570150;;920
1051570160;;150
1051570170;;10105
1051570180;;920
1051570190;;10167
1051570200;;2908
1051570210;;190
1051570220;;14140000
1051570230;;2909
1051570300;;8000
1051570600;;7100000
1051570720;;3130000
1051570721;;2090
1051570800;;10166
1051570801;;15030
1051570802;;15040
1051570810;;10166
1051570811;;15030
1051570812;;15040
1052580800;;2903
1052580810;;2904
1052580820;;2909
1051580800;;8175
1047550000;;10106
1047550010;;20722
1047550020;;2912
1047550030;;8000
1047550040;;2906
1047550900;;7311
1047560300;;2915
1047560310;;10107
1047560320;;920
1047560330;;1740
1047560700;;320000
1047560701;;320100
1047560702;;320300
1046570300;;2900
1046570800;;10106
1046570801;;10107
1048560300;;8000
1048560700;;8618
1048560800;;10168
1048570000;;190
1048570010;;2912
1048570020;;15341
1048570030;;2912
1048570040;;1470
1048570050;;3030
1048570060;;1740
1048570070;;15040
1048570080;;15120
1048570090;;2911
1048570300;;1120
1048570310;;2909
1048570700;;5010
1048570800;;10010
1048570810;;180000
1048570811;;180100
1048570812;;180200
1048570813;;180300
1048570900;;10918
1048570910;;10918
1048570920;;10918
1048570930;;10918
1048580300;;2912
1049540300;;2912
1049540310;;2910
1049540700;;10167
1049540800;;9309
1049540900;;24040000
1048540800;;2900
1048540810;;2902
1048540820;;2905
1048540830;;2908
1048540840;;2910
1048550300;;2912
1048550600;;1161
1048550700;;10140
1048550710;;230000
1048550711;;230100
1048550712;;230200
1048550713;;230300
1048550900;;7060000
1049550300;;10200
1049550310;;15040
1049550320;;20682
1049550330;;20653
1049550700;;8185
1049550800;;10010
1049550810;;2910
1049560300;;15420
1049560310;;15040
1049560320;;15160
1049560330;;1480
1049560340;;20800
1049560350;;10107
1049560360;;9344
1049570700;;10166
1049570710;;10167
1049570720;;10200
1050570300;;3310
1050570800;;1290
1047570300;;2906
1047570310;;2911
1047580000;;10200
1047580800;;31060000
1050550300;;15341
1050550310;;2908
1050550320;;15020
1050550800;;10167
1050550900;;190
944390010;;310
934490010;;310
948380010;;401
948380020;;401
948380030;;401
942370020;;401
945370040;;401
999900000;;12602
999900001;;12319
999900002;;12258
999900003;;12253
999900004;;12302
999900010;;12700
999900011;;12300
999900012;;12313
999900013;;12314
999900014;;12306
999900015;;12307
999900020;;12601
999900021;;12312
999900022;;12315
1042337900;;0
1042337901;;0
1042337902;;0
1042377900;;0
1042377901;;0
1042377902;;0
1042377903;;0
1044357900;;0
1044357901;;0
1044357902;;0
