AtkParam_Npc
  - Row Name: 
  - Row ID: 101000
  - Reference Value: 101000

BehaviorParam
  - Row Name: 
  - Row ID: 101000
  - Reference Value: 101000

Bullet
  - Row Name: 
  - Row ID: 101000
  - Reference Value: 101000

ChrActivateConditionParam
  - Row Name: 
  - Row ID: 101000
  - Reference Value: 101000

EquipParamWeapon
  - Row Name: 
  - Row ID: 101000
  - Reference Value: 101000

ItemLotParam_map
  - Row Name: 
  - Row ID: 101000
  - Reference Value: 101000

SpEffectParam
  - Row Name: 
  - Row ID: 101000
  - Reference Value: 101000

SpEffectSetParam
  - Row Name: 
  - Row ID: 101000
  - Reference Value: 101000

SpEffectVfxParam
  - Row Name: 
  - Row ID: 101000
  - Reference Value: 101000

