Row: 1000
- Field sellValue
- Old Value 0
- New Value -1

Row: 1100
- Field sellValue
- Old Value 0
- New Value -1

Row: 1200
- Field sellValue
- Old Value 0
- New Value -1

Row: 1300
- Field sellValue
- Old Value 0
- New Value -1

Row: 1400
- Field sellValue
- Old Value 0
- New Value -1

Row: 1500
- Field sellValue
- Old Value 0
- New Value -1

Row: 1600
- Field sellValue
- Old Value 0
- New Value -1

Row: 1700
- Field sellValue
- Old Value 0
- New Value -1

Row: 1800
- Field sellValue
- Old Value 0
- New Value -1

Row: 1900
- Field sellValue
- Old Value 0
- New Value -1

Row: 2000
- Field sellValue
- Old Value 0
- New Value -1

Row: 2100
- Field sellValue
- Old Value 0
- New Value -1

Row: 2200
- Field sellValue
- Old Value 0
- New Value -1

Row: 2300
- Field sellValue
- Old Value 0
- New Value -1

Row: 2400
- Field sellValue
- Old Value 0
- New Value -1

Row: 2500
- Field sellValue
- Old Value 0
- New Value -1

Row: 2600
- Field sellValue
- Old Value 0
- New Value -1

Row: 2700
- Field sellValue
- Old Value 0
- New Value -1

Row: 2800
- Field sellValue
- Old Value 0
- New Value -1

Row: 2900
- Field sellValue
- Old Value 0
- New Value -1

Row: 3000
- Field sellValue
- Old Value 0
- New Value -1

Row: 3100
- Field sellValue
- Old Value 0
- New Value -1

Row: 3200
- Field sellValue
- Old Value 0
- New Value -1

Row: 3300
- Field sellValue
- Old Value 0
- New Value -1

Row: 3400
- Field sellValue
- Old Value 0
- New Value -1

Row: 3500
- Field sellValue
- Old Value 0
- New Value -1

Row: 3600
- Field sellValue
- Old Value 0
- New Value -1

Row: 3700
- Field sellValue
- Old Value 0
- New Value -1

Row: 3800
- Field sellValue
- Old Value 0
- New Value -1

Row: 3900
- Field sellValue
- Old Value 0
- New Value -1

Row: 4000
- Field sellValue
- Old Value 0
- New Value -1

Row: 4100
- Field sellValue
- Old Value 0
- New Value -1

Row: 4200
- Field sellValue
- Old Value 0
- New Value -1

Row: 4300
- Field sellValue
- Old Value 0
- New Value -1

Row: 4400
- Field sellValue
- Old Value 0
- New Value -1

Row: 4500
- Field sellValue
- Old Value 0
- New Value -1

Row: 4600
- Field sellValue
- Old Value 0
- New Value -1

Row: 4700
- Field sellValue
- Old Value 0
- New Value -1

Row: 4800
- Field sellValue
- Old Value 0
- New Value -1

Row: 4900
- Field sellValue
- Old Value 0
- New Value -1

Row: 5000
- Field sellValue
- Old Value 0
- New Value -1

Row: 10000
- Field sellValue
- Old Value 0
- New Value -1

Row: 10100
- Field sellValue
- Old Value 0
- New Value -1

Row: 10200
- Field sellValue
- Old Value 0
- New Value -1

Row: 10300
- Field sellValue
- Old Value 0
- New Value -1

Row: 40000
- Field sellValue
- Old Value 200
- New Value -1

Row: 40100
- Field sellValue
- Old Value 200
- New Value -1

Row: 40200
- Field sellValue
- Old Value 200
- New Value -1

Row: 40300
- Field sellValue
- Old Value 200
- New Value -1

Row: 50000
- Field sellValue
- Old Value 100
- New Value -1

Row: 50100
- Field sellValue
- Old Value 100
- New Value -1

Row: 50200
- Field sellValue
- Old Value 100
- New Value -1

Row: 50300
- Field sellValue
- Old Value 100
- New Value -1

Row: 60000
- Field sellValue
- Old Value 500
- New Value -1

Row: 60100
- Field sellValue
- Old Value 500
- New Value -1

Row: 60200
- Field sellValue
- Old Value 500
- New Value -1

Row: 60300
- Field sellValue
- Old Value 500
- New Value -1

Row: 61000
- Field sellValue
- Old Value 500
- New Value -1

Row: 61100
- Field sellValue
- Old Value 500
- New Value -1

Row: 80000
- Field sellValue
- Old Value 500
- New Value -1

Row: 80100
- Field sellValue
- Old Value 500
- New Value -1

Row: 80200
- Field sellValue
- Old Value 500
- New Value -1

Row: 80300
- Field sellValue
- Old Value 500
- New Value -1

Row: 81100
- Field sellValue
- Old Value 500
- New Value -1

Row: 90000
- Field sellValue
- Old Value 500
- New Value -1

Row: 90100
- Field sellValue
- Old Value 500
- New Value -1

Row: 90200
- Field sellValue
- Old Value 500
- New Value -1

Row: 90300
- Field sellValue
- Old Value 500
- New Value -1

Row: 91100
- Field sellValue
- Old Value 500
- New Value -1

Row: 100000
- Field sellValue
- Old Value 100
- New Value -1

Row: 100100
- Field sellValue
- Old Value 100
- New Value -1

Row: 100200
- Field sellValue
- Old Value 100
- New Value -1

Row: 100300
- Field sellValue
- Old Value 100
- New Value -1

Row: 101100
- Field sellValue
- Old Value 100
- New Value -1

Row: 120000
- Field sellValue
- Old Value 200
- New Value -1

Row: 120100
- Field sellValue
- Old Value 200
- New Value -1

Row: 120200
- Field sellValue
- Old Value 200
- New Value -1

Row: 120300
- Field sellValue
- Old Value 200
- New Value -1

Row: 121000
- Field sellValue
- Old Value 200
- New Value -1

Row: 121100
- Field sellValue
- Old Value 200
- New Value -1

Row: 130000
- Field sellValue
- Old Value 200
- New Value -1

Row: 130100
- Field sellValue
- Old Value 200
- New Value -1

Row: 130200
- Field sellValue
- Old Value 200
- New Value -1

Row: 130300
- Field sellValue
- Old Value 200
- New Value -1

Row: 131100
- Field sellValue
- Old Value 200
- New Value -1

Row: 140000
- Field sellValue
- Old Value 500
- New Value -1

Row: 140100
- Field sellValue
- Old Value 500
- New Value -1

Row: 140200
- Field sellValue
- Old Value 500
- New Value -1

Row: 140300
- Field sellValue
- Old Value 500
- New Value -1

Row: 150000
- Field sellValue
- Old Value 200
- New Value -1

Row: 150100
- Field sellValue
- Old Value 200
- New Value -1

Row: 150200
- Field sellValue
- Old Value 200
- New Value -1

Row: 150300
- Field sellValue
- Old Value 200
- New Value -1

Row: 151100
- Field sellValue
- Old Value 200
- New Value -1

Row: 160000
- Field sellValue
- Old Value 10
- New Value -1

Row: 160100
- Field sellValue
- Old Value 10
- New Value -1

Row: 160300
- Field sellValue
- Old Value 10
- New Value -1

Row: 170000
- Field sellValue
- Old Value 500
- New Value -1

Row: 170100
- Field sellValue
- Old Value 500
- New Value -1

Row: 170200
- Field sellValue
- Old Value 500
- New Value -1

Row: 170300
- Field sellValue
- Old Value 500
- New Value -1

Row: 171100
- Field sellValue
- Old Value 500
- New Value -1

Row: 180000
- Field sellValue
- Old Value 500
- New Value -1

Row: 180100
- Field sellValue
- Old Value 500
- New Value -1

Row: 180200
- Field sellValue
- Old Value 500
- New Value -1

Row: 180300
- Field sellValue
- Old Value 500
- New Value -1

Row: 181100
- Field sellValue
- Old Value 500
- New Value -1

Row: 190000
- Field sellValue
- Old Value 100
- New Value -1

Row: 190100
- Field sellValue
- Old Value 100
- New Value -1

Row: 190200
- Field sellValue
- Old Value 100
- New Value -1

Row: 190300
- Field sellValue
- Old Value 100
- New Value -1

Row: 200000
- Field sellValue
- Old Value 100
- New Value -1

Row: 200100
- Field sellValue
- Old Value 100
- New Value -1

Row: 200200
- Field sellValue
- Old Value 100
- New Value -1

Row: 200300
- Field sellValue
- Old Value 100
- New Value -1

Row: 201000
- Field sellValue
- Old Value 100
- New Value -1

Row: 201100
- Field sellValue
- Old Value 100
- New Value -1

Row: 202100
- Field sellValue
- Old Value 100
- New Value -1

Row: 210000
- Field sellValue
- Old Value 500
- New Value -1

Row: 210100
- Field sellValue
- Old Value 500
- New Value -1

Row: 210200
- Field sellValue
- Old Value 500
- New Value -1

Row: 210300
- Field sellValue
- Old Value 500
- New Value -1

Row: 211100
- Field sellValue
- Old Value 500
- New Value -1

Row: 220000
- Field sellValue
- Old Value 200
- New Value -1

Row: 220100
- Field sellValue
- Old Value 200
- New Value -1

Row: 220300
- Field sellValue
- Old Value 200
- New Value -1

Row: 221100
- Field sellValue
- Old Value 200
- New Value -1

Row: 230000
- Field sellValue
- Old Value 500
- New Value -1

Row: 230100
- Field sellValue
- Old Value 500
- New Value -1

Row: 230200
- Field sellValue
- Old Value 500
- New Value -1

Row: 230300
- Field sellValue
- Old Value 500
- New Value -1

Row: 231000
- Field sellValue
- Old Value 500
- New Value -1

Row: 231100
- Field sellValue
- Old Value 500
- New Value -1

Row: 240000
- Field sellValue
- Old Value 500
- New Value -1

Row: 240100
- Field sellValue
- Old Value 500
- New Value -1

Row: 240200
- Field sellValue
- Old Value 500
- New Value -1

Row: 240300
- Field sellValue
- Old Value 500
- New Value -1

Row: 241100
- Field sellValue
- Old Value 500
- New Value -1

Row: 250000
- Field sellValue
- Old Value 100
- New Value -1

Row: 250100
- Field sellValue
- Old Value 100
- New Value -1

Row: 250300
- Field sellValue
- Old Value 100
- New Value -1

Row: 251100
- Field sellValue
- Old Value 100
- New Value -1

Row: 260000
- Field sellValue
- Old Value 1000
- New Value -1

Row: 260100
- Field sellValue
- Old Value 1000
- New Value -1

Row: 260200
- Field sellValue
- Old Value 1000
- New Value -1

Row: 260300
- Field sellValue
- Old Value 1000
- New Value -1

Row: 270000
- Field sellValue
- Old Value 1000
- New Value -1

Row: 270100
- Field sellValue
- Old Value 1000
- New Value -1

Row: 270200
- Field sellValue
- Old Value 1000
- New Value -1

Row: 270300
- Field sellValue
- Old Value 1000
- New Value -1

Row: 271100
- Field sellValue
- Old Value 1000
- New Value -1

Row: 280000
- Field sellValue
- Old Value 1000
- New Value -1

Row: 280100
- Field sellValue
- Old Value 1000
- New Value -1

Row: 280200
- Field sellValue
- Old Value 1000
- New Value -1

Row: 280300
- Field sellValue
- Old Value 1000
- New Value -1

Row: 281100
- Field sellValue
- Old Value 1000
- New Value -1

Row: 290000
- Field sellValue
- Old Value 200
- New Value -1

Row: 290100
- Field sellValue
- Old Value 200
- New Value -1

Row: 290200
- Field sellValue
- Old Value 200
- New Value -1

Row: 290300
- Field sellValue
- Old Value 200
- New Value -1

Row: 291000
- Field sellValue
- Old Value 200
- New Value -1

Row: 291100
- Field sellValue
- Old Value 200
- New Value -1

Row: 292000
- Field sellValue
- Old Value 200
- New Value -1

Row: 292100
- Field sellValue
- Old Value 200
- New Value -1

Row: 293000
- Field sellValue
- Old Value 200
- New Value -1

Row: 293100
- Field sellValue
- Old Value 200
- New Value -1

Row: 294000
- Field sellValue
- Old Value 200
- New Value -1

Row: 294100
- Field sellValue
- Old Value 200
- New Value -1

Row: 300000
- Field sellValue
- Old Value 100
- New Value -1

Row: 300100
- Field sellValue
- Old Value 100
- New Value -1

Row: 300300
- Field sellValue
- Old Value 100
- New Value -1

Row: 301000
- Field sellValue
- Old Value 100
- New Value -1

Row: 301100
- Field sellValue
- Old Value 100
- New Value -1

Row: 301300
- Field sellValue
- Old Value 100
- New Value -1

Row: 310000
- Field sellValue
- Old Value 200
- New Value -1

Row: 310100
- Field sellValue
- Old Value 200
- New Value -1

Row: 310300
- Field sellValue
- Old Value 200
- New Value -1

Row: 311100
- Field sellValue
- Old Value 200
- New Value -1

Row: 320000
- Field sellValue
- Old Value 500
- New Value -1

Row: 320100
- Field sellValue
- Old Value 500
- New Value -1

Row: 320300
- Field sellValue
- Old Value 500
- New Value -1

Row: 330000
- Field sellValue
- Old Value 100
- New Value -1

Row: 330100
- Field sellValue
- Old Value 100
- New Value -1

Row: 330200
- Field sellValue
- Old Value 100
- New Value -1

Row: 330300
- Field sellValue
- Old Value 100
- New Value -1

Row: 331100
- Field sellValue
- Old Value 100
- New Value -1

Row: 340000
- Field sellValue
- Old Value 200
- New Value -1

Row: 340100
- Field sellValue
- Old Value 200
- New Value -1

Row: 340200
- Field sellValue
- Old Value 200
- New Value -1

Row: 340300
- Field sellValue
- Old Value 200
- New Value -1

Row: 341000
- Field sellValue
- Old Value 200
- New Value -1

Row: 341100
- Field sellValue
- Old Value 200
- New Value -1

Row: 350000
- Field sellValue
- Old Value 100
- New Value -1

Row: 350100
- Field sellValue
- Old Value 100
- New Value -1

Row: 350200
- Field sellValue
- Old Value 100
- New Value -1

Row: 350300
- Field sellValue
- Old Value 100
- New Value -1

Row: 351000
- Field sellValue
- Old Value 100
- New Value -1

Row: 351100
- Field sellValue
- Old Value 100
- New Value -1

Row: 351200
- Field sellValue
- Old Value 100
- New Value -1

Row: 351300
- Field sellValue
- Old Value 100
- New Value -1

Row: 360000
- Field sellValue
- Old Value 500
- New Value -1

Row: 360100
- Field sellValue
- Old Value 500
- New Value -1

Row: 360200
- Field sellValue
- Old Value 500
- New Value -1

Row: 360300
- Field sellValue
- Old Value 500
- New Value -1

Row: 361100
- Field sellValue
- Old Value 500
- New Value -1

Row: 370000
- Field sellValue
- Old Value 1000
- New Value -1

Row: 370100
- Field sellValue
- Old Value 10
- New Value -1

Row: 370300
- Field sellValue
- Old Value 10
- New Value -1

Row: 371100
- Field sellValue
- Old Value 10
- New Value -1

Row: 380000
- Field sellValue
- Old Value 10
- New Value -1

Row: 380100
- Field sellValue
- Old Value 10
- New Value -1

Row: 390000
- Field sellValue
- Old Value 10
- New Value -1

Row: 390100
- Field sellValue
- Old Value 10
- New Value -1

Row: 390300
- Field sellValue
- Old Value 10
- New Value -1

Row: 420000
- Field sellValue
- Old Value 10
- New Value -1

Row: 420100
- Field sellValue
- Old Value 10
- New Value -1

Row: 420200
- Field sellValue
- Old Value 10
- New Value -1

Row: 420300
- Field sellValue
- Old Value 10
- New Value -1

Row: 430000
- Field sellValue
- Old Value 100
- New Value -1

Row: 430100
- Field sellValue
- Old Value 100
- New Value -1

Row: 430300
- Field sellValue
- Old Value 100
- New Value -1

Row: 440000
- Field sellValue
- Old Value 100
- New Value -1

Row: 460000
- Field sellValue
- Old Value 2000
- New Value -1

Row: 460100
- Field sellValue
- Old Value 2000
- New Value -1

Row: 460200
- Field sellValue
- Old Value 2000
- New Value -1

Row: 460300
- Field sellValue
- Old Value 2000
- New Value -1

Row: 461100
- Field sellValue
- Old Value 2000
- New Value -1

Row: 470000
- Field sellValue
- Old Value 2000
- New Value -1

Row: 470100
- Field sellValue
- Old Value 2000
- New Value -1

Row: 470200
- Field sellValue
- Old Value 2000
- New Value -1

Row: 470300
- Field sellValue
- Old Value 2000
- New Value -1

Row: 471100
- Field sellValue
- Old Value 2000
- New Value -1

Row: 480100
- Field sellValue
- Old Value 2000
- New Value -1

Row: 481100
- Field sellValue
- Old Value 2000
- New Value -1

Row: 510000
- Field sellValue
- Old Value 2000
- New Value -1

Row: 510100
- Field sellValue
- Old Value 2000
- New Value -1

Row: 510200
- Field sellValue
- Old Value 2000
- New Value -1

Row: 510300
- Field sellValue
- Old Value 2000
- New Value -1

Row: 520000
- Field sellValue
- Old Value 1000
- New Value -1

Row: 520100
- Field sellValue
- Old Value 1000
- New Value -1

Row: 520200
- Field sellValue
- Old Value 1000
- New Value -1

Row: 520300
- Field sellValue
- Old Value 1000
- New Value -1

Row: 530000
- Field sellValue
- Old Value 1000
- New Value -1

Row: 530100
- Field sellValue
- Old Value 1000
- New Value -1

Row: 530200
- Field sellValue
- Old Value 1000
- New Value -1

Row: 530300
- Field sellValue
- Old Value 1000
- New Value -1

Row: 540000
- Field sellValue
- Old Value 500
- New Value -1

Row: 540100
- Field sellValue
- Old Value 500
- New Value -1

Row: 540200
- Field sellValue
- Old Value 500
- New Value -1

Row: 540300
- Field sellValue
- Old Value 500
- New Value -1

Row: 541100
- Field sellValue
- Old Value 500
- New Value -1

Row: 570000
- Field sellValue
- Old Value 1000
- New Value -1

Row: 570100
- Field sellValue
- Old Value 1000
- New Value -1

Row: 570200
- Field sellValue
- Old Value 1000
- New Value -1

Row: 570300
- Field sellValue
- Old Value 1000
- New Value -1

Row: 571000
- Field sellValue
- Old Value 1000
- New Value -1

Row: 571100
- Field sellValue
- Old Value 1000
- New Value -1

Row: 572100
- Field sellValue
- Old Value 1000
- New Value -1

Row: 573100
- Field sellValue
- Old Value 1000
- New Value -1

Row: 580000
- Field sellValue
- Old Value 1000
- New Value -1

Row: 580100
- Field sellValue
- Old Value 1000
- New Value -1

Row: 580200
- Field sellValue
- Old Value 1000
- New Value -1

Row: 580300
- Field sellValue
- Old Value 1000
- New Value -1

Row: 581000
- Field sellValue
- Old Value 1000
- New Value -1

Row: 581100
- Field sellValue
- Old Value 1000
- New Value -1

Row: 581200
- Field sellValue
- Old Value 1000
- New Value -1

Row: 590000
- Field sellValue
- Old Value 1000
- New Value -1

Row: 590100
- Field sellValue
- Old Value 1000
- New Value -1

Row: 590200
- Field sellValue
- Old Value 1000
- New Value -1

Row: 590300
- Field sellValue
- Old Value 1000
- New Value -1

Row: 591100
- Field sellValue
- Old Value 1000
- New Value -1

Row: 600000
- Field sellValue
- Old Value 1000
- New Value -1

Row: 600100
- Field sellValue
- Old Value 1000
- New Value -1

Row: 600200
- Field sellValue
- Old Value 1000
- New Value -1

Row: 600300
- Field sellValue
- Old Value 1000
- New Value -1

Row: 601100
- Field sellValue
- Old Value 1000
- New Value -1

Row: 610000
- Field sellValue
- Old Value 100
- New Value -1

Row: 610100
- Field sellValue
- Old Value 100
- New Value -1

Row: 610200
- Field sellValue
- Old Value 100
- New Value -1

Row: 610300
- Field sellValue
- Old Value 100
- New Value -1

Row: 611000
- Field sellValue
- Old Value 100
- New Value -1

Row: 611100
- Field sellValue
- Old Value 100
- New Value -1

Row: 620000
- Field sellValue
- Old Value 100
- New Value -1

Row: 620100
- Field sellValue
- Old Value 100
- New Value -1

Row: 620300
- Field sellValue
- Old Value 100
- New Value -1

Row: 621100
- Field sellValue
- Old Value 100
- New Value -1

Row: 622100
- Field sellValue
- Old Value 100
- New Value -1

Row: 630000
- Field sellValue
- Old Value 100
- New Value -1

Row: 630100
- Field sellValue
- Old Value 100
- New Value -1

Row: 630200
- Field sellValue
- Old Value 100
- New Value -1

Row: 630300
- Field sellValue
- Old Value 100
- New Value -1

Row: 631100
- Field sellValue
- Old Value 100
- New Value -1

Row: 640000
- Field sellValue
- Old Value 500
- New Value -1

Row: 640100
- Field sellValue
- Old Value 500
- New Value -1

Row: 640200
- Field sellValue
- Old Value 500
- New Value -1

Row: 640300
- Field sellValue
- Old Value 500
- New Value -1

Row: 641100
- Field sellValue
- Old Value 500
- New Value -1

Row: 650000
- Field sellValue
- Old Value 3000
- New Value -1

Row: 650100
- Field sellValue
- Old Value 3000
- New Value -1

Row: 650200
- Field sellValue
- Old Value 3000
- New Value -1

Row: 650300
- Field sellValue
- Old Value 3000
- New Value -1

Row: 651000
- Field sellValue
- Old Value 3000
- New Value -1

Row: 652100
- Field sellValue
- Old Value 3000
- New Value -1

Row: 660000
- Field sellValue
- Old Value 100
- New Value -1

Row: 660100
- Field sellValue
- Old Value 100
- New Value -1

Row: 660200
- Field sellValue
- Old Value 100
- New Value -1

Row: 660300
- Field sellValue
- Old Value 100
- New Value -1

Row: 661100
- Field sellValue
- Old Value 100
- New Value -1

Row: 670000
- Field sellValue
- Old Value 100
- New Value -1

Row: 670100
- Field sellValue
- Old Value 100
- New Value -1

Row: 670200
- Field sellValue
- Old Value 100
- New Value -1

Row: 670300
- Field sellValue
- Old Value 100
- New Value -1

Row: 680000
- Field sellValue
- Old Value 100
- New Value -1

Row: 680100
- Field sellValue
- Old Value 100
- New Value -1

Row: 680200
- Field sellValue
- Old Value 100
- New Value -1

Row: 680300
- Field sellValue
- Old Value 100
- New Value -1

Row: 681100
- Field sellValue
- Old Value 100
- New Value -1

Row: 690000
- Field sellValue
- Old Value 500
- New Value -1

Row: 690100
- Field sellValue
- Old Value 500
- New Value -1

Row: 690200
- Field sellValue
- Old Value 500
- New Value -1

Row: 690300
- Field sellValue
- Old Value 500
- New Value -1

Row: 700000
- Field sellValue
- Old Value 500
- New Value -1

Row: 700100
- Field sellValue
- Old Value 500
- New Value -1

Row: 700200
- Field sellValue
- Old Value 500
- New Value -1

Row: 700300
- Field sellValue
- Old Value 500
- New Value -1

Row: 701000
- Field sellValue
- Old Value 500
- New Value -1

Row: 702000
- Field sellValue
- Old Value 500
- New Value -1

Row: 720000
- Field sellValue
- Old Value 200
- New Value -1

Row: 720100
- Field sellValue
- Old Value 200
- New Value -1

Row: 720200
- Field sellValue
- Old Value 200
- New Value -1

Row: 720300
- Field sellValue
- Old Value 200
- New Value -1

Row: 721100
- Field sellValue
- Old Value 200
- New Value -1

Row: 730000
- Field sellValue
- Old Value 100
- New Value -1

Row: 730100
- Field sellValue
- Old Value 100
- New Value -1

Row: 730200
- Field sellValue
- Old Value 100
- New Value -1

Row: 730300
- Field sellValue
- Old Value 100
- New Value -1

Row: 740000
- Field sellValue
- Old Value 500
- New Value -1

Row: 740100
- Field sellValue
- Old Value 500
- New Value -1

Row: 740200
- Field sellValue
- Old Value 500
- New Value -1

Row: 740300
- Field sellValue
- Old Value 500
- New Value -1

Row: 741000
- Field sellValue
- Old Value 500
- New Value -1

Row: 742000
- Field sellValue
- Old Value 500
- New Value -1

Row: 760000
- Field sellValue
- Old Value 2000
- New Value -1

Row: 760100
- Field sellValue
- Old Value 2000
- New Value -1

Row: 760200
- Field sellValue
- Old Value 2000
- New Value -1

Row: 760300
- Field sellValue
- Old Value 2000
- New Value -1

Row: 761100
- Field sellValue
- Old Value 2000
- New Value -1

Row: 770000
- Field sellValue
- Old Value 2000
- New Value -1

Row: 770100
- Field sellValue
- Old Value 2000
- New Value -1

Row: 770200
- Field sellValue
- Old Value 2000
- New Value -1

Row: 770300
- Field sellValue
- Old Value 2000
- New Value -1

Row: 771100
- Field sellValue
- Old Value 2000
- New Value -1

Row: 780000
- Field sellValue
- Old Value 1000
- New Value -1

Row: 780100
- Field sellValue
- Old Value 1000
- New Value -1

Row: 780200
- Field sellValue
- Old Value 1000
- New Value -1

Row: 780300
- Field sellValue
- Old Value 1000
- New Value -1

Row: 781100
- Field sellValue
- Old Value 1000
- New Value -1

Row: 790000
- Field sellValue
- Old Value 1000
- New Value -1

Row: 790100
- Field sellValue
- Old Value 1000
- New Value -1

Row: 790200
- Field sellValue
- Old Value 1000
- New Value -1

Row: 790300
- Field sellValue
- Old Value 1000
- New Value -1

Row: 791100
- Field sellValue
- Old Value 1000
- New Value -1

Row: 800000
- Field sellValue
- Old Value 100
- New Value -1

Row: 800100
- Field sellValue
- Old Value 100
- New Value -1

Row: 801000
- Field sellValue
- Old Value 100
- New Value -1

Row: 801100
- Field sellValue
- Old Value 100
- New Value -1

Row: 802000
- Field sellValue
- Old Value 100
- New Value -1

Row: 802100
- Field sellValue
- Old Value 100
- New Value -1

Row: 810000
- Field sellValue
- Old Value 10
- New Value -1

Row: 810100
- Field sellValue
- Old Value 10
- New Value -1

Row: 810300
- Field sellValue
- Old Value 10
- New Value -1

Row: 811000
- Field sellValue
- Old Value 10
- New Value -1

Row: 811100
- Field sellValue
- Old Value 10
- New Value -1

Row: 812000
- Field sellValue
- Old Value 10
- New Value -1

Row: 812100
- Field sellValue
- Old Value 10
- New Value -1

Row: 820000
- Field sellValue
- Old Value 100
- New Value -1

Row: 830000
- Field sellValue
- Old Value 100
- New Value -1

Row: 830100
- Field sellValue
- Old Value 100
- New Value -1

Row: 830200
- Field sellValue
- Old Value 100
- New Value -1

Row: 830300
- Field sellValue
- Old Value 100
- New Value -1

Row: 831000
- Field sellValue
- Old Value 500
- New Value -1

Row: 832000
- Field sellValue
- Old Value 500
- New Value -1

Row: 833000
- Field sellValue
- Old Value 500
- New Value -1

Row: 834000
- Field sellValue
- Old Value 500
- New Value -1

Row: 834100
- Field sellValue
- Old Value 500
- New Value -1

Row: 835000
- Field sellValue
- Old Value 500
- New Value -1

Row: 835100
- Field sellValue
- Old Value 100
- New Value -1

Row: 835200
- Field sellValue
- Old Value 100
- New Value -1

Row: 835300
- Field sellValue
- Old Value 100
- New Value -1

Row: 836000
- Field sellValue
- Old Value 500
- New Value -1

Row: 840000
- Field sellValue
- Old Value 100
- New Value -1

Row: 840100
- Field sellValue
- Old Value 100
- New Value -1

Row: 850000
- Field sellValue
- Old Value 100
- New Value -1

Row: 860000
- Field sellValue
- Old Value 200
- New Value -1

Row: 860100
- Field sellValue
- Old Value 200
- New Value -1

Row: 860200
- Field sellValue
- Old Value 200
- New Value -1

Row: 860300
- Field sellValue
- Old Value 200
- New Value -1

Row: 861100
- Field sellValue
- Old Value 200
- New Value -1

Row: 870000
- Field sellValue
- Old Value 200
- New Value -1

Row: 870100
- Field sellValue
- Old Value 200
- New Value -1

Row: 870200
- Field sellValue
- Old Value 200
- New Value -1

Row: 870300
- Field sellValue
- Old Value 200
- New Value -1

Row: 871100
- Field sellValue
- Old Value 200
- New Value -1

Row: 872000
- Field sellValue
- Old Value 200
- New Value -1

Row: 872100
- Field sellValue
- Old Value 200
- New Value -1

Row: 872200
- Field sellValue
- Old Value 200
- New Value -1

Row: 872300
- Field sellValue
- Old Value 200
- New Value -1

Row: 873000
- Field sellValue
- Old Value 200
- New Value -1

Row: 880000
- Field sellValue
- Old Value 100
- New Value -1

Row: 880100
- Field sellValue
- Old Value 100
- New Value -1

Row: 880200
- Field sellValue
- Old Value 100
- New Value -1

Row: 880300
- Field sellValue
- Old Value 100
- New Value -1

Row: 881000
- Field sellValue
- Old Value 100
- New Value -1

Row: 881100
- Field sellValue
- Old Value 100
- New Value -1

Row: 890000
- Field sellValue
- Old Value 100
- New Value -1

Row: 890100
- Field sellValue
- Old Value 100
- New Value -1

Row: 890300
- Field sellValue
- Old Value 100
- New Value -1

Row: 891000
- Field sellValue
- Old Value 100
- New Value -1

Row: 892100
- Field sellValue
- Old Value 100
- New Value -1

Row: 900000
- Field sellValue
- Old Value 10
- New Value -1

Row: 900100
- Field sellValue
- Old Value 10
- New Value -1

Row: 900200
- Field sellValue
- Old Value 10
- New Value -1

Row: 900300
- Field sellValue
- Old Value 10
- New Value -1

Row: 901100
- Field sellValue
- Old Value 10
- New Value -1

Row: 901200
- Field sellValue
- Old Value 10
- New Value -1

Row: 901600
- Field sellValue
- Old Value 10
- New Value -1

Row: 902000
- Field sellValue
- Old Value 500
- New Value -1

Row: 902100
- Field sellValue
- Old Value 500
- New Value -1

Row: 902300
- Field sellValue
- Old Value 500
- New Value -1

Row: 903100
- Field sellValue
- Old Value 500
- New Value -1

Row: 904100
- Field sellValue
- Old Value 100
- New Value -1

Row: 910000
- Field sellValue
- Old Value 200
- New Value -1

Row: 910100
- Field sellValue
- Old Value 200
- New Value -1

Row: 910200
- Field sellValue
- Old Value 200
- New Value -1

Row: 910300
- Field sellValue
- Old Value 200
- New Value -1

Row: 911000
- Field sellValue
- Old Value 200
- New Value -1

Row: 911100
- Field sellValue
- Old Value 200
- New Value -1

Row: 912000
- Field sellValue
- Old Value 100
- New Value -1

Row: 912100
- Field sellValue
- Old Value 100
- New Value -1

Row: 912200
- Field sellValue
- Old Value 100
- New Value -1

Row: 912300
- Field sellValue
- Old Value 100
- New Value -1

Row: 913000
- Field sellValue
- Old Value 200
- New Value -1

Row: 920000
- Field sellValue
- Old Value 100
- New Value -1

Row: 930000
- Field sellValue
- Old Value 100
- New Value -1

Row: 930100
- Field sellValue
- Old Value 100
- New Value -1

Row: 930200
- Field sellValue
- Old Value 100
- New Value -1

Row: 930300
- Field sellValue
- Old Value 100
- New Value -1

Row: 931100
- Field sellValue
- Old Value 100
- New Value -1

Row: 940000
- Field sellValue
- Old Value 100
- New Value -1

Row: 940100
- Field sellValue
- Old Value 100
- New Value -1

Row: 940200
- Field sellValue
- Old Value 100
- New Value -1

Row: 940300
- Field sellValue
- Old Value 100
- New Value -1

Row: 941000
- Field sellValue
- Old Value 100
- New Value -1

Row: 950000
- Field sellValue
- Old Value 500
- New Value -1

Row: 950100
- Field sellValue
- Old Value 500
- New Value -1

Row: 950200
- Field sellValue
- Old Value 500
- New Value -1

Row: 950300
- Field sellValue
- Old Value 500
- New Value -1

Row: 951100
- Field sellValue
- Old Value 500
- New Value -1

Row: 960000
- Field sellValue
- Old Value 500
- New Value -1

Row: 960100
- Field sellValue
- Old Value 500
- New Value -1

Row: 960300
- Field sellValue
- Old Value 500
- New Value -1

Row: 961000
- Field sellValue
- Old Value 500
- New Value -1

Row: 961100
- Field sellValue
- Old Value 500
- New Value -1

Row: 962100
- Field sellValue
- Old Value 500
- New Value -1

Row: 963000
- Field sellValue
- Old Value 500
- New Value -1

Row: 963100
- Field sellValue
- Old Value 500
- New Value -1

Row: 963200
- Field sellValue
- Old Value 500
- New Value -1

Row: 964000
- Field sellValue
- Old Value 500
- New Value -1

Row: 964100
- Field sellValue
- Old Value 500
- New Value -1

Row: 965000
- Field sellValue
- Old Value 500
- New Value -1

Row: 965100
- Field sellValue
- Old Value 500
- New Value -1

Row: 965300
- Field sellValue
- Old Value 500
- New Value -1

Row: 966000
- Field sellValue
- Old Value 500
- New Value -1

Row: 967000
- Field sellValue
- Old Value 500
- New Value -1

Row: 970000
- Field sellValue
- Old Value 500
- New Value -1

Row: 970100
- Field sellValue
- Old Value 500
- New Value -1

Row: 970200
- Field sellValue
- Old Value 500
- New Value -1

Row: 970300
- Field sellValue
- Old Value 500
- New Value -1

Row: 980000
- Field sellValue
- Old Value 500
- New Value -1

Row: 980100
- Field sellValue
- Old Value 500
- New Value -1

Row: 980200
- Field sellValue
- Old Value 500
- New Value -1

Row: 980300
- Field sellValue
- Old Value 500
- New Value -1

Row: 981100
- Field sellValue
- Old Value 500
- New Value -1

Row: 990000
- Field sellValue
- Old Value 500
- New Value -1

Row: 990100
- Field sellValue
- Old Value 500
- New Value -1

Row: 990200
- Field sellValue
- Old Value 500
- New Value -1

Row: 990300
- Field sellValue
- Old Value 500
- New Value -1

Row: 991100
- Field sellValue
- Old Value 500
- New Value -1

Row: 992000
- Field sellValue
- Old Value 500
- New Value -1

Row: 1000000
- Field sellValue
- Old Value 500
- New Value -1

Row: 1000100
- Field sellValue
- Old Value 500
- New Value -1

Row: 1000200
- Field sellValue
- Old Value 500
- New Value -1

Row: 1000300
- Field sellValue
- Old Value 500
- New Value -1

Row: 1010000
- Field sellValue
- Old Value 1000
- New Value -1

Row: 1010100
- Field sellValue
- Old Value 1000
- New Value -1

Row: 1010300
- Field sellValue
- Old Value 1000
- New Value -1

Row: 1011100
- Field sellValue
- Old Value 1000
- New Value -1

Row: 1020100
- Field sellValue
- Old Value 100
- New Value -1

Row: 1020200
- Field sellValue
- Old Value 100
- New Value -1

Row: 1020300
- Field sellValue
- Old Value 100
- New Value -1

Row: 1030000
- Field sellValue
- Old Value 500
- New Value -1

Row: 1030100
- Field sellValue
- Old Value 500
- New Value -1

Row: 1040000
- Field sellValue
- Old Value 500
- New Value -1

Row: 1040100
- Field sellValue
- Old Value 500
- New Value -1

Row: 1040200
- Field sellValue
- Old Value 500
- New Value -1

Row: 1040300
- Field sellValue
- Old Value 500
- New Value -1

Row: 1050100
- Field sellValue
- Old Value 2000
- New Value -1

Row: 1060000
- Field sellValue
- Old Value 100
- New Value -1

Row: 1060100
- Field sellValue
- Old Value 100
- New Value -1

Row: 1070000
- Field sellValue
- Old Value 500
- New Value -1

Row: 1070100
- Field sellValue
- Old Value 500
- New Value -1

Row: 1070200
- Field sellValue
- Old Value 500
- New Value -1

Row: 1070300
- Field sellValue
- Old Value 500
- New Value -1

Row: 1080000
- Field sellValue
- Old Value 200
- New Value -1

Row: 1081000
- Field sellValue
- Old Value 200
- New Value -1

Row: 1082000
- Field sellValue
- Old Value 200
- New Value -1

Row: 1083000
- Field sellValue
- Old Value 200
- New Value -1

Row: 1084000
- Field sellValue
- Old Value 200
- New Value -1

Row: 1085000
- Field sellValue
- Old Value 200
- New Value -1

Row: 1090000
- Field sellValue
- Old Value 200
- New Value -1

Row: 1100000
- Field sellValue
- Old Value 200
- New Value -1

Row: 1100100
- Field sellValue
- Old Value 200
- New Value -1

Row: 1100200
- Field sellValue
- Old Value 200
- New Value -1

Row: 1100300
- Field sellValue
- Old Value 200
- New Value -1

Row: 1101000
- Field sellValue
- Old Value 500
- New Value -1

Row: 1101100
- Field sellValue
- Old Value 500
- New Value -1

Row: 1102100
- Field sellValue
- Old Value 500
- New Value -1

Row: 1110000
- Field sellValue
- Old Value 100
- New Value -1

Row: 1120000
- Field sellValue
- Old Value 100
- New Value -1

Row: 1130000
- Field sellValue
- Old Value 100
- New Value -1

Row: 1130100
- Field sellValue
- Old Value 100
- New Value -1

Row: 1130200
- Field sellValue
- Old Value 100
- New Value -1

Row: 1130300
- Field sellValue
- Old Value 100
- New Value -1

Row: 1300000
- Field sellValue
- Old Value 1000
- New Value -1

Row: 1301000
- Field sellValue
- Old Value 1000
- New Value -1

Row: 1400000
- Field sellValue
- Old Value 100
- New Value -1

Row: 1400100
- Field sellValue
- Old Value 100
- New Value -1

Row: 1400200
- Field sellValue
- Old Value 100
- New Value -1

Row: 1400300
- Field sellValue
- Old Value 100
- New Value -1

Row: 1401000
- Field sellValue
- Old Value 100
- New Value -1

Row: 1500000
- Field sellValue
- Old Value 200
- New Value -1

Row: 1500100
- Field sellValue
- Old Value 200
- New Value -1

Row: 1500200
- Field sellValue
- Old Value 200
- New Value -1

Row: 1500300
- Field sellValue
- Old Value 200
- New Value -1

Row: 1600000
- Field sellValue
- Old Value 200
- New Value -1

Row: 1610000
- Field sellValue
- Old Value 200
- New Value -1

Row: 1700000
- Field sellValue
- Old Value 100
- New Value -1

Row: 1700100
- Field sellValue
- Old Value 100
- New Value -1

Row: 1700200
- Field sellValue
- Old Value 100
- New Value -1

Row: 1700300
- Field sellValue
- Old Value 100
- New Value -1

Row: 1710000
- Field sellValue
- Old Value 100
- New Value -1

Row: 1710100
- Field sellValue
- Old Value 100
- New Value -1

Row: 1710200
- Field sellValue
- Old Value 100
- New Value -1

Row: 1710300
- Field sellValue
- Old Value 100
- New Value -1

Row: 1720000
- Field sellValue
- Old Value 100
- New Value -1

Row: 1720100
- Field sellValue
- Old Value 100
- New Value -1

Row: 1720200
- Field sellValue
- Old Value 100
- New Value -1

Row: 1720300
- Field sellValue
- Old Value 100
- New Value -1

Row: 1730000
- Field sellValue
- Old Value 100
- New Value -1

Row: 1730100
- Field sellValue
- Old Value 100
- New Value -1

Row: 1730200
- Field sellValue
- Old Value 100
- New Value -1

Row: 1730300
- Field sellValue
- Old Value 100
- New Value -1

Row: 1740100
- Field sellValue
- Old Value 100
- New Value -1

Row: 1740200
- Field sellValue
- Old Value 100
- New Value -1

Row: 1740300
- Field sellValue
- Old Value 100
- New Value -1

Row: 1750000
- Field sellValue
- Old Value 100
- New Value -1

Row: 1750100
- Field sellValue
- Old Value 100
- New Value -1

Row: 1750200
- Field sellValue
- Old Value 100
- New Value -1

Row: 1750300
- Field sellValue
- Old Value 100
- New Value -1

Row: 1760000
- Field sellValue
- Old Value 100
- New Value -1

Row: 1760100
- Field sellValue
- Old Value 100
- New Value -1

Row: 1760200
- Field sellValue
- Old Value 100
- New Value -1

Row: 1760300
- Field sellValue
- Old Value 100
- New Value -1

Row: 1761100
- Field sellValue
- Old Value 100
- New Value -1

Row: 1770000
- Field sellValue
- Old Value 200
- New Value -1

Row: 1770100
- Field sellValue
- Old Value 200
- New Value -1

Row: 1770200
- Field sellValue
- Old Value 200
- New Value -1

Row: 1770300
- Field sellValue
- Old Value 200
- New Value -1

Row: 1771100
- Field sellValue
- Old Value 200
- New Value -1

Row: 1780000
- Field sellValue
- Old Value 200
- New Value -1

Row: 1780100
- Field sellValue
- Old Value 200
- New Value -1

Row: 1780200
- Field sellValue
- Old Value 200
- New Value -1

Row: 1780300
- Field sellValue
- Old Value 200
- New Value -1

Row: 1781100
- Field sellValue
- Old Value 200
- New Value -1

Row: 1790000
- Field sellValue
- Old Value 200
- New Value -1

Row: 1790100
- Field sellValue
- Old Value 200
- New Value -1

Row: 1790200
- Field sellValue
- Old Value 200
- New Value -1

Row: 1790300
- Field sellValue
- Old Value 200
- New Value -1

Row: 1791100
- Field sellValue
- Old Value 200
- New Value -1

Row: 1800000
- Field sellValue
- Old Value 200
- New Value -1

Row: 1800100
- Field sellValue
- Old Value 200
- New Value -1

Row: 1800200
- Field sellValue
- Old Value 200
- New Value -1

Row: 1800300
- Field sellValue
- Old Value 200
- New Value -1

Row: 1801100
- Field sellValue
- Old Value 200
- New Value -1

Row: 1810100
- Field sellValue
- Old Value 200
- New Value -1

Row: 1810200
- Field sellValue
- Old Value 200
- New Value -1

Row: 1810300
- Field sellValue
- Old Value 200
- New Value -1

Row: 1811100
- Field sellValue
- Old Value 200
- New Value -1

Row: 1820000
- Field sellValue
- Old Value 200
- New Value -1

Row: 1820100
- Field sellValue
- Old Value 200
- New Value -1

Row: 1820200
- Field sellValue
- Old Value 200
- New Value -1

Row: 1820300
- Field sellValue
- Old Value 200
- New Value -1

Row: 1821100
- Field sellValue
- Old Value 200
- New Value -1

Row: 1830000
- Field sellValue
- Old Value 200
- New Value -1

Row: 1830100
- Field sellValue
- Old Value 200
- New Value -1

Row: 1830200
- Field sellValue
- Old Value 200
- New Value -1

Row: 1830300
- Field sellValue
- Old Value 200
- New Value -1

Row: 1840000
- Field sellValue
- Old Value 200
- New Value -1

Row: 1840100
- Field sellValue
- Old Value 200
- New Value -1

Row: 1850000
- Field sellValue
- Old Value 200
- New Value -1

Row: 1850100
- Field sellValue
- Old Value 200
- New Value -1

Row: 1860000
- Field sellValue
- Old Value 200
- New Value -1

Row: 1860100
- Field sellValue
- Old Value 200
- New Value -1

Row: 1870100
- Field sellValue
- Old Value 200
- New Value -1

Row: 1880000
- Field sellValue
- Old Value 200
- New Value -1

Row: 1880100
- Field sellValue
- Old Value 200
- New Value -1

Row: 1890000
- Field sellValue
- Old Value 200
- New Value -1

Row: 1890100
- Field sellValue
- Old Value 200
- New Value -1

Row: 1890200
- Field sellValue
- Old Value 200
- New Value -1

Row: 1890300
- Field sellValue
- Old Value 200
- New Value -1

Row: 1900000
- Field sellValue
- Old Value 500
- New Value -1

Row: 1901000
- Field sellValue
- Old Value 500
- New Value -1

Row: 1902000
- Field sellValue
- Old Value 500
- New Value -1

Row: 1910000
- Field sellValue
- Old Value 500
- New Value -1

Row: 1920000
- Field sellValue
- Old Value 500
- New Value -1

Row: 1930100
- Field sellValue
- Old Value 500
- New Value -1

Row: 1930300
- Field sellValue
- Old Value 500
- New Value -1

Row: 1932100
- Field sellValue
- Old Value 500
- New Value -1

Row: 1940000
- Field sellValue
- Old Value 500
- New Value -1

Row: 1940100
- Field sellValue
- Old Value 500
- New Value -1

Row: 1941100
- Field sellValue
- Old Value 500
- New Value -1

Row: 1950100
- Field sellValue
- Old Value 500
- New Value -1

Row: 1950200
- Field sellValue
- Old Value 500
- New Value -1

Row: 1950300
- Field sellValue
- Old Value 500
- New Value -1

Row: 1960100
- Field sellValue
- Old Value 500
- New Value -1

Row: 1960200
- Field sellValue
- Old Value 500
- New Value -1

Row: 1970100
- Field sellValue
- Old Value 500
- New Value -1

Row: 1970200
- Field sellValue
- Old Value 500
- New Value -1

Row: 1971100
- Field sellValue
- Old Value 500
- New Value -1

Row: 1971200
- Field sellValue
- Old Value 500
- New Value -1

Row: 1980000
- Field sellValue
- Old Value 100
- New Value -1

Row: 1980100
- Field sellValue
- Old Value 100
- New Value -1

Row: 1980200
- Field sellValue
- Old Value 100
- New Value -1

Row: 1990000
- Field sellValue
- Old Value 200
- New Value -1

Row: 1990100
- Field sellValue
- Old Value 200
- New Value -1

Row: 1991100
- Field sellValue
- Old Value 200
- New Value -1

Row: 2000000
- Field sellValue
- Old Value 200
- New Value -1

Row: 2000100
- Field sellValue
- Old Value 200
- New Value -1

Row: 2000300
- Field sellValue
- Old Value 200
- New Value -1

Row: 2001100
- Field sellValue
- Old Value 200
- New Value -1

Row: 2010000
- Field sellValue
- Old Value 200
- New Value -1

Row: 2020000
- Field sellValue
- Old Value 10
- New Value -1

Row: 2030000
- Field sellValue
- Old Value 100
- New Value -1

