Row: 1000
- Field SpEffect ID 3
- Old Value -1
- New Value 9000000

Row: 2000
- Field SpEffect ID 3
- Old Value -1
- New Value 9000000

Row: 3000
- Field SpEffect ID 3
- Old Value -1
- New Value 9000000

Row: 4000
- Field SpEffect ID 3
- Old Value -1
- New Value 9000000

Row: 5000
- Field SpEffect ID 3
- Old Value -1
- New Value 9000000

Row: 10000
- Field SpEffect ID 3
- Old Value -1
- New Value 9000000

Row: 40000
- Field SpEffect ID 3
- Old Value -1
- New Value 9000000

Row: 50000
- Field SpEffect ID 3
- Old Value -1
- New Value 9000000

Row: 60000
- Field SpEffect ID 3
- Old Value -1
- New Value 9000000

Row: 61000
- Field SpEffect ID 3
- Old Value -1
- New Value 9000000

Row: 80000
- Field SpEffect ID 3
- Old Value -1
- New Value 9000000

Row: 90000
- Field SpEffect ID 3
- Old Value -1
- New Value 9000000

Row: 100000
- Field SpEffect ID 3
- Old Value -1
- New Value 9000000

Row: 120000
- Field SpEffect ID 3
- Old Value -1
- New Value 9000000

Row: 121000
- Field SpEffect ID 3
- Old Value -1
- New Value 9000000

Row: 130000
- Field SpEffect ID 3
- Old Value -1
- New Value 9000000

Row: 140000
- Field SpEffect ID 3
- Old Value -1
- New Value 9000000

Row: 150000
- Field SpEffect ID 3
- Old Value -1
- New Value 9000000

Row: 160000
- Field SpEffect ID 3
- Old Value -1
- New Value 9000000

Row: 170000
- Field SpEffect ID 3
- Old Value -1
- New Value 9000000

Row: 180000
- Field SpEffect ID 3
- Old Value -1
- New Value 9000000

Row: 190000
- Field SpEffect ID 3
- Old Value -1
- New Value 9000000

Row: 200000
- Field SpEffect ID 3
- Old Value -1
- New Value 9000000

Row: 201000
- Field SpEffect ID 3
- Old Value -1
- New Value 9000000

Row: 210000
- Field SpEffect ID 3
- Old Value -1
- New Value 9000000

Row: 220000
- Field SpEffect ID 3
- Old Value -1
- New Value 9000000

Row: 230000
- Field SpEffect ID 3
- Old Value -1
- New Value 9000000

Row: 231000
- Field SpEffect ID 3
- Old Value -1
- New Value 9000000

Row: 240000
- Field SpEffect ID 3
- Old Value -1
- New Value 9000000

Row: 250000
- Field SpEffect ID 3
- Old Value -1
- New Value 9000000

Row: 260000
- Field SpEffect ID 3
- Old Value -1
- New Value 9000000

Row: 270000
- Field SpEffect ID 3
- Old Value -1
- New Value 9000000

Row: 280000
- Field SpEffect ID 3
- Old Value -1
- New Value 9000000

Row: 290000
- Field SpEffect ID 3
- Old Value -1
- New Value 9000000

Row: 291000
- Field SpEffect ID 3
- Old Value -1
- New Value 9000000

Row: 292000
- Field SpEffect ID 3
- Old Value -1
- New Value 9000000

Row: 293000
- Field SpEffect ID 3
- Old Value -1
- New Value 9000000

Row: 294000
- Field SpEffect ID 3
- Old Value -1
- New Value 9000000

Row: 300000
- Field SpEffect ID 3
- Old Value -1
- New Value 9000000

Row: 301000
- Field SpEffect ID 3
- Old Value -1
- New Value 9000000

Row: 310000
- Field SpEffect ID 3
- Old Value -1
- New Value 9000000

Row: 320000
- Field SpEffect ID 3
- Old Value -1
- New Value 9000000

Row: 330000
- Field SpEffect ID 3
- Old Value -1
- New Value 9000000

Row: 340000
- Field SpEffect ID 3
- Old Value -1
- New Value 9000000

Row: 341000
- Field SpEffect ID 3
- Old Value -1
- New Value 9000000

Row: 350000
- Field SpEffect ID 3
- Old Value -1
- New Value 9000000

Row: 351000
- Field SpEffect ID 3
- Old Value -1
- New Value 9000000

Row: 360000
- Field SpEffect ID 3
- Old Value -1
- New Value 9000000

Row: 370000
- Field SpEffect ID 3
- Old Value -1
- New Value 9000000

Row: 380000
- Field SpEffect ID 3
- Old Value -1
- New Value 9000000

Row: 390000
- Field SpEffect ID 3
- Old Value -1
- New Value 9000000

Row: 420000
- Field SpEffect ID 3
- Old Value -1
- New Value 9000000

Row: 430000
- Field SpEffect ID 3
- Old Value -1
- New Value 9000000

Row: 440000
- Field SpEffect ID 3
- Old Value -1
- New Value 9000000

Row: 460000
- Field SpEffect ID 3
- Old Value -1
- New Value 9000000

Row: 470000
- Field SpEffect ID 3
- Old Value -1
- New Value 9000000

Row: 510000
- Field SpEffect ID 3
- Old Value -1
- New Value 9000000

Row: 520000
- Field SpEffect ID 3
- Old Value -1
- New Value 9000000

Row: 530000
- Field SpEffect ID 3
- Old Value -1
- New Value 9000000

Row: 540000
- Field SpEffect ID 3
- Old Value -1
- New Value 9000000

Row: 570000
- Field SpEffect ID 3
- Old Value -1
- New Value 9000000

Row: 571000
- Field SpEffect ID 3
- Old Value -1
- New Value 9000000

Row: 580000
- Field SpEffect ID 3
- Old Value -1
- New Value 9000000

Row: 581000
- Field SpEffect ID 3
- Old Value -1
- New Value 9000000

Row: 590000
- Field SpEffect ID 3
- Old Value -1
- New Value 9000000

Row: 600000
- Field SpEffect ID 3
- Old Value -1
- New Value 9000000

Row: 610000
- Field SpEffect ID 3
- Old Value -1
- New Value 9000000

Row: 611000
- Field SpEffect ID 3
- Old Value -1
- New Value 9000000

Row: 620000
- Field SpEffect ID 3
- Old Value -1
- New Value 9000000

Row: 630000
- Field SpEffect ID 3
- Old Value -1
- New Value 9000000

Row: 640000
- Field SpEffect ID 3
- Old Value -1
- New Value 9000000

Row: 650000
- Field SpEffect ID 3
- Old Value -1
- New Value 9000000

Row: 651000
- Field SpEffect ID 3
- Old Value -1
- New Value 9000000

Row: 660000
- Field SpEffect ID 3
- Old Value -1
- New Value 9000000

Row: 670000
- Field SpEffect ID 3
- Old Value -1
- New Value 9000000

Row: 680000
- Field SpEffect ID 3
- Old Value -1
- New Value 9000000

Row: 690000
- Field SpEffect ID 3
- Old Value -1
- New Value 9000000

Row: 700000
- Field SpEffect ID 3
- Old Value -1
- New Value 9000000

Row: 701000
- Field SpEffect ID 3
- Old Value -1
- New Value 9000000

Row: 702000
- Field SpEffect ID 3
- Old Value -1
- New Value 9000000

Row: 720000
- Field SpEffect ID 3
- Old Value -1
- New Value 9000000

Row: 730000
- Field SpEffect ID 3
- Old Value -1
- New Value 9000000

Row: 740000
- Field SpEffect ID 3
- Old Value -1
- New Value 9000000

Row: 741000
- Field SpEffect ID 3
- Old Value -1
- New Value 9000000

Row: 742000
- Field SpEffect ID 3
- Old Value -1
- New Value 9000000

Row: 760000
- Field SpEffect ID 3
- Old Value -1
- New Value 9000000

Row: 770000
- Field SpEffect ID 3
- Old Value -1
- New Value 9000000

Row: 780000
- Field SpEffect ID 3
- Old Value -1
- New Value 9000000

Row: 790000
- Field SpEffect ID 3
- Old Value -1
- New Value 9000000

Row: 800000
- Field SpEffect ID 3
- Old Value -1
- New Value 9000000

Row: 801000
- Field SpEffect ID 3
- Old Value -1
- New Value 9000000

Row: 802000
- Field SpEffect ID 3
- Old Value -1
- New Value 9000000

Row: 810000
- Field SpEffect ID 3
- Old Value -1
- New Value 9000000

Row: 811000
- Field SpEffect ID 3
- Old Value -1
- New Value 9000000

Row: 812000
- Field SpEffect ID 3
- Old Value -1
- New Value 9000000

Row: 820000
- Field SpEffect ID 3
- Old Value -1
- New Value 9000000

Row: 830000
- Field SpEffect ID 3
- Old Value 6083000
- New Value 9000000

Row: 831000
- Field SpEffect ID 3
- Old Value 6083100
- New Value 9000000

Row: 832000
- Field SpEffect ID 3
- Old Value 6083200
- New Value 9000000

Row: 833000
- Field SpEffect ID 3
- Old Value 6083300
- New Value 9000000

Row: 834000
- Field SpEffect ID 3
- Old Value 6083400
- New Value 9000000

Row: 835000
- Field SpEffect ID 3
- Old Value -1
- New Value 9000000

Row: 836000
- Field SpEffect ID 3
- Old Value -1
- New Value 9000000

Row: 840000
- Field SpEffect ID 3
- Old Value -1
- New Value 9000000

Row: 850000
- Field SpEffect ID 3
- Old Value -1
- New Value 9000000

Row: 860000
- Field SpEffect ID 3
- Old Value -1
- New Value 9000000

Row: 870000
- Field SpEffect ID 3
- Old Value -1
- New Value 9000000

Row: 872000
- Field SpEffect ID 3
- Old Value -1
- New Value 9000000

Row: 873000
- Field SpEffect ID 3
- Old Value -1
- New Value 9000000

Row: 880000
- Field SpEffect ID 3
- Old Value -1
- New Value 9000000

Row: 881000
- Field SpEffect ID 3
- Old Value -1
- New Value 9000000

Row: 890000
- Field SpEffect ID 3
- Old Value -1
- New Value 9000000

Row: 891000
- Field SpEffect ID 3
- Old Value -1
- New Value 9000000

Row: 900000
- Field SpEffect ID 3
- Old Value -1
- New Value 9000000

Row: 902000
- Field SpEffect ID 3
- Old Value -1
- New Value 9000000

Row: 910000
- Field SpEffect ID 3
- Old Value -1
- New Value 9000000

Row: 911000
- Field SpEffect ID 3
- Old Value -1
- New Value 9000000

Row: 912000
- Field SpEffect ID 3
- Old Value -1
- New Value 9000000

Row: 913000
- Field SpEffect ID 3
- Old Value -1
- New Value 9000000

Row: 920000
- Field SpEffect ID 3
- Old Value -1
- New Value 9000000

Row: 930000
- Field SpEffect ID 3
- Old Value -1
- New Value 9000000

Row: 940000
- Field SpEffect ID 3
- Old Value -1
- New Value 9000000

Row: 941000
- Field SpEffect ID 3
- Old Value -1
- New Value 9000000

Row: 950000
- Field SpEffect ID 3
- Old Value -1
- New Value 9000000

Row: 960000
- Field SpEffect ID 3
- Old Value -1
- New Value 9000000

Row: 961000
- Field SpEffect ID 3
- Old Value -1
- New Value 9000000

Row: 963000
- Field SpEffect ID 3
- Old Value -1
- New Value 9000000

Row: 964000
- Field SpEffect ID 3
- Old Value -1
- New Value 9000000

Row: 965000
- Field SpEffect ID 3
- Old Value -1
- New Value 9000000

Row: 966000
- Field SpEffect ID 3
- Old Value -1
- New Value 9000000

Row: 967000
- Field SpEffect ID 3
- Old Value -1
- New Value 9000000

Row: 970000
- Field SpEffect ID 3
- Old Value -1
- New Value 9000000

Row: 980000
- Field SpEffect ID 3
- Old Value -1
- New Value 9000000

Row: 990000
- Field SpEffect ID 3
- Old Value -1
- New Value 9000000

Row: 992000
- Field SpEffect ID 3
- Old Value -1
- New Value 9000000

Row: 1000000
- Field SpEffect ID 3
- Old Value -1
- New Value 9000000

Row: 1010000
- Field SpEffect ID 3
- Old Value -1
- New Value 9000000

Row: 1030000
- Field SpEffect ID 3
- Old Value -1
- New Value 9000000

Row: 1040000
- Field SpEffect ID 3
- Old Value -1
- New Value 9000000

Row: 1060000
- Field SpEffect ID 3
- Old Value -1
- New Value 9000000

Row: 1070000
- Field SpEffect ID 3
- Old Value -1
- New Value 9000000

Row: 1080000
- Field SpEffect ID 3
- Old Value -1
- New Value 9000000

Row: 1081000
- Field SpEffect ID 3
- Old Value -1
- New Value 9000000

Row: 1082000
- Field SpEffect ID 3
- Old Value -1
- New Value 9000000

Row: 1083000
- Field SpEffect ID 3
- Old Value -1
- New Value 9000000

Row: 1084000
- Field SpEffect ID 3
- Old Value -1
- New Value 9000000

Row: 1085000
- Field SpEffect ID 3
- Old Value -1
- New Value 9000000

Row: 1090000
- Field SpEffect ID 3
- Old Value -1
- New Value 9000000

Row: 1100000
- Field SpEffect ID 3
- Old Value -1
- New Value 9000000

Row: 1101000
- Field SpEffect ID 3
- Old Value -1
- New Value 9000000

Row: 1110000
- Field SpEffect ID 3
- Old Value -1
- New Value 9000000

Row: 1120000
- Field SpEffect ID 3
- Old Value -1
- New Value 9000000

Row: 1130000
- Field SpEffect ID 3
- Old Value -1
- New Value 9000000

Row: 1300000
- Field SpEffect ID 3
- Old Value -1
- New Value 9000000

Row: 1301000
- Field SpEffect ID 3
- Old Value -1
- New Value 9000000

Row: 1400000
- Field SpEffect ID 3
- Old Value -1
- New Value 9000000

Row: 1401000
- Field SpEffect ID 3
- Old Value -1
- New Value 9000000

Row: 1500000
- Field SpEffect ID 3
- Old Value -1
- New Value 9000000

Row: 1600000
- Field SpEffect ID 3
- Old Value -1
- New Value 9000000

Row: 1610000
- Field SpEffect ID 3
- Old Value -1
- New Value 9000000

Row: 1700000
- Field SpEffect ID 3
- Old Value -1
- New Value 9000000

Row: 1710000
- Field SpEffect ID 3
- Old Value -1
- New Value 9000000

Row: 1720000
- Field SpEffect ID 3
- Old Value -1
- New Value 9000000

Row: 1730000
- Field SpEffect ID 3
- Old Value -1
- New Value 9000000

Row: 1750000
- Field SpEffect ID 3
- Old Value -1
- New Value 9000000

Row: 1760000
- Field SpEffect ID 3
- Old Value -1
- New Value 9000000

Row: 1770000
- Field SpEffect ID 3
- Old Value -1
- New Value 9000000

Row: 1780000
- Field SpEffect ID 3
- Old Value -1
- New Value 9000000

Row: 1790000
- Field SpEffect ID 3
- Old Value -1
- New Value 9000000

Row: 1800000
- Field SpEffect ID 3
- Old Value -1
- New Value 9000000

Row: 1820000
- Field SpEffect ID 3
- Old Value -1
- New Value 9000000

Row: 1830000
- Field SpEffect ID 3
- Old Value -1
- New Value 9000000

Row: 1840000
- Field SpEffect ID 3
- Old Value -1
- New Value 9000000

Row: 1850000
- Field SpEffect ID 3
- Old Value -1
- New Value 9000000

Row: 1860000
- Field SpEffect ID 3
- Old Value -1
- New Value 9000000

Row: 1880000
- Field SpEffect ID 3
- Old Value -1
- New Value 9000000

Row: 1890000
- Field SpEffect ID 3
- Old Value -1
- New Value 9000000

Row: 1900000
- Field SpEffect ID 3
- Old Value -1
- New Value 9000000

Row: 1901000
- Field SpEffect ID 3
- Old Value -1
- New Value 9000000

Row: 1902000
- Field SpEffect ID 3
- Old Value -1
- New Value 9000000

Row: 1910000
- Field SpEffect ID 3
- Old Value -1
- New Value 9000000

Row: 1920000
- Field SpEffect ID 3
- Old Value -1
- New Value 9000000

Row: 1940000
- Field SpEffect ID 3
- Old Value -1
- New Value 9000000

Row: 1980000
- Field SpEffect ID 3
- Old Value -1
- New Value 9000000

Row: 1990000
- Field SpEffect ID 3
- Old Value -1
- New Value 9000000

Row: 2000000
- Field SpEffect ID 3
- Old Value -1
- New Value 9000000

Row: 2010000
- Field SpEffect ID 3
- Old Value -1
- New Value 9000000

Row: 2020000
- Field SpEffect ID 3
- Old Value -1
- New Value 9000000

Row: 2030000
- Field SpEffect ID 3
- Old Value -1
- New Value 9000000

