Row: 40000000
- Field Prevent Affinity Change
- Old Value False
- New Value True

Row: 40000400
- Field Prevent Affinity Change
- Old Value False
- New Value True

Row: 40000600
- Field Prevent Affinity Change
- Old Value False
- New Value True

Row: 40000700
- Field Prevent Affinity Change
- Old Value False
- New Value True

Row: 40000800
- Field Prevent Affinity Change
- Old Value False
- New Value True

Row: 40000900
- Field Prevent Affinity Change
- Old Value False
- New Value True

Row: 40001000
- Field Prevent Affinity Change
- Old Value False
- New Value True

Row: 40001100
- Field Prevent Affinity Change
- Old Value False
- New Value True

Row: 40001200
- Field Prevent Affinity Change
- Old Value False
- New Value True

Row: 40010000
- Field Prevent Affinity Change
- Old Value False
- New Value True

Row: 40010400
- Field Prevent Affinity Change
- Old Value False
- New Value True

Row: 40010600
- Field Prevent Affinity Change
- Old Value False
- New Value True

Row: 40010700
- Field Prevent Affinity Change
- Old Value False
- New Value True

Row: 40010800
- Field Prevent Affinity Change
- Old Value False
- New Value True

Row: 40010900
- Field Prevent Affinity Change
- Old Value False
- New Value True

Row: 40011000
- Field Prevent Affinity Change
- Old Value False
- New Value True

Row: 40011100
- Field Prevent Affinity Change
- Old Value False
- New Value True

Row: 40011200
- Field Prevent Affinity Change
- Old Value False
- New Value True

Row: 40020000
- Field Prevent Affinity Change
- Old Value False
- New Value True

Row: 40020400
- Field Prevent Affinity Change
- Old Value False
- New Value True

Row: 40020600
- Field Prevent Affinity Change
- Old Value False
- New Value True

Row: 40020700
- Field Prevent Affinity Change
- Old Value False
- New Value True

Row: 40020800
- Field Prevent Affinity Change
- Old Value False
- New Value True

Row: 40020900
- Field Prevent Affinity Change
- Old Value False
- New Value True

Row: 40021000
- Field Prevent Affinity Change
- Old Value False
- New Value True

Row: 40021100
- Field Prevent Affinity Change
- Old Value False
- New Value True

Row: 40021200
- Field Prevent Affinity Change
- Old Value False
- New Value True

Row: 40030000
- Field Prevent Affinity Change
- Old Value True
- New Value True

Row: 40050000
- Field Prevent Affinity Change
- Old Value False
- New Value True

Row: 40050400
- Field Prevent Affinity Change
- Old Value False
- New Value True

Row: 40050600
- Field Prevent Affinity Change
- Old Value False
- New Value True

Row: 40050700
- Field Prevent Affinity Change
- Old Value False
- New Value True

Row: 40050800
- Field Prevent Affinity Change
- Old Value False
- New Value True

Row: 40050900
- Field Prevent Affinity Change
- Old Value False
- New Value True

Row: 40051000
- Field Prevent Affinity Change
- Old Value False
- New Value True

Row: 40051100
- Field Prevent Affinity Change
- Old Value False
- New Value True

Row: 40051200
- Field Prevent Affinity Change
- Old Value False
- New Value True

Row: 41000000
- Field Prevent Affinity Change
- Old Value False
- New Value True

Row: 41000400
- Field Prevent Affinity Change
- Old Value False
- New Value True

Row: 41000600
- Field Prevent Affinity Change
- Old Value False
- New Value True

Row: 41000700
- Field Prevent Affinity Change
- Old Value False
- New Value True

Row: 41000800
- Field Prevent Affinity Change
- Old Value False
- New Value True

Row: 41000900
- Field Prevent Affinity Change
- Old Value False
- New Value True

Row: 41001000
- Field Prevent Affinity Change
- Old Value False
- New Value True

Row: 41001100
- Field Prevent Affinity Change
- Old Value False
- New Value True

Row: 41001200
- Field Prevent Affinity Change
- Old Value False
- New Value True

Row: 41010000
- Field Prevent Affinity Change
- Old Value False
- New Value True

Row: 41010400
- Field Prevent Affinity Change
- Old Value False
- New Value True

Row: 41010600
- Field Prevent Affinity Change
- Old Value False
- New Value True

Row: 41010700
- Field Prevent Affinity Change
- Old Value False
- New Value True

Row: 41010800
- Field Prevent Affinity Change
- Old Value False
- New Value True

Row: 41010900
- Field Prevent Affinity Change
- Old Value False
- New Value True

Row: 41011000
- Field Prevent Affinity Change
- Old Value False
- New Value True

Row: 41011100
- Field Prevent Affinity Change
- Old Value False
- New Value True

Row: 41011200
- Field Prevent Affinity Change
- Old Value False
- New Value True

Row: 41020000
- Field Prevent Affinity Change
- Old Value False
- New Value True

Row: 41020400
- Field Prevent Affinity Change
- Old Value False
- New Value True

Row: 41020600
- Field Prevent Affinity Change
- Old Value False
- New Value True

Row: 41020700
- Field Prevent Affinity Change
- Old Value False
- New Value True

Row: 41020800
- Field Prevent Affinity Change
- Old Value False
- New Value True

Row: 41020900
- Field Prevent Affinity Change
- Old Value False
- New Value True

Row: 41021000
- Field Prevent Affinity Change
- Old Value False
- New Value True

Row: 41021100
- Field Prevent Affinity Change
- Old Value False
- New Value True

Row: 41021200
- Field Prevent Affinity Change
- Old Value False
- New Value True

Row: 41030000
- Field Prevent Affinity Change
- Old Value True
- New Value True

Row: 41040000
- Field Prevent Affinity Change
- Old Value True
- New Value True

Row: 41060000
- Field Prevent Affinity Change
- Old Value True
- New Value True

Row: 41070000
- Field Prevent Affinity Change
- Old Value True
- New Value True

Row: 42000000
- Field Prevent Affinity Change
- Old Value True
- New Value True

Row: 42010000
- Field Prevent Affinity Change
- Old Value True
- New Value True

Row: 42030000
- Field Prevent Affinity Change
- Old Value True
- New Value True

Row: 42040000
- Field Prevent Affinity Change
- Old Value False
- New Value True

Row: 42040400
- Field Prevent Affinity Change
- Old Value False
- New Value True

Row: 42040600
- Field Prevent Affinity Change
- Old Value False
- New Value True

Row: 42040700
- Field Prevent Affinity Change
- Old Value False
- New Value True

Row: 42040800
- Field Prevent Affinity Change
- Old Value False
- New Value True

Row: 42040900
- Field Prevent Affinity Change
- Old Value False
- New Value True

Row: 42041000
- Field Prevent Affinity Change
- Old Value False
- New Value True

Row: 42041100
- Field Prevent Affinity Change
- Old Value False
- New Value True

Row: 42041200
- Field Prevent Affinity Change
- Old Value False
- New Value True

Row: 43000000
- Field Prevent Affinity Change
- Old Value False
- New Value True

Row: 43000400
- Field Prevent Affinity Change
- Old Value False
- New Value True

Row: 43000600
- Field Prevent Affinity Change
- Old Value False
- New Value True

Row: 43000700
- Field Prevent Affinity Change
- Old Value False
- New Value True

Row: 43000800
- Field Prevent Affinity Change
- Old Value False
- New Value True

Row: 43000900
- Field Prevent Affinity Change
- Old Value False
- New Value True

Row: 43001000
- Field Prevent Affinity Change
- Old Value False
- New Value True

Row: 43001100
- Field Prevent Affinity Change
- Old Value False
- New Value True

Row: 43001200
- Field Prevent Affinity Change
- Old Value False
- New Value True

Row: 43020000
- Field Prevent Affinity Change
- Old Value False
- New Value True

Row: 43020400
- Field Prevent Affinity Change
- Old Value False
- New Value True

Row: 43020600
- Field Prevent Affinity Change
- Old Value False
- New Value True

Row: 43020700
- Field Prevent Affinity Change
- Old Value False
- New Value True

Row: 43020800
- Field Prevent Affinity Change
- Old Value False
- New Value True

Row: 43020900
- Field Prevent Affinity Change
- Old Value False
- New Value True

Row: 43021000
- Field Prevent Affinity Change
- Old Value False
- New Value True

Row: 43021100
- Field Prevent Affinity Change
- Old Value False
- New Value True

Row: 43021200
- Field Prevent Affinity Change
- Old Value False
- New Value True

Row: 43030000
- Field Prevent Affinity Change
- Old Value False
- New Value True

Row: 43030400
- Field Prevent Affinity Change
- Old Value False
- New Value True

Row: 43030600
- Field Prevent Affinity Change
- Old Value False
- New Value True

Row: 43030700
- Field Prevent Affinity Change
- Old Value False
- New Value True

Row: 43030800
- Field Prevent Affinity Change
- Old Value False
- New Value True

Row: 43030900
- Field Prevent Affinity Change
- Old Value False
- New Value True

Row: 43031000
- Field Prevent Affinity Change
- Old Value False
- New Value True

Row: 43031100
- Field Prevent Affinity Change
- Old Value False
- New Value True

Row: 43031200
- Field Prevent Affinity Change
- Old Value False
- New Value True

Row: 43050000
- Field Prevent Affinity Change
- Old Value True
- New Value True

Row: 43060000
- Field Prevent Affinity Change
- Old Value True
- New Value True

Row: 43080000
- Field Prevent Affinity Change
- Old Value False
- New Value True

Row: 43080400
- Field Prevent Affinity Change
- Old Value False
- New Value True

Row: 43080600
- Field Prevent Affinity Change
- Old Value False
- New Value True

Row: 43080700
- Field Prevent Affinity Change
- Old Value False
- New Value True

Row: 43080800
- Field Prevent Affinity Change
- Old Value False
- New Value True

Row: 43080900
- Field Prevent Affinity Change
- Old Value False
- New Value True

Row: 43081000
- Field Prevent Affinity Change
- Old Value False
- New Value True

Row: 43081100
- Field Prevent Affinity Change
- Old Value False
- New Value True

Row: 43081200
- Field Prevent Affinity Change
- Old Value False
- New Value True

Row: 43110000
- Field Prevent Affinity Change
- Old Value False
- New Value True

Row: 43900000
- Field Prevent Affinity Change
- Old Value False
- New Value True

Row: 44000000
- Field Prevent Affinity Change
- Old Value False
- New Value True

Row: 44000400
- Field Prevent Affinity Change
- Old Value False
- New Value True

Row: 44000600
- Field Prevent Affinity Change
- Old Value False
- New Value True

Row: 44000700
- Field Prevent Affinity Change
- Old Value False
- New Value True

Row: 44000800
- Field Prevent Affinity Change
- Old Value False
- New Value True

Row: 44000900
- Field Prevent Affinity Change
- Old Value False
- New Value True

Row: 44001000
- Field Prevent Affinity Change
- Old Value False
- New Value True

Row: 44001100
- Field Prevent Affinity Change
- Old Value False
- New Value True

Row: 44001200
- Field Prevent Affinity Change
- Old Value False
- New Value True

Row: 44010000
- Field Prevent Affinity Change
- Old Value True
- New Value True

