Row ID;Row Name;Unk39
1000;;0
1100;;0
1200;;10
1210;;10
1220;;10
1230;;10
1240;;10
1250;;10
1260;;10
1400;;10
1410;;10
1420;;10
1430;;10
1500;;10
1600;;10
1700;;10
1800;;10
1900;;10
2000;;10
2100;;10
2200;;0
11000;;7
12000;;7
13000;;7
100000;;7
100100;;7
100200;;7
100300;;7
100400;;7
100500;;7
100600;;7
100700;;7
100800;;7
100900;;7
101000;;7
110000;Unarmed;10
170000;Throwing Dagger;10
171000;Bone Dart;10
172000;Poisonbone Dart;10
173000;Kukri;10
174000;Crystal Dart;10
175000;Fan Daggers;10
176000;Ruin Fragment;10
183000;Explosive Stone;10
183100;Explosive Stone Clump;10
184000;Poisoned Stone;10
184100;Poisoned Stone Clump;10
300000;Ancestral Infant's Head;10
301000;Omen Bairn;10
301100;Regal Omen Bairn;10
302000;Miranda's Prayer;10
303000;Cuckoo Glintstone;10
305000;Glintstone Scrap;10
305100;Large Glintstone Scrap;10
306000;Gravity Stone Fan;10
307000;Gravity Stone Chunk;10
308000;Wraith Calling Bell;10
351000;Spark Aromatic;10
358000;Poison Spraymist;10
361000;Acid Spraymist;10
830000;Fire Pot;10
830100;Redmane Fire Pot;10
830200;Giantsflame Fire Pot;10
832000;Lightning Pot;10
832100;Ancient Dragonbolt Pot;10
833000;Fetid Pot;10
834000;Swarm Pot;10
835000;Holy Water Pot;10
835100;Sacred Order Pot;10
836000;;10
837000;Poison Pot;10
840000;Roped Fire Pot;10
842000;Roped Lightning Pot;10
843000;Roped Fetid Pot;10
844000;Roped Poison Pot;10
846000;Roped Magic Pot;10
847000;Roped Fly Pot;10
848000;;10
849000;Roped Volcano Pot;10
851000;Roped Holy Water Pot;10
860000;Volcano Pot;10
864000;Sleep Pot;10
865000;Rancor Pot;10
866000;Magic Pot;10
866100;Academy Magic Pot;10
867000;;10
1000000;Dagger;6
1000100;Heavy Dagger;6
1000200;Keen Dagger;6
1000300;Quality Dagger;6
1000400;Fire Dagger;6
1000500;Flame Art Dagger;6
1000600;Lightning Dagger;6
1000700;Sacred Dagger;6
1000800;Magic Dagger;6
1000900;Cold Dagger;6
1001000;Poison Dagger;6
1001100;Blood Dagger;6
1001200;Occult Dagger;6
1010000;Black Knife;6
1020000;Parrying Dagger;6
1020100;Heavy Parrying Dagger;6
1020200;Keen Parrying Dagger;6
1020300;Quality Parrying Dagger;6
1020400;Fire Parrying Dagger;6
1020500;Flame Art Parrying Dagger;6
1020600;Lightning Parrying Dagger;6
1020700;Sacred Parrying Dagger;6
1020800;Magic Parrying Dagger;6
1020900;Cold Parrying Dagger;6
1021000;Poison Parrying Dagger;6
1021100;Blood Parrying Dagger;6
1021200;Occult Parrying Dagger;6
1030000;Misericorde;6
1030100;Heavy Misericorde;6
1030200;Keen Misericorde;6
1030300;Quality Misericorde;6
1030400;Fire Misericorde;6
1030500;Flame Art Misericorde;6
1030600;Lightning Misericorde;6
1030700;Sacred Misericorde;6
1030800;Magic Misericorde;6
1030900;Cold Misericorde;6
1031000;Poison Misericorde;6
1031100;Blood Misericorde;6
1031200;Occult Misericorde;6
1040000;Reduvia;6
1040001;;6
1050000;Crystal Knife;6
1060000;Celebrant's Sickle;6
1060100;Celebrant's Heavy Sickle;6
1060200;Celebrant's Keen Sickle;6
1060300;Celebrant's Quality Sickle;6
1060400;Celebrant's Fire Sickle;6
1060500;Celebrant's Flame Art Sickle;6
1060600;Celebrant's Lightning Sickle;6
1060700;Celebrant's Sacred Sickle;6
1060800;Celebrant's Magic Sickle;6
1060900;Celebrant's Cold Sickle;6
1061000;Celebrant's Poison Sickle;6
1061100;Celebrant's Blood Sickle;6
1061200;Celebrant's Occult Sickle;6
1070000;Glintstone Kris;6
1080000;Scorpion's Stinger;6
1090000;Great Knife;6
1090100;Heavy Great Knife;6
1090200;Keen Great Knife;6
1090300;Quality Great Knife;6
1090400;Fire Great Knife;6
1090500;Flame Art Great Knife;6
1090600;Lightning Great Knife;6
1090700;Sacred Great Knife;6
1090800;Magic Great Knife;6
1090900;Cold Great Knife;6
1091000;Poison Great Knife;6
1091100;Blood Great Knife;6
1091200;Occult Great Knife;6
1100000;Wakizashi;6
1100100;Heavy Wakizashi;6
1100200;Keen Wakizashi;6
1100300;Quality Wakizashi;6
1100400;Fire Wakizashi;6
1100500;Flame Art Wakizashi;6
1100600;Lightning Wakizashi;6
1100700;Sacred Wakizashi;6
1100800;Magic Wakizashi;6
1100900;Cold Wakizashi;6
1101000;Poison Wakizashi;6
1101100;Blood Wakizashi;6
1101200;Occult Wakizashi;6
1110000;Cinquedea;6
1130000;Ivory Sickle;6
1140000;Bloodstained Dagger;6
1140100;Heavy Bloodstained Dagger;6
1140200;Keen Bloodstained Dagger;6
1140300;Quality Bloodstained Dagger;6
1140400;Fire Bloodstained Dagger;6
1140500;Flame Art Bloodstained Dagger;6
1140600;Lightning Bloodstained Dagger;6
1140700;Sacred Bloodstained Dagger;6
1140800;Magic Bloodstained Dagger;6
1140900;Cold Bloodstained Dagger;6
1141000;Poison Bloodstained Dagger;6
1141100;Blood Bloodstained Dagger;6
1141200;Occult Bloodstained Dagger;6
1150000;Erdsteel Dagger;6
1150100;Heavy Erdsteel Dagger;6
1150200;Keen Erdsteel Dagger;6
1150300;Quality Erdsteel Dagger;6
1150400;Fire Erdsteel Dagger;6
1150500;Flame Art Erdsteel Dagger;6
1150600;Lightning Erdsteel Dagger;6
1150700;Sacred Erdsteel Dagger;6
1150800;Magic Erdsteel Dagger;6
1150900;Cold Erdsteel Dagger;6
1151000;Poison Erdsteel Dagger;6
1151100;Blood Erdsteel Dagger;6
1151200;Occult Erdsteel Dagger;6
1160000;Blade of Calling;6
1190000;;6
1910000;;6
2000000;Longsword;6
2000100;Heavy Longsword;6
2000200;Keen Longsword;6
2000300;Quality Longsword;6
2000400;Fire Longsword;6
2000500;Flame Art Longsword;6
2000600;Lightning Longsword;6
2000700;Sacred Longsword;6
2000800;Magic Longsword;6
2000900;Cold Longsword;6
2001000;Poison Longsword;6
2001100;Bloody Longsword;6
2001200;Occult Longsword;6
2010000;Short Sword;6
2010100;Heavy Short Sword;6
2010200;Keen Short Sword;6
2010300;Quality Short Sword;6
2010400;Fire Short Sword;6
2010500;Flame Art Short Sword;6
2010600;Lightning Short Sword;6
2010700;Sacred Short Sword;6
2010800;Magic Short Sword;6
2010900;Cold Short Sword;6
2011000;Poison Short Sword;6
2011100;Blood Short Sword;6
2011200;Occult Short Sword;6
2020000;Broadsword;6
2020100;Heavy Broadsword;6
2020200;Keen Broadsword;6
2020300;Quality Broadsword;6
2020400;Fire Broadsword;6
2020500;Flame Art Broadsword;6
2020600;Lightning Broadsword;6
2020700;Sacred Broadsword;6
2020800;Magic Broadsword;6
2020900;Cold Broadsword;6
2021000;Poison Broadsword;6
2021100;Blood Broadsword;6
2021200;Occult Broadsword;6
2040000;Lordsworn's Straight Sword;6
2040100;Lordsworn's Heavy Straight Sword;6
2040200;Lordsworn's Keen Straight Sword;6
2040300;Lordsworn's Quality Straight Sword;6
2040400;Lordsworn's Fire Straight Sword;6
2040500;Lordsworn's Flame Art Straight Sword;6
2040600;Lordsworn's Lightning Straight Sword;6
2040700;Lordsworn's Sacred Straight Sword;6
2040800;Lordsworn's Magic Straight Sword;6
2040900;Lordsworn's Cold Straight Sword;6
2041000;Lordsworn's Poison Straight Sword;6
2041100;Lordsworn's Blood Straight Sword;6
2041200;Lordsworn's Occult Straight Sword;6
2050000;Weathered Straight Sword;6
2050100;Weathered Heavy Straight Sword;6
2050200;Weathered Keen Straight Sword;6
2050300;Weathered Quality Straight Sword;6
2050400;Weathered Fire Straight Sword;6
2050500;Weathered Flame Art Straight Sword;6
2050600;Weathered Lightning Straight Sword;6
2050700;Weathered Sacred Straight Sword;6
2050800;Weathered Magic Straight Sword;6
2050900;Weathered Cold Straight Sword;6
2051000;Weathered Poison Straight Sword;6
2051100;Weathered Blood Straight Sword;6
2051200;Weathered Occult Straight Sword;6
2060000;Ornamental Straight Sword;6
2070000;Golden Epitaph;6
2080000;Nox Flowing Sword;6
2090000;Inseparable Sword;6
2092000;;6
2110000;Coded Sword;6
2140000;Sword of Night and Flame;6
2150000;Crystal Sword;6
2180000;Carian Knight's Sword;6
2190000;Sword of St. Trina;6
2200000;Miquellan Knight's Sword;6
2210000;Cane Sword;6
2210100;Heavy Cane Sword;6
2210200;Keen Cane Sword;6
2210300;Quality Cane Sword;6
2210400;Fire Cane Sword;6
2210500;Flame Art Cane Sword;6
2210600;Lightning Cane Sword;6
2210700;Sacred Cane Sword;6
2210800;Magic Cane Sword;6
2210900;Cold Cane Sword;6
2211000;Poison Cane Sword;6
2211100;Blood Cane Sword;6
2211200;Occult Cane Sword;6
2220000;Regalia of Eochaid;6
2230000;Noble's Slender Sword;6
2230100;Noble's Heavy Slender Sword;6
2230200;Noble's Keen Slender Sword;6
2230300;Noble's Quality Slender Sword;6
2230400;Noble's Fire Slender Sword;6
2230500;Noble's Flame Art Slender Sword;6
2230600;Noble's Lightning Slender Sword;6
2230700;Noble's Sacred Slender Sword;6
2230800;Noble's Magic Slender Sword;6
2230900;Noble's Cold Slender Sword;6
2231000;Noble's Poison Slender Sword;6
2231100;Noble's Blood Slender Sword;6
2231200;Noble's Occult Slender Sword;6
2240000;Warhawk's Talon;6
2240100;Warhawk's Heavy Talon;6
2240200;Warhawk's Keen Talon;6
2240300;Warhawk's Quality Talon;6
2240400;Warhawk's Fire Talon;6
2240500;Warhawk's Flame Art Talon;6
2240600;Warhawk's Lightning Talon;6
2240700;Warhawk's Sacred Talon;6
2240800;Warhawk's Magic Talon;6
2240900;Warhawk's Cold Talon;6
2241000;Warhawk's Poison Talon;6
2241100;Warhawk's Blood Talon;6
2241200;Warhawk's Occult Talon;6
2250000;Lazuli Glintstone Sword;6
2260000;Rotten Crystal Sword;6
3000000;Bastard Sword;6
3000100;Heavy Bastard Sword;6
3000200;Keen Bastard Sword;6
3000300;Quality Bastard Sword;6
3000400;Fire Bastard Sword;6
3000500;Flame Art Bastard Sword;6
3000600;Lightning Bastard Sword;6
3000700;Sacred Bastard Sword;6
3000800;Magic Bastard Sword;6
3000900;Cold Bastard Sword;6
3001000;Poison Bastard Sword;6
3001100;Bloody Bastard Sword;6
3001200;Occult Bastard Sword;6
3010000;Forked Greatsword;6
3010100;Heavy Forked Greatsword;6
3010200;Keen Forked Greatsword;6
3010300;Quality Forked Greatsword;6
3010400;Fire Forked Greatsword;6
3010500;Flame Art Forked Greatsword;6
3010600;Lightning Forked Greatsword;6
3010700;Sacred Forked Greatsword;6
3010800;Magic Forked Greatsword;6
3010900;Cold Forked Greatsword;6
3011000;Poison Forked Greatsword;6
3011100;Blood Forked Greatsword;6
3011200;Occult Forked Greatsword;6
3020000;Iron Greatsword;6
3020100;Heavy Iron Greatsword;6
3020200;Keen Iron Greatsword;6
3020300;Quality Iron Greatsword;6
3020400;Fire Iron Greatsword;6
3020500;Flame Art Iron Greatsword;6
3020600;Lightning Iron Greatsword;6
3020700;Sacred Iron Greatsword;6
3020800;Magic Iron Greatsword;6
3020900;Cold Iron Greatsword;6
3021000;Poison Iron Greatsword;6
3021100;Blood Iron Greatsword;6
3021200;Occult Iron Greatsword;6
3030000;Lordsworn's Greatsword;6
3030100;Lordsworn's Heavy Greatsword;6
3030200;Lordsworn's Keen Greatsword;6
3030300;Lordsworn's Quality Greatsword;6
3030400;Lordsworn's Fire Greatsword;6
3030500;Lordsworn's Flame Art Greatsword;6
3030600;Lordsworn's Lightning Greatsword;6
3030700;Lordsworn's Sacred Greatsword;6
3030800;Lordsworn's Magic Greatsword;6
3030900;Lordsworn's Cold Greatsword;6
3031000;Lordsworn's Poison Greatsword;6
3031100;Lordsworn's Blood Greatsword;6
3031200;Lordsworn's Occult Greatsword;6
3040000;Knight's Greatsword;6
3040100;Knight's Heavy Greatsword;6
3040200;Knight's Keen Greatsword;6
3040300;Knight's Quality Greatsword;6
3040400;Knight's Fire Greatsword;6
3040500;Knight's Flame Art Greatsword;6
3040600;Knight's Lightning Greatsword;6
3040700;Knight's Sacred Greatsword;6
3040800;Knight's Magic Greatsword;6
3040900;Knight's Cold Greatsword;6
3041000;Knight's Poison Greatsword;6
3041100;Knight's Blood Greatsword;6
3041200;Knight's Occult Greatsword;6
3050000;Flamberge;6
3050100;Heavy Flamberge;6
3050200;Keen Flamberge;6
3050300;Quality Flamberge;6
3050400;Fire Flamberge;6
3050500;Flame Art Flamberge;6
3050600;Lightning Flamberge;6
3050700;Sacred Flamberge;6
3050800;Magic Flamberge;6
3050900;Cold Flamberge;6
3051000;Poison Flamberge;6
3051100;Blood Flamberge;6
3051200;Occult Flamberge;6
3060000;Ordovis's Greatsword;6
3070000;Alabaster Lord's Sword;6
3080000;Banished Knight's Greatsword;6
3080100;Banished Knight's Heavy Greatsword;6
3080200;Banished Knight's Keen Greatsword;6
3080300;Banished Knight's Quality Greatsword;6
3080400;Banished Knight's Fire Greatsword;6
3080500;Banished Knight's Flame Art Greatsword;6
3080600;Banished Knight's Lightning Greatsword;6
3080700;Banished Knight's Sacred Greatsword;6
3080800;Banished Knight's Magic Greatsword;6
3080900;Banished Knight's Cold Greatsword;6
3081000;Banished Knight's Poison Greatsword;6
3081100;Banished Knight's Blood Greatsword;6
3081200;Banished Knight's Occult Greatsword;6
3090000;Dark Moon Greatsword;6
3100000;Sacred Relic Sword;6
3130000;Helphen's Steeple;6
3140000;Blasphemous Blade;6
3150000;Marais Executioner's Sword;6
3160000;Sword of Milos;6
3170000;Golden Order Greatsword;6
3180000;Claymore;6
3180100;Heavy Claymore;6
3180200;Keen Claymore;6
3180300;Quality Claymore;6
3180400;Fire Claymore;6
3180500;Flame Art Claymore;6
3180600;Lightning Claymore;6
3180700;Sacred Claymore;6
3180800;Magic Claymore;6
3180900;Cold Claymore;6
3181000;Poison Claymore;6
3181100;Blood Claymore;6
3181200;Occult Claymore;6
3190000;Gargoyle's Greatsword;6
3190100;Gargoyle's Heavy Greatsword;6
3190200;Gargoyle's Keen Greatsword;6
3190300;Gargoyle's Quality Greatsword;6
3190400;Gargoyle's Fire Greatsword;6
3190500;Gargoyle's Flame Art Greatsword;6
3190600;Gargoyle's Lightning Greatsword;6
3190700;Gargoyle's Sacred Greatsword;6
3190800;Gargoyle's Magic Greatsword;6
3190900;Gargoyle's Cold Greatsword;6
3191000;Gargoyle's Poison Greatsword;6
3191100;Gargoyle's Blood Greatsword;6
3191200;Gargoyle's Occult Greatsword;6
3200000;Death's Poker;6
3210000;Gargoyle's Blackblade;6
3220000;;6
3900000;;6
4000000;Greatsword;6
4000100;Heavy Greatsword;6
4000200;Keen Greatsword;6
4000300;Quality Greatsword;6
4000400;Fire Greatsword;6
4000500;Flame Art Greatsword;6
4000600;Lightning Greatsword;6
4000700;Sacred Greatsword;6
4000800;Magic Greatsword;6
4000900;Cold Greatsword;6
4001000;Poison Greatsword;6
4001100;Blood Greatsword;6
4001200;Occult Greatsword;6
4010000;Watchdog's Greatsword;6
4010100;Watchdog's Heavy Greatsword;6
4010200;Watchdog's Keen Greatsword;6
4010300;Watchdog's Quality Greatsword;6
4010400;Watchdog's Fire Greatsword;6
4010500;Watchdog's Flame Art Greatsword;6
4010600;Watchdog's Lightning Greatsword;6
4010700;Watchdog's Sacred Greatsword;6
4010800;Watchdog's Magic Greatsword;6
4010900;Watchdog's Cold Greatsword;6
4011000;Watchdog's Poison Greatsword;6
4011100;Watchdog's Blood Greatsword;6
4011200;Watchdog's Occult Greatsword;6
4020000;Maliketh's Black Blade;6
4030000;Troll's Golden Sword;6
4030100;Troll's Golden Heavy Sword;6
4030200;Troll's Golden Keen Sword;6
4030300;Troll's Golden Quality Sword;6
4030400;Troll's Golden Fire Sword;6
4030500;Troll's Golden Flame Art Sword;6
4030600;Troll's Golden Lightning Sword;6
4030700;Troll's Golden Sacred Sword;6
4030800;Troll's Golden Magic Sword;6
4030900;Troll's Golden Cold Sword;6
4031000;Troll's Golden Poison Sword;6
4031100;Troll's Golden Blood Sword;6
4031200;Troll's Golden Occult Sword;6
4040000;Zweihander;6
4040100;Heavy Zweihander;6
4040200;Keen Zweihander;6
4040300;Quality Zweihander;6
4040400;Fire Zweihander;6
4040500;Flame Art Zweihander;6
4040600;Lightning Zweihander;6
4040700;Sacred Zweihander;6
4040800;Magic Zweihander;6
4040900;Cold Zweihander;6
4041000;Poison Zweihander;6
4041100;Blood Zweihander;6
4041200;Occult Zweihander;6
4050000;Starscourge Greatsword;6
4060000;Royal Greatsword;6
4070000;Godslayer's Greatsword;6
4080000;Ruins Greatsword;6
4100000;Grafted Blade Greatsword;6
4110000;Troll Knight's Sword;6
4900000;;6
4910000;;6
5000000;Estoc;6
5000100;Heavy Estoc;6
5000200;Keen Estoc;6
5000300;Quality Estoc;6
5000400;Fire Estoc;6
5000500;Flame Art Estoc;6
5000600;Lightning Estoc;6
5000700;Sacred Estoc;6
5000800;Magic Estoc;6
5000900;Cold Estoc;6
5001000;Poison Estoc;6
5001100;Blood Estoc;6
5001200;Occult Estoc;6
5010000;Cleanrot Knight's Sword;6
5010100;Cleanrot Knight's Heavy Sword;6
5010200;Cleanrot Knight's Keen Sword;6
5010300;Cleanrot Knight's Quality Sword;6
5010400;Cleanrot Knight's Fire Sword;6
5010500;Cleanrot Knight's Flame Art Sword;6
5010600;Cleanrot Knight's Lightning Sword;6
5010700;Cleanrot Knight's Sacred Sword;6
5010800;Cleanrot Knight's Magic Sword;6
5010900;Cleanrot Knight's Cold Sword;6
5011000;Cleanrot Knight's Poison Sword;6
5011100;Cleanrot Knight's Blood Sword;6
5011200;Cleanrot Knight's Occult Sword;6
5020000;Rapier;6
5020100;Heavy Rapier;6
5020200;Keen Rapier;6
5020300;Quality Rapier;6
5020400;Fire Rapier;6
5020500;Flame Art Rapier;6
5020600;Lightning Rapier;6
5020700;Sacred Rapier;6
5020800;Magic Rapier;6
5020900;Cold Rapier;6
5021000;Poison Rapier;6
5021100;Blood Rapier;6
5021200;Occult Rapier;6
5030000;Rogier's Rapier;6
5030100;Rogier's Heavy Rapier;6
5030200;Rogier's Keen Rapier;6
5030300;Rogier's Quality Rapier;6
5030400;Rogier's Fire Rapier;6
5030500;Rogier's Flame Art Rapier;6
5030600;Rogier's Lightning Rapier;6
5030700;Rogier's Sacred Rapier;6
5030800;Rogier's Magic Rapier;6
5030900;Rogier's Cold Rapier;6
5031000;Rogier's Poison Rapier;6
5031100;Rogier's Blood Rapier;6
5031200;Rogier's Occult Rapier;6
5040000;Antspur Rapier;6
5040100;Heavy Antspur Rapier;6
5040200;Keen Antspur Rapier;6
5040300;Quality Antspur Rapier;6
5040400;Fire Antspur Rapier;6
5040500;Flame Art Antspur Rapier;6
5040600;Lightning Antspur Rapier;6
5040700;Sacred Antspur Rapier;6
5040800;Magic Antspur Rapier;6
5040900;Cold Antspur Rapier;6
5041000;Poison Antspur Rapier;6
5041100;Blood Antspur Rapier;6
5041200;Occult Antspur Rapier;6
5050000;Frozen Needle;6
5060000;Noble's Estoc;6
5060100;Noble's Heavy Estoc;6
5060200;Noble's Keen Estoc;6
5060300;Noble's Quality Estoc;6
5060400;Noble's Fire Estoc;6
5060500;Noble's Flame Art Estoc;6
5060600;Noble's Lightning Estoc;6
5060700;Noble's Sacred Estoc;6
5060800;Noble's Magic Estoc;6
5060900;Noble's Cold Estoc;6
5061000;Noble's Poison Estoc;6
5061100;Noble's Blood Estoc;6
5061200;Noble's Occult Estoc;6
6000000;Bloody Helice;6
6010000;Godskin Stitcher;6
6010100;Heavy Godskin Stitcher;6
6010200;Keen Godskin Stitcher;6
6010300;Quality Godskin Stitcher;6
6010400;Fire Godskin Stitcher;6
6010500;Flame Art Godskin Stitcher;6
6010600;Lightning Godskin Stitcher;6
6010700;Sacred Godskin Stitcher;6
6010800;Magic Godskin Stitcher;6
6010900;Cold Godskin Stitcher;6
6011000;Poison Godskin Stitcher;6
6011100;Blood Godskin Stitcher;6
6011200;Occult Godskin Stitcher;6
6020000;Great epee;6
6020100;Heavy Great epee;6
6020200;Keen Great epee;6
6020300;Quality Great epee;6
6020400;Fire Great epee;6
6020500;Flame Art Great epee;6
6020600;Lightning Great epee;6
6020700;Sacred Great epee;6
6020800;Magic Great epee;6
6020900;Cold Great epee;6
6021000;Poison Great epee;6
6021100;Blood Great epee;6
6021200;Occult Great epee;6
6040000;Dragon King's Cragblade;6
6900000;;6
7000000;Falchion;6
7000100;Heavy Falchion;6
7000200;Keen Falchion;6
7000300;Quality Falchion;6
7000400;Fire Falchion;6
7000500;Flame Art Falchion;6
7000600;Lightning Falchion;6
7000700;Sacred Falchion;6
7000800;Magic Falchion;6
7000900;Cold Falchion;6
7001000;Poison Falchion;6
7001100;Blood Falchion;6
7001200;Occult Falchion;6
7010000;Beastman's Curved Sword;6
7010100;Beastman's Heavy Curved Sword;6
7010200;Beastman's Keen Curved Sword;6
7010300;Beastman's Quality Curved Sword;6
7010400;Beastman's Fire Curved Sword;6
7010500;Beastman's Flame Art Curved Sword;6
7010600;Beastman's Lightning Curved Sword;6
7010700;Beastman's Sacred Curved Sword;6
7010800;Beastman's Magic Curved Sword;6
7010900;Beastman's Cold Curved Sword;6
7011000;Beastman's Poison Curved Sword;6
7011100;Beastman's Blood Curved Sword;6
7011200;Beastman's Occult Curved Sword;6
7020000;Shotel;6
7020100;Heavy Shotel;6
7020200;Keen Shotel;6
7020300;Quality Shotel;6
7020400;Fire Shotel;6
7020500;Flame Art Shotel;6
7020600;Lightning Shotel;6
7020700;Sacred Shotel;6
7020800;Magic Shotel;6
7020900;Cold Shotel;6
7021000;Poison Shotel;6
7021100;Blood Shotel;6
7021200;Occult Shotel;6
7030000;Shamshir;6
7030100;Heavy Shamshir;6
7030200;Keen Shamshir;6
7030300;Quality Shamshir;6
7030400;Fire Shamshir;6
7030500;Flame Art Shamshir;6
7030600;Lightning Shamshir;6
7030700;Sacred Shamshir;6
7030800;Magic Shamshir;6
7030900;Cold Shamshir;6
7031000;Poison Shamshir;6
7031100;Blood Shamshir;6
7031200;Occult Shamshir;6
7040000;Bandit's Curved Sword;6
7040100;Bandit's Heavy Curved Sword;6
7040200;Bandit's Keen Curved Sword;6
7040300;Bandit's Quality Curved Sword;6
7040400;Bandit's Fire Curved Sword;6
7040500;Bandit's Flame Art Curved Sword;6
7040600;Bandit's Lightning Curved Sword;6
7040700;Bandit's Sacred Curved Sword;6
7040800;Bandit's Magic Curved Sword;6
7040900;Bandit's Cold Curved Sword;6
7041000;Bandit's Poison Curved Sword;6
7041100;Bandit's Blood Curved Sword;6
7041200;Bandit's Occult Curved Sword;6
7050000;Magma Blade;6
7060000;Flowing Curved Sword;6
7060100;Flowing Heavy Curved Sword;6
7060200;Flowing Keen Curved Sword;6
7060300;Flowing Quality Curved Sword;6
7060400;Flowing Fire Curved Sword;6
7060500;Flowing Flame Art Curved Sword;6
7060600;Flowing Lightning Curved Sword;6
7060700;Flowing Sacred Curved Sword;6
7060800;Flowing Magic Curved Sword;6
7060900;Flowing Cold Curved Sword;6
7061000;Flowing Poison Curved Sword;6
7061100;Flowing Blood Curved Sword;6
7061200;Flowing Occult Curved Sword;6
7070000;Wing of Astel;6
7080000;Scavenger's Curved Sword;6
7080100;Scavenger's Heavy Curved Sword;6
7080200;Scavenger's Keen Curved Sword;6
7080300;Scavenger's Quality Curved Sword;6
7080400;Scavenger's Fire Curved Sword;6
7080500;Scavenger's Flame Art Curved Sword;6
7080600;Scavenger's Lightning Curved Sword;6
7080700;Scavenger's Sacred Curved Sword;6
7080800;Scavenger's Magic Curved Sword;6
7080900;Scavenger's Cold Curved Sword;6
7081000;Scavenger's Poison Curved Sword;6
7081100;Scavenger's Blood Curved Sword;6
7081200;Scavenger's Occult Curved Sword;6
7100000;Eclipse Shotel;6
7110000;Serpent-God's Curved Sword;6
7110100;Serpent-God's Heavy Curved Sword;6
7110200;Serpent-God's Keen Curved Sword;6
7110300;Serpent-God's Quality Curved Sword;6
7110400;Serpent-God's Fire Curved Sword;6
7110500;Serpent-God's Flame Art Curved Sword;6
7110600;Serpent-God's Lightning Curved Sword;6
7110700;Serpent-God's Sacred Curved Sword;6
7110800;Serpent-God's Magic Curved Sword;6
7110900;Serpent-God's Cold Curved Sword;6
7111000;Serpent-God's Poison Curved Sword;6
7111100;Serpent-God's Blood Curved Sword;6
7111200;Serpent-God's Occult Curved Sword;6
7120000;Mantis Blade;6
7120100;Heavy Mantis Blade;6
7120200;Keen Mantis Blade;6
7120300;Quality Mantis Blade;6
7120400;Fire Mantis Blade;6
7120500;Flame Art Mantis Blade;6
7120600;Lightning Mantis Blade;6
7120700;Sacred Mantis Blade;6
7120800;Magic Mantis Blade;6
7120900;Cold Mantis Blade;6
7121000;Poison Mantis Blade;6
7121100;Blood Mantis Blade;6
7121200;Occult Mantis Blade;6
7140000;Scimitar;6
7140100;Heavy Scimitar;6
7140200;Keen Scimitar;6
7140300;Quality Scimitar;6
7140400;Fire Scimitar;6
7140500;Flame Art Scimitar;6
7140600;Lightning Scimitar;6
7140700;Sacred Scimitar;6
7140800;Magic Scimitar;6
7140900;Cold Scimitar;6
7141000;Poison Scimitar;6
7141100;Bloody Scimitar;6
7141200;Occult Scimitar;6
7150000;Grossmesser;6
7150100;Heavy Grossmesser;6
7150200;Keen Grossmesser;6
7150300;Quality Grossmesser;6
7150400;Fire Grossmesser;6
7150500;Flame Art Grossmesser;6
7150600;Lightning Grossmesser;6
7150700;Sacred Grossmesser;6
7150800;Magic Grossmesser;6
7150900;Cold Grossmesser;6
7151000;Poison Grossmesser;6
7151100;Blood Grossmesser;6
7151200;Occult Grossmesser;6
8010000;Onyx Lord's Greatsword;6
8020000;Dismounter;6
8020100;Heavy Dismounter;6
8020200;Keen Dismounter;6
8020300;Quality Dismounter;6
8020400;Fire Dismounter;6
8020500;Flame Art Dismounter;6
8020600;Lightning Dismounter;6
8020700;Sacred Dismounter;6
8020800;Magic Dismounter;6
8020900;Cold Dismounter;6
8021000;Poison Dismounter;6
8021100;Blood Dismounter;6
8021200;Occult Dismounter;6
8030000;Bloodhound's Fang;6
8040000;Magma Wyrm's Scalesword;6
8050000;Zamor Curved Sword;6
8060000;Omen Cleaver;6
8060100;Heavy Omen Cleaver;6
8060200;Keen Omen Cleaver;6
8060300;Quality Omen Cleaver;6
8060400;Fire Omen Cleaver;6
8060500;Flame Art Omen Cleaver;6
8060600;Lightning Omen Cleaver;6
8060700;Sacred Omen Cleaver;6
8060800;Magic Omen Cleaver;6
8060900;Cold Omen Cleaver;6
8061000;Poison Omen Cleaver;6
8061100;Blood Omen Cleaver;6
8061200;Occult Omen Cleaver;6
8070000;Monk's Flameblade;6
8070100;Monk's Heavy Flameblade;6
8070200;Monk's Keen Flameblade;6
8070300;Monk's Quality Flameblade;6
8070400;Monk's Fire Flameblade;6
8070500;Monk's Flame Art Flameblade;6
8070600;Monk's Lightning Flameblade;6
8070700;Monk's Sacred Flameblade;6
8070800;Monk's Magic Flameblade;6
8070900;Monk's Cold Flameblade;6
8071000;Monk's Poison Flameblade;6
8071100;Monk's Blood Flameblade;6
8071200;Monk's Occult Flameblade;6
8080000;Beastman's Cleaver;6
8080100;Beastman's Heavy Cleaver;6
8080200;Beastman's Keen Cleaver;6
8080300;Beastman's Quality Cleaver;6
8080400;Beastman's Fire Cleaver;6
8080500;Beastman's Flame Art Cleaver;6
8080600;Beastman's Lightning Cleaver;6
8080700;Beastman's Sacred Cleaver;6
8080800;Beastman's Magic Cleaver;6
8080900;Beastman's Cold Cleaver;6
8081000;Beastman's Poison Cleaver;6
8081100;Beastman's Blood Cleaver;6
8081200;Beastman's Occult Cleaver;6
8100000;Morgott's Cursed Sword;6
8900000;;6
9000000;Uchigatana;6
9000100;Heavy Uchigatana;6
9000200;Keen Uchigatana;6
9000300;Quality Uchigatana;6
9000400;Fire Uchigatana;6
9000500;Flame Art Uchigatana;6
9000600;Lightning Uchigatana;6
9000700;Sacred Uchigatana;6
9000800;Magic Uchigatana;6
9000900;Cold Uchigatana;6
9001000;Poison Uchigatana;6
9001100;Blood Uchigatana;6
9001200;Occult Uchigatana;6
9010000;Nagakiba;6
9010100;Heavy Nagakiba;6
9010200;Keen Nagakiba;6
9010300;Quality Nagakiba;6
9010400;Fire Nagakiba;6
9010500;Flame Art Nagakiba;6
9010600;Lightning Nagakiba;6
9010700;Sacred Nagakiba;6
9010800;Magic Nagakiba;6
9010900;Cold Nagakiba;6
9011000;Poison Nagakiba;6
9011100;Blood Nagakiba;6
9011200;Occult Nagakiba;6
9020000;Hand of Malenia;6
9030000;Meteoric Ore Blade;6
9040000;Rivers of Blood;6
9060000;Moonveil;6
9070000;Dragonscale Blade;6
9080000;Serpentbone Blade;6
9080100;Heavy Serpentbone Blade;6
9080200;Keen Serpentbone Blade;6
9080300;Quality Serpentbone Blade;6
9080400;Fire Serpentbone Blade;6
9080500;Flame Art Serpentbone Blade;6
9080600;Lightning Serpentbone Blade;6
9080700;Sacred Serpentbone Blade;6
9080800;Magic Serpentbone Blade;6
9080900;Cold Serpentbone Blade;6
9081000;Poison Serpentbone Blade;6
9081100;Blood Serpentbone Blade;6
9081200;Occult Serpentbone Blade;6
9900000;;6
9910000;;6
9911000;;6
9920000;;6
9930000;;6
10000000;Twinblade;6
10000100;Heavy Twinblade;6
10000200;Keen Twinblade;6
10000300;Quality Twinblade;6
10000400;Fire Twinblade;6
10000500;Flame Art Twinblade;6
10000600;Lightning Twinblade;6
10000700;Sacred Twinblade;6
10000800;Magic Twinblade;6
10000900;Cold Twinblade;6
10001000;Poison Twinblade;6
10001100;Bloody Twinblade;6
10001200;Occult Twinblade;6
10010000;Godskin Peeler;6
10010100;Heavy Godskin Peeler;6
10010200;Keen Godskin Peeler;6
10010300;Quality Godskin Peeler;6
10010400;Fire Godskin Peeler;6
10010500;Flame Art Godskin Peeler;6
10010600;Lightning Godskin Peeler;6
10010700;Sacred Godskin Peeler;6
10010800;Magic Godskin Peeler;6
10010900;Cold Godskin Peeler;6
10011000;Poison Godskin Peeler;6
10011100;Blood Godskin Peeler;6
10011200;Occult Godskin Peeler;6
10030000;Twinned Knight Swords;6
10030100;Heavy Twinned Knight Swords;6
10030200;Keen Twinned Knight Swords;6
10030300;Quality Twinned Knight Swords;6
10030400;Fire Twinned Knight Swords;6
10030500;Flame Art Twinned Knight Swords;6
10030600;Lightning Twinned Knight Swords;6
10030700;Sacred Twinned Knight Swords;6
10030800;Magic Twinned Knight Swords;6
10030900;Cold Twinned Knight Swords;6
10031000;Poison Twinned Knight Swords;6
10031100;Blood Twinned Knight Swords;6
10031200;Occult Twinned Knight Swords;6
10050000;Eleonora's Poleblade;6
10080000;Gargoyle's Twinblade;6
10080100;Gargoyle's Heavy Twinblade;6
10080200;Gargoyle's Keen Twinblade;6
10080300;Gargoyle's Quality Twinblade;6
10080400;Gargoyle's Fire Twinblade;6
10080500;Gargoyle's Flame Art Twinblade;6
10080600;Gargoyle's Lightning Twinblade;6
10080700;Gargoyle's Sacred Twinblade;6
10080800;Gargoyle's Magic Twinblade;6
10080900;Gargoyle's Cold Twinblade;6
10081000;Gargoyle's Poison Twinblade;6
10081100;Gargoyle's Blood Twinblade;6
10081200;Gargoyle's Occult Twinblade;6
10090000;Gargoyle's Black Blades;6
11000000;Mace;6
11000100;Heavy Mace;6
11000200;Keen Mace;6
11000300;Quality Mace;6
11000400;Fire Mace;6
11000500;Flame Art Mace;6
11000600;Lightning Mace;6
11000700;Sacred Mace;6
11000800;Magic Mace;6
11000900;Cold Mace;6
11001000;Poison Mace;6
11001100;Blood Mace;6
11001200;Occult Mace;6
11010000;Club;6
11010100;Heavy Club;6
11010200;Keen Club;6
11010300;Quality Club;6
11010400;Fire Club;6
11010500;Flame Art Club;6
11010600;Lightning Club;6
11010700;Sacred Club;6
11010800;Magic Club;6
11010900;Cold Club;6
11011000;Poison Club;6
11011100;Bloody Club;6
11011200;Occult Club;6
11030000;Curved Club;6
11030100;Heavy Curved Club;6
11030200;Keen Curved Club;6
11030300;Quality Curved Club;6
11030400;Fire Curved Club;6
11030500;Flame Art Curved Club;6
11030600;Lightning Curved Club;6
11030700;Sacred Curved Club;6
11030800;Magic Curved Club;6
11030900;Cold Curved Club;6
11031000;Poison Curved Club;6
11031100;Blood Curved Club;6
11031200;Occult Curved Club;6
11040000;Warpick;6
11040100;Heavy Warpick;6
11040200;Keen Warpick;6
11040300;Quality Warpick;6
11040400;Fire Warpick;6
11040500;Flame Art Warpick;6
11040600;Lightning Warpick;6
11040700;Sacred Warpick;6
11040800;Magic Warpick;6
11040900;Cold Warpick;6
11041000;Poison Warpick;6
11041100;Blood Warpick;6
11041200;Occult Warpick;6
11050000;Morning Star;6
11050100;Heavy Morning Star;6
11050200;Keen Morning Star;6
11050300;Quality Morning Star;6
11050400;Fire Morning Star;6
11050500;Flame Art Morning Star;6
11050600;Lightning Morning Star;6
11050700;Sacred Morning Star;6
11050800;Magic Morning Star;6
11050900;Cold Morning Star;6
11051000;Poison Morning Star;6
11051100;Blood Morning Star;6
11051200;Occult Morning Star;6
11060000;Varre's Bouquet;6
11070000;Spiked Club;6
11070100;Heavy Spiked Club;6
11070200;Keen Spiked Club;6
11070300;Quality Spiked Club;6
11070400;Fire Spiked Club;6
11070500;Flame Art Spiked Club;6
11070600;Lightning Spiked Club;6
11070700;Sacred Spiked Club;6
11070800;Magic Spiked Club;6
11070900;Cold Spiked Club;6
11071000;Poison Spiked Club;6
11071100;Blood Spiked Club;6
11071200;Occult Spiked Club;6
11080000;Hammer;6
11080100;Heavy Hammer;6
11080200;Keen Hammer;6
11080300;Quality Hammer;6
11080400;Fire Hammer;6
11080500;Flame Art Hammer;6
11080600;Lightning Hammer;6
11080700;Sacred Hammer;6
11080800;Magic Hammer;6
11080900;Cold Hammer;6
11081000;Poison Hammer;6
11081100;Blood Hammer;6
11081200;Occult Hammer;6
11090000;Monk's Flamemace;6
11090100;Monk's Heavy Flamemace;6
11090200;Monk's Keen Flamemace;6
11090300;Monk's Quality Flamemace;6
11090400;Monk's Fire Flamemace;6
11090500;Monk's Flame Art Flamemace;6
11090600;Monk's Lightning Flamemace;6
11090700;Monk's Sacred Flamemace;6
11090800;Monk's Magic Flamemace;6
11090900;Monk's Cold Flamemace;6
11091000;Monk's Poison Flamemace;6
11091100;Monk's Blood Flamemace;6
11091200;Monk's Occult Flamemace;6
11100000;Envoy's Horn;6
11110000;Scepter of the All-Knowing;6
11120000;Nox Flowing Hammer;6
11130000;Ringed Finger;6
11140000;Stone Club;6
11140100;Heavy Stone Club;6
11140200;Keen Stone Club;6
11140300;Quality Stone Club;6
11140400;Fire Stone Club;6
11140500;Flame Art Stone Club;6
11140600;Lightning Stone Club;6
11140700;Sacred Stone Club;6
11140800;Magic Stone Club;6
11140900;Cold Stone Club;6
11141000;Poison Stone Club;6
11141100;Blood Stone Club;6
11141200;Occult Stone Club;6
11150000;Marika's Hammer;6
11170000;;6
12000000;Large Club;6
12000100;Heavy Large Club;6
12000200;Keen Large Club;6
12000300;Quality Large Club;6
12000400;Fire Large Club;6
12000500;Flame Art Large Club;6
12000600;Lightning Large Club;6
12000700;Sacred Large Club;6
12000800;Magic Large Club;6
12000900;Cold Large Club;6
12001000;Poison Large Club;6
12001100;Blood Large Club;6
12001200;Occult Large Club;6
12010000;Greathorn Hammer;6
12010100;Heavy Greathorn Hammer;6
12010200;Keen Greathorn Hammer;6
12010300;Quality Greathorn Hammer;6
12010400;Fire Greathorn Hammer;6
12010500;Flame Art Greathorn Hammer;6
12010600;Lightning Greathorn Hammer;6
12010700;Sacred Greathorn Hammer;6
12010800;Magic Greathorn Hammer;6
12010900;Cold Greathorn Hammer;6
12011000;Poison Greathorn Hammer;6
12011100;Blood Greathorn Hammer;6
12011200;Occult Greathorn Hammer;6
12020000;Battle Hammer;6
12020100;Heavy Battle Hammer;6
12020200;Keen Battle Hammer;6
12020300;Quality Battle Hammer;6
12020400;Fire Battle Hammer;6
12020500;Flame Art Battle Hammer;6
12020600;Lightning Battle Hammer;6
12020700;Sacred Battle Hammer;6
12020800;Magic Battle Hammer;6
12020900;Cold Battle Hammer;6
12021000;Poison Battle Hammer;6
12021100;Blood Battle Hammer;6
12021200;Occult Battle Hammer;6
12060000;Great Mace;6
12060100;Heavy Great Mace;6
12060200;Keen Great Mace;6
12060300;Quality Great Mace;6
12060400;Fire Great Mace;6
12060500;Flame Art Great Mace;6
12060600;Lightning Great Mace;6
12060700;Sacred Great Mace;6
12060800;Magic Great Mace;6
12060900;Cold Great Mace;6
12061000;Poison Great Mace;6
12061100;Blood Great Mace;6
12061200;Occult Great Mace;6
12080000;Curved Great Club;6
12080100;Heavy Curved Great Club;6
12080200;Keen Curved Great Club;6
12080300;Quality Curved Great Club;6
12080400;Fire Curved Great Club;6
12080500;Flame Art Curved Great Club;6
12080600;Lightning Curved Great Club;6
12080700;Sacred Curved Great Club;6
12080800;Magic Curved Great Club;6
12080900;Cold Curved Great Club;6
12081000;Poison Curved Great Club;6
12081100;Blood Curved Great Club;6
12081200;Occult Curved Great Club;6
12130000;Celebrant's Skull;6
12130100;Celebrant's Heavy Skull;6
12130200;Celebrant's Keen Skull;6
12130300;Celebrant's Quality Skull;6
12130400;Celebrant's Fire Skull;6
12130500;Celebrant's Flame Art Skull;6
12130600;Celebrant's Lightning Skull;6
12130700;Celebrant's Sacred Skull;6
12130800;Celebrant's Magic Skull;6
12130900;Celebrant's Cold Skull;6
12131000;Celebrant's Poison Skull;6
12131100;Celebrant's Blood Skull;6
12131200;Celebrant's Occult Skull;6
12140000;Pickaxe;6
12140100;Heavy Pickaxe;6
12140200;Keen Pickaxe;6
12140300;Quality Pickaxe;6
12140400;Fire Pickaxe;6
12140500;Flame Art Pickaxe;6
12140600;Lightning Pickaxe;6
12140700;Sacred Pickaxe;6
12140800;Magic Pickaxe;6
12140900;Cold Pickaxe;6
12141000;Poison Pickaxe;6
12141100;Blood Pickaxe;6
12141200;Occult Pickaxe;6
12150000;Beastclaw Greathammer;6
12160000;Envoy's Long Horn;6
12170000;Cranial Vessel Candlestand;6
12180000;Great Stars;6
12180100;Heavy Great Stars;6
12180200;Keen Great Stars;6
12180300;Quality Great Stars;6
12180400;Fire Great Stars;6
12180500;Flame Art Great Stars;6
12180600;Lightning Great Stars;6
12180700;Sacred Great Stars;6
12180800;Magic Great Stars;6
12180900;Cold Great Stars;6
12181000;Poison Great Stars;6
12181100;Blood Great Stars;6
12181200;Occult Great Stars;6
12190000;Brick Hammer;6
12190100;Heavy Brick Hammer;6
12190200;Keen Brick Hammer;6
12190300;Quality Brick Hammer;6
12190400;Fire Brick Hammer;6
12190500;Flame Art Brick Hammer;6
12190600;Lightning Brick Hammer;6
12190700;Sacred Brick Hammer;6
12190800;Magic Brick Hammer;6
12190900;Cold Brick Hammer;6
12191000;Poison Brick Hammer;6
12191100;Blood Brick Hammer;6
12191200;Occult Brick Hammer;6
12200000;Devourer's Scepter;6
12210000;Rotten Battle Hammer;6
12210100;Heavy Rotten Battle Hammer;6
12210200;Keen Rotten Battle Hammer;6
12210300;Quality Rotten Battle Hammer;6
12210400;Fire Rotten Battle Hammer;6
12210500;Flame Art Rotten Battle Hammer;6
12210600;Lightning Rotten Battle Hammer;6
12210700;Sacred Rotten Battle Hammer;6
12210800;Magic Rotten Battle Hammer;6
12210900;Cold Rotten Battle Hammer;6
12211000;Poison Rotten Battle Hammer;6
12211100;Blood Rotten Battle Hammer;6
12211200;Occult Rotten Battle Hammer;6
12900000;;6
12910000;;6
13000000;Nightrider Flail;6
13000100;Heavy Nightrider Flail;6
13000200;Keen Nightrider Flail;6
13000300;Quality Nightrider Flail;6
13000400;Fire Nightrider Flail;6
13000500;Flame Art Nightrider Flail;6
13000600;Lightning Nightrider Flail;6
13000700;Sacred Nightrider Flail;6
13000800;Magic Nightrider Flail;6
13000900;Cold Nightrider Flail;6
13001000;Poison Nightrider Flail;6
13001100;Blood Nightrider Flail;6
13001200;Occult Nightrider Flail;6
13010000;Flail;6
13010100;Heavy Flail;6
13010200;Keen Flail;6
13010300;Quality Flail;6
13010400;Fire Flail;6
13010500;Flame Art Flail;6
13010600;Lightning Flail;6
13010700;Sacred Flail;6
13010800;Magic Flail;6
13010900;Cold Flail;6
13011000;Poison Flail;6
13011100;Blood Flail;6
13011200;Occult Flail;6
13020000;Family Heads;6
13030000;Bastard's Stars;6
13040000;Chainlink Flail;6
13040100;Heavy Chainlink Flail;6
13040200;Keen Chainlink Flail;6
13040300;Quality Chainlink Flail;6
13040400;Fire Chainlink Flail;6
13040500;Flame Art Chainlink Flail;6
13040600;Lightning Chainlink Flail;6
13040700;Sacred Chainlink Flail;6
13040800;Magic Chainlink Flail;6
13040900;Cold Chainlink Flail;6
13041000;Poison Chainlink Flail;6
13041100;Blood Chainlink Flail;6
13041200;Occult Chainlink Flail;6
14000000;Battle Axe;6
14000100;Heavy Battle Axe;6
14000200;Keen Battle Axe;6
14000300;Quality Battle Axe;6
14000400;Fire Battle Axe;6
14000500;Flame Art Battle Axe;6
14000600;Lightning Battle Axe;6
14000700;Sacred Battle Axe;6
14000800;Magic Battle Axe;6
14000900;Cold Battle Axe;6
14001000;Poison Battle Axe;6
14001100;Blood Battle Axe;6
14001200;Occult Battle Axe;6
14010000;Forked Hatchet;6
14010100;Heavy Forked Hatchet;6
14010200;Keen Forked Hatchet;6
14010300;Quality Forked Hatchet;6
14010400;Fire Forked Hatchet;6
14010500;Flame Art Forked Hatchet;6
14010600;Lightning Forked Hatchet;6
14010700;Sacred Forked Hatchet;6
14010800;Magic Forked Hatchet;6
14010900;Cold Forked Hatchet;6
14011000;Poison Forked Hatchet;6
14011100;Blood Forked Hatchet;6
14011200;Occult Forked Hatchet;6
14020000;Hand Axe;6
14020100;Heavy Hand Axe;6
14020200;Keen Hand Axe;6
14020300;Quality Hand Axe;6
14020400;Fire Hand Axe;6
14020500;Flame Art Hand Axe;6
14020600;Lightning Hand Axe;6
14020700;Sacred Hand Axe;6
14020800;Magic Hand Axe;6
14020900;Cold Hand Axe;6
14021000;Poison Hand Axe;6
14021100;Blood Hand Axe;6
14021200;Occult Hand Axe;6
14030000;Jawbone Axe;6
14030100;Heavy Jawbone Axe;6
14030200;Keen Jawbone Axe;6
14030300;Quality Jawbone Axe;6
14030400;Fire Jawbone Axe;6
14030500;Flame Art Jawbone Axe;6
14030600;Lightning Jawbone Axe;6
14030700;Sacred Jawbone Axe;6
14030800;Magic Jawbone Axe;6
14030900;Cold Jawbone Axe;6
14031000;Poison Jawbone Axe;6
14031100;Blood Jawbone Axe;6
14031200;Occult Jawbone Axe;6
14040000;Iron Cleaver;6
14040100;Heavy Iron Cleaver;6
14040200;Keen Iron Cleaver;6
14040300;Quality Iron Cleaver;6
14040400;Fire Iron Cleaver;6
14040500;Flame Art Iron Cleaver;6
14040600;Lightning Iron Cleaver;6
14040700;Sacred Iron Cleaver;6
14040800;Magic Iron Cleaver;6
14040900;Cold Iron Cleaver;6
14041000;Poison Iron Cleaver;6
14041100;Blood Iron Cleaver;6
14041200;Occult Iron Cleaver;6
14050000;Ripple Blade;6
14060000;Celebrant's Cleaver;6
14060100;Celebrant's Heavy Cleaver;6
14060200;Celebrant's Keen Cleaver;6
14060300;Celebrant's Quality Cleaver;6
14060400;Celebrant's Fire Cleaver;6
14060500;Celebrant's Flame Art Cleaver Blades;6
14060600;Celebrant's Lightning Cleaver;6
14060700;Celebrant's Sacred Cleaver;6
14060800;Celebrant's Magic Cleaver;6
14060900;Celebrant's Cold Cleaver;6
14061000;Celebrant's Poison Cleaver;6
14061100;Celebrant's Blood Cleaver;6
14061200;Celebrant's Occult Cleaver;6
14080000;Icerind Hatchet;6
14100000;Highland Axe;6
14100100;Heavy Highland Axe;6
14100200;Keen Highland Axe;6
14100300;Quality Highland Axe;6
14100400;Fire Highland Axe;6
14100500;Flame Art Highland Axe;6
14100600;Lightning Highland Axe;6
14100700;Sacred Highland Axe;6
14100800;Magic Highland Axe;6
14100900;Cold Highland Axe;6
14101000;Poison Highland Axe;6
14101100;Bloody Highland Axe;6
14101200;Occult Highland Axe;6
14110000;Sacrificial Axe;6
14110100;Heavy Sacrificial Axe;6
14110200;Keen Sacrificial Axe;6
14110300;Quality Sacrificial Axe;6
14110400;Fire Sacrificial Axe;6
14110500;Flame Art Sacrificial Axe;6
14110600;Lightning Sacrificial Axe;6
14110700;Sacred Sacrificial Axe;6
14110800;Magic Sacrificial Axe;6
14110900;Cold Sacrificial Axe;6
14111000;Poison Sacrificial Axe;6
14111100;Blood Sacrificial Axe;6
14111200;Occult Sacrificial Axe;6
14120000;Rosus' Axe;6
14140000;Stormhawk Axe;6
15000000;Greataxe;6
15000100;Heavy Greataxe;6
15000200;Keen Greataxe;6
15000300;Quality Greataxe;6
15000400;Fire Greataxe;6
15000500;Flame Art Greataxe;6
15000600;Lightning Greataxe;6
15000700;Sacred Greataxe;6
15000800;Magic Greataxe;6
15000900;Cold Greataxe;6
15001000;Poison Greataxe;6
15001100;Blood Greataxe;6
15001200;Occult Greataxe;6
15010000;Warped Axe;6
15010100;Heavy Warped Axe;6
15010200;Keen Warped Axe;6
15010300;Quality Warped Axe;6
15010400;Fire Warped Axe;6
15010500;Flame Art Warped Axe;6
15010600;Lightning Warped Axe;6
15010700;Sacred Warped Axe;6
15010800;Magic Warped Axe;6
15010900;Cold Warped Axe;6
15011000;Poison Warped Axe;6
15011100;Blood Warped Axe;6
15011200;Occult Warped Axe;6
15020000;Great Omenkiller Cleaver;6
15020100;Heavy Great Omenkiller Cleaver;6
15020200;Keen Great Omenkiller Cleaver;6
15020300;Quality Great Omenkiller Cleaver;6
15020400;Fire Great Omenkiller Cleaver;6
15020500;Flame Art Great Omenkiller Cleaver;6
15020600;Lightning Great Omenkiller Cleaver;6
15020700;Sacred Great Omenkiller Cleaver;6
15020800;Magic Great Omenkiller Cleaver;6
15020900;Cold Great Omenkiller Cleaver;6
15021000;Poison Great Omenkiller Cleaver;6
15021100;Blood Great Omenkiller Cleaver;6
15021200;Occult Great Omenkiller Cleaver;6
15030000;Crescent Moon Axe;6
15030100;Heavy Crescent Moon Axe;6
15030200;Keen Crescent Moon Axe;6
15030300;Quality Crescent Moon Axe;6
15030400;Fire Crescent Moon Axe;6
15030500;Flame Art Crescent Moon Axe;6
15030600;Lightning Crescent Moon Axe;6
15030700;Sacred Crescent Moon Axe;6
15030800;Magic Crescent Moon Axe;6
15030900;Cold Crescent Moon Axe;6
15031000;Poison Crescent Moon Axe;6
15031100;Blood Crescent Moon Axe;6
15031200;Occult Crescent Moon Axe;6
15040000;Axe of Godrick;6
15050000;Longhaft Axe;6
15050100;Heavy Longhaft Axe;6
15050200;Keen Longhaft Axe;6
15050300;Quality Longhaft Axe;6
15050400;Fire Longhaft Axe;6
15050500;Flame Art Longhaft Axe;6
15050600;Lightning Longhaft Axe;6
15050700;Sacred Longhaft Axe;6
15050800;Magic Longhaft Axe;6
15050900;Cold Longhaft Axe;6
15051000;Poison Longhaft Axe;6
15051100;Blood Longhaft Axe;6
15051200;Occult Longhaft Axe;6
15060000;Rusted Anchor;6
15060100;Heavy Rusted Anchor;6
15060200;Keen Rusted Anchor;6
15060300;Quality Rusted Anchor;6
15060400;Fire Rusted Anchor;6
15060500;Flame Art Rusted Anchor;6
15060600;Lightning Rusted Anchor;6
15060700;Sacred Rusted Anchor;6
15060800;Magic Rusted Anchor;6
15060900;Cold Rusted Anchor;6
15061000;Poison Rusted Anchor;6
15061100;Blood Rusted Anchor;6
15061200;Occult Rusted Anchor;6
15080000;Executioner's Greataxe;6
15080100;Executioner's Heavy Greataxe;6
15080200;Executioner's Keen Greataxe;6
15080300;Executioner's Quality Greataxe;6
15080400;Executioner's Fire Greataxe;6
15080500;Executioner's Flame Art Greataxe;6
15080600;Executioner's Lightning Greataxe;6
15080700;Executioner's Sacred Greataxe;6
15080800;Executioner's Magic Greataxe;6
15080900;Executioner's Cold Greataxe;6
15081000;Executioner's Poison Greataxe;6
15081100;Executioner's Blood Greataxe;6
15081200;Executioner's Occult Greataxe;6
15110000;Winged Greathorn;6
15120000;Butchering Knife;6
15120100;Heavy Butchering Knife;6
15120200;Keen Butchering Knife;6
15120300;Quality Butchering Knife;6
15120400;Fire Butchering Knife;6
15120500;Flame Art Butchering Knife;6
15120600;Lightning Butchering Knife;6
15120700;Sacred Butchering Knife;6
15120800;Magic Butchering Knife;6
15120900;Cold Butchering Knife;6
15121000;Poison Butchering Knife;6
15121100;Blood Butchering Knife;6
15121200;Occult Butchering Knife;6
15130000;Gargoyle's Great Axe;6
15130100;Gargoyle's Heavy Great Axe;6
15130200;Gargoyle's Keen Great Axe;6
15130300;Gargoyle's Quality Great Axe;6
15130400;Gargoyle's Fire Great Axe;6
15130500;Gargoyle's Flame Art Great Axe;6
15130600;Gargoyle's Lightning Great Axe;6
15130700;Gargoyle's Sacred Great Axe;6
15130800;Gargoyle's Magic Great Axe;6
15130900;Gargoyle's Cold Great Axe;6
15131000;Gargoyle's Poison Great Axe;6
15131100;Gargoyle's Blood Great Axe;6
15131200;Gargoyle's Occult Great Axe;6
15140000;Gargoyle's Black Axe;6
15900000;;6
16000000;Short Spear;6
16000100;Heavy Short Spear;6
16000200;Keen Short Spear;6
16000300;Quality Short Spear;6
16000400;Fire Short Spear;6
16000500;Flame Art Short Spear;6
16000600;Lightning Short Spear;6
16000700;Sacred Short Spear;6
16000800;Magic Short Spear;6
16000900;Cold Short Spear;6
16001000;Poison Short Spear;6
16001100;Blood Short Spear;6
16001200;Occult Short Spear;6
16010000;Spear;6
16010100;Heavy Spear;6
16010200;Keen Spear;6
16010300;Quality Spear;6
16010400;Fire Spear;6
16010500;Flame Art Spear;6
16010600;Lightning Spear;6
16010700;Sacred Spear;6
16010800;Magic Spear;6
16010900;Cold Spear;6
16011000;Poison Spear;6
16011100;Bloody Spear;6
16011200;Occult Spear;6
16020000;Crystal Spear;6
16030000;Clayman's Harpoon;6
16030100;Clayman's Heavy Harpoon;6
16030200;Clayman's Keen Harpoon;6
16030300;Clayman's Quality Harpoon;6
16030400;Clayman's Fire Harpoon;6
16030500;Clayman's Flame Art Harpoon;6
16030600;Clayman's Lightning Harpoon;6
16030700;Clayman's Sacred Harpoon;6
16030800;Clayman's Magic Harpoon;6
16030900;Clayman's Cold Harpoon;6
16031000;Clayman's Poison Harpoon;6
16031100;Clayman's Blood Harpoon;6
16031200;Clayman's Occult Harpoon;6
16040000;Cleanrot Spear;6
16050000;Partisan;6
16050100;Heavy Partisan;6
16050200;Keen Partisan;6
16050300;Quality Partisan;6
16050400;Fire Partisan;6
16050500;Flame Art Partisan;6
16050600;Lightning Partisan;6
16050700;Sacred Partisan;6
16050800;Magic Partisan;6
16050900;Cold Partisan;6
16051000;Poison Partisan;6
16051100;Blood Partisan;6
16051200;Occult Partisan;6
16060000;Celebrant's Rib-Rake;6
16060100;Celebrant's Heavy Rib-Rake;6
16060200;Celebrant's Keen Rib-Rake;6
16060300;Celebrant's Quality Rib-Rake;6
16060400;Celebrant's Fire Rib-Rake;6
16060500;Celebrant's Flame Art Rib-Rake;6
16060600;Celebrant's Lightning Rib-Rake;6
16060700;Celebrant's Sacred Rib-Rake;6
16060800;Celebrant's Magic Rib-Rake;6
16060900;Celebrant's Cold Rib-Rake;6
16061000;Celebrant's Poison Rib-Rake;6
16061100;Celebrant's Blood Rib-Rake;6
16061200;Celebrant's Occult Rib-Rake;6
16070000;Pike;6
16070100;Heavy Pike;6
16070200;Keen Pike;6
16070300;Quality Pike;6
16070400;Fire Pike;6
16070500;Flame Art Pike;6
16070600;Lightning Pike;6
16070700;Sacred Pike;6
16070800;Magic Pike;6
16070900;Cold Pike;6
16071000;Poison Pike;6
16071100;Blood Pike;6
16071200;Occult Pike;6
16080000;Torchpole;6
16090000;Bolt of Gransax;6
16110000;Cross-Naginata;6
16110100;Heavy Cross-Naginata;6
16110200;Keen Cross-Naginata;6
16110300;Quality Cross-Naginata;6
16110400;Fire Cross-Naginata;6
16110500;Flame Art Cross-Naginata;6
16110600;Lightning Cross-Naginata;6
16110700;Sacred Cross-Naginata;6
16110800;Magic Cross-Naginata;6
16110900;Cold Cross-Naginata;6
16111000;Poison Cross-Naginata;6
16111100;Blood Cross-Naginata;6
16111200;Occult Cross-Naginata;6
16120000;Death Ritual Spear;6
16130000;Inquisitor's Girandole;6
16140000;Spiked Spear;6
16140100;Heavy Spiked Spear;6
16140200;Keen Spiked Spear;6
16140300;Quality Spiked Spear;6
16140400;Fire Spiked Spear;6
16140500;Flame Art Spiked Spear;6
16140600;Lightning Spiked Spear;6
16140700;Sacred Spiked Spear;6
16140800;Magic Spiked Spear;6
16140900;Cold Spiked Spear;6
16141000;Poison Spiked Spear;6
16141100;Blood Spiked Spear;6
16141200;Occult Spiked Spear;6
16150000;Iron Spear;6
16150100;Heavy Iron Spear;6
16150200;Keen Iron Spear;6
16150300;Quality Iron Spear;6
16150400;Fire Iron Spear;6
16150500;Flame Art Iron Spear;6
16150600;Lightning Iron Spear;6
16150700;Sacred Iron Spear;6
16150800;Magic Iron Spear;6
16150900;Cold Iron Spear;6
16151000;Poison Iron Spear;6
16151100;Blood Iron Spear;6
16151200;Occult Iron Spear;6
16160000;Rotten Crystal Spear;6
17010000;Mohgwyn's Sacred Spear;6
17020000;Siluria's Tree;6
17030000;Serpent-Hunter;6
17050000;Vyke's War Spear;6
17060000;Lance;6
17060100;Heavy Lance;6
17060200;Keen Lance;6
17060300;Quality Lance;6
17060400;Fire Lance;6
17060500;Flame Art Lance;6
17060600;Lightning Lance;6
17060700;Sacred Lance;6
17060800;Magic Lance;6
17060900;Cold Lance;6
17061000;Poison Lance;6
17061100;Bloody Lance;6
17061200;Occult Lance;6
17070000;Treespear;6
17070100;Heavy Treespear;6
17070200;Keen Treespear;6
17070300;Quality Treespear;6
17070400;Fire Treespear;6
17070500;Flame Art Treespear;6
17070600;Lightning Treespear;6
17070700;Sacred Treespear;6
17070800;Magic Treespear;6
17070900;Cold Treespear;6
17071000;Poison Treespear;6
17071100;Blood Treespear;6
17071200;Occult Treespear;6
17900000;;6
17910000;;6
18000000;Halberd;6
18000100;Heavy Halberd;6
18000200;Keen Halberd;6
18000300;Quality Halberd;6
18000400;Fire Halberd;6
18000500;Flame Art Halberd;6
18000600;Lightning Halberd;6
18000700;Sacred Halberd;6
18000800;Magic Halberd;6
18000900;Cold Halberd;6
18001000;Poison Halberd;6
18001100;Blood Halberd;6
18001200;Occult Halberd;6
18010000;Pest's Glaive;6
18010100;Pest's Heavy Glaive;6
18010200;Pest's Keen Glaive;6
18010300;Pest's Quality Glaive;6
18010400;Pest's Fire Glaive;6
18010500;Pest's Flame Art Glaive;6
18010600;Pest's Lightning Glaive;6
18010700;Pest's Sacred Glaive;6
18010800;Pest's Magic Glaive;6
18010900;Pest's Cold Glaive;6
18011000;Pest's Poison Glaive;6
18011100;Pest's Blood Glaive;6
18011200;Pest's Occult Glaive;6
18020000;Lucerne;6
18020100;Heavy Lucerne;6
18020200;Keen Lucerne;6
18020300;Quality Lucerne;6
18020400;Fire Lucerne;6
18020500;Flame Art Lucerne;6
18020600;Lightning Lucerne;6
18020700;Sacred Lucerne;6
18020800;Magic Lucerne;6
18020900;Cold Lucerne;6
18021000;Poison Lucerne;6
18021100;Blood Lucerne;6
18021200;Occult Lucerne;6
18030000;Banished Knight's Halberd;6
18030100;Banished Knight's Heavy Halberd;6
18030200;Banished Knight's Keen Halberd;6
18030300;Banished Knight's Quality Halberd;6
18030400;Banished Knight's Fire Halberd;6
18030500;Banished Knight's Flame Art Halberd;6
18030600;Banished Knight's Lightning Halberd;6
18030700;Banished Knight's Sacred Halberd;6
18030800;Banished Knight's Magic Halberd;6
18030900;Banished Knight's Cold Halberd;6
18031000;Banished Knight's Poison Halberd;6
18031100;Banished Knight's Blood Halberd;6
18031200;Banished Knight's Occult Halberd;6
18040000;Commander's Standard;6
18050000;Nightrider Glaive;6
18050100;Heavy Nightrider Glaive;6
18050200;Keen Nightrider Glaive;6
18050300;Quality Nightrider Glaive;6
18050400;Fire Nightrider Glaive;6
18050500;Flame Art Nightrider Glaive;6
18050600;Lightning Nightrider Glaive;6
18050700;Sacred Nightrider Glaive;6
18050800;Magic Nightrider Glaive;6
18050900;Cold Nightrider Glaive;6
18051000;Poison Nightrider Glaive;6
18051100;Blood Nightrider Glaive;6
18051200;Occult Nightrider Glaive;6
18060000;Ripple Crescent Halberd;6
18070000;Vulgar Militia Saw;6
18070100;Heavy Vulgar Militia Saw;6
18070200;Keen Vulgar Militia Saw;6
18070300;Quality Vulgar Militia Saw;6
18070400;Fire Vulgar Militia Saw;6
18070500;Flame Art Vulgar Militia Saw;6
18070600;Lightning Vulgar Militia Saw;6
18070700;Sacred Vulgar Militia Saw;6
18070800;Magic Vulgar Militia Saw;6
18070900;Cold Vulgar Militia Saw;6
18071000;Poison Vulgar Militia Saw;6
18071100;Blood Vulgar Militia Saw;6
18071200;Occult Vulgar Militia Saw;6
18080000;Golden Halberd;6
18090000;Glaive;6
18090100;Heavy Glaive;6
18090200;Keen Glaive;6
18090300;Quality Glaive;6
18090400;Fire Glaive;6
18090500;Flame Art Glaive;6
18090600;Lightning Glaive;6
18090700;Sacred Glaive;6
18090800;Magic Glaive;6
18090900;Cold Glaive;6
18091000;Poison Glaive;6
18091100;Blood Glaive;6
18091200;Occult Glaive;6
18100000;Loretta's War Sickle;6
18110000;Guardian's Swordspear;6
18110100;Guardian's Heavy Swordspear;6
18110200;Guardian's Keen Swordspear;6
18110300;Guardian's Quality Swordspear;6
18110400;Guardian's Fire Swordspear;6
18110500;Guardian's Flame Art Swordspear;6
18110600;Guardian's Lightning Swordspear;6
18110700;Guardian's Sacred Swordspear;6
18110800;Guardian's Magic Swordspear;6
18110900;Guardian's Cold Swordspear;6
18111000;Guardian's Poison Swordspear;6
18111100;Guardian's Blood Swordspear;6
18111200;Guardian's Occult Swordspear;6
18130000;Vulgar Militia Shotel;6
18130100;Heavy Vulgar Militia Shotel;6
18130200;Keen Vulgar Militia Shotel;6
18130300;Quality Vulgar Militia Shotel;6
18130400;Fire Vulgar Militia Shotel;6
18130500;Flame Art Vulgar Militia Shotel;6
18130600;Lightning Vulgar Militia Shotel;6
18130700;Sacred Vulgar Militia Shotel;6
18130800;Magic Vulgar Militia Shotel;6
18130900;Cold Vulgar Militia Shotel;6
18131000;Poison Vulgar Militia Shotel;6
18131100;Blood Vulgar Militia Shotel;6
18131200;Occult Vulgar Militia Shotel;6
18140000;Dragon Halberd;6
18150000;Gargoyle's Halberd;6
18150100;Gargoyle's Heavy Halberd;6
18150200;Gargoyle's Keen Halberd;6
18150300;Gargoyle's Quality Halberd;6
18150400;Gargoyle's Fire Halberd;6
18150500;Gargoyle's Flame Art Halberd;6
18150600;Gargoyle's Lightning Halberd;6
18150700;Gargoyle's Sacred Halberd;6
18150800;Gargoyle's Magic Halberd;6
18150900;Gargoyle's Cold Halberd;6
18151000;Gargoyle's Poison Halberd;6
18151100;Gargoyle's Blood Halberd;6
18151200;Gargoyle's Occult Halberd;6
18160000;Gargoyle's Black Halberd;6
19000000;Scythe;6
19000100;Heavy Scythe;6
19000200;Keen Scythe;6
19000300;Quality Scythe;6
19000400;Fire Scythe;6
19000500;Flame Art Scythe;6
19000600;Lightning Scythe;6
19000700;Sacred Scythe;6
19000800;Magic Scythe;6
19000900;Cold Scythe;6
19001000;Poison Scythe;6
19001100;Blood Scythe;6
19001200;Occult Scythe;6
19010000;Grave Scythe;6
19010100;Heavy Grave Scythe;6
19010200;Keen Grave Scythe;6
19010300;Quality Grave Scythe;6
19010400;Fire Grave Scythe;6
19010500;Flame Art Grave Scythe;6
19010600;Lightning Grave Scythe;6
19010700;Sacred Grave Scythe;6
19010800;Magic Grave Scythe;6
19010900;Cold Grave Scythe;6
19011000;Poison Grave Scythe;6
19011100;Blood Grave Scythe;6
19011200;Occult Grave Scythe;6
19020000;Halo Scythe;6
19060000;Winged Scythe;6
20000000;Whip;6
20000100;Heavy Whip;6
20000200;Keen Whip;6
20000300;Quality Whip;6
20000400;Fire Whip;6
20000500;Flame Art Whip;6
20000600;Lightning Whip;6
20000700;Sacred Whip;6
20000800;Magic Whip;6
20000900;Cold Whip;6
20001000;Poison Whip;6
20001100;Blood Whip;6
20001200;Occult Whip;6
20020000;Thorned Whip;6
20020100;Heavy Thorned Whip;6
20020200;Keen Thorned Whip;6
20020300;Quality Thorned Whip;6
20020400;Fire Thorned Whip;6
20020500;Flame Art Thorned Whip;6
20020600;Lightning Thorned Whip;6
20020700;Sacred Thorned Whip;6
20020800;Magic Thorned Whip;6
20020900;Cold Thorned Whip;6
20021000;Poison Thorned Whip;6
20021100;Blood Thorned Whip;6
20021200;Occult Thorned Whip;6
20030000;Magma Whip Candlestick;6
20050000;Hoslow's Petal Whip;6
20050100;Hoslow's Heavy Petal Whip;6
20050200;Hoslow's Keen Petal Whip;6
20050300;Hoslow's Quality Petal Whip;6
20050400;Hoslow's Fire Petal Whip;6
20050500;Hoslow's Flame Art Petal Whip;6
20050600;Hoslow's Lightning Petal Whip;6
20050700;Hoslow's Sacred Petal Whip;6
20050800;Hoslow's Magic Petal Whip;6
20050900;Hoslow's Cold Petal Whip;6
20051000;Hoslow's Poison Petal Whip;6
20051100;Hoslow's Blood Petal Whip;6
20051200;Hoslow's Occult Petal Whip;6
20060000;Giant's Red Braid;6
20070000;Urumi;6
20070100;Heavy Urumi;6
20070200;Keen Urumi;6
20070300;Quality Urumi;6
20070400;Fire Urumi;6
20070500;Flame Art Urumi;6
20070600;Lightning Urumi;6
20070700;Sacred Urumi;6
20070800;Magic Urumi;6
20070900;Cold Urumi;6
20071000;Poison Urumi;6
20071100;Blood Urumi;6
20071200;Occult Urumi;6
21000000;Caestus;6
21000100;Heavy Caestus;6
21000200;Keen Caestus;6
21000300;Quality Caestus;6
21000400;Fire Caestus;6
21000500;Flame Art Caestus;6
21000600;Lightning Caestus;6
21000700;Sacred Caestus;6
21000800;Magic Caestus;6
21000900;Cold Caestus;6
21001000;Poison Caestus;6
21001100;Blood Caestus;6
21001200;Occult Caestus;6
21010000;Spiked Caestus;6
21010100;Heavy Spiked Caestus;6
21010200;Keen Spiked Caestus;6
21010300;Quality Spiked Caestus;6
21010400;Fire Spiked Caestus;6
21010500;Flame Art Spiked Caestus;6
21010600;Lightning Spiked Caestus;6
21010700;Sacred Spiked Caestus;6
21010800;Magic Spiked Caestus;6
21010900;Cold Spiked Caestus;6
21011000;Poison Spiked Caestus;6
21011100;Blood Spiked Caestus;6
21011200;Occult Spiked Caestus;6
21060000;Grafted Dragon;6
21070000;Iron Ball;6
21070100;Heavy Iron Ball;6
21070200;Keen Iron Ball;6
21070300;Quality Iron Ball;6
21070400;Fire Iron Ball;6
21070500;Flame Art Iron Ball;6
21070600;Lightning Iron Ball;6
21070700;Sacred Iron Ball;6
21070800;Magic Iron Ball;6
21070900;Cold Iron Ball;6
21071000;Poison Iron Ball;6
21071100;Blood Iron Ball;6
21071200;Occult Iron Ball;6
21080000;Star Fist;6
21080100;Heavy Star Fist;6
21080200;Keen Star Fist;6
21080300;Quality Star Fist;6
21080400;Fire Star Fist;6
21080500;Flame Art Star Fist;6
21080600;Lightning Star Fist;6
21080700;Sacred Star Fist;6
21080800;Magic Star Fist;6
21080900;Cold Star Fist;6
21081000;Poison Star Fist;6
21081100;Blood Star Fist;6
21081200;Occult Star Fist;6
21100000;Katar;6
21100100;Heavy Katar;6
21100200;Keen Katar;6
21100300;Quality Katar;6
21100400;Fire Katar;6
21100500;Flame Art Katar;6
21100600;Lightning Katar;6
21100700;Sacred Katar;6
21100800;Magic Katar;6
21100900;Cold Katar;6
21101000;Poison Katar;6
21101100;Blood Katar;6
21101200;Occult Katar;6
21110000;Clinging Bone;6
21120000;Veteran's Prosthesis;6
21130000;Cipher Pata;6
22000000;Hookclaws;6
22000100;Heavy Hookclaws;6
22000200;Keen Hookclaws;6
22000300;Quality Hookclaws;6
22000400;Fire Hookclaws;6
22000500;Flame Art Hookclaws;6
22000600;Lightning Hookclaws;6
22000700;Sacred Hookclaws;6
22000800;Magic Hookclaws;6
22000900;Cold Hookclaws;6
22001000;Poison Hookclaws;6
22001100;Blood Hookclaws;6
22001200;Occult Hookclaws;6
22010000;Venomous Fang;6
22010100;Heavy Venomous Fang;6
22010200;Keen Venomous Fang;6
22010300;Quality Venomous Fang;6
22010400;Fire Venomous Fang;6
22010500;Flame Art Venomous Fang;6
22010600;Lightning Venomous Fang;6
22010700;Sacred Venomous Fang;6
22010800;Magic Venomous Fang;6
22010900;Cold Venomous Fang;6
22011000;Poison Venomous Fang;6
22011100;Blood Venomous Fang;6
22011200;Occult Venomous Fang;6
22020000;Bloodhound Claws;6
22020100;Heavy Bloodhound Claws;6
22020200;Keen Bloodhound Claws;6
22020300;Quality Bloodhound Claws;6
22020400;Fire Bloodhound Claws;6
22020500;Flame Art Bloodhound Claws;6
22020600;Lightning Bloodhound Claws;6
22020700;Sacred Bloodhound Claws;6
22020800;Magic Bloodhound Claws;6
22020900;Cold Bloodhound Claws;6
22021000;Poison Bloodhound Claws;6
22021100;Blood Bloodhound Claws;6
22021200;Occult Bloodhound Claws;6
22030000;Raptor Talons;6
22030100;Heavy Raptor Talons;6
22030200;Keen Raptor Talons;6
22030300;Quality Raptor Talons;6
22030400;Fire Raptor Talons;6
22030500;Flame Art Raptor Talons;6
22030600;Lightning Raptor Talons;6
22030700;Sacred Raptor Talons;6
22030800;Magic Raptor Talons;6
22030900;Cold Raptor Talons;6
22031000;Poison Raptor Talons;6
22031100;Blood Raptor Talons;6
22031200;Occult Raptor Talons;6
23000000;Prelate's Inferno Crozier;6
23000100;Prelate's Heavy Inferno Crozier;6
23000200;Prelate's Keen Inferno Crozier;6
23000300;Prelate's Quality Inferno Crozier;6
23000400;Prelate's Fire Inferno Crozier;6
23000500;Prelate's Flame Art Inferno Crozier;6
23000600;Prelate's Lightning Inferno Crozier;6
23000700;Prelate's Sacred Inferno Crozier;6
23000800;Prelate's Magic Inferno Crozier;6
23000900;Prelate's Cold Inferno Crozier;6
23001000;Prelate's Poison Inferno Crozier;6
23001100;Prelate's Blood Inferno Crozier;6
23001200;Prelate's Occult Inferno Crozier;6
23010000;Watchdog's Staff;6
23020000;Great Club;6
23020100;Heavy Great Club;6
23020200;Keen Great Club;6
23020300;Quality Great Club;6
23020400;Fire Great Club;6
23020500;Flame Art Great Club;6
23020600;Lightning Great Club;6
23020700;Sacred Great Club;6
23020800;Magic Great Club;6
23020900;Cold Great Club;6
23021000;Poison Great Club;6
23021100;Blood Great Club;6
23021200;Occult Great Club;6
23030000;Envoy's Greathorn;6
23040000;Duelist Greataxe;6
23040100;Heavy Duelist Greataxe;6
23040200;Keen Duelist Greataxe;6
23040300;Quality Duelist Greataxe;6
23040400;Fire Duelist Greataxe;6
23040500;Flame Art Duelist Greataxe;6
23040600;Lightning Duelist Greataxe;6
23040700;Sacred Duelist Greataxe;6
23040800;Magic Duelist Greataxe;6
23040900;Cold Duelist Greataxe;6
23041000;Poison Duelist Greataxe;6
23041100;Blood Duelist Greataxe;6
23041200;Occult Duelist Greataxe;6
23050000;Axe of Godfrey;6
23060000;Dragon Greatclaw;6
23070000;Staff of the Avatar;6
23080000;Fallingstar Beast Jaw;6
23100000;Ghiza's Wheel;6
23110000;Giant-Crusher;6
23110100;Heavy Giant-Crusher;6
23110200;Keen Giant-Crusher;6
23110300;Quality Giant-Crusher;6
23110400;Fire Giant-Crusher;6
23110500;Flame Art Giant-Crusher;6
23110600;Lightning Giant-Crusher;6
23110700;Sacred Giant-Crusher;6
23110800;Magic Giant-Crusher;6
23110900;Cold Giant-Crusher;6
23111000;Poison Giant-Crusher;6
23111100;Blood Giant-Crusher;6
23111200;Occult Giant-Crusher;6
23120000;Golem's Halberd;6
23120100;Golem's Heavy Halberd;6
23120200;Golem's Keen Halberd;6
23120300;Golem's Quality Halberd;6
23120400;Golem's Fire Halberd;6
23120500;Golem's Flame Art Halberd;6
23120600;Golem's Lightning Halberd;6
23120700;Golem's Sacred Halberd;6
23120800;Golem's Magic Halberd;6
23120900;Golem's Cold Halberd;6
23121000;Golem's Poison Halberd;6
23121100;Golem's Blood Halberd;6
23121200;Golem's Occult Halberd;6
23130000;Troll's Hammer;6
23130100;Troll's Heavy Hammer;6
23130200;Troll's Keen Hammer;6
23130300;Troll's Quality Hammer;6
23130400;Troll's Fire Hammer;6
23130500;Troll's Flame Art Hammer;6
23130600;Troll's Lightning Hammer;6
23130700;Troll's Sacred Hammer;6
23130800;Troll's Magic Hammer;6
23130900;Troll's Cold Hammer;6
23131000;Troll's Poison Hammer;6
23131100;Troll's Blood Hammer;6
23131200;Troll's Occult Hammer;6
23140000;Rotten Staff;6
23150000;Rotten Greataxe;6
23150100;Heavy Rotten Greataxe;6
23150200;Keen Rotten Greataxe;6
23150300;Quality Rotten Greataxe;6
23150400;Fire Rotten Greataxe;6
23150500;Flame Art Rotten Greataxe;6
23150600;Lightning Rotten Greataxe;6
23150700;Sacred Rotten Greataxe;6
23150800;Magic Rotten Greataxe;6
23150900;Cold Rotten Greataxe;6
23151000;Poison Rotten Greataxe;6
23151100;Blood Rotten Greataxe;6
23151200;Occult Rotten Greataxe;6
23900000;;6
23910000;;6
23920000;;6
23930000;;6
24000000;Torch;6
24020000;Steel-Wire Torch;6
24040000;St. Trina's Torch;6
24050000;Ghostflame Torch;6
24060000;Beast-Repellent Torch;6
24070000;Sentry's Torch;6
30000000;Buckler;6
30000100;Heavy Buckler;6
30000200;Keen Buckler;6
30000300;Quality Buckler;6
30000400;Fire Buckler;6
30000500;Flame Art Buckler;6
30000600;Lightning Buckler;6
30000700;Sacred Buckler;6
30000800;Magic Buckler;6
30000900;Cold Buckler;6
30001000;Poison Buckler;6
30001100;Bloody Buckler;6
30001200;Occult Buckler;6
30010000;Perfumer's Shield;6
30010100;Perfumer's Heavy Shield;6
30010200;Perfumer's Keen Shield;6
30010300;Perfumer's Quality Shield;6
30010400;Perfumer's Fire Shield;6
30010500;Perfumer's Flame Art Shield;6
30010600;Perfumer's Lightning Shield;6
30010700;Perfumer's Sacred Shield;6
30010800;Perfumer's Magic Shield;6
30010900;Perfumer's Cold Shield;6
30011000;Perfumer's Poison Shield;6
30011100;Perfumer's Blood Shield;6
30011200;Perfumer's Occult Shield;6
30020000;Man-Serpent's Shield;6
30020100;Man-serpent's Heavy Shield;6
30020200;Man-serpent's Keen Shield;6
30020300;Man-serpent's Quality Shield;6
30020400;Man-serpent's Fire Shield;6
30020500;Man-serpent's Flame Art Shield;6
30020600;Man-serpent's Lightning Shield;6
30020700;Man-serpent's Sacred Shield;6
30020800;Man-serpent's Magic Shield;6
30020900;Man-serpent's Cold Shield;6
30021000;Man-serpent's Poison Shield;6
30021100;Man-serpent's Blood Shield;6
30021200;Man-serpent's Occult Shield;6
30030000;Rickety Shield;6
30030100;Heavy Rickety Shield;6
30030200;Keen Rickety Shield;6
30030300;Quality Rickety Shield;6
30030400;Fire Rickety Shield;6
30030500;Flame Art Rickety Shield;6
30030600;Lightning Rickety Shield;6
30030700;Sacred Rickety Shield;6
30030800;Magic Rickety Shield;6
30030900;Cold Rickety Shield;6
30031000;Poison Rickety Shield;6
30031100;Bloody Rickety Shield;6
30031200;Occult Rickety Shield;6
30040000;Pillory Shield;6
30040100;Heavy Pillory Shield;6
30040200;Keen Pillory Shield;6
30040300;Quality Pillory Shield;6
30040400;Fire Pillory Shield;6
30040500;Flame Art Pillory Shield;6
30040600;Lightning Pillory Shield;6
30040700;Sacred Pillory Shield;6
30040800;Magic Pillory Shield;6
30040900;Cold Pillory Shield;6
30041000;Poison Pillory Shield;6
30041100;Blood Pillory Shield;6
30041200;Occult Pillory Shield;6
30060000;Beastman's Jar-Shield;6
30060100;Beastman's Heavy Jar-Shield;6
30060200;Beastman's Keen Jar-Shield;6
30060300;Beastman's Quality Jar-Shield;6
30060400;Beastman's Fire Jar-Shield;6
30060500;Beastman's Flame Art Jar-Shield;6
30060600;Beastman's Lightning Jar-Shield;6
30060700;Beastman's Sacred Jar-Shield;6
30060800;Beastman's Magic Jar-Shield;6
30060900;Beastman's Cold Jar-Shield;6
30061000;Beastman's Poison Jar-Shield;6
30061100;Beastman's Blood Jar-Shield;6
30061200;Beastman's Occult Jar-Shield;6
30070000;Red Thorn Roundshield;6
30070100;Heavy Red Thorn Roundshield;6
30070200;Keen Red Thorn Roundshield;6
30070300;Quality Red Thorn Roundshield;6
30070400;Fire Red Thorn Roundshield;6
30070500;Flame Art Red Thorn Roundshield;6
30070600;Lightning Red Thorn Roundshield;6
30070700;Sacred Red Thorn Roundshield;6
30070800;Magic Red Thorn Roundshield;6
30070900;Cold Red Thorn Roundshield;6
30071000;Poison Red Thorn Roundshield;6
30071100;Bloody Red Thorn Roundshield;6
30071200;Occult Red Thorn Roundshield;6
30080000;Scripture Wooden Shield;6
30080100;Heavy Scripture Wooden Shield;6
30080200;Keen Scripture Wooden Shield;6
30080300;Quality Scripture Wooden Shield;6
30080400;Fire Scripture Wooden Shield;6
30080500;Flame Art Scripture Wooden Shield;6
30080600;Lightning Scripture Wooden Shield;6
30080700;Sacred Scripture Wooden Shield;6
30080800;Magic Scripture Wooden Shield;6
30080900;Cold Scripture Wooden Shield;6
30081000;Poison Scripture Wooden Shield;6
30081100;Blood Scripture Wooden Shield;6
30081200;Occult Scripture Wooden Shield;6
30090000;Riveted Wooden Shield;6
30090100;Heavy Riveted Wooden Shield;6
30090200;Keen Riveted Wooden Shield;6
30090300;Quality Riveted Wooden Shield;6
30090400;Fire Riveted Wooden Shield;6
30090500;Flame Art Riveted Wooden Shield;6
30090600;Lightning Riveted Wooden Shield;6
30090700;Sacred Riveted Wooden Shield;6
30090800;Magic Riveted Wooden Shield;6
30090900;Cold Riveted Wooden Shield;6
30091000;Poison Riveted Wooden Shield;6
30091100;Blood Riveted Wooden Shield;6
30091200;Occult Riveted Wooden Shield;6
30100000;Blue-White Wooden Shield;6
30100100;Heavy Blue-White Wooden Shield;6
30100200;Keen Blue-White Wooden Shield;6
30100300;Quality Blue-White Wooden Shield;6
30100400;Fire Blue-White Wooden Shield;6
30100500;Flame Art Blue-White Wooden Shield;6
30100600;Lightning Blue-White Wooden Shield;6
30100700;Sacred Blue-White Wooden Shield;6
30100800;Magic Blue-White Wooden Shield;6
30100900;Cold Blue-White Wooden Shield;6
30101000;Poison Blue-White Wooden Shield;6
30101100;Blood Blue-White Wooden Shield;6
30101200;Occult Blue-White Wooden Shield;6
30110000;Rift Shield;6
30110100;Heavy Rift Shield;6
30110200;Keen Rift Shield;6
30110300;Quality Rift Shield;6
30110400;Fire Rift Shield;6
30110500;Flame Art Rift Shield;6
30110600;Lightning Rift Shield;6
30110700;Sacred Rift Shield;6
30110800;Magic Rift Shield;6
30110900;Cold Rift Shield;6
30111000;Poison Rift Shield;6
30111100;Blood Rift Shield;6
30111200;Occult Rift Shield;6
30120000;Iron Roundshield;6
30120100;Heavy Iron Roundshield;6
30120200;Keen Iron Roundshield;6
30120300;Quality Iron Roundshield;6
30120400;Fire Iron Roundshield;6
30120500;Flame Art Iron Roundshield;6
30120600;Lightning Iron Roundshield;6
30120700;Sacred Iron Roundshield;6
30120800;Magic Iron Roundshield;6
30120900;Cold Iron Roundshield;6
30121000;Poison Iron Roundshield;6
30121100;Bloody Iron Roundshield;6
30121200;Occult Iron Roundshield;6
30130000;Gilded Iron Shield;6
30130100;Gilded Heavy Iron Shield;6
30130200;Gilded Keen Iron Shield;6
30130300;Gilded Quality Iron Shield;6
30130400;Gilded Fire Iron Shield;6
30130500;Gilded Flame Art Iron Shield;6
30130600;Gilded Lightning Iron Shield;6
30130700;Gilded Sacred Iron Shield;6
30130800;Gilded Magic Iron Shield;6
30130900;Gilded Cold Iron Shield;6
30131000;Gilded Poison Iron Shield;6
30131100;Gilded Blood Iron Shield;6
30131200;Gilded Occult Iron Shield;6
30140000;Ice Crest Shield;6
30140100;Heavy Ice Crest Shield;6
30140200;Keen Ice Crest Shield;6
30140300;Quality Ice Crest Shield;6
30140400;Fire Ice Crest Shield;6
30140500;Flame Art Ice Crest Shield;6
30140600;Lightning Ice Crest Shield;6
30140700;Sacred Ice Crest Shield;6
30140800;Magic Ice Crest Shield;6
30140900;Cold Ice Crest Shield;6
30141000;Poison Ice Crest Shield;6
30141100;Blood Ice Crest Shield;6
30141200;Occult Ice Crest Shield;6
30150000;Smoldering Shield;6
30190000;Spiralhorn Shield;6
30190100;Heavy Spiralhorn Shield;6
30190200;Keen Spiralhorn Shield;6
30190300;Quality Spiralhorn Shield;6
30190400;Fire Spiralhorn Shield;6
30190500;Flame Art Spiralhorn Shield;6
30190600;Lightning Spiralhorn Shield;6
30190700;Sacred Spiralhorn Shield;6
30190800;Magic Spiralhorn Shield;6
30190900;Cold Spiralhorn Shield;6
30191000;Poison Spiralhorn Shield;6
30191100;Blood Spiralhorn Shield;6
30191200;Occult Spiralhorn Shield;6
30200000;Coil Shield;6
31000000;Kite Shield;6
31000100;Heavy Kite Shield;6
31000200;Keen Kite Shield;6
31000300;Quality Kite Shield;6
31000400;Fire Kite Shield;6
31000500;Flame Art Kite Shield;6
31000600;Lightning Kite Shield;6
31000700;Sacred Kite Shield;6
31000800;Magic Kite Shield;6
31000900;Cold Kite Shield;6
31001000;Poison Kite Shield;6
31001100;Blood Kite Shield;6
31001200;Occult Kite Shield;6
31010000;Marred Leather Shield;6
31010100;Marred Heavy Leather Shield;6
31010200;Marred Keen Leather Shield;6
31010300;Marred Quality Leather Shield;6
31010400;Marred Fire Leather Shield;6
31010500;Marred Flame Art Leather Shield;6
31010600;Marred Lightning Leather Shield;6
31010700;Marred Sacred Leather Shield;6
31010800;Marred Magic Leather Shield;6
31010900;Marred Cold Leather Shield;6
31011000;Marred Poison Leather Shield;6
31011100;Marred Blood Leather Shield;6
31011200;Marred Occult Leather Shield;6
31020000;Marred Wooden Shield;6
31020100;Marred Heavy Wooden Shield;6
31020200;Marred Keen Wooden Shield;6
31020300;Marred Quality Wooden Shield;6
31020400;Marred Fire Wooden Shield;6
31020500;Marred Flame Art Wooden Shield;6
31020600;Marred Lightning Wooden Shield;6
31020700;Marred Sacred Wooden Shield;6
31020800;Marred Magic Wooden Shield;6
31020900;Marred Cold Wooden Shield;6
31021000;Marred Poison Wooden Shield;6
31021100;Marred Blood Wooden Shield;6
31021200;Marred Occult Wooden Shield;6
31030000;Banished Knight's Shield;6
31030100;Banished Knight's Heavy Shield;6
31030200;Banished Knight's Keen Shield;6
31030300;Banished Knight's Quality Shield;6
31030400;Banished Knight's Fire Shield;6
31030500;Banished Knight's Flame Art Shield;6
31030600;Banished Knight's Lightning Shield;6
31030700;Banished Knight's Sacred Shield;6
31030800;Banished Knight's Magic Shield;6
31030900;Banished Knight's Cold Shield;6
31031000;Banished Knight's Poison Shield;6
31031100;Banished Knight's Blood Shield;6
31031200;Banished Knight's Occult Shield;6
31040000;Albinauric Shield;6
31040100;Heavy Albinauric Shield;6
31040200;Keen Albinauric Shield;6
31040300;Quality Albinauric Shield;6
31040400;Fire Albinauric Shield;6
31040500;Flame Art Albinauric Shield;6
31040600;Lightning Albinauric Shield;6
31040700;Sacred Albinauric Shield;6
31040800;Magic Albinauric Shield;6
31040900;Cold Albinauric Shield;6
31041000;Poison Albinauric Shield;6
31041100;Blood Albinauric Shield;6
31041200;Occult Albinauric Shield;6
31050000;Sun Realm Shield;6
31050100;Heavy Sun Realm Shield;6
31050200;Keen Sun Realm Shield;6
31050300;Quality Sun Realm Shield;6
31050400;Fire Sun Realm Shield;6
31050500;Flame Art Sun Realm Shield;6
31050600;Lightning Sun Realm Shield;6
31050700;Sacred Sun Realm Shield;6
31050800;Magic Sun Realm Shield;6
31050900;Cold Sun Realm Shield;6
31051000;Poison Sun Realm Shield;6
31051100;Blood Sun Realm Shield;6
31051200;Occult Sun Realm Shield;6
31060000;Silver Mirrorshield;6
31070000;Round Shield;6
31070100;Heavy Round Shield;6
31070200;Keen Round Shield;6
31070300;Quality Round Shield;6
31070400;Fire Round Shield;6
31070500;Flame Art Round Shield;6
31070600;Lightning Round Shield;6
31070700;Sacred Round Shield;6
31070800;Magic Round Shield;6
31070900;Cold Round Shield;6
31071000;Poison Round Shield;6
31071100;Blood Round Shield;6
31071200;Occult Round Shield;6
31080000;Scorpion Kite Shield;6
31080100;Heavy Scorpion Kite Shield;6
31080200;Keen Scorpion Kite Shield;6
31080300;Quality Scorpion Kite Shield;6
31080400;Fire Scorpion Kite Shield;6
31080500;Flame Art Scorpion Kite Shield;6
31080600;Lightning Scorpion Kite Shield;6
31080700;Sacred Scorpion Kite Shield;6
31080800;Magic Scorpion Kite Shield;6
31080900;Cold Scorpion Kite Shield;6
31081000;Poison Scorpion Kite Shield;6
31081100;Blood Scorpion Kite Shield;6
31081200;Occult Scorpion Kite Shield;6
31090000;Twinbird Kite Shield;6
31090100;Heavy Twinbird Kite Shield;6
31090200;Keen Twinbird Kite Shield;6
31090300;Quality Twinbird Kite Shield;6
31090400;Fire Twinbird Kite Shield;6
31090500;Flame Art Twinbird Kite Shield;6
31090600;Lightning Twinbird Kite Shield;6
31090700;Sacred Twinbird Kite Shield;6
31090800;Magic Twinbird Kite Shield;6
31090900;Cold Twinbird Kite Shield;6
31091000;Poison Twinbird Kite Shield;6
31091100;Blood Twinbird Kite Shield;6
31091200;Occult Twinbird Kite Shield;6
31100000;Blue-Gold Kite Shield;6
31100100;Heavy Blue-Gold Kite Shield;6
31100200;Keen Blue-Gold Kite Shield;6
31100300;Quality Blue-Gold Kite Shield;6
31100400;Fire Blue-Gold Kite Shield;6
31100500;Flame Art Blue-Gold Kite Shield;6
31100600;Lightning Blue-Gold Kite Shield;6
31100700;Sacred Blue-Gold Kite Shield;6
31100800;Magic Blue-Gold Kite Shield;6
31100900;Cold Blue-Gold Kite Shield;6
31101000;Poison Blue-Gold Kite Shield;6
31101100;Blood Blue-Gold Kite Shield;6
31101200;Occult Blue-Gold Kite Shield;6
31130000;Brass Shield;6
31130100;Heavy Brass Shield;6
31130200;Keen Brass Shield;6
31130300;Quality Brass Shield;6
31130400;Fire Brass Shield;6
31130500;Flame Art Brass Shield;6
31130600;Lightning Brass Shield;6
31130700;Sacred Brass Shield;6
31130800;Magic Brass Shield;6
31130900;Cold Brass Shield;6
31131000;Poison Brass Shield;6
31131100;Blood Brass Shield;6
31131200;Occult Brass Shield;6
31140000;Great Turtle Shell;6
31140100;Heavy Great Turtle Shell;6
31140200;Keen Great Turtle Shell;6
31140300;Quality Great Turtle Shell;6
31140400;Fire Great Turtle Shell;6
31140500;Flame Art Great Turtle Shell;6
31140600;Lightning Great Turtle Shell;6
31140700;Sacred Great Turtle Shell;6
31140800;Magic Great Turtle Shell;6
31140900;Cold Great Turtle Shell;6
31141000;Poison Great Turtle Shell;6
31141100;Blood Great Turtle Shell;6
31141200;Occult Great Turtle Shell;6
31170000;Shield of the Guilty;6
31170100;Heavy Shield of the Guilty;6
31170200;Keen Shield of the Guilty;6
31170300;Quality Shield of the Guilty;6
31170400;Fire Shield of the Guilty;6
31170500;Flame Art Shield of the Guilty;6
31170600;Lightning Shield of the Guilty;6
31170700;Sacred Shield of the Guilty;6
31170800;Magic Shield of the Guilty;6
31170900;Cold Shield of the Guilty;6
31171000;Poison Shield of the Guilty;6
31171100;Blood Shield of the Guilty;6
31171200;Occult Shield of the Guilty;6
31190000;Carian Knight's Shield;6
31190100;Carian Knight's Heavy Shield;6
31190200;Carian Knight's Keen Shield;6
31190300;Carian Knight's Quality Shield;6
31190400;Carian Knight's Fire Shield;6
31190500;Carian Knight's Flame Art Shield;6
31190600;Carian Knight's Lightning Shield;6
31190700;Carian Knight's Sacred Shield;6
31190800;Carian Knight's Magic Shield;6
31190900;Carian Knight's Cold Shield;6
31191000;Carian Knight's Poison Shield;6
31191100;Carian Knight's Bloody Shield;6
31191200;Carian Knight's Occult Shield;6
31230000;Large Leather Shield;6
31230100;Heavy Large Leather Shield;6
31230200;Keen Large Leather Shield;6
31230300;Quality Large Leather Shield;6
31230400;Fire Large Leather Shield;6
31230500;Flame Art Large Leather Shield;6
31230600;Lightning Large Leather Shield;6
31230700;Sacred Large Leather Shield;6
31230800;Magic Large Leather Shield;6
31230900;Cold Large Leather Shield;6
31231000;Poison Large Leather Shield;6
31231100;Bloody Large Leather Shield;6
31231200;Occult Large Leather Shield;6
31240000;Horse Crest Wooden Shield;6
31240100;Heavy Horse Crest Wooden Shield;6
31240200;Keen Horse Crest Wooden Shield;6
31240300;Quality Horse Crest Wooden Shield;6
31240400;Fire Horse Crest Wooden Shield;6
31240500;Flame Art Horse Crest Wooden Shield;6
31240600;Lightning Horse Crest Wooden Shield;6
31240700;Sacred Horse Crest Wooden Shield;6
31240800;Magic Horse Crest Wooden Shield;6
31240900;Cold Horse Crest Wooden Shield;6
31241000;Poison Horse Crest Wooden Shield;6
31241100;Blood Horse Crest Wooden Shield;6
31241200;Occult Horse Crest Wooden Shield;6
31250000;Candletree Wooden Shield;6
31250100;Heavy Candletree Wooden Shield;6
31250200;Keen Candletree Wooden Shield;6
31250300;Quality Candletree Wooden Shield;6
31250400;Fire Candletree Wooden Shield;6
31250500;Flame Art Candletree Wooden Shield;6
31250600;Lightning Candletree Wooden Shield;6
31250700;Sacred Candletree Wooden Shield;6
31250800;Magic Candletree Wooden Shield;6
31250900;Cold Candletree Wooden Shield;6
31251000;Poison Candletree Wooden Shield;6
31251100;Blood Candletree Wooden Shield;6
31251200;Occult Candletree Wooden Shield;6
31260000;Flame Crest Wooden Shield;6
31260100;Heavy Flame Crest Wooden Shield;6
31260200;Keen Flame Crest Wooden Shield;6
31260300;Quality Flame Crest Wooden Shield;6
31260400;Fire Flame Crest Wooden Shield;6
31260500;Flame Art Flame Crest Wooden Shield;6
31260600;Lightning Flame Crest Wooden Shield;6
31260700;Sacred Flame Crest Wooden Shield;6
31260800;Magic Flame Crest Wooden Shield;6
31260900;Cold Flame Crest Wooden Shield;6
31261000;Poison Flame Crest Wooden Shield;6
31261100;Blood Flame Crest Wooden Shield;6
31261200;Occult Flame Crest Wooden Shield;6
31270000;Hawk Crest Wooden Shield;6
31270100;Heavy Hawk Crest Wooden Shield;6
31270200;Keen Hawk Crest Wooden Shield;6
31270300;Quality Hawk Crest Wooden Shield;6
31270400;Fire Hawk Crest Wooden Shield;6
31270500;Flame Art Hawk Crest Wooden Shield;6
31270600;Lightning Hawk Crest Wooden Shield;6
31270700;Sacred Hawk Crest Wooden Shield;6
31270800;Magic Hawk Crest Wooden Shield;6
31270900;Cold Hawk Crest Wooden Shield;6
31271000;Poison Hawk Crest Wooden Shield;6
31271100;Blood Hawk Crest Wooden Shield;6
31271200;Occult Hawk Crest Wooden Shield;6
31280000;Beast Crest Heater Shield;6
31280100;Heavy Beast Crest Heater Shield;6
31280200;Keen Beast Crest Heater Shield;6
31280300;Quality Beast Crest Heater Shield;6
31280400;Fire Beast Crest Heater Shield;6
31280500;Flame Art Beast Crest Heater Shield;6
31280600;Lightning Beast Crest Heater Shield;6
31280700;Sacred Beast Crest Heater Shield;6
31280800;Magic Beast Crest Heater Shield;6
31280900;Cold Beast Crest Heater Shield;6
31281000;Poison Beast Crest Heater Shield;6
31281100;Blood Beast Crest Heater Shield;6
31281200;Occult Beast Crest Heater Shield;6
31290000;Red Crest Heater Shield;6
31290100;Heavy Red Crest Heater Shield;6
31290200;Keen Red Crest Heater Shield;6
31290300;Quality Red Crest Heater Shield;6
31290400;Fire Red Crest Heater Shield;6
31290500;Flame Art Red Crest Heater Shield;6
31290600;Lightning Red Crest Heater Shield;6
31290700;Sacred Red Crest Heater Shield;6
31290800;Magic Red Crest Heater Shield;6
31290900;Cold Red Crest Heater Shield;6
31291000;Poison Red Crest Heater Shield;6
31291100;Blood Red Crest Heater Shield;6
31291200;Occult Red Crest Heater Shield;6
31300000;Blue Crest Heater Shield;6
31300100;Heavy Blue Crest Heater Shield;6
31300200;Keen Blue Crest Heater Shield;6
31300300;Quality Blue Crest Heater Shield;6
31300400;Fire Blue Crest Heater Shield;6
31300500;Flame Art Blue Crest Heater Shield;6
31300600;Lightning Blue Crest Heater Shield;6
31300700;Sacred Blue Crest Heater Shield;6
31300800;Magic Blue Crest Heater Shield;6
31300900;Cold Blue Crest Heater Shield;6
31301000;Poison Blue Crest Heater Shield;6
31301100;Blood Blue Crest Heater Shield;6
31301200;Occult Blue Crest Heater Shield;6
31310000;Eclipse Crest Heater Shield;6
31310100;Heavy Eclipse Crest Heater Shield;6
31310200;Keen Eclipse Crest Heater Shield;6
31310300;Quality Eclipse Crest Heater Shield;6
31310400;Fire Eclipse Crest Heater Shield;6
31310500;Flame Art Eclipse Crest Heater Shield;6
31310600;Lightning Eclipse Crest Heater Shield;6
31310700;Sacred Eclipse Crest Heater Shield;6
31310800;Magic Eclipse Crest Heater Shield;6
31310900;Cold Eclipse Crest Heater Shield;6
31311000;Poison Eclipse Crest Heater Shield;6
31311100;Blood Eclipse Crest Heater Shield;6
31311200;Occult Eclipse Crest Heater Shield;6
31320000;Inverted Hawk Heater Shield;6
31320100;Heavy Inverted Hawk Heater Shield;6
31320200;Keen Inverted Hawk Heater Shield;6
31320300;Quality Inverted Hawk Heater Shield;6
31320400;Fire Inverted Hawk Heater Shield;6
31320500;Flame Art Inverted Hawk Heater Shield;6
31320600;Lightning Inverted Hawk Heater Shield;6
31320700;Sacred Inverted Hawk Heater Shield;6
31320800;Magic Inverted Hawk Heater Shield;6
31320900;Cold Inverted Hawk Heater Shield;6
31321000;Poison Inverted Hawk Heater Shield;6
31321100;Blood Inverted Hawk Heater Shield;6
31321200;Occult Inverted Hawk Heater Shield;6
31330000;Heater Shield;6
31330100;Heavy Heater Shield;6
31330200;Keen Heater Shield;6
31330300;Quality Heater Shield;6
31330400;Fire Heater Shield;6
31330500;Flame Art Heater Shield;6
31330600;Lightning Heater Shield;6
31330700;Sacred Heater Shield;6
31330800;Magic Heater Shield;6
31330900;Cold Heater Shield;6
31331000;Poison Heater Shield;6
31331100;Blood Heater Shield;6
31331200;Occult Heater Shield;6
31340000;Black Leather Shield;6
31340100;Heavy Black Leather Shield;6
31340200;Keen Black Leather Shield;6
31340300;Quality Black Leather Shield;6
31340400;Fire Black Leather Shield;6
31340500;Flame Art Black Leather Shield;6
31340600;Lightning Black Leather Shield;6
31340700;Sacred Black Leather Shield;6
31340800;Magic Black Leather Shield;6
31340900;Cold Black Leather Shield;6
31341000;Poison Black Leather Shield;6
31341100;Blood Black Leather Shield;6
31341200;Occult Black Leather Shield;6
32000000;Dragon Towershield;6
32000100;Heavy Dragon Towershield;6
32000200;Keen Dragon Towershield;6
32000300;Quality Dragon Towershield;6
32000400;Fire Dragon Towershield;6
32000500;Flame Art Dragon Towershield;6
32000600;Lightning Dragon Towershield;6
32000700;Sacred Dragon Towershield;6
32000800;Magic Dragon Towershield;6
32000900;Cold Dragon Towershield;6
32001000;Poison Dragon Towershield;6
32001100;Blood Dragon Towershield;6
32001200;Occult Dragon Towershield;6
32020000;Distinguished Greatshield;6
32020100;Distinguished Heavy Greatshield;6
32020200;Distinguished Keen Greatshield;6
32020300;Distinguished Quality Greatshield;6
32020400;Distinguished Fire Greatshield;6
32020500;Distinguished Flame Art Greatshield;6
32020600;Distinguished Lightning Greatshield;6
32020700;Distinguished Sacred Greatshield;6
32020800;Distinguished Magic Greatshield;6
32020900;Distinguished Cold Greatshield;6
32021000;Distinguished Poison Greatshield;6
32021100;Distinguished Blood Greatshield;6
32021200;Distinguished Occult Greatshield;6
32030000;Crucible Hornshield;6
32040000;Dragonclaw Shield;6
32050000;Briar Greatshield;6
32050100;Heavy Briar Greatshield;6
32050200;Keen Briar Greatshield;6
32050300;Quality Briar Greatshield;6
32050400;Fire Briar Greatshield;6
32050500;Flame Art Briar Greatshield;6
32050600;Lightning Briar Greatshield;6
32050700;Sacred Briar Greatshield;6
32050800;Magic Briar Greatshield;6
32050900;Cold Briar Greatshield;6
32051000;Poison Briar Greatshield;6
32051100;Blood Briar Greatshield;6
32051200;Occult Briar Greatshield;6
32080000;Erdtree Greatshield;6
32090000;Golden Beast Crest Shield;6
32090100;Heavy Golden Beast Crest Shield;6
32090200;Keen Golden Beast Crest Shield;6
32090300;Quality Golden Beast Crest Shield;6
32090400;Fire Golden Beast Crest Shield;6
32090500;Flame Art Golden Beast Crest Shield;6
32090600;Lightning Golden Beast Crest Shield;6
32090700;Sacred Golden Beast Crest Shield;6
32090800;Magic Golden Beast Crest Shield;6
32090900;Cold Golden Beast Crest Shield;6
32091000;Poison Golden Beast Crest Shield;6
32091100;Blood Golden Beast Crest Shield;6
32091200;Occult Golden Beast Crest Shield;6
32120000;Jellyfish Shield;6
32130000;Fingerprint Stone Shield;6
32130100;Heavy Fingerprint Stone Shield;6
32130200;Keen Fingerprint Stone Shield;6
32130300;Quality Fingerprint Stone Shield;6
32130400;Fire Fingerprint Stone Shield;6
32130500;Flame Art Fingerprint Stone Shield;6
32130600;Lightning Fingerprint Stone Shield;6
32130700;Sacred Fingerprint Stone Shield;6
32130800;Magic Fingerprint Stone Shield;6
32130900;Cold Fingerprint Stone Shield;6
32131000;Poison Fingerprint Stone Shield;6
32131100;Blood Fingerprint Stone Shield;6
32131200;Occult Fingerprint Stone Shield;6
32140000;Icon Shield;6
32150000;One-Eyed Shield;6
32160000;Visage Shield;6
32170000;Spiked Palisade Shield;6
32170100;Heavy Spiked Palisade Shield;6
32170200;Keen Spiked Palisade Shield;6
32170300;Quality Spiked Palisade Shield;6
32170400;Fire Spiked Palisade Shield;6
32170500;Flame Art Spiked Palisade Shield;6
32170600;Lightning Spiked Palisade Shield;6
32170700;Sacred Spiked Palisade Shield;6
32170800;Magic Spiked Palisade Shield;6
32170900;Cold Spiked Palisade Shield;6
32171000;Poison Spiked Palisade Shield;6
32171100;Blood Spiked Palisade Shield;6
32171200;Occult Spiked Palisade Shield;6
32190000;Manor Towershield;6
32190100;Heavy Manor Towershield;6
32190200;Keen Manor Towershield;6
32190300;Quality Manor Towershield;6
32190400;Fire Manor Towershield;6
32190500;Flame Art Manor Towershield;6
32190600;Lightning Manor Towershield;6
32190700;Sacred Manor Towershield;6
32190800;Magic Manor Towershield;6
32190900;Cold Manor Towershield;6
32191000;Poison Manor Towershield;6
32191100;Blood Manor Towershield;6
32191200;Occult Manor Towershield;6
32200000;Crossed-Tree Towershield;6
32200100;Heavy Crossed-Tree Towershield;6
32200200;Keen Crossed-Tree Towershield;6
32200300;Quality Crossed-Tree Towershield;6
32200400;Fire Crossed-Tree Towershield;6
32200500;Flame Art Crossed-Tree Towershield;6
32200600;Lightning Crossed-Tree Towershield;6
32200700;Sacred Crossed-Tree Towershield;6
32200800;Magic Crossed-Tree Towershield;6
32200900;Cold Crossed-Tree Towershield;6
32201000;Poison Crossed-Tree Towershield;6
32201100;Blood Crossed-Tree Towershield;6
32201200;Occult Crossed-Tree Towershield;6
32210000;Inverted Hawk Towershield;6
32210100;Heavy Inverted Hawk Towershield;6
32210200;Keen Inverted Hawk Towershield;6
32210300;Quality Inverted Hawk Towershield;6
32210400;Fire Inverted Hawk Towershield;6
32210500;Flame Art Inverted Hawk Towershield;6
32210600;Lightning Inverted Hawk Towershield;6
32210700;Sacred Inverted Hawk Towershield;6
32210800;Magic Inverted Hawk Towershield;6
32210900;Cold Inverted Hawk Towershield;6
32211000;Poison Inverted Hawk Towershield;6
32211100;Blood Inverted Hawk Towershield;6
32211200;Occult Inverted Hawk Towershield;6
32220000;Ant's Skull Plate;6
32230000;Redmane Greatshield;6
32230100;Heavy Redmane Greatshield;6
32230200;Keen Redmane Greatshield;6
32230300;Quality Redmane Greatshield;6
32230400;Fire Redmane Greatshield;6
32230500;Flame Art Redmane Greatshield;6
32230600;Lightning Redmane Greatshield;6
32230700;Sacred Redmane Greatshield;6
32230800;Magic Redmane Greatshield;6
32230900;Cold Redmane Greatshield;6
32231000;Poison Redmane Greatshield;6
32231100;Blood Redmane Greatshield;6
32231200;Occult Redmane Greatshield;6
32240000;Eclipse Crest Greatshield;6
32240100;Heavy Eclipse Crest Greatshield;6
32240200;Keen Eclipse Crest Greatshield;6
32240300;Quality Eclipse Crest Greatshield;6
32240400;Fire Eclipse Crest Greatshield;6
32240500;Flame Art Eclipse Crest Greatshield;6
32240600;Lightning Eclipse Crest Greatshield;6
32240700;Sacred Eclipse Crest Greatshield;6
32240800;Magic Eclipse Crest Greatshield;6
32240900;Cold Eclipse Crest Greatshield;6
32241000;Poison Eclipse Crest Greatshield;6
32241100;Blood Eclipse Crest Greatshield;6
32241200;Occult Eclipse Crest Greatshield;6
32250000;Cuckoo Greatshield;6
32250100;Heavy Cuckoo Greatshield;6
32250200;Keen Cuckoo Greatshield;6
32250300;Quality Cuckoo Greatshield;6
32250400;Fire Cuckoo Greatshield;6
32250500;Flame Art Cuckoo Greatshield;6
32250600;Lightning Cuckoo Greatshield;6
32250700;Sacred Cuckoo Greatshield;6
32250800;Magic Cuckoo Greatshield;6
32250900;Cold Cuckoo Greatshield;6
32251000;Poison Cuckoo Greatshield;6
32251100;Blood Cuckoo Greatshield;6
32251200;Occult Cuckoo Greatshield;6
32260000;Golden Greatshield;6
32260100;Heavy Golden Greatshield;6
32260200;Keen Golden Greatshield;6
32260300;Quality Golden Greatshield;6
32260400;Fire Golden Greatshield;6
32260500;Flame Art Golden Greatshield;6
32260600;Lightning Golden Greatshield;6
32260700;Sacred Golden Greatshield;6
32260800;Magic Golden Greatshield;6
32260900;Cold Golden Greatshield;6
32261000;Poison Golden Greatshield;6
32261100;Blood Golden Greatshield;6
32261200;Occult Golden Greatshield;6
32270000;Gilded Greatshield;6
32270100;Heavy Gilded Greatshield;6
32270200;Keen Gilded Greatshield;6
32270300;Quality Gilded Greatshield;6
32270400;Fire Gilded Greatshield;6
32270500;Flame Art Gilded Greatshield;6
32270600;Lightning Gilded Greatshield;6
32270700;Sacred Gilded Greatshield;6
32270800;Magic Gilded Greatshield;6
32270900;Cold Gilded Greatshield;6
32271000;Poison Gilded Greatshield;6
32271100;Blood Gilded Greatshield;6
32271200;Occult Gilded Greatshield;6
32280000;Haligtree Crest Greatshield;6
32280100;Heavy Haligtree Crest Greatshield;6
32280200;Keen Haligtree Crest Greatshield;6
32280300;Quality Haligtree Crest Greatshield;6
32280400;Fire Haligtree Crest Greatshield;6
32280500;Flame Art Haligtree Crest Greatshield;6
32280600;Lightning Haligtree Crest Greatshield;6
32280700;Sacred Haligtree Crest Greatshield;6
32280800;Magic Haligtree Crest Greatshield;6
32280900;Cold Haligtree Crest Greatshield;6
32281000;Poison Haligtree Crest Greatshield;6
32281100;Blood Haligtree Crest Greatshield;6
32281200;Occult Haligtree Crest Greatshield;6
32290000;Wooden Greatshield;6
32290100;Heavy Wooden Greatshield;6
32290200;Keen Wooden Greatshield;6
32290300;Quality Wooden Greatshield;6
32290400;Fire Wooden Greatshield;6
32290500;Flame Art Wooden Greatshield;6
32290600;Lightning Wooden Greatshield;6
32290700;Sacred Wooden Greatshield;6
32290800;Magic Wooden Greatshield;6
32290900;Cold Wooden Greatshield;6
32291000;Poison Wooden Greatshield;6
32291100;Blood Wooden Greatshield;6
32291200;Occult Wooden Greatshield;6
32300000;Lordsworn's Shield;6
32300100;Heavy Lordsworn's Shield;6
32300200;Keen Lordsworn's Shield;6
32300300;Quality Lordsworn's Shield;6
32300400;Fire Lordsworn's Shield;6
32300500;Flame Art Lordsworn's Shield;6
32300600;Lightning Lordsworn's Shield;6
32300700;Sacred Lordsworn's Shield;6
32300800;Magic Lordsworn's Shield;6
32300900;Cold Lordsworn's Shield;6
32301000;Poison Lordsworn's Shield;6
32301100;Blood Lordsworn's Shield;6
32301200;Occult Lordsworn's Shield;6
32900000;;6
32910000;;6
32920000;;6
33000000;Glintstone Staff;6
33040000;Crystal Staff;6
33050000;Gelmir Glintstone Staff;6
33060000;Demi-Human Queen's Staff;6
33090000;Carian Regal Scepter;6
33120000;Digger's Staff;6
33130000;Astrologer's Staff;6
33170000;Carian Glintblade Staff;6
33180000;Prince of Death's Staff;6
33190000;Albinauric Staff;6
33200000;Academy Glintstone Staff;6
33210000;Carian Glintstone Staff;6
33230000;Azur's Glintstone Staff;6
33240000;Lusat's Glintstone Staff;6
33250000;Meteorite Staff;6
33260000;Staff of the Guilty;6
33270000;Rotten Crystal Staff;6
33280000;Staff of Loss;6
33900000;;6
33910000;;6
33920000;;6
33930000;;6
33940000;;6
33950000;;6
33960000;;6
33970000;;6
33980000;;6
34000000;Finger Seal;6
34010000;Godslayer's Seal;6
34020000;Giant's Seal;6
34030000;Gravel Stone Seal;6
34040000;Clawmark Seal;6
34060000;Golden Order Seal;6
34070000;Erdtree Seal;6
34080000;Dragon Communion Seal;6
34090000;Frenzied Flame Seal;6
34900000;;6
34910000;;6
34920000;;6
34930000;;6
34940000;;6
34950000;;6
34960000;;6
34970000;;6
34980000;;6
34990000;;6
40000000;Shortbow;6
40010000;Misbegotten Shortbow;6
40020000;Red Branch Shortbow;6
40030000;Harp Bow;6
40050000;Composite Bow;6
41000000;Longbow;6
41010000;Albinauric Bow;6
41020000;Horn Bow;6
41030000;Erdtree Bow;6
41040000;Serpent Bow;5
41060000;Pulley Bow;6
41070000;Black Bow;6
42000000;Lion Greatbow;6
42010000;Golem Greatbow;6
42030000;Erdtree Greatbow;6
42040000;Greatbow;6
43000000;Soldier's Crossbow;6
43020000;Light Crossbow;6
43030000;Heavy Crossbow;6
43050000;Pulley Crossbow;6
43060000;Full Moon Crossbow;6
43080000;Arbalest;6
43110000;Crepus's Black-Key Crossbow;6
43900000;;6
44000000;Hand Ballista;6
44010000;Jar Cannon;6
47000000;;6
47010000;;6
50000000;Arrow;10
50010000;Fire Arrow;10
50020000;Serpent Arrow;10
50030000;Bone Arrow (Fletched);10
50040000;St. Trina's Arrow;10
50060000;Shattershard Arrow (Fletched);10
50080000;Rainbow Stone Arrow (Fletched);10
50090000;Golden Arrow;10
50100000;Dwelling Arrow;10
50110000;Bone Arrow;10
50130000;Firebone Arrow (Fletched);10
50140000;Firebone Arrow;10
50150000;Poisonbone Arrow (Fletched);10
50160000;Poisonbone Arrow;10
50170000;Sleepbone Arrow (Fletched);10
50180000;Sleepbone Arrow;10
50190000;Stormwing Bone Arrow;10
50200000;Lightningbone Arrow (Fletched);10
50210000;Lightningbone Arrow;10
50220000;Rainbow Stone Arrow;10
50230000;Shattershard Arrow;10
50240000;Spiritflame Arrow;10
50260000;Magicbone Arrow (Fletched);10
50270000;Magicbone Arrow;10
50280000;Haligbone Arrow (Fletched);10
50290000;Haligbone Arrow;10
50300000;Bloodbone Arrow (Fletched);10
50310000;Bloodbone Arrow;10
50320000;Coldbone Arrow (Fletched);10
50330000;Coldbone Arrow;10
50340000;Rotbone Arrow (Fletched);10
50350000;Rotbone Arrow;10
51000000;Great Arrow;10
51010000;Golem's Great Arrow;10
51020000;Golden Great Arrow;10
51030000;Golem's Magic Arrow;10
51040000;Radahn's Spear;10
51050000;Bone Great Arrow (Fletched);10
51060000;Bone Great Arrow;10
52000000;Bolt;10
52010000;Lightning Bolt;10
52020000;Perfumer's Bolt;10
52030000;Black-Key Bolt;10
52040000;Burred Bolt;10
52050000;Meteor Bolt;10
52060000;Explosive Bolt;10
52070000;Golden Bolt;10
52080000;Lordsworn's Bolt;10
52090000;Bone Bolt;10
52100000;Firebone Bolt;10
52110000;Lightningbone Bolt;10
52120000;Magicbone Bolt;10
52130000;Haligbone Bolt;10
52140000;Poisonbone Bolt;10
52150000;Bloodbone Bolt;10
52160000;Coldbone Bolt;10
52170000;Rotbone Bolt;10
52180000;Sleepbone Bolt;10
52190000;Flaming Bolt;10
52900000;;10
52910000;;10
53000000;Ballista Bolt;10
53010000;Lightning Greatbolt;10
53020000;Explosive Greatbolt;10
53030000;Bone Ballista Bolt;10
98990000;;6
99000000;;6
99010000;;6
99020000;;6
99030000;;0
99040000;;6
99050000;;6
99060000;;6
