Row ID;Row Name;Conditional Event Flag
1;;0
1000;;0
1001;;0
1002;;0
1003;;0
100000;[Gatekeeper Gostoc] Festering Bloody Finger;0
100002;[Gatekeeper Gostoc] Ruin Fragment;0
100004;[Gatekeeper Gostoc] Buckler;0
100009;[Gatekeeper Gostoc] Furlcalling Finger Remedy;0
100010;[Gatekeeper Gostoc] Silver-Pickled Fowl Foot;0
100011;[Gatekeeper Gostoc] Stormhawk Feather;0
100012;[Gatekeeper Gostoc] Caestus;0
100013;[Gatekeeper Gostoc] Great Arrow;0
100014;[Gatekeeper Gostoc] Ballista Bolt;0
100015;[Gatekeeper Gostoc] Bandit Manchettes;0
100016;[Gatekeeper Gostoc] Bandit Boots;0
100017;[Gatekeeper Gostoc] Bandit Garb;0
100018;[Gatekeeper Gostoc] Ancient Dragon Smithing Stone;10009516
100025;Memory Stone;0
100026;Stonesword Key;0
100050;[Sorceress Sellen] Glintstone Pebble;0
100051;[Sorceress Sellen] Scholar's Armament;0
100052;[Sorceress Sellen] Scholar's Shield;0
100053;[Sorceress Sellen] Crystal Barrage;0
100054;[Sorceress Sellen] Glintstone Arc;0
100055;[Sorceress Sellen] Glintstone Stars;0
100056;[Sorceress Sellen - Quest] Shard Spiral;14009267
100057;[Sorceress Sellen - Conspectus Scroll] Glintstone Cometshard;1044369244
100058;[Sorceress Sellen - Conspectus Scroll] Star Shower;1044369244
100059;[Sorceress Sellen - Academy Scroll] Great Glintstone Shard;1044369250
100060;[Sorceress Sellen - Academy Scroll] Swift Glintstone Shard;1044369250
100061;[Sorceress Sellen] Glintblade Phalanx;1044369245
100062;[Sorceress Sellen] Carian Slicer;1044369245
100075;[Knight Bernahl] Ash of War: Impaling Thrust;0
100076;[Knight Bernahl] Ash of War: Spinning Slash;0
100077;[Knight Bernahl] Ash of War: Quickstep;0
100078;[Knight Bernahl] Ash of War: Stamp (Upward Cut);0
100079;[Knight Bernahl] Ash of War: Kick;0
100080;[Knight Bernahl] Ash of War: War Cry;0
100081;[Knight Bernahl] Ash of War: Endure;0
100082;[Knight Bernahl] Ash of War: Parry;0
100083;[Knight Bernahl] Ash of War: Storm Blade;0
100084;[Knight Bernahl] Ash of War: Eruption;16009208
100085;[Knight Bernahl] Ash of War: Assassin's Gambit;16009208
100086;[Knight Bernahl] Ash of War: No Skill;0
100100;[Patches] Margit's Shackle;0
100101;[Patches] Missionary's Cookbook [2];0
100102;[Patches] Stonesword Key;0
100103;[Patches] Furlcalling Finger Remedy;0
100104;[Patches] Glass Shard;0
100105;[Patches] Gold-Pickled Fowl Foot;0
100108;[Patches] Parrying Dagger;0
100111;[Patches] Sacrificial Twig;0
100112;[Patches] Festering Bloody Finger;0
100113;[Patches] Grace Mimic;0
100114;[Patches] Fan Daggers;1038419270
100115;[Patches] Great Arrow;0
100116;[Patches] Ballista Bolt;0
100117;[Patches] Festering Bloody Finger;1038419271
100118;[Patches] Fan Daggers;1038419271
100119;[Patches] Estoc;1038419271
100120;[Patches] Great Arrow;1038419271
100121;[Patches] Ballista Bolt;1038419271
100122;[Patches] Horse Crest Wooden Shield;0
100126;[D, Hunter of The Dead] Litany of Proper Death;0
100127;[D, Hunter of The Dead] Order's Blade;0
100150;[Blackguard Big Boggart] Rya's Necklace;0
100155;[Blackguard Big Boggart] Boiled Crab;1044529255
100160;[Blackguard Big Boggart] Boiled Prawn;1036439209
100175;[Gowry] Night Shard;0
100176;[Gowry] Night Maiden's Mist;0
100177;[Gowry] Glintstone Stars;0
100185;[Gowry] Pest Threads;1038519257
100200;[Sorcerer Rogier] Ash of War: Spinning Weapon;0
100201;[Sorcerer Rogier] Ash of War: Glintstone Pebble;0
100202;[Sorcerer Rogier] Ash of War: Carian Greatsword;0
100225;[Sorcerer Rogier] Somber Smithing Stone [1];0
100226;[Sorcerer Rogier] Somber Smithing Stone [2];0
100227;[Sorcerer Rogier] Somber Smithing Stone [3];0
100228;[Sorcerer Rogier] Somber Smithing Stone [4];0
100229;[Sorcerer Rogier] Carian Filigreed Crest;1034509360
100250;[Preceptor Seluvis] Glintstone Pebble;0
100251;[Preceptor Seluvis] Glintstone Arc;0
100252;[Preceptor Seluvis] Starlight;0
100275;[Preceptor Seluvis] Carian Phalanx;0
100276;[Preceptor Seluvis] Glintstone Icecrag;0
100277;[Preceptor Seluvis] Freezing Mist;0
100278;[Preceptor Seluvis] Carian Retaliation;0
100279;[Preceptor Seluvis] Glintstone Cometshard;1034509450
100280;[Preceptor Seluvis] Star Shower;1034509450
100281;[Preceptor Seluvis] Great Glintstone Shard;1034509455
100282;[Preceptor Seluvis] Swift Glintstone Shard;1034509455
100283;[Preceptor Seluvis] Glintblade Phalanx;1034509451
100284;[Preceptor Seluvis] Carian Slicer;1034509451
100300;[Preceptor Seluvis - Ranni Quest] Finger Maiden Therolina Puppet;0
100301;[Preceptor Seluvis - Ranni Quest] Dolores the Sleeping Arrow Puppet;11109919
100302;[Preceptor Seluvis - Ranni Quest] Jarwight Puppet;0
100310;[Preceptor Seluvis - Dung Eater Quest] Dung Eater Puppet;35009326
100325;[Pidia, Carian Servant] Glintstone Craftsman's Cookbook [7];0
100326;[Pidia, Carian Servant] Ritual Pot;0
100329;[Pidia, Carian Servant] Old Fang;0
100330;[Pidia, Carian Servant] Slumbering Egg;0
100334;[Pidia, Carian Servant] Ash of War: Carian Retaliation;0
100335;[Pidia, Carian Servant] Celestial Dew;0
100336;[Pidia, Carian Servant] Larval Tear;0
100337;[Pidia, Carian Servant] Budding Horn;0
100338;[Pidia, Carian Servant] Ripple Blade;0
100339;[Pidia, Carian Servant] Black Leather Shield;0
100340;;0
100350;[Brother Corhyn] Rejection;0
100351;[Brother Corhyn] Urgent Heal;0
100352;[Brother Corhyn] Heal;0
100353;[Brother Corhyn] Cure Poison;0
100354;[Brother Corhyn] Flame Fortification;0
100355;[Brother Corhyn] Magic Fortification;0
100356;[Brother Corhyn] Catch Flame;0
100357;[Brother Corhyn] Flame Sling;0
100358;[Brother Corhyn - Altus Plateau] Great Heal;1040529255
100359;[Brother Corhyn - Altus Plateau] Lightning Fortification;1040529255
100360;[Brother Corhyn - Goldmask] Discus of Light;1040549205
100361;[Brother Corhyn - Erdtree Sanctuary] Immutable Shield;11009455
100362;[Brother Corhyn - Fire Monks' Prayerbook] O, Flame!;11109874
100363;[Brother Corhyn - Fire Monks' Prayerbook] Surge;11109874
100364;[Brother Corhyn - Giant's Prayerbook] Giantsflame Take Thee;11109875
100365;[Brother Corhyn - Giant's Prayerbook] Flame;11109875
100366;[Brother Corhyn - Godskin Prayerbook] Black Flame;11109876
100367;[Brother Corhyn - Godskin Prayerbook] Black Flame Blade;11109876
100368;[Brother Corhyn - Two Fingers' Prayerbook] Lord's Heal;11109877
100369;[Brother Corhyn - Two Fingers' Prayerbook] Lord's Aid;11109877
100370;[Brother Corhyn - Assassin's Prayerbook] Assassin's Approach;11109878
100371;[Brother Corhyn - Assassin's Prayerbook] Darkness;11109878
100372;[Brother Corhyn - Golden Order Principia] Radagon's Rings of Light;11109881
100373;[Brother Corhyn - Golden Order Principia] Law of Regression;11109881
100374;[Brother Corhyn - Dragon Cult Prayerbook] Lightning Spear;11109883
100375;[Brother Corhyn - Dragon Cult Prayerbook] Honed Bolt;11109883
100376;[Brother Corhyn - Dragon Cult Prayerbook] Electrify Armament;11109883
100377;[Brother Corhyn - Ancient Dragon Prayerbook] Ancient Dragons' Lightning Spear;11109884
100378;[Brother Corhyn - Ancient Dragon Prayerbook] Ancient Dragons' Lightning Strike;11109884
100400;[Miriel] Magic Glintblade;0
100401;[Miriel] Carian Greatsword;0
100402;[Miriel - Conspectus Scroll] Glintstone Cometshard;1037469300
100403;[Miriel - Conspectus Scroll] Star Shower;1037469300
100404;[Miriel - Academy Scroll] Great Glintstone Shard;1037469316
100405;[Miriel - Academy Scroll] Swift Glintstone Shard;1037469316
100406;[Miriel] Glintblade Phalanx;1037469301
100407;[Miriel] Carian Slicer;1037469301
100425;[Miriel] Blessing's Boon;0
100426;[Miriel - Fire Monks' Prayerbook] O, Flame!;1037469305
100428;[Miriel - Fire Monks' Prayerbook] Surge;1037469305
100429;[Miriel - Giant's Prayerbook] Giantsflame Take Thee;1037469306
100430;[Miriel - Giant's Prayerbook] Flame;1037469306
100431;[Miriel - Godskin Prayerbook] Black Flame;1037469307
100432;[Miriel - Godskin Prayerbook] Black Flame Blade;1037469307
100433;[Miriel - Two Fingers' Prayerbook] Lord's Heal;1037469308
100434;[Miriel - Two Fingers' Prayerbook] Lord's Aid;1037469308
100435;[Miriel - Assassin's Prayerbook] Assassin's Approach;1037469309
100436;[Miriel - Assassin's Prayerbook] Darkness;1037469309
100437;[Miriel - Golden Order Principia] Radagon's Rings of Light;1037469312
100438;[Miriel - Golden Order Principia] Law of Regression;1037469312
100439;[Miriel - Dragon Cult Prayerbook] Lightning Spear;1037469314
100440;[Miriel - Dragon Cult Prayerbook] Honed Bolt;1037469314
100441;[Miriel - Dragon Cult Prayerbook] Electrify Armament;1037469314
100442;[Miriel - Ancient Dragon Prayerbook] Ancient Dragons' Lightning Spear;1037469315
100443;[Miriel - Ancient Dragon Prayerbook] Ancient Dragons' Lightning Strike;1037469315
100025;Memory Stone;0
100026;Stonesword Key;0
100500;[Merchant Kale] Note: Flask of Wondrous Physick;0
100501;[Merchant Kale] Crafting Kit;0
100502;[Merchant Kale] Nomadic Warrior's Cookbook [1];0
100503;[Merchant Kale] Nomadic Warrior's Cookbook [2];0
100504;[Merchant Kale] Missionary's Cookbook [1];0
100505;[Merchant Kale] Furlcalling Finger Remedy;0
100506;[Merchant Kale] Cracked Pot;0
100507;[Merchant Kale] Throwing Dagger;0
100510;[Merchant Kale] Torch;0
100511;[Merchant Kale] Large Leather Shield;0
100513;[Merchant Kale] Telescope;0
100514;[Merchant Kale] Note: Waypoint Ruins;0
100515;[Merchant Kale] Chain Coif;0
100516;[Merchant Kale] Chain Armor;0
100517;[Merchant Kale] Chain Gauntlets;0
100518;[Merchant Kale] Chain Leggings;0
100519;[Merchant Kale] Arrow;0
100520;[Merchant Kale] Bolt;0
100525;[Merchant - North Limgrave] Nomadic Warrior's Cookbook [3];0
100539;[Merchant - North Limgrave] Note: Flame Chariots;0
100540;[Merchant - North Limgrave] Cracked Pot;0
100541;[Merchant - North Limgrave] Pickled Turtle Neck;0
100542;[Merchant - North Limgrave] Short Sword;0
100543;[Merchant - North Limgrave] Halberd;0
100544;[Merchant - North Limgrave] Arrow;0
100545;[Merchant - North Limgrave] Bolt;0
100546;[Merchant - North Limgrave] Bandit Mask;0
100547;[Merchant - North Limgrave] Smithing Stone [1];0
100550;[Merchant - East Limgrave] Nomadic Warrior's Cookbook [5];0
100551;[Merchant - East Limgrave] Armorer's Cookbook [3];0
100552;[Merchant - East Limgrave] Sliver of Meat;0
100553;[Merchant - East Limgrave] Beast Liver;0
100554;[Merchant - East Limgrave] Lump of Flesh;0
100557;[Merchant - East Limgrave] Arrow;0
100560;[Merchant - East Limgrave] Bolt;0
100561;[Merchant - East Limgrave] Festering Bloody Finger;0
100562;[Merchant - East Limgrave] Trina's Lily;0
100563;[Merchant - East Limgrave] Hand Axe;0
100564;[Merchant - East Limgrave] Riveted Wooden Shield;0
100565;[Merchant - East Limgrave] Blue-Gold Kite Shield;0
100566;[Merchant - East Limgrave] St. Trina's Arrow;0
100567;[Merchant - East Limgrave] Smithing Stone [1];0
100575;[Merchant - Coastal Cave] Armorer's Cookbook [2];0
100576;[Merchant - Coastal Cave] Note: Stonedigger Trolls;0
100585;[Merchant - Coastal Cave] Note: Land Squirts;0
100586;[Merchant - Coastal Cave] Club;0
100587;[Merchant - Coastal Cave] Broadsword;0
100588;[Merchant - Coastal Cave] Iron Roundshield;0
100589;[Merchant - Coastal Cave] Shortbow;0
100590;[Merchant - Coastal Cave] Arrow;0
100591;[Merchant - Coastal Cave] Bolt;0
100592;[Merchant - Coastal Cave] Neutralizing Boluses;0
100593;[Merchant - Coastal Cave] Stanching Boluses;0
100594;[Merchant - Coastal Cave] Stimulating Boluses;0
100595;[Merchant - Coastal Cave] Smithing Stone [1];0
100600;[Merchant - East Weeping Peninsula] Stonesword Key;0
100601;[Merchant - East Weeping Peninsula] Kukri;0
100602;[Merchant - East Weeping Peninsula] Red Thorn Roundshield;0
100603;[Merchant - East Weeping Peninsula] Round Shield;0
100604;[Merchant - East Weeping Peninsula] Crimson Amber Medallion;0
100605;[Merchant - East Weeping Peninsula] Note: Demi-human Mobs;0
100606;[Merchant - East Weeping Peninsula] Cracked Pot;0
100607;[Merchant - East Weeping Peninsula] Bastard Sword;0
100608;[Merchant - East Weeping Peninsula] Light Crossbow;0
100609;[Merchant - East Weeping Peninsula] Arrow;0
100610;[Merchant - East Weeping Peninsula] Bolt;0
100611;[Merchant - East Weeping Peninsula] Great Arrow;0
100612;[Merchant - East Weeping Peninsula] Ballista Bolt;0
100613;[Merchant - East Weeping Peninsula] Iron Helmet;0
100614;[Merchant - East Weeping Peninsula] Scale Armor;0
100615;[Merchant - East Weeping Peninsula] Iron Gauntlets;0
100616;[Merchant - East Weeping Peninsula] Leather Trousers;0
100617;[Merchant - East Weeping Peninsula] Smithing Stone [1];0
100618;[Merchant - East Weeping Peninsula] Smithing Stone [2];0
100625;[Merchant - Liurnia of the Lakes] Nomadic Warrior's Cookbook [11];0
100626;[Merchant - Liurnia of the Lakes] Estoc;0
100627;[Merchant - Liurnia of the Lakes] Kite Shield;0
100628;[Merchant - Liurnia of the Lakes] Astrologer Hood;0
100629;[Merchant - Liurnia of the Lakes] Astrologer Robe;0
100630;[Merchant - Liurnia of the Lakes] Astrologer Gloves;0
100631;[Merchant - Liurnia of the Lakes] Astrologer Trousers;0
100632;[Merchant - Liurnia of the Lakes] Lantern;0
100633;[Merchant - Liurnia of the Lakes] Astrologer's Staff;0
100634;[Merchant - Liurnia of the Lakes] Arrow;0
100635;[Merchant - Liurnia of the Lakes] Bolt;0
100636;[Merchant - Liurnia of the Lakes] Smithing Stone [1];0
100637;[Merchant - Liurnia of the Lakes] Smithing Stone [2];0
100650;[Isolated Merchant - Weeping Peninsula] Note: Walking Mausoleum;0
100652;[Isolated Merchant - Weeping Peninsula] Stonesword Key;0
100654;[Isolated Merchant - Weeping Peninsula] Arteria Leaf;0
100656;[Isolated Merchant - Weeping Peninsula] Ballista Bolt;0
100657;[Isolated Merchant - Weeping Peninsula] Sacrificial Twig;0
100658;[Isolated Merchant - Weeping Peninsula] Lantern;0
100659;[Isolated Merchant - Weeping Peninsula] Lost Ashes of War;0
100660;[Isolated Merchant - Weeping Peninsula] Zweihander;0
100661;[Isolated Merchant - Weeping Peninsula] Arrow;0
100662;[Isolated Merchant - Weeping Peninsula] Bolt;0
100663;[Isolated Merchant - Weeping Peninsula] Great Arrow;0
100664;[Isolated Merchant - Weeping Peninsula] Festering Bloody Finger;0
100665;[Isolated Merchant - Weeping Peninsula] Smithing Stone [2];0
100675;[Merchant - Academy of Raya Lucaria] Fevor's Cookbook [2];0
100676;[Merchant - Academy of Raya Lucaria] Trina's Lily;0
100678;[Merchant - Academy of Raya Lucaria] Eye of Yelough;0
100680;[Merchant - Academy of Raya Lucaria] Stonesword Key;0
100681;[Merchant - Academy of Raya Lucaria] Lost Ashes of War;0
100682;[Merchant - Academy of Raya Lucaria] Sacrificial Twig;0
100686;[Merchant - Academy of Raya Lucaria] Note: Revenants;0
100687;[Merchant - Academy of Raya Lucaria] Note: Frenzied Flame Village;0
100688;[Merchant - Academy of Raya Lucaria] Fanged Imp Ashes;0
100689;[Merchant - Academy of Raya Lucaria] St. Trina's Arrow;0
100690;[Merchant - Academy of Raya Lucaria] Meteor Bolt;0
100691;[Merchant - Academy of Raya Lucaria] Blue Cloth Cowl;0
100692;[Merchant - Academy of Raya Lucaria] Blue Cloth Vest;0
100693;[Merchant - Academy of Raya Lucaria] Warrior Gauntlets;0
100694;[Merchant - Academy of Raya Lucaria] Warrior Greaves;0
100695;[Merchant - Academy of Raya Lucaria] Festering Bloody Finger;0
100696;[Merchant - Academy of Raya Lucaria] Note: The Preceptor's Secret;0
100700;[Merchant - North Liurnia] Nomadic Warrior's Cookbook [13];0
100704;[Merchant - North Liurnia] Composite Bow;0
100705;[Merchant - North Liurnia] Rift Shield;0
100706;[Merchant - North Liurnia] Blue Crest Heater Shield;0
100714;[Merchant - North Liurnia] Rune Arc;0
100715;[Merchant - North Liurnia] Bewitching Branch;0
100716;[Merchant - North Liurnia] Arrow;0
100717;[Merchant - North Liurnia] Bolt;0
100718;[Merchant - North Liurnia] Immunizing White Cured Meat;0
100719;[Merchant - North Liurnia] Invigorating White Cured Meat;0
100720;[Merchant - North Liurnia] Clarifying White Cured Meat;0
100725;[Hermit Merchant - Leyndell] Perfume Bottle;0
100726;[Hermit Merchant - Leyndell] Golden Great Arrow;0
100727;[Hermit Merchant - Leyndell] Sentry's Torch;0
100728;[Hermit Merchant - Leyndell] Rune Arc;0
100729;[Hermit Merchant - Leyndell] Golden Sunflower;0
100730;[Hermit Merchant - Leyndell] Distinguished Greatshield;0
100731;[Hermit Merchant - Leyndell] Arrow;0
100732;[Hermit Merchant - Leyndell] Golden Arrow;0
100733;[Hermit Merchant - Leyndell] Bolt;0
100734;[Hermit Merchant - Leyndell] Golden Bolt;0
100735;[Hermit Merchant - Leyndell] Great Arrow;0
100736;[Hermit Merchant - Leyndell] Ballista Bolt;0
100737;[Hermit Merchant - Leyndell] Upper-Class Robe;0
100738;[Hermit Merchant - Leyndell] Consort's Trousers;0
100739;[Hermit Merchant - Leyndell] Prophet Blindfold;0
100740;[Hermit Merchant - Leyndell] Prophet Trousers;0
100741;[Hermit Merchant - Leyndell] Prophet Robe;0
100742;[Hermit Merchant - Leyndell] Festering Bloody Finger;0
100743;[Hermit Merchant - Leyndell] Note: Below the Capital;0
100750;[Merchant - Altus Plateau] Ancient Dragon Apostle's Cookbook [2];0
100751;[Merchant - Altus Plateau] Note: Imp Shades;0
100752;[Merchant - Altus Plateau] Note: Unseen Assassins;0
100753;[Merchant - Altus Plateau] Stonesword Key;0
100761;[Merchant - Altus Plateau] Lightning Bolt;0
100764;[Merchant - Altus Plateau] Scorpion Kite Shield;0
100765;[Merchant - Altus Plateau] Gravel Stone;0
100766;[Merchant - Altus Plateau] Red Crest Heater Shield;0
100767;[Merchant - Altus Plateau] Crossed-Tree Towershield;0
100768;[Merchant - Altus Plateau] Arrow;0
100769;[Merchant - Altus Plateau] Bolt;0
100770;[Merchant - Altus Plateau] Tree Surcoat;0
100771;[Merchant - Altus Plateau] Festering Bloody Finger;0
100775;[Merchant - Mt. Gelmir] Nomadic Warrior's Cookbook [20];0
100777;[Merchant - Mt. Gelmir] Stonesword Key;0
100784;[Merchant - Mt. Gelmir] Explosive Greatbolt;0
100789;[Merchant - Mt. Gelmir] Arrow;0
100790;[Merchant - Mt. Gelmir] Great Arrow;0
100791;[Merchant - Mt. Gelmir] Bolt;0
100792;[Merchant - Mt. Gelmir] Explosive Bolt;0
100793;[Merchant - Mt. Gelmir] Ballista Bolt;0
100794;[Merchant - Mt. Gelmir] Confessor Hood;0
100795;[Merchant - Mt. Gelmir] Confessor Armor;0
100796;[Merchant - Mt. Gelmir] Confessor Gloves;0
100797;[Merchant - Mt. Gelmir] Confessor Boots;0
100798;[Merchant - Mt. Gelmir] Guilty Hood;0
100801;Poisonbone Dart;0
100802;Poisoned Stone;0
100803;Poisoned Stone Clump;0
100813;Preserving Boluses;0
100814;Aeonian Butterfly;0
100815;Arrow;0
100816;Fire Arrow;0
100817;Bolt;0
100825;[Merchant - South Caelid] Nomadic Warrior's Cookbook [15];0
100826;[Merchant - South Caelid] Stonesword Key;0
100827;[Merchant - South Caelid] Cracked Pot;0
100837;[Merchant - South Caelid] Note: Gravity's Advantage;0
100838;[Merchant - South Caelid] Arrow;0
100839;[Merchant - South Caelid] Bolt;0
100840;[Merchant - South Caelid] Flaming Bolt;0
100841;[Merchant - South Caelid] Champion Headband;0
100842;[Merchant - South Caelid] Champion Pauldron;0
100843;[Merchant - South Caelid] Champion Bracers;0
100844;[Merchant - South Caelid] Champion Gaiters;0
100845;[Merchant - South Caelid] Greathelm;0
100875;[Isolated Merchant - Dragonbarrow] Note: Hidden Cave;0
100876;[Isolated Merchant - Dragonbarrow] Ritual Pot;0
100877;[Isolated Merchant - Dragonbarrow] Lost Ashes of War;0
100878;[Isolated Merchant - Dragonbarrow] Gravel Stone;0
100880;[Isolated Merchant - Dragonbarrow] Sacrificial Twig;0
100882;[Isolated Merchant - Dragonbarrow] Land of Reeds Helm;0
100883;[Isolated Merchant - Dragonbarrow] Land of Reeds Armor;0
100884;[Isolated Merchant - Dragonbarrow] Land of Reeds Gauntlets;0
100885;[Isolated Merchant - Dragonbarrow] Land of Reeds Greaves;0
100886;[Isolated Merchant - Dragonbarrow] Note: Gateway;0
100887;[Isolated Merchant - Dragonbarrow] Dragonwound Grease;0
100888;[Isolated Merchant - Dragonbarrow] Spiked Caestus;0
100889;[Isolated Merchant - Dragonbarrow] Beast-Repellent Torch;0
100890;[Isolated Merchant - Dragonbarrow] Arrow;0
100891;[Isolated Merchant - Dragonbarrow] Serpent Arrow;0
100892;[Isolated Merchant - Dragonbarrow] Bolt;0
100893;[Isolated Merchant - Dragonbarrow] Festering Bloody Finger;0
100900;[Merchant - Mountaintops of the Giants] Missionary's Cookbook [7];0
100901;[Merchant - Mountaintops of the Giants] Stonesword Key;0
100903;[Merchant - Mountaintops of the Giants] Thawfrost Boluses;0
100909;[Merchant - Mountaintops of the Giants] Rune Arc;0
100910;[Merchant - Mountaintops of the Giants] Arrow;0
100911;[Merchant - Mountaintops of the Giants] Bolt;0
100912;[Merchant - Mountaintops of the Giants] Great Arrow;0
100913;[Merchant - Mountaintops of the Giants] Ballista Bolt;0
100914;[Merchant - Mountaintops of the Giants] Lightning Greatbolt;0
100915;[Merchant - Mountaintops of the Giants] Vagabond Knight Helm;0
100916;[Merchant - Mountaintops of the Giants] Vagabond Knight Armor;0
100917;[Merchant - Mountaintops of the Giants] Vagabond Knight Gauntlets;0
100918;[Merchant - Mountaintops of the Giants] Vagabond Knight Greaves;0
100925;[Merchant - Siofra River] Nomadic Warrior's Cookbook [17];0
100926;[Merchant - Siofra River] Nomadic Warrior's Cookbook [18];0
100928;[Merchant - Siofra River] Stonesword Key;0
100935;[Merchant - Siofra River] Dwelling Arrow;0
100936;[Merchant - Siofra River] Larval Tear;0
100937;[Merchant - Siofra River] Shotel;0
100938;[Merchant - Siofra River] Arrow;0
100939;[Merchant - Siofra River] Bolt;0
100940;[Merchant - Siofra River] Soap;0
100941;[Merchant - Siofra River] Nascent Butterfly;0
100950;[Merchant - Ainsel River] Nomadic Warrior's Cookbook [16];0
100951;[Merchant - Ainsel River] Perfumer's Cookbook [4];0
100953;[Merchant - Ainsel River] Lost Ashes of War;0
100962;[Merchant - Ainsel River] Celestial Dew;0
100963;[Merchant - Ainsel River] Gravity Stone Fan;0
100964;[Merchant - Ainsel River] Gravity Stone Chunk;0
100965;[Merchant - Ainsel River] Prisoner Iron Mask;0
100966;[Merchant - Ainsel River] Prisoner Clothing;0
100967;[Merchant - Ainsel River] Prisoner Trousers;0
100976;[Imprisoned Merchant - Mohgwyn] Stonesword Key;0
100977;[Imprisoned Merchant - Mohgwyn] Lost Ashes of War;0
100981;[Imprisoned Merchant - Mohgwyn] Rune Arc;0
100982;[Imprisoned Merchant - Mohgwyn] Festering Bloody Finger;0
100983;[Imprisoned Merchant - Mohgwyn] Stanching Boluses;0
100984;[Imprisoned Merchant - Mohgwyn] Bloodrose;0
100985;[Imprisoned Merchant - Mohgwyn] Dwelling Arrow;0
100986;[Imprisoned Merchant - Mohgwyn] Burred Bolt;0
101503;[Enia - Godfrey] Elden Lord Crown;9107
101504;[Enia - Godfrey] Elden Lord Armor;9107
101505;[Enia - Godfrey] Elden Lord Bracers;9107
101506;[Enia - Godfrey] Elden Lord Greaves;9107
101507;[Enia - Radahn] Radahn's Redmane Helm;9130
101508;[Enia - Radahn] Radahn's Lion Armor;9130
101509;[Enia - Radahn] Radahn's Gauntlets;9130
101510;[Enia - Radahn] Radahn's Greaves;9130
101511;[Enia - Mohg] Lord of Blood's Robe;9112
101512;[Enia - Rennala] Queen's Crescent Crown;9118
101513;[Enia - Rennala] Queen's Robe;9118
101514;[Enia - Rennala] Queen's Bracelets;9118
101515;[Enia - Rennala] Queen's Leggings;9118
101516;[Enia - Maliketh] Maliketh's Helm;9116
101517;[Enia - Maliketh] Maliketh's Armor;9116
101518;[Enia - Maliketh] Maliketh's Gauntlets;9116
101519;[Enia - Maliketh] Maliketh's Greaves;9116
101520;[Enia - Malenia] Malenia's Winged Helm;9120
101521;[Enia - Malenia] Malenia's Armor;9120
101522;[Enia - Malenia] Malenia's Gauntlet;9120
101523;[Enia - Malenia] Malenia's Greaves;9120
101524;[Enia - Margit] Fell Omen Cloak;9104
101525;[Enia - Royal Knight Loretta] Royal Knight Helm;9119
101526;[Enia - Royal Knight Loretta] Royal Knight Armor;9119
101527;[Enia - Royal Knight Loretta] Royal Knight Gauntlets;9119
101528;[Enia - Royal Knight Loretta] Royal Knight Greaves;9119
101529;[Enia - Commander Niall] Veteran's Helm;9184
101530;[Enia - Commander Niall] Veteran's Armor;9184
101531;[Enia - Commander Niall] Veteran's Gauntlets;9184
101532;[Enia - Commander Niall] Veteran's Greaves;9184
101549;[Enia - Radahn] Radahn's Spear;9130
101550;[Enia - Elemer of the Briar] Briar Helm;9182
101551;[Enia - Elemer of the Briar] Briar Armor;9182
101552;[Enia - Elemer of the Briar] Briar Gauntlets;9182
101553;[Enia - Elemer of the Briar] Briar Greaves;9182
101775;[Enia - Forging] Remembrance of the Grafted;9101
101776;[Enia - Forging] Remembrance of the Starscourge;9130
101777;[Enia - Forging] Remembrance of the Omen King;9104
101778;[Enia - Forging] Remembrance of the Blasphemous;9122
101779;[Enia - Forging] Remembrance of the Rot Goddess;9120
101780;[Enia - Forging] Remembrance of the Full Moon Queen;9118
101781;[Enia - Forging] Remembrance of the Blood Lord;9112
101785;[Enia - Forging] Remembrance of the Black Blade;9116
101786;[Enia - Forging] Remembrance of Hoarah Loux;9107
101787;[Enia - Forging] Remembrance of the Dragonlord;9115
101788;[Enia - Forging] Remembrance of the Lichdragon;9111
101789;[Enia - Forging] Remembrance of the Fire Giant;9131
101790;[Enia - Forging] Remembrance of the Regal Ancestor;9133
101791;[Enia - Forging] Elden Remembrance;9123
101792;[Enia - Forging] Remembrance of the Naturalborn;9108
101800;[Twin Maiden Husks] White Cipher Ring;0
101801;[Twin Maiden Husks] Blue Cipher Ring;0
101802;[Twin Maiden Husks] Spirit Calling Bell;1042369416
101803;[Twin Maiden Husks] Lone Wolf Ashes;1042369416
101804;[Twin Maiden Husks - Haligtree] Black Flame's Protection;11109770
101805;[Twin Maiden Husks - Haligtree] Lord's Divine Fortification;11109771
101806;[Twin Maiden Husks - Mohgwyn] Fevor's Cookbook [3];11109772
101807;[Twin Maiden Husks - Mohg] Law of Causality;11109773
101808;[Twin Maiden Husks] Smithing Stone [1];11109751
101809;[Twin Maiden Husks] Smithing Stone [2];11109751
101810;[Twin Maiden Husks] Glintstone Scrap;11109781
101811;[Twin Maiden Husks] Smithing Stone [3];11109752
101812;[Twin Maiden Husks] Smithing Stone [4];11109752
101813;[Twin Maiden Husks] Explosive Stone;11109752
101814;[Twin Maiden Husks] Smithing Stone [5];11109753
101815;[Twin Maiden Husks] Smithing Stone [6];11109753
101816;[Twin Maiden Husks] Smithing Stone [7];11109754
101817;[Twin Maiden Husks] Smithing Stone [8];11109754
101818;[Twin Maiden Husks] Somber Smithing Stone [1];11109755
101819;[Twin Maiden Husks] Somber Smithing Stone [2];11109755
101820;[Twin Maiden Husks] Somber Smithing Stone [3];11109756
101821;[Twin Maiden Husks] Somber Smithing Stone [4];11109756
101822;[Twin Maiden Husks] Cracked Crystal;11109756
101823;[Twin Maiden Husks] Somber Smithing Stone [5];11109757
101824;[Twin Maiden Husks] Somber Smithing Stone [6];11109757
101825;[Twin Maiden Husks] Somber Smithing Stone [7];11109758
101826;[Twin Maiden Husks] Somber Smithing Stone [8];11109758
101827;[Twin Maiden Husks] Sanctuary Stone;11109758
101828;[Twin Maiden Husks] Somber Smithing Stone [9];11109759
101829;[Twin Maiden Husks] Grave Glovewort [1];11109760
101830;[Twin Maiden Husks] Grave Glovewort [2];11109760
101831;[Twin Maiden Husks] Grave Glovewort [3];11109760
101832;[Twin Maiden Husks] Grave Glovewort [4];11109761
101833;[Twin Maiden Husks] Grave Glovewort [5];11109761
101834;[Twin Maiden Husks] Grave Glovewort [6];11109761
101835;[Twin Maiden Husks] Grave Glovewort [7];11109762
101836;[Twin Maiden Husks] Grave Glovewort [8];11109762
101837;[Twin Maiden Husks] Grave Glovewort [9];11109762
101838;[Twin Maiden Husks] Ghost Glovewort [1];11109763
101839;[Twin Maiden Husks] Ghost Glovewort [2];11109763
101840;[Twin Maiden Husks] Ghost Glovewort [3];11109763
101841;[Twin Maiden Husks] Ghost Glovewort [4];11109764
101842;[Twin Maiden Husks] Ghost Glovewort [5];11109764
101843;[Twin Maiden Husks] Ghost Glovewort [6];11109764
101844;[Twin Maiden Husks] Ghost Glovewort [7];11109765
101845;[Twin Maiden Husks] Ghost Glovewort [8];11109765
101846;[Twin Maiden Husks] Ghost Glovewort [9];11109765
101847;[Twin Maiden Husks] Thin Beast Bones;11109745
101848;[Twin Maiden Husks] Hefty Beast Bone;11109745
101849;[Twin Maiden Husks] Sliver of Meat;11109746
101850;[Twin Maiden Husks] Lump of Flesh;11109746
101851;[Twin Maiden Husks] Turtle Neck Meat;11109746
101852;[Twin Maiden Husks] Neutralizing Boluses;11109747
101853;[Twin Maiden Husks] Stanching Boluses;11109747
101854;[Twin Maiden Husks] Thawfrost Boluses;11109747
101855;[Twin Maiden Husks] Stimulating Boluses;11109747
101856;[Twin Maiden Husks] Gravity Stone Fan;11109748
101857;[Twin Maiden Husks] Gravity Stone Chunk;11109748
101858;[Twin Maiden Husks] Ruin Fragment;11109754
101859;[Twin Maiden Husks] Memory Stone;0
101860;[Twin Maiden Husks] Stonesword Key;0
101861;[Twin Maiden Husks] Rune Arc;0
101862;[Twin Maiden Husks] Furled Finger's Trick-Mirror;0
101863;[Twin Maiden Husks] Host's Trick-Mirror;0
101864;[Twin Maiden Husks] Dagger;0
101865;[Twin Maiden Husks] Longsword;0
101866;[Twin Maiden Husks] Scimitar;0
101867;[Twin Maiden Husks] Battle Axe;0
101868;[Twin Maiden Husks] Mace;0
101869;[Twin Maiden Husks] Short Spear;0
101870;[Twin Maiden Husks] Rapier;0
101871;[Twin Maiden Husks] Finger Seal;0
101872;[Twin Maiden Husks] Longbow;0
101873;[Twin Maiden Husks] Heater Shield;0
101874;[Twin Maiden Husks] Knight Helm;0
101875;[Twin Maiden Husks] Knight Armor;0
101876;[Twin Maiden Husks] Knight Gauntlets;0
101877;[Twin Maiden Husks] Knight Greaves;0
101878;[Twin Maiden Husks] Flask of Wondrous Physick;11109774
101879;[Twin Maiden Husks] Crafting Kit;11109775
101880;[Twin Maiden Husks] Whetstone Knife;11109776
101881;[Twin Maiden Husks] Talisman Pouch;11109777
101900;[Remembrance of the Grafted] Axe of Godrick;0
101901;[Remembrance of the Grafted] Grafted Dragon;0
101902;[Remembrance of the Starscourge] Starscourge Greatsword;0
101903;[Remembrance of the Starscourge] Lion Greatbow;0
101904;[Remembrance of the Omen King] Morgott's Cursed Sword;0
101905;[Remembrance of the Omen King] Regal Omen Bairn;0
101906;[Remembrance of the Blasphemous] Blasphemous Blade;0
101907;[Remembrance of the Blasphemous] Rykard's Rancor;0
101908;[Remembrance of the Rot Goddess] Hand of Malenia;0
101909;[Remembrance of the Rot Goddess] Scarlet Aeonia;0
101910;[Remembrance of the Blood Lord] Mohgwyn's Sacred Spear;0
101911;[Remembrance of the Blood Lord] Bloodboon;0
101912;[Remembrance of the Black Blade] Maliketh's Black Blade;0
101913;[Remembrance of the Black Blade] Black Blade;0
101914;[Remembrance of Hoarah Loux] Axe of Godfrey;0
101915;[Remembrance of Hoarah Loux] Ash of War: Hoarah Loux's Earthshaker;0
101916;[Remembrance of the Dragonlord] Dragon King's Cragblade;0
101917;[Remembrance of the Dragonlord] Placidusax's Ruin;0
101918;[Remembrance of The Full Moon Queen] Carian Regal Scepter;0
101919;[Remembrance of The Full Moon Queen] Rennala's Full Moon;0
101920;[Remembrance of the Lichdragon] Fortissax's Lightning Spear;0
101921;[Remembrance of the Lichdragon] Death Lightning;0
101922;[Remembrance of the Fire Giant] Giant's Red Braid;0
101923;[Remembrance of the Fire Giant] Burn;0
101924;[Remembrance of the Regal Ancestor] Winged Greathorn;0
101925;[Remembrance of the Regal Ancestor] Ancestral Spirit's Horn;0
101926;[Elden Remembrance] Marika's Hammer;0
101927;[Elden Remembrance] Sacred Relic Sword;0
101928;[Remembrance of the Naturalborn] Bastard's Stars;0
101929;[Remembrance of the Naturalborn] Ash of War: Waves of Darkness;0
101950;[Dragon Communion] Dragonfire;0
101951;[Dragon Communion] Dragonice;0
101952;[Dragon Communion] Glintstone Breath;0
101953;[Dragon Communion] Rotten Breath;0
101954;[Dragon Communion] Agheel's Flame;1043360800
101955;[Dragon Communion] Borealis's Mist;1254560800
101956;[Dragon Communion] Smarag's Glintstone Breath;1034450800
101957;[Dragon Communion] Ekzykes's Decay;1048370800
101958;[Dragon Communion] Dragonclaw;0
101959;[Dragon Communion] Dragonmaw;0
101960;[Dragon Communion] Magma Breath;1035530800
101961;[Dragon Communion] Theodorix's Magma;1050560800
101962;[Dragon Communion] Greyoll's Roar;1050400800
101975;[Dragon Communion] Dragonclaw;0
101976;[Dragon Communion] Dragonmaw;0
101980;[Dragon Communion] Dragonfire;0
110000;[Alteration] Drake Knight Helm (Altered);0
110001;[Alteration] Drake Knight Armor (Altered);0
110002;[Alteration] Scaled Armor (Altered);0
110003;[Alteration] Perfumer Robe (Altered);0
110004;[Alteration] Perfumer's Traveling Garb (Altered);0
110005;[Alteration] Spellblade's Traveling Attire (Altered);0
110006;[Alteration] Ronin's Armor (Altered);0
110007;[Alteration] Blaidd's Armor (Altered);0
110008;[Alteration] Black Knife Armor (Altered);0
110009;[Alteration] Briar Armor (Altered);0
110010;[Alteration] Page Garb (Altered);0
110011;[Alteration] Night's Cavalry Helm (Altered);0
110012;[Alteration] Night's Cavalry Armor (Altered);0
110013;[Alteration] Blue Silver Mail Armor (Altered);0
110014;[Alteration] Nomadic Merchant's Finery (Altered);0
110015;[Alteration] Tree Sentinel Armor (Altered);0
110016;[Alteration] Royal Knight Armor (Altered);0
110017;[Alteration] Nox Monk Hood (Altered);0
110018;[Alteration] Nox Monk Armor (Altered);0
110019;[Alteration] Nox Swordstress Crown (Altered);0
110020;[Alteration] Nox Swordstress Armor (Altered);0
110021;[Alteration] Gravekeeper Cloak (Altered);0
110022;[Alteration] Cleanrot Helm (Altered);0
110023;[Alteration] Cleanrot Armor (Altered);0
110024;[Alteration] Depraved Perfumer Robe (Altered);0
110025;[Alteration] All-Knowing Armor (Altered);0
110026;[Alteration] Twinned Armor (Altered);0
110029;[Alteration] Prophet Robe (Altered);0
110030;[Alteration] Astrologer Robe (Altered);0
110031;[Alteration] Lionel's Armor (Altered);0
110032;[Alteration] Hoslow's Armor (Altered);0
110033;[Alteration] Vagabond Knight Armor (Altered);0
110034;[Alteration] War Surgeon Gown (Altered);0
110036;[Alteration] Veteran's Armor (Altered);0
110037;[Alteration] Bloodhound Knight Armor (Altered);0
110038;[Alteration] Festive Hood (Altered);0
110039;[Alteration] Commoner's Garb (Altered);0
110040;[Alteration] Commoner's Simple Garb (Altered);0
110041;[Alteration] Raging Wolf Armor (Altered);0
110042;[Alteration] Land of Reeds Armor (Altered);0
110043;[Alteration] Confessor Hood (Altered);0
110044;[Alteration] Confessor Armor (Altered);0
110045;[Alteration] Finger Maiden Robe (Altered);0
110047;[Alteration] Preceptor's Long Gown (Altered);0
110049;[Alteration] Eccentric's Hood (Altered);0
110050;[Alteration] Fingerprint Armor (Altered);0
110051;[Alteration] Carian Knight Armor (Altered);0
110052;[Alteration] Errant Sorcerer Robe (Altered);0
110053;[Alteration] Gelmir Knight Armor (Altered);0
110054;[Alteration] Godrick Knight Armor (Altered);0
110055;[Alteration] Cuckoo Knight Armor (Altered);0
110056;[Alteration] Leyndell Knight Armor (Altered);0
110057;[Alteration] Redmane Knight Armor (Altered);0
110058;[Alteration] Mausoleum Knight Armor (Altered);0
110059;[Alteration] Haligtree Knight Armor (Altered);0
110060;[Alteration] High Page Clothes (Altered);0
110061;[Alteration] Rotten Gravekeeper Cloak (Altered);0
110062;[Alteration] Beast Champion Armor (Altered);0
110063;[Alteration] Snow Witch Robe (Altered);0
110064;[Alteration] Crucible Axe Armor (Altered);0
110065;[Alteration] Crucible Tree Armor (Altered);0
110066;[Alteration] Fia's Robe (Altered);0
110067;[Alteration] Alberich's Pointed Hat (Altered);0
110068;[Alteration] Alberich's Robe (Altered);0
110069;[Alteration] Traveling Maiden Robe (Altered);0
110100;[Alteration] Elden Lord Armor (Altered);1036489208
110101;[Alteration] Radahn's Lion Armor (Altered);1036489208
110102;[Alteration] Lord of Blood's Robe (Altered);1036489208
110103;[Alteration] Maliketh's Armor (Altered);1036489208
110104;[Alteration] Malenia's Armor (Altered);1036489208
110200;[Reversion] Drake Knight Helm;0
110201;[Reversion] Drake Knight Armor;0
110202;[Reversion] Scaled Armor;0
110203;[Reversion] Perfumer Robe;0
110204;[Reversion] Perfumer's Traveling Garb;0
110205;[Reversion] Spellblade's Traveling Attire;0
110206;[Reversion] Ronin's Armor;0
110207;[Reversion] Blaidd's Armor;0
110208;[Reversion] Black Knife Armor;0
110209;[Reversion] Briar Armor;0
110210;[Reversion] Page Garb;0
110211;[Reversion] Night's Cavalry Helm;0
110212;[Reversion] Night's Cavalry Armor;0
110213;[Reversion] Blue Silver Mail Armor;0
110214;[Reversion] Nomadic Merchant's Finery;0
110215;[Reversion] Tree Sentinel Armor;0
110216;[Reversion] Royal Knight Armor;0
110217;[Reversion] Nox Monk Hood;0
110218;[Reversion] Nox Monk Armor;0
110219;[Reversion] Nox Swordstress Crown;0
110220;[Reversion] Nox Swordstress Armor;0
110221;[Reversion] Gravekeeper Cloak;0
110222;[Reversion] Cleanrot Helm;0
110223;[Reversion] Cleanrot Armor;0
110224;[Reversion] Depraved Perfumer Robe;0
110225;[Reversion] All-Knowing Armor;0
110226;[Reversion] Twinned Armor;0
110229;[Reversion] Prophet Robe;0
110230;[Reversion] Astrologer Robe;0
110231;[Reversion] Lionel's Armor;0
110232;[Reversion] Hoslow's Armor;0
110233;[Reversion] Vagabond Knight Armor;0
110234;[Reversion] War Surgeon Gown;0
110236;[Reversion] Veteran's Armor;0
110237;[Reversion] Bloodhound Knight Armor;0
110238;[Reversion] Festive Hood;0
110239;[Reversion] Commoner's Garb;0
110240;[Reversion] Commoner's Simple Garb;0
110241;[Reversion] Raging Wolf Armor;0
110242;[Reversion] Land of Reeds Armor;0
110243;[Reversion] Confessor Hood;0
110244;[Reversion] Confessor Armor;0
110245;[Reversion] Finger Maiden Robe;0
110247;[Reversion] Preceptor's Long Gown;0
110249;[Reversion] Eccentric's Hood;0
110250;[Reversion] Fingerprint Armor;0
110251;[Reversion] Carian Knight Armor;0
110252;[Reversion] Errant Sorcerer Robe;0
110253;[Reversion] Gelmir Knight Armor;0
110254;[Reversion] Godrick Knight Armor;0
110255;[Reversion] Cuckoo Knight Armor;0
110256;[Reversion] Leyndell Knight Armor;0
110257;[Reversion] Redmane Knight Armor;0
110258;[Reversion] Mausoleum Knight Armor;0
110259;[Reversion] Haligtree Knight Armor;0
110260;[Reversion] High Page Clothes;0
110261;[Reversion] Rotten Gravekeeper Cloak;0
110262;[Reversion] Beast Champion Armor;0
110263;[Reversion] Snow Witch Robe;0
110264;[Reversion] Crucible Axe Armor;0
110265;[Reversion] Crucible Tree Armor;0
110266;[Reversion] Fia's Robe;0
110267;[Reversion] Alberich's Pointed Hat;0
110268;[Reversion] Alberich's Robe;0
110269;[Reversion] Traveling Maiden Robe;0
110300;[Reversion] Elden Lord Armor;1036489208
110301;[Reversion] Radahn's Lion Armor;1036489208
110302;[Reversion] Lord of Blood's Robe;1036489208
110303;[Reversion] Maliketh's Armor;1036489208
110304;[Reversion] Malenia's Armor;1036489208
111000;[Alteration] Drake Knight Helm (Altered);0
111001;[Alteration] Drake Knight Armor (Altered);0
111002;[Alteration] Scaled Armor (Altered);0
111003;[Alteration] Perfumer Robe (Altered);0
111004;[Alteration] Perfumer's Traveling Garb (Altered);0
111005;[Alteration] Spellblade's Traveling Attire (Altered);0
111006;[Alteration] Ronin's Armor (Altered);0
111007;[Alteration] Blaidd's Armor (Altered);0
111008;[Alteration] Black Knife Armor (Altered);0
111009;[Alteration] Briar Armor (Altered);0
111010;[Alteration] Page Garb (Altered);0
111011;[Alteration] Night's Cavalry Helm (Altered);0
111012;[Alteration] Night's Cavalry Armor (Altered);0
111013;[Alteration] Blue Silver Mail Armor (Altered);0
111014;[Alteration] Nomadic Merchant's Finery (Altered);0
111015;[Alteration] Tree Sentinel Armor (Altered);0
111016;[Alteration] Royal Knight Armor (Altered);0
111017;[Alteration] Nox Monk Hood (Altered);0
111018;[Alteration] Nox Monk Armor (Altered);0
111019;[Alteration] Nox Swordstress Crown (Altered);0
111020;[Alteration] Nox Swordstress Armor (Altered);0
111021;[Alteration] Gravekeeper Cloak (Altered);0
111022;[Alteration] Cleanrot Helm (Altered);0
111023;[Alteration] Cleanrot Armor (Altered);0
111024;[Alteration] Depraved Perfumer Robe (Altered);0
111025;[Alteration] All-Knowing Armor (Altered);0
111026;[Alteration] Twinned Armor (Altered);0
111029;[Alteration] Prophet Robe (Altered);0
111030;[Alteration] Astrologer Robe (Altered);0
111031;[Alteration] Lionel's Armor (Altered);0
111032;[Alteration] Hoslow's Armor (Altered);0
111033;[Alteration] Vagabond Knight Armor (Altered);0
111034;[Alteration] War Surgeon Gown (Altered);0
111036;[Alteration] Veteran's Armor (Altered);0
111037;[Alteration] Bloodhound Knight Armor (Altered);0
111038;[Alteration] Festive Hood (Altered);0
111039;[Alteration] Commoner's Garb (Altered);0
111040;[Alteration] Commoner's Simple Garb (Altered);0
111041;[Alteration] Raging Wolf Armor (Altered);0
111042;[Alteration] Land of Reeds Armor (Altered);0
111043;[Alteration] Confessor Hood (Altered);0
111044;[Alteration] Confessor Armor (Altered);0
111045;[Alteration] Finger Maiden Robe (Altered);0
111047;[Alteration] Preceptor's Long Gown (Altered);0
111049;[Alteration] Eccentric's Hood (Altered);0
111050;[Alteration] Fingerprint Armor (Altered);0
111051;[Alteration] Carian Knight Armor (Altered);0
111052;[Alteration] Errant Sorcerer Robe (Altered);0
111053;[Alteration] Gelmir Knight Armor (Altered);0
111054;[Alteration] Godrick Knight Armor (Altered);0
111055;[Alteration] Cuckoo Knight Armor (Altered);0
111056;[Alteration] Leyndell Knight Armor (Altered);0
111057;[Alteration] Redmane Knight Armor (Altered);0
111058;[Alteration] Mausoleum Knight Armor (Altered);0
111059;[Alteration] Haligtree Knight Armor (Altered);0
111060;[Alteration] High Page Clothes (Altered);0
111061;[Alteration] Rotten Gravekeeper Cloak (Altered);0
111062;[Alteration] Beast Champion Armor (Altered);0
111063;[Alteration] Snow Witch Robe (Altered);0
111064;[Alteration] Crucible Axe Armor (Altered);0
111065;[Alteration] Crucible Tree Armor (Altered);0
111066;[Alteration] Fia's Robe (Altered);0
111067;[Alteration] Alberich's Pointed Hat (Altered);0
111068;[Alteration] Alberich's Robe (Altered);0
111069;[Alteration] Traveling Maiden Robe (Altered);0
111100;[Alteration] Elden Lord Armor (Altered);60150
111101;[Alteration] Radahn's Lion Armor (Altered);60150
111102;[Alteration] Lord of Blood's Robe (Altered);60150
111103;[Alteration] Maliketh's Armor (Altered);60150
111104;[Alteration] Malenia's Armor (Altered);60150
111200;[Reversion] Drake Knight Helm;0
111201;[Reversion] Drake Knight Armor;0
111202;[Reversion] Scaled Armor;0
111203;[Reversion] Perfumer Robe;0
111204;[Reversion] Perfumer's Traveling Garb;0
111205;[Reversion] Spellblade's Traveling Attire;0
111206;[Reversion] Ronin's Armor;0
111207;[Reversion] Blaidd's Armor;0
111208;[Reversion] Black Knife Armor;0
111209;[Reversion] Briar Armor;0
111210;[Reversion] Page Garb;0
111211;[Reversion] Night's Cavalry Helm;0
111212;[Reversion] Night's Cavalry Armor;0
111213;[Reversion] Blue Silver Mail Armor;0
111214;[Reversion] Nomadic Merchant's Finery;0
111215;[Reversion] Tree Sentinel Armor;0
111216;[Reversion] Royal Knight Armor;0
111217;[Reversion] Nox Monk Hood;0
111218;[Reversion] Nox Monk Armor;0
111219;[Reversion] Nox Swordstress Crown;0
111220;[Reversion] Nox Swordstress Armor;0
111221;[Reversion] Gravekeeper Cloak;0
111222;[Reversion] Cleanrot Helm;0
111223;[Reversion] Cleanrot Armor;0
111224;[Reversion] Depraved Perfumer Robe;0
111225;[Reversion] All-Knowing Armor;0
111226;[Reversion] Twinned Armor;0
111229;[Reversion] Prophet Robe;0
111230;[Reversion] Astrologer Robe;0
111231;[Reversion] Lionel's Armor;0
111232;[Reversion] Hoslow's Armor;0
111233;[Reversion] Vagabond Knight Armor;0
111234;[Reversion] War Surgeon Gown;0
111236;[Reversion] Veteran's Armor;0
111237;[Reversion] Bloodhound Knight Armor;0
111238;[Reversion] Festive Hood;0
111239;[Reversion] Commoner's Garb;0
111240;[Reversion] Commoner's Simple Garb;0
111241;[Reversion] Raging Wolf Armor;0
111242;[Reversion] Land of Reeds Armor;0
111243;[Reversion] Confessor Hood;0
111244;[Reversion] Confessor Armor;0
111245;[Reversion] Finger Maiden Robe;0
111247;[Reversion] Preceptor's Long Gown;0
111249;[Reversion] Eccentric's Hood;0
111250;[Reversion] Fingerprint Armor;0
111251;[Reversion] Carian Knight Armor;0
111252;[Reversion] Errant Sorcerer Robe;0
111253;[Reversion] Gelmir Knight Armor;0
111254;[Reversion] Godrick Knight Armor;0
111255;[Reversion] Cuckoo Knight Armor;0
111256;[Reversion] Leyndell Knight Armor;0
111257;[Reversion] Redmane Knight Armor;0
111258;[Reversion] Mausoleum Knight Armor;0
111259;[Reversion] Haligtree Knight Armor;0
111260;[Reversion] High Page Clothes;0
111261;[Reversion] Rotten Gravekeeper Cloak;0
111262;[Reversion] Beast Champion Armor;0
111263;[Reversion] Snow Witch Robe;0
111264;[Reversion] Crucible Axe Armor;0
111265;[Reversion] Crucible Tree Armor;0
111266;[Reversion] Fia's Robe;0
111267;[Reversion] Alberich's Pointed Hat;0
111268;[Reversion] Alberich's Robe;0
111269;[Reversion] Traveling Maiden Robe;0
111300;[Reversion] Elden Lord Armor;60150
111301;[Reversion] Radahn's Lion Armor;60150
111302;[Reversion] Lord of Blood's Robe;60150
111303;[Reversion] Maliketh's Armor;60150
111304;[Reversion] Malenia's Armor;60150
112000;Ash of War: Impaling Thrust;65810
112001;Ash of War: Piercing Fang;65811
112002;Ash of War: Spinning Slash;65812
112003;Ash of War: Repeating Thrust;65813
112004;Ash of War: Double Slash;65814
112005;Ash of War: Unsheathe;65815
112006;Ash of War: Sword Dance;65816
112008;Ash of War: Quickstep;65818
112009;Ash of War: Bloodhound's Step;65819
112010;Ash of War: Lion's Claw;65820
112011;Ash of War: Stamp (Upward Cut);65821
112012;Ash of War: Stamp (Sweep);65822
112013;Ash of War: Wild Strikes;65823
112014;Ash of War: Earthshaker;65824
112015;Ash of War: Kick;65825
112016;Ash of War: Ground Slam;65826
112017;Ash of War: Hoarah Loux's Earthshaker;65827
112018;Ash of War: Barbaric Roar;65828
112019;Ash of War: War Cry;65829
112020;Ash of War: Troll's Roar;65830
112021;Ash of War: Braggart's Roar;65831
112022;Ash of War: Endure;65832
112023;Ash of War: Charge Forth;65833
112024;Ash of War: Square Off;65834
112025;Ash of War: Giant Hunt;65835
112026;Ash of War: Spinning Strikes;65836
112027;Ash of War: Storm Assault;65837
112028;Ash of War: Stormcaller;65838
112029;Ash of War: Storm Blade;65839
112030;Ash of War: Vacuum Slice;65840
112031;Ash of War: Storm Stomp;65841
112032;Ash of War: Determination;65842
112033;Ash of War: Royal Knight's Resolve;65843
112034;Ash of War: Prelate's Charge;65844
112035;Ash of War: Eruption;65845
112036;Ash of War: Flaming Strike;65846
112037;Ash of War: Black Flame Tornado;65847
112038;Ash of War: Flame of the Redmanes;65848
112039;Ash of War: Thunderbolt;65849
112040;Ash of War: Lightning Slash;65850
112041;Ash of War: Lightning Ram;65851
112042;Ash of War: Loretta's Slash;65852
112043;Ash of War: Spinning Weapon;65853
112044;Ash of War: Glintblade Phalanx;65854
112045;Ash of War: Glintstone Pebble;65855
112046;Ash of War: Gravitas;65856
112047;Ash of War: Carian Grandeur;65857
112048;Ash of War: Carian Greatsword;65858
112049;Ash of War: Waves of Darkness;65859
112050;Ash of War: Cragblade;65860
112051;Ash of War: Sacred Blade;65861
112052;Ash of War: Prayerful Strike;65862
112053;Ash of War: Golden Land;65863
112054;Ash of War: Sacred Ring of Light;65864
112055;Ash of War: Golden Slam;65865
112056;Ash of War: Golden Vow;65866
112057;Ash of War: Sacred Order;65867
112058;Ash of War: Shared Order;65868
112059;Ash of War: Beast's Roar;65869
112060;Ash of War: Phantom Slash;65870
112061;Ash of War: Spectral Lance;65871
112062;Ash of War: Raptor of the Mists;65872
112063;Ash of War: White Shadow's Lure;65873
112064;Ash of War: Poison Moth Flight;65874
112065;Ash of War: Poisonous Mist;65875
112066;Ash of War: Blood Tax;65876
112067;Ash of War: Bloody Slash;65877
112068;Ash of War: Lifesteal Fist;65878
112069;Ash of War: Blood Blade;65879
112070;Ash of War: Assassin's Gambit;65880
112071;Ash of War: Seppuku;65881
112072;Ash of War: Ice Spear;65882
112073;Ash of War: Chilling Mist;65883
112074;Ash of War: Hoarfrost Stomp;65884
112075;Ash of War: No Skill;65885
112076;Ash of War: Shield Bash;65886
112077;Ash of War: Shield Crash;65887
112078;Ash of War: Barricade Shield;65888
112079;Ash of War: Parry;65889
112080;Ash of War: Carian Retaliation;65890
112081;Ash of War: Storm Wall;65891
112082;Ash of War: Golden Parry;65892
112083;Ash of War: Thops's Barrier;65893
112084;Ash of War: Holy Ground;65894
112085;Ash of War: Vow of the Indomitable;65895
112086;Ash of War: Barrage;65896
112087;Ash of War: Mighty Shot;65897
112088;Ash of War: Sky Shot;65898
112089;Ash of War: Through and Through;65899
112090;Ash of War: Enchanted Shot;65900
112091;Ash of War: Rain of Arrows;65901
600000;Dagger;0
600001;Longsword;0
600002;Short Spear;0
600003;Mace;0
600004;Longbow;0
600005;Falchion;0
600006;Hand Axe;0
600007;Buckler;0
600008;Round Shield;0
600009;Blue Cloth Cowl;0
600010;Blue Cloth Vest;0
600011;Warrior Gauntlets;0
600012;Warrior Greaves;0
600013;Lone Wolf Ashes;0
600014;Cracked Pot;0
600015;;0
600016;Arrow;0
600017;String;0
600018;Note: Imp Shades;0
600019;Note: Flask of Wondrous Physick;0
600020;;0
600021;Miranda Powder;0
600022;;0
900000;[Incantation] Dragonfire;0
900001;[Incantation] Agheel's Flame;0
900002;[Incantation] Magma Breath;0
900003;[Incantation] Dragonice;0
900004;[Incantation] Rotten Breath;0
900010;[Incantation] Dragonfire;0
900011;[Incantation] Agheel's Flame;0
900012;[Incantation] Magma Breath;0
900013;[Incantation] Dragonice;0
900014;[Incantation] Rotten Breath;0
900020;[Incantation] Dragonfire;0
900021;[Incantation] Agheel's Flame;0
900022;[Incantation] Magma Breath;0
900023;[Incantation] Dragonice;0
900024;[Incantation] Rotten Breath;0
900030;[Incantation] Dragonfire;0
900031;[Incantation] Agheel's Flame;0
900032;[Incantation] Magma Breath;0
900033;[Incantation] Dragonice;0
900034;[Incantation] Rotten Breath;0
1600101;Dagger;99019775
1600102;Longsword;99019775
1600103;Short Spear;99019775
1600104;Mace;99019775
1600105;Longbow;99019775
1600106;Falchion;99019775
1600107;Hand Axe;99019775
1600108;Buckler;99019775
1600109;Round Shield;99019775
1600110;Blue Cloth Cowl;99019775
1600111;Blue Cloth Vest;99019775
1600112;Warrior Gauntlets;99019775
1600113;Warrior Greaves;99019775
1600114;;99019775
1600115;Cracked Pot;99019775
1600116;;99019775
1600117;Arrow;99019775
1600118;String;99019775
1600119;Note: Imp Shades;99019775
1600120;Note: Flask of Wondrous Physick;99019775
1600121;;99019775
1600122;Miranda Powder;99019775
1600123;;99019775
1600401;Glintstone Staff;99019780
1600402;Finger Seal;99019780
1600403;Clawmark Seal;99019780
1600404;[Sorcery] Glintstone Pebble;99019780
1600405;[Sorcery] Stars of Ruin;99019780
1600406;;99019780
1600407;[Incantation] Flame;99019780
1600408;[Incantation] Frenzied Burst;99019780
1600409;Carian Knight Helm;99019780
1600410;Carian Knight Armor (Altered);99019780
1600411;Carian Knight Gauntlets;99019780
1600412;Carian Knight Greaves;99019780
1600413;Champion Headband;99019780
1600414;Champion Pauldron;99019780
1600415;Champion Bracers;99019780
1600416;Champion Gaiters;99019780
1600417;Crimson Amber Medallion;99019780
1600418;Axe Talisman;99019780
1600419;Fire Arrow;99019780
1600420;Note: Stonedigger Trolls;99019780
9000000;Forked Greatsword;0
9000001;Iron Greatsword;0
9000002;Lordsworn's Greatsword;0
9000003;Knight's Greatsword;0
9000004;Ordovis's Greatsword;0
9001000;Omen Helm;0
9001001;Omen Armor;0
9001002;Omen Gauntlets;0
9001003;Omen Greaves;0
9001004;;0
