Row ID;Row Name;SpEffect 4
1200020;;7060
1200030;;7080
1200041;;7080
10006050;;7120
20108562;Baleful Shadow;7110
20109010;Blaidd the Half-Wolf;7010
20109020;Blaidd the Half-Wolf;7060
20109040;Blaidd the Half-Wolf;7070
20109064;Blaidd the Half-Wolf;7060
20109110;Blaidd the Half-Wolf;7010
20109120;Blaidd the Half-Wolf;7110
20109140;Blaidd the Half-Wolf;13941
20109210;Blaidd the Half-Wolf;7090
20109240;Blaidd the Half-Wolf;7070
20109310;Blaidd the Half-Wolf;7010
20109410;Blaidd the Half-Wolf;7010
20300024;Rennala, Queen of the Full Moon;7070
20300124;Rennala, Queen of the Full Moon;7070
20310024;Rennala, Queen of the Full Moon;7070
20310124;Rennala, Queen of the Full Moon;7070
20400024;Rennala Student;7070
20401024;Rennala Student;7070
20402024;Rennala Student;7070
20402124;Rennala Student;7070
20402224;Rennala Student;7070
20403024;Rennala Student;7070
20404024;Rennala Student;7070
20410040;Rennala Student - Bug Form;7070
20410056;Rennala Student - Bug Form;7190
20500010;Rennai the Witch;7010
20500020;Ranni the Witch;7060
20500122;Ranni the Witch;7130
20500178;Ranni the Witch;7160
20501022;Ranni the Witch;7130
20501122;Ranni the Witch;7130
21000034;Black Knife Assassin;7100
21000052;Black Knife Assassin;7160
21000735;Black Knife Assassin;7130
21000820;Black Knife Assassin;7060
21000830;Black Knife Assassin;7100
21000930;Black Knife Assassin;7080
21001010;Black Knife Assassin;7010
21002922;Black Knife Assassin;7150
21009020;Black Knife Assassin;7060
21100072;Beast Clergyman;7150
21101072;Beast Clergyman;7150
21109042;Gurranq, Beast Clergyman;7150
21200056;Malenia, Blade of Miquella;7200
21202056;Malenia, Blade of Miquella;7200
21203056;Malenia, Blade of Miquella;7200
21300014;Morgott;7030
21300033;Morgott;7090
21300534;Morgott;7110
21310034;Morgott - Dead;7100
21400012;Omen Monstrosity;7020
21400030;Omen Monstrosity;7080
21400034;Omen Monstrosity;7100
21400035;Omen Monstrosity;7130
21400090;Omen Monstrosity;7010
21400114;Omen Monstrosity;7030
21400120;Omen Monstrosity;7060
21400130;Omen Monstrosity;7080
21400135;Omen Monstrosity;7130
21400235;Omen Monstrosity;7130
21400335;Omen Monstrosity;7130
21400435;Omen Monstrosity;7130
21400633;Omen Monstrosity;7090
21400930;Omen Monstrosity;7080
21401030;Omen Monstrosity;7080
21401035;Omen Monstrosity;7130
21401120;Omen Monstrosity;7060
21401130;Omen Monstrosity;7080
21401135;Omen Monstrosity;7130
21401235;Omen Monstrosity;7130
21401335;Omen Monstrosity;7130
21401435;Omen Monstrosity;7130
21401930;Omen Monstrosity;7080
21403050;Omen Monstrosity;7120
21403150;Omen Monstrosity;7120
21500052;;7160
21500064;;7060
21500352;;7160
21500452;;7160
21500552;;7160
21500652;;7160
21601010;Palm Reader - Wooden Chair;7010
21601012;Palm Reader - Wooden Chair;7020
21601020;Palm Reader - Wooden Chair;7060
21601030;Palm Reader - Wooden Chair;7080
21601033;Palm Reader - Wooden Chair;7090
21601040;Palm Reader - Wooden Chair;7070
21601050;Palm Reader - Wooden Chair;7120
21601066;Palm Reader - Wooden Chair;7110
21801034;Melina;7100
21900078;Radagon;7170
21910000;Radagon - Crucified;-1
22000078;Elden Beast;7170
22700010;Giant Crab;7010
22700012;Giant Crab;7020
22700013;Giant Crab;7030
22700030;;7080
22700032;Giant Crab;7090
22700033;Giant Crab;7090
22700064;Giant Crab;7060
22700210;Giant Crab;7010
22710010;Crab;7010
22710012;Crab;7020
22710013;Crab;7030
22710030;Crab;7080
22710032;Crab;7090
22710033;Crab;7090
22710040;Crab;7070
22710060;Crab;7050
22710064;Crab;7060
22710065;Crab;7090
22720020;Giant Crab - Damaged;7060
22720112;Giant Crab - Damaged;7020
22730020;Crab - Maggots;7060
22740020;Giant Crab - Clean;7060
22740021;Giant Crab - Clean;7060
22740024;Giant Crab - Clean;7060
22740052;Giant Crab - Clean;7160
22740120;Giant Crab - Clean;7060
22750020;Crab - Clean;7060
22750024;Crab - Clean;7060
22750052;Crab - Clean;7160
22750120;Crab - Clean;7060
22751024;Crab - Clean;7060
22760020;Giant Crab - Golden Tuffs;7060
22760033;Giant Crab - Golden Tuffs;7090
22770020;Crab - Golden Tuffs;7060
22770033;Crab - Golden Tuffs;7090
25000010;Crucible Knight;7030
25000014;Crucible Knight;7030
25000030;Crucible Knight;7080
25000034;Crucible Knight;7100
25000042;Crucible Knight;7150
25000065;Crucible Knight;7090
25000165;Crucible Knight;7090
25000172;Crucible Knight;7140
25000865;Crucible Knight;7090
25000933;Crucible Knight;7090
25000941;Crucible Knight;7080
25001034;Crucible Knight;7100
25001065;Crucible Knight;7090
25001066;Crucible Knight;7130
25001134;Crucible Knight;7100
25001165;Crucible Knight;7090
25001933;Crucible Knight;7090
25006020;Crucible Knight;7060
25006120;Crucible Knight;7060
25007020;Crucible Knight;7060
25007120;Crucible Knight;7060
25009038;Crucible Knight;7110
25009138;Crucible Knight;7110
30000006;Castle Exile;7000
30000014;Castle Exile;7030
30000034;Castle Exile;7100
30000106;Castle Exile;7000
30000114;Castle Exile;7030
30000134;Castle Exile;7100
30000214;Castle Exile;7030
30000600;Castle Exile;7030
30000614;Castle Exile;7030
30000714;Castle Exile;7030
30000814;Castle Exile;7030
30000834;Castle Exile;7100
30001014;Castle Exile;7030
30001034;Castle Exile;7100
30001114;Castle Exile;7030
30001214;Castle Exile;7030
30001314;Castle Exile;7030
30002014;Castle Exile;7030
30002034;Castle Exile;7100
30003014;Castle Exile;7030
30003034;Castle Exile;7100
30003214;Castle Exile;7030
30003514;Castle Exile;7030
30004007;Castle Exile;7060
30004051;Castle Exile;7130
30004107;Castle Exile;7060
30004151;Castle Exile;7130
30004251;Castle Exile;7130
30004351;Castle Exile;7130
30005007;Castle Exile;7060
30005051;Castle Exile;7130
30006051;Castle Exile;7130
30007051;Castle Exile;7130
30008040;Castle Exile;7090
30100014;Banished Knight;7030
30100034;Banished Knight;7100
30100114;Banished Knight;7030
30100134;Banished Knight;7100
30100140;Banished Knight;7070
30100172;Banished Knight;7140
30100234;Banished Knight;7100
30100451;Banished Knight;7130
30100507;Banished Knight;7060
30100651;Banished Knight;7130
30100814;Banished Knight;7030
30101034;Banished Knight;7100
30101134;Banished Knight;7100
30101140;Banished Knight;7070
30101172;Banished Knight;7140
30101234;Banished Knight;7100
30101451;Banished Knight;7130
30101651;Banished Knight;7130
30102014;Banished Knight;7030
30102034;Banished Knight;7100
30102134;Banished Knight;7100
30102172;Banished Knight;7140
30102234;Banished Knight;7100
30102451;Banished Knight;7130
30102507;Banished Knight;7060
30102651;Banished Knight;7130
30106051;Banished Knight;7130
30107051;Banished Knight;7130
30200014;Large Castle Exile;7030
30200034;Large Castle Exile;7100
30200151;Large Castle Exile;7130
30208040;Large Castle Exile;7090
30500051;Commander;7130
30500140;Commander;7090
30600020;Undead Mariner;7060
30600030;Undead Mariner;7080
30600040;Undead Mariner;7070
30600050;Undead Mariner;7120
30601020;Undead Mariner;7060
30601030;Undead Mariner;7080
30601040;Undead Mariner;7070
30601050;Undead Mariner;7120
30610072;Undead Azula Beastman;7140
30611072;Undead Azula Beastman;7140
30700030;Dominula Celebrant;7080
30700032;Dominula Celebrant;7090
30701030;Dominula Celebrant;7080
30701032;Dominula Celebrant;7090
30702030;Dominula Celebrant;7080
30703030;Dominula Celebrant;7080
30704030;Dominula Celebrant;7080
30800007;Imp;7060
30800010;Imp;7010
30800012;Imp;7020
30800020;Imp;7060
30800030;Imp;7080
30800032;Imp;7090
30800033;Imp;7090
30800034;Imp;7100
30800035;Imp;7130
30800040;Imp;7070
30800042;Imp;7150
30800050;Imp;7120
30800052;Imp;7160
30800110;Imp;7010
30800830;Imp;7080
30800852;Imp;7160
30800912;Imp;7020
30801010;Imp;7010
30801012;Imp;7020
30801020;Imp;7060
30801032;Imp;7090
30801033;Imp;7090
30801034;Imp;7100
30801035;Imp;7130
30801040;Imp;7070
30801042;Imp;7150
30801120;Imp;7060
30801133;Imp;7090
30801150;Imp;7120
30801232;Imp;7090
30801233;Imp;7090
30802010;Imp;7010
30802012;Imp;7020
30802030;Imp;7080
30802032;Imp;7090
30802033;Imp;7090
30802034;Imp;7100
30802035;Imp;7130
30806007;Imp;7060
30806012;Imp;7020
30806020;Imp;7060
30806030;Imp;7080
30806032;Imp;7090
30806033;Imp;7090
30806034;Imp;7100
30806035;Imp;7130
30806040;Imp;7070
30806042;Imp;7150
30806050;Imp;7120
30806052;Imp;7160
31000010;Elemer of the Briar;7030
31000020;Elemer of the Briar;7080
31000033;Elemer of the Briar;7110
31000042;Elemer of the Briar;7170
31000931;Elemer of the Briar;7090
31500010;Night's Cavalry;7030
31500020;Night's Cavalry;7080
31500032;Night's Cavalry;7090
31500040;Night's Cavalry;7090
31500042;Night's Cavalry;7170
31500050;Night's Cavalry;7140
31500052;Night's Cavalry;7180
31501012;Night's Cavalry;7040
31501030;Night's Cavalry;7100
31501040;Night's Cavalry;7090
31501052;Night's Cavalry;7180
31600010;Night's Cavalry Horse;7030
31600012;Night's Cavalry Horse;7040
31600020;Night's Cavalry Horse;7080
31600030;Night's Cavalry Horse;7100
31600032;Night's Cavalry Horse;7090
31600040;Night's Cavalry Horse;7090
31600042;Night's Cavalry Horse;7170
31600050;Night's Cavalry Horse;7140
31600052;Night's Cavalry Horse;7180
31700052;Albinauric Archer;7160
31701052;Albinauric Archer;7160
31709020;Albinauric Archer;7060
31709052;Albinauric Archer;7160
31710052;Giant Albinauric Archer;7160
31800020;Dog;7060
31800021;Dog;7060
31800052;Dog;7160
31809020;Dog;7060
31810020;Red Wolf of Radagon;7060
31810022;Red Wolf of Radagon;7130
31810052;Red Wolf of Radagon;7160
31810065;Red Wolf of Radagon;7090
31811024;Red Wolf of Radagon;7060
31811032;Red Wolf of Radagon;7090
31811052;Red Wolf of Radagon;7160
32000010;Nomad Trader - Merchant Kalé;7010
32000012;Nomad Trader - Merchant Kalé;7020
32000020;Nomad Trader - Merchant Kalé;7060
32000030;Nomad Trader - Merchant Kalé;7080
32000032;Nomad Trader - Merchant Kalé;7090
32000034;Nomad Trader - Merchant Kalé;7100
32000035;Nomad Trader - Merchant Kalé;7130
32000110;Nomad Trader - Merchant Kalé;7010
32000120;Nomad Trader - Merchant Kalé;7060
32000134;Nomad Trader - Merchant Kalé;7100
32000135;Nomad Trader - Merchant Kalé;7130
32000210;Nomad Trader - Merchant Kalé;7010
32000220;Nomad Trader - Merchant Kalé;7060
32000234;Nomad Trader - Merchant Kalé;7100
32001010;Nomad Trader - Merchant Kalé;7010
32001110;Nomad Trader - Nomadic Merchant;7010
32001210;Nomad Trader - Nomadic Merchant;7010
32001310;Nomad Trader - Nomadic Merchant;7010
32001412;Nomad Trader - Nomadic Merchant;7020
32001520;Nomad Trader - Nomadic Merchant;7060
32001612;Nomad Trader - Isolated Merchant;7020
32001720;Nomad Trader - Isolated Merchant;7060
32001820;Nomad Trader - Nomadic Merchant;7060
32001933;Nomad Trader - Hermit Merchant;7090
32002030;Nomad Trader - Nomadic Merchant;7080
32002132;Nomad Trader - Nomadic Merchant;7090
32002240;Nomad Trader - Nomadic Merchant;7070
32002340;Nomad Trader - Nomadic Merchant;7070
32002542;Nomad Trader - Isolated Merchant;7150
32002650;Nomad Trader - Hermit Merchant;7120
32002764;Nomad Trader - Abandoned Merchant;7060
32002860;Nomad Trader - Hermit Merchant;7050
32002968;Nomad Trader - Imprisoned Merchant;7170
32003010;Nomad Trader - Nomadic Merchant;7010
32008010;Nomad Trader;7010
32009210;Nomad Trader;7010
32010035;Nomad Trader;7130
32020035;Nomad Trader;7130
32100010;Nomad Mule;7010
32100012;Nomad Mule;7020
32100030;Nomad Mule;7080
32100032;Nomad Mule;7090
32100210;Nomad Mule;7010
32101010;Nomad Mule;7010
32101110;Nomad Mule;7010
32101210;Nomad Mule;7010
32101310;Nomad Mule;7010
32101412;Nomad Mule;7020
32101520;Nomad Mule;7060
32101612;Nomad Mule;7020
32101720;Nomad Mule;7060
32101820;Nomad Mule;7060
32101933;Nomad Mule;7090
32102030;Nomad Mule;7080
32102132;Nomad Mule;7090
32102240;Nomad Mule;7070
32102340;Nomad Mule;7070
32102542;Nomad Mule;7150
32102650;Nomad Mule;7120
32102764;Nomad Mule;7060
32102860;Nomad Mule;7050
32102968;Nomad Mule;7170
32103010;Nomad Mule;7010
32109200;Nomad Mule;7010
32109810;Nomad Mule;7010
32500033;Draconic Tree Sentinel;7110
32500070;Draconic Tree Sentinel;7150
32500072;Draconic Tree Sentinel;7140
32510010;Tree Sentinel;7030
32510030;Tree Sentinel;7100
32510034;Tree Sentinel;7100
32510070;Tree Sentinel;7150
32511030;Tree Sentinel;7100
32520054;Fallen Tree Sentinel;7180
32520921;Fallen Tree Sentinel;7060
33000062;Nox Swordstress;7110
33000820;Nox Swordstress;7060
33000940;Nox Swordstress;7070
33001062;Nox Swordstress;7110
33001065;Nox Swordstress;7090
33001940;Nox Swordstress;7070
33002062;Nox Swordstress;7110
33002065;Nox Swordstress;7090
33200062;Silver Tear;7110
33200162;Silver Tear;7110
33200262;Silver Tear;7110
33200265;Silver Tear;7090
33201052;Silver Tear;7160
33201062;Silver Tear;7110
33201065;Silver Tear;7090
33201165;Silver Tear;7090
33202062;Silver Tear;7110
33202262;Silver Tear;7110
33209010;Silver Tear;7010
33300040;Silver Tear Orb;7070
33300042;Silver Tear Orb;7150
33300062;Silver Tear Orb;7110
33300065;Silver Tear Orb;7090
33300162;Silver Tear Orb;7110
33300262;Silver Tear Orb;7110
33300662;Silver Tear Orb;7110
33300665;Silver Tear Orb;7090
33300762;Silver Tear Orb;7110
33300862;Silver Tear Orb;7110
33500022;Crystalian;7130
33500154;Crystalian;7180
33500556;Crystalian;7190
33500920;Crystalian;7060
33500930;Crystalian;7080
33500940;Crystalian;7070
33501020;Crystalian;7060
33501022;Crystalian;7130
33501154;Crystalian;7180
33501556;Crystalian;7190
33501920;Crystalian;7060
33501930;Crystalian;7080
33501940;Crystalian;7070
33502154;Crystalian;7180
33502556;Crystalian;7190
33502920;Crystalian;7060
33502940;Crystalian;7070
33600020;Ancestral Follower;7060
33600062;Ancestral Follower;7110
33600064;Ancestral Follower;7060
33600065;Ancestral Follower;7090
33600264;Ancestral Follower;7060
33600265;Ancestral Follower;7090
33600520;Ancestral Follower;7060
33600564;Ancestral Follower;7060
33600565;Ancestral Follower;7090
33600764;Ancestral Follower;7060
33600765;Ancestral Follower;7090
33601064;Ancestral Follower;7060
33601065;Ancestral Follower;7090
33601264;Ancestral Follower;7060
33601265;Ancestral Follower;7090
33601365;Ancestral Follower;7090
33602064;Ancestral Follower;7060
33602065;Ancestral Follower;7090
33602264;Ancestral Follower;7060
33602265;Ancestral Follower;7090
33602352;Ancestral Follower;7180
33602365;Ancestral Follower;7090
33605064;Ancestral Follower;7060
33605264;Ancestral Follower;7060
33605564;Ancestral Follower;7060
33605764;Ancestral Follower;7060
33606064;Ancestral Follower;7060
33606264;Ancestral Follower;7060
33607064;Ancestral Follower;7060
33607264;Ancestral Follower;7060
33610062;Undead Ancestral Follower;7110
33610562;Undead Ancestral Follower;7110
33611062;Undead Ancestral Follower;7110
33612062;Undead Ancestral Follower;7110
33700052;Ancestral Follower Shaman;7180
33700064;Ancestral Follower Shaman;7060
33700065;Ancestral Follower Shaman;7090
33700265;Ancestral Follower Shaman;7060
33700865;Ancestral Follower Shaman;7060
33710062;Undead Ancestral Follower Shaman;7110
34000030;Grave Warden Duelist;7080
34000034;Grave Warden Duelist;7100
34000040;Grave Warden Duelist;7070
34000252;Grave Warden Duelist;7160
34000254;Grave Warden Duelist;7180
34000256;Grave Warden Duelist;7190
34000852;Grave Warden Duelist;7160
34000940;Grave Warden Duelist;7070
34000952;Grave Warden Duelist;7160
34001034;Grave Warden Duelist;7100
34001110;Grave Warden Duelist;7010
34001133;Grave Warden Duelist;7090
34001252;Grave Warden Duelist;7160
34001254;Grave Warden Duelist;7180
34001256;Grave Warden Duelist;7190
34001852;Grave Warden Duelist;7160
34500012;Misbegotten;7020
34500013;Misbegotten;7030
34500030;Misbegotten;7080
34500034;Misbegotten;7100
34500054;Misbegotten;7180
34501012;Misbegotten;7020
34501013;Misbegotten;7030
34501020;Misbegotten;7060
34501030;Misbegotten;7080
34501034;Misbegotten;7100
34501052;Misbegotten;7160
34501054;Misbegotten;7180
34501354;Misbegotten;7180
34502012;Misbegotten;7020
34502030;Misbegotten;7080
34502054;Misbegotten;7180
34502354;Misbegotten;7180
34510012;Misbegotten;7020
34510013;Misbegotten;7030
34510030;Misbegotten;7080
34510034;Misbegotten;7100
34510052;Misbegotten;7160
34510054;Misbegotten;7180
34510354;Misbegotten;7180
34510912;Misbegotten;7020
34519020;Misbegotten;7060
34600012;Leonine Misbegotten;7020
34600034;Leonine Misbegotten;7100
34600054;Leonine Misbegotten;7180
34600354;Leonine Misbegotten;7180
34600913;Leonine Misbegotten;7030
34600930;Leonine Misbegotten;7080
34600941;Leonine Misbegotten;7080
34601952;Leonine Misbegotten;7160
34700020;Albinauric;7060
34700120;Albinauric;7060
34700268;Albinauric;7170
34700352;Albinauric;7160
34700452;Albinauric;7160
34701020;Albinauric;7060
34701120;Albinauric;7060
34701468;Albinauric;7170
34701552;Albinauric;7160
34701652;Albinauric;7160
34702120;Albinauric;7060
34702320;Albinauric;7060
34702468;Albinauric;7170
34702552;Albinauric;7160
34703020;Albinauric;7060
34703068;Albinauric;7170
34703252;Albinauric;7160
34704020;Albinauric;7060
34704120;Albinauric;7060
34704268;Albinauric;7170
34704352;Albinauric;7160
34715120;Albinauric;7060
34715268;Albinauric;7170
34715352;Albinauric;7160
35000010;Skeleton (Curved Sword);7010
35000012;Skeleton (Curved Sword);7020
35000014;Skeleton (Curved Sword);7030
35000020;Skeleton (Curved Sword);7060
35000030;Skeleton (Curved Sword);7080
35000032;Skeleton (Curved Sword);7090
35000034;Skeleton (Curved Sword);7130
35000040;Skeleton (Curved Sword);7070
35000050;Skeleton (Curved Sword);7120
35000172;Skeleton (Curved Sword);7140
35000330;Skeleton (Curved Sword);7080
35000733;Skeleton (Curved Sword);7090
35001010;Skeleton (Curved Sword);7010
35001012;Skeleton (Curved Sword);7020
35001014;Skeleton (Curved Sword);7030
35001030;Skeleton (Curved Sword);7080
35001032;Skeleton (Curved Sword);7090
35001040;Skeleton (Curved Sword);7070
35001050;Skeleton (Curved Sword);7120
35001172;Skeleton (Curved Sword);7140
35001733;Skeleton (Curved Sword);7090
35002010;Skeleton (Curved Sword);7010
35002012;Skeleton (Curved Sword);7020
35002020;Skeleton (Curved Sword);7060
35002032;Skeleton (Curved Sword);7090
35002040;Skeleton (Curved Sword);7070
35002050;Skeleton (Curved Sword);7120
35002172;Skeleton (Curved Sword);7140
35002733;Skeleton (Curved Sword);7090
35003010;Skeleton (Curved Sword);7010
35003012;Skeleton (Curved Sword);7020
35003014;Skeleton (Curved Sword);7030
35003032;Skeleton (Curved Sword);7090
35003040;Skeleton (Curved Sword);7070
35003050;Skeleton (Curved Sword);7120
35003172;Skeleton (Curved Sword);7140
35003733;Skeleton (Curved Sword);7090
35004010;Skeleton (Curved Sword);7010
35004012;Skeleton (Curved Sword);7020
35004020;Skeleton (Curved Sword);7060
35004030;Skeleton (Curved Sword);7080
35004032;Skeleton (Curved Sword);7090
35004040;Skeleton (Curved Sword);7070
35004050;Skeleton (Curved Sword);7120
35004172;Skeleton (Curved Sword);7140
35004733;Skeleton (Curved Sword);7090
35005010;Skeleton (Curved Sword);7010
35005020;Skeleton (Curved Sword);7060
35005032;Skeleton (Curved Sword);7090
35006010;Skeleton (Curved Sword);7010
35006032;Skeleton (Curved Sword);7090
35007010;Skeleton (Curved Sword);7010
35007020;Skeleton (Curved Sword);7060
35007032;Skeleton (Curved Sword);7090
35008010;Skeleton (Curved Sword);7010
35008020;Skeleton (Curved Sword);7060
35008032;Skeleton (Curved Sword);7090
35009010;Skeleton (Curved Sword);7010
35009032;Skeleton (Curved Sword);7090
35100006;Skeleton (Scimitar);7000
35100010;Skeleton (Scimitar);7010
35100012;Skeleton (Scimitar);7020
35100020;Skeleton (Scimitar);7060
35100032;Skeleton (Scimitar);7090
35100033;Skeleton (Scimitar);7090
35100040;Skeleton (Scimitar);7070
35100110;Skeleton (Scimitar);7010
35100112;Skeleton (Scimitar);7020
35100120;Skeleton (Scimitar);7060
35100132;Skeleton (Scimitar);7090
35100133;Skeleton (Scimitar);7090
35100210;Skeleton (Scimitar);7010
35100920;Skeleton (Scimitar);7060
35101006;Skeleton (Scimitar);7000
35101010;Skeleton (Scimitar);7010
35101012;Skeleton (Scimitar);7020
35101020;Skeleton (Scimitar);7060
35101032;Skeleton (Scimitar);7090
35101033;Skeleton (Scimitar);7090
35101040;Skeleton (Scimitar);7070
35101110;Skeleton (Scimitar);7010
35101112;Skeleton (Scimitar);7020
35101140;Skeleton (Scimitar);7070
35101920;Skeleton (Scimitar);7060
35102006;Skeleton (Scimitar);7000
35102010;Skeleton (Scimitar);7010
35102012;Skeleton (Scimitar);7020
35102020;Skeleton (Scimitar);7060
35102032;Skeleton (Scimitar);7090
35102033;Skeleton (Scimitar);7090
35102040;Skeleton (Scimitar);7070
35102920;Skeleton (Scimitar);7060
35103010;Skeleton (Scimitar);7010
35103012;Skeleton (Scimitar);7020
35103020;Skeleton (Scimitar);7060
35103106;Skeleton (Scimitar);7000
35103110;Skeleton (Scimitar);7010
35104006;Skeleton (Scimitar);7000
35104010;Skeleton (Scimitar);7010
35104012;Skeleton (Scimitar);7020
35104032;Skeleton (Scimitar);7090
35104110;Skeleton (Scimitar);7010
35500020;Sanguine Noble;7060
35500030;Sanguine Noble;7080
35500050;Sanguine Noble;7120
35500068;Sanguine Noble;7170
35500930;Sanguine Noble;7080
35600030;Godskin Apostle;7100
35600040;Godskin Apostle;7070
35600042;Godskin Apostle;7150
35600172;Godskin Apostle;7140
35600950;Godskin Apostle;7120
35600972;Godskin Apostle;7140
35700028;Godskin Noble;7100
35700038;Godskin Noble;7110
35700172;Godskin Noble;7140
35700950;Godskin Noble;7120
36000010;Alabaster Lord;7010
36000012;Alabaster Lord;7020
36000024;Alabaster Lord;7060
36000052;Alabaster Lord;7160
36000062;Alabaster Lord;7110
36001052;Alabaster Lord;7160
36001920;Alabaster Lord;7080
36001933;Alabaster Lord;7090
36100034;Oracle Envoy;7100
36100054;Oracle Envoy;7180
36200034;Large Oracle Envoy;7100
36200054;Large Oracle Envoy;7180
36300054;Giant Oracle Envoy;7180
36500012;Erdtree Guardian;7020
36500020;Erdtree Guardian;7060
36500030;Erdtree Guardian;7080
36500033;Erdtree Guardian;7090
36500034;Erdtree Guardian;7100
36501033;Erdtree Guardian;7090
36501034;Erdtree Guardian;7100
36501833;Erdtree Guardian;7090
36502040;Erdtree Guardian;7070
36502042;Erdtree Guardian;7150
36502052;Erdtree Guardian;7160
36600014;Commoner;7030
36600020;Commoner;7060
36600030;Commoner;7080
36600034;Commoner;7100
36600035;Commoner;7130
36600041;Commoner;7080
36600070;Commoner;7150
36600110;Commoner;7010
36600114;Commoner;7030
36600612;Commoner;7020
36600620;Commoner;7060
36600652;Commoner;7160
36600733;Commoner;7090
36600838;Commoner;7110
36601030;Commoner;7080
36601070;Commoner;7150
36601212;Commoner;7020
36601220;Commoner;7060
36601252;Commoner;7160
36601333;Commoner;7090
36601438;Commoner;7110
36602070;Commoner;7150
36602152;Commoner;7160
36602233;Commoner;7090
36602338;Commoner;7110
36603010;Commoner;7010
36603020;Commoner;7060
36603110;Commoner;7010
36608033;Commoner;7090
36609006;Commoner;7000
36609010;Commoner;7010
36609012;Commoner;7020
36609020;Commoner;7060
36609022;Commoner;7130
36609040;Commoner;7070
36609052;Commoner;7160
36609114;Commoner;7030
36609120;Commoner;7060
36609130;Commoner;7080
36609140;Commoner;7070
36609142;Commoner;7150
36609152;Commoner;7160
36609162;Commoner;7110
36609165;Commoner;7090
36609170;Commoner;7150
36609510;Commoner;7010
36609520;Commoner;7060
36610012;Putrid Corpse;7020
36610030;Putrid Corpse;7080
36610032;Putrid Corpse;7090
36610033;Putrid Corpse;7090
36610034;Putrid Corpse;7100
36610035;Putrid Corpse;7130
36610040;Putrid Corpse;7070
36610054;Putrid Corpse;7180
36610140;Putrid Corpse;7070
36610812;Putrid Corpse;7020
36610820;Putrid Corpse;7060
36611012;Putrid Corpse;7020
36611030;Putrid Corpse;7080
36611031;Putrid Corpse;7090
36611035;Putrid Corpse;7130
36612030;Putrid Corpse;7080
36612032;Putrid Corpse;7090
36612035;Putrid Corpse;7130
36612040;Putrid Corpse;7070
36612132;Putrid Corpse;7090
36613054;Putrid Corpse;7180
36613154;Putrid Corpse;7180
36613254;Putrid Corpse;7180
36614024;Putrid Corpse;7060
36615068;Putrid Corpse;7170
36616040;Putrid Corpse;7070
36619040;Putrid Corpse;7070
36620012;Scarlet Putrid Corpse;7020
36620034;Scarlet Putrid Corpse;7100
36620040;Scarlet Putrid Corpse;7070
36620054;Scarlet Putrid Corpse;7180
36620140;Scarlet Putrid Corpse;7070
36621031;Scarlet Putrid Corpse;7090
36621035;Scarlet Putrid Corpse;7130
36621140;Scarlet Putrid Corpse;7070
36622040;Scarlet Putrid Corpse;7070
36623054;Scarlet Putrid Corpse;7180
36623154;Scarlet Putrid Corpse;7180
36623254;Scarlet Putrid Corpse;7180
36624024;Scarlet Putrid Corpse;7060
36625068;Scarlet Putrid Corpse;7170
36626040;Scarlet Putrid Corpse;7070
36640012;Cemetery Shade;7020
36640032;Cemetery Shade;7090
36640035;Cemetery Shade;7130
36640040;Cemetery Shade;7070
36640920;Cemetery Shade;7060
36650014;Devious Commoner;7030
36650114;Devious Commoner;7030
36650214;Devious Commoner;7030
36650314;Devious Commoner;7030
36650414;Devious Commoner;7030
36650514;Devious Commoner;7030
36650614;Devious Commoner;7030
36660030;Sunflower Commoner;7080
36660034;Sunflower Commoner;7100
36660050;Sunflower Commoner;7120
36660070;Sunflower Commoner;7150
36700042;Albinauric Lookout;7150
36700120;Albinauric Lookout;7060
36700134;Albinauric Lookout;7100
36701021;Albinauric Lookout;7060
36701038;Albinauric Lookout;7110
36701042;Albinauric Lookout;7150
36701120;Albinauric Lookout;7060
36701121;Albinauric Lookout;7060
36701138;Albinauric Lookout;7110
36702038;Albinauric Lookout;7110
36702051;Albinauric Lookout;7130
36702138;Albinauric Lookout;7110
36702151;Albinauric Lookout;7130
36702238;Albinauric Lookout;7110
36702251;Albinauric Lookout;7130
36703034;Albinauric Lookout;7100
36703038;Albinauric Lookout;7110
36703051;Albinauric Lookout;7130
36704020;Albinauric Lookout;7060
36708020;Albinauric Lookout;7060
36709020;Albinauric Lookout;7060
36709120;Albinauric Lookout;7060
36709920;Albinauric Lookout;7060
37000010;Depraved Perfumer;7010
37000020;Depraved Perfumer;7060
37000030;Depraved Perfumer;7080
37000031;Depraved Perfumer;7090
37000033;Depraved Perfumer;7090
37001030;Depraved Perfumer;7080
37001031;Depraved Perfumer;7090
37010030;White Veil Perfumer;7080
37010033;White Veil Perfumer;7090
37010034;White Veil Perfumer;7100
37010830;White Veil Perfumer;7080
37011030;White Veil Perfumer;7080
37011034;White Veil Perfumer;7100
37011930;White Veil Perfumer;7080
37020020;Raya Lucaria Scholar;7060
37020021;Raya Lucaria Scholar;7060
37020024;Raya Lucaria Scholar;7060
37020032;Raya Lucaria Scholar;7090
37020040;Raya Lucaria Scholar;7070
37021020;Raya Lucaria Scholar;7060
37021024;Raya Lucaria Scholar;7060
37021032;Raya Lucaria Scholar;7090
37021040;Raya Lucaria Scholar;7070
37021140;Raya Lucaria Scholar;7070
37022021;Raya Lucaria Scholar;7060
37022024;Raya Lucaria Scholar;7060
37022040;Raya Lucaria Scholar;7070
37022140;Raya Lucaria Scholar;7070
37023020;Raya Lucaria Scholar;7060
37023024;Raya Lucaria Scholar;7060
37023040;Raya Lucaria Scholar;7070
37023140;Raya Lucaria Scholar;7070
37024024;Raya Lucaria Scholar;7060
37024040;Raya Lucaria Scholar;7070
37030012;Noble's Page;7020
37030021;Noble's Page;7060
37030030;Noble's Page;7080
37030031;Noble's Page;7090
37030032;Noble's Page;7090
37030033;Noble's Page;7090
37030034;Noble's Page;7100
37030041;Noble's Page;7080
37030052;Noble's Page;7160
37031024;Noble's Page;7060
37031034;Noble's Page;7100
37040020;Battlemage;7060
37040040;Battlemage;7070
37040054;Battlemage;7180
37040830;Battlemage;7100
37040940;Battlemage;7090
37100024;Master Azur;7060
37100032;Master Azur;7050
37200040;Master Lusat;7070
37200042;Master Lusat;7150
37300020;Orb of Many Faces;7060
37300040;Orb of Many Faces;7070
37300042;Orb of Many Faces;7150
37300052;Orb of Many Faces;7160
37300112;Orb of Many Faces;7020
37300120;Orb of Many Faces;7060
37300152;Orb of Many Faces;7160
37301024;Orb of Many Faces;7060
37500060;Clayman;7050
37500062;Clayman;7110
37500064;Clayman;7060
37500065;Clayman;7090
37501060;Clayman;7050
37501062;Clayman;7110
37502060;Clayman;7050
37502062;Clayman;7110
37502064;Clayman;7060
37502065;Clayman;7090
38000031;Cleanrot Knight;7090
38000040;Cleanrot Knight;7070
38000042;Cleanrot Knight;7150
38000052;Cleanrot Knight;7160
38000056;Cleanrot Knight;7190
38000142;Cleanrot Knight;7150
38000242;Cleanrot Knight;7150
38000920;Cleanrot Knight;7060
38000940;Cleanrot Knight;7070
38001031;Cleanrot Knight;7090
38001040;Cleanrot Knight;7070
38001042;Cleanrot Knight;7150
38001052;Cleanrot Knight;7160
38001056;Cleanrot Knight;7190
38001142;Cleanrot Knight;7150
38001940;Cleanrot Knight;7070
38100040;Kindred of Rot;7070
38100056;Kindred of Rot;7190
38100062;Kindred of Rot;7110
38100932;Kindred of Rot;7090
38101040;Kindred of Rot;7070
38101056;Kindred of Rot;7190
38102056;Kindred of Rot;7190
38102932;Kindred of Rot;7090
38103040;Kindred of Rot;7070
38103056;Kindred of Rot;7190
38109040;Kindred of Rot;7070
38500012;Marionette;7020
38500020;Marionette;7060
38500024;Marionette;7060
38500032;Marionette;7090
38500040;Marionette;7070
38500050;Marionette;7120
38501012;Marionette;7020
38501020;Marionette;7060
38501024;Marionette;7060
38501032;Marionette;7090
38501040;Marionette;7070
38501050;Marionette;7120
38501140;Marionette;7070
38501240;Marionette;7070
38502012;Marionette;7020
38502020;Marionette;7060
38502024;Marionette;7060
38502032;Marionette;7090
38502040;Marionette;7070
38502050;Marionette;7120
38600020;Avionette;7060
38600030;Avionette;7080
38600032;Avionette;7090
38600040;Avionette;7070
38600050;Avionette;7120
38600132;Avionette;7090
38600140;Avionette;7070
38600150;Avionette;7120
38600532;Avionette;7090
38600540;Avionette;7070
38600550;Avionette;7120
38600632;Avionette;7090
38601024;Avionette;7060
38601032;Avionette;7090
38601040;Avionette;7070
38601050;Avionette;7120
38601132;Avionette;7090
38601140;Avionette;7070
38601532;Avionette;7090
38601540;Avionette;7070
38601550;Avionette;7120
39000020;Fire Monk;7060
39000032;Fire Monk;7090
39000050;Fire Monk;7120
39001032;Fire Monk;7090
39001050;Fire Monk;7160
39010038;Godskin Monk;7110
39011042;Godskin Monk;7150
39100032;Fire Prelate;7090
39100050;Fire Prelate;7120
39100150;Fire Prelate;7120
39100250;Fire Prelate;7120
39101050;Fire Prelate;7120
39101150;Fire Prelate;7120
39500038;Man-Serpent;7110
39501138;Man-Serpent;7110
39502038;Man-Serpent;7110
39503038;Man-Serpent;7110
39504038;Man-Serpent;7110
39509038;Man-Serpent;7110
39509138;Man-Serpent;7110
39700072;Azula Beastman;7140
39700172;Azula Beastman;7140
39700272;Azula Beastman;7140
39700372;Azula Beastman;7140
39700472;Azula Beastman;7140
39701072;Azula Beastman;7140
39701172;Azula Beastman;7140
39701272;Azula Beastman;7140
39701910;Azula Beastman;7010
39701942;Azula Beastman;7150
39702072;Azula Beastman;7140
39702172;Azula Beastman;7140
39702272;Azula Beastman;7140
39702372;Azula Beastman;7140
39702942;Azula Beastman;7150
39703072;Azula Beastman;7140
39703172;Azula Beastman;7140
40000020;Royal Rider;7060
40000022;Royal Rider;7130
40000030;Royal Rider;7080
40000031;Royal Rider;7090
40000035;Royal Rider;7130
40000040;Royal Rider;7070
40000054;Royal Rider;7180
40000120;Royal Rider;7060
40000140;Royal Rider;7070
40000154;Royal Rider;7180
40001020;Royal Rider;7060
40001030;Royal Rider;7080
40001031;Royal Rider;7090
40001054;Royal Rider;7180
40001130;Royal Rider;7080
40200003;Royal Revenant;7030
40200020;Royal Revenant;7060
40200022;Royal Revenant;7130
40200030;Royal Revenant;7080
40200031;Royal Revenant;7090
40200035;Royal Revenant;7130
40200040;Royal Revenant;7070
40200056;Royal Revenant;7190
40200130;Royal Revenant;7080
40200920;Royal Revenant;7060
40208020;Royal Revenant;7060
40208022;Royal Revenant;7130
40208030;Royal Revenant;7080
40208031;Royal Revenant;7090
40208035;Royal Revenant;7130
40208040;Royal Revenant;7070
40208056;Royal Revenant;7190
40208122;Royal Revenant;7130
40208130;Royal Revenant;7080
40208131;Royal Revenant;7090
40208156;Royal Revenant;7190
40208230;Royal Revenant;7080
40208256;Royal Revenant;7190
40208356;Royal Revenant;7190
40208456;Royal Revenant;7190
40400030;Slug;7080
40400031;Slug;7090
40400033;Slug;7090
40400035;Slug;7130
40400040;Slug;7070
40400051;Slug;7130
40401032;Slug;7090
40401038;Slug;7110
40402030;Slug;7080
40403010;Slug;7010
40403020;Slug;7060
40403033;Slug;7090
40403050;Slug;7120
40403052;Slug;7160
40500010;Kaiden Sellsword;7010
40500012;Kaiden Sellsword;7020
40500013;Kaiden Sellsword;7020
40500052;Kaiden Sellsword;7160
40600010;Horse;7010
40600052;Horse;7160
40700010;Grey Wolf;7010
40700012;Grey Wolf;7020
40700013;Grey Wolf;7020
40700020;Grey Wolf;7060
40700030;Grey Wolf;7080
40700032;Grey Wolf;7090
40700033;Grey Wolf;7090
40700036;Grey Wolf;7090
40700042;Grey Wolf;7150
40700051;Grey Wolf;7130
40700052;Grey Wolf;7160
40700065;Grey Wolf;7090
40700110;Grey Wolf;7010
40700112;Grey Wolf;7020
40700152;Grey Wolf;7160
40700165;Grey Wolf;7090
40700550;Grey Wolf;7120
40701010;Grey Wolf;7010
40701012;Grey Wolf;7020
40702010;Grey Wolf;7010
40702012;Grey Wolf;7020
40708024;Grey Wolf;7060
40710010;White Wolf;7010
40710012;White Wolf;7020
40710020;White Wolf;7060
40710022;White Wolf;7130
40710030;White Wolf;7080
40710032;White Wolf;7090
40710033;White Wolf;7090
40710042;White Wolf;7150
40710051;White Wolf;7130
40710052;White Wolf;7160
40710065;White Wolf;7090
40710550;White Wolf;7120
40800010;Rat;7010
40800012;Rat;7020
40800013;Rat;7030
40800014;Rat;7030
40800020;Rat;7060
40800028;Rat;7100
40800030;Rat;7080
40800032;Rat;7090
40800034;Rat;7100
40800035;Rat;7130
40800040;Rat;7070
40800042;Rat;7150
40800050;Rat;7120
40800051;Rat;7130
40800052;Rat;7160
40800054;Rat;7180
40800064;Rat;7060
40800065;Rat;7090
40800134;Rat;7100
40800210;Rat;7010
40800212;Rat;7020
40800312;Rat;7020
40800320;Rat;7060
40800352;Rat;7160
40900010;Giant Rat;7010
40900012;Giant Rat;7020
40900014;Giant Rat;7030
40900020;Giant Rat;7060
40900030;Giant Rat;7080
40900032;Giant Rat;7090
40900034;Giant Rat;7100
40900035;Giant Rat;7130
40900040;Giant Rat;7070
40900042;Giant Rat;7150
40900054;Giant Rat;7180
40900064;Giant Rat;7060
40900210;Giant Rat;7010
40900312;Giant Rat;7020
40900320;Giant Rat;7060
40900352;Giant Rat;7160
41000010;Demi-Human;7010
41000012;Demi-Human;7020
41000020;Demi-Human;7060
41000030;Demi-Human;7080
41000032;Demi-Human;7090
41000040;Demi-Human;7070
41000042;Demi-Human;7150
41000050;Demi-Human;7120
41000212;Demi-Human;7020
41000910;Demi-Human;7010
41001010;Demi-Human;7010
41001012;Demi-Human;7020
41001020;Demi-Human;7060
41001030;Demi-Human;7080
41001032;Demi-Human;7090
41001040;Demi-Human;7070
41001042;Demi-Human;7150
41001050;Demi-Human;7120
41001130;Demi-Human;7080
41001212;Demi-Human;7020
41002010;Demi-Human;7010
41002012;Demi-Human;7020
41002020;Demi-Human;7060
41002030;Demi-Human;7080
41002032;Demi-Human;7090
41002040;Demi-Human;7070
41002042;Demi-Human;7150
41002050;Demi-Human;7120
41002212;Demi-Human;7020
41002910;Demi-Human;7010
41010010;Large Demi-Human;7010
41010012;Large Demi-Human;7020
41010020;Large Demi-Human;7060
41010030;Large Demi-Human;7080
41010032;Large Demi-Human;7090
41010050;Large Demi-Human;7120
41100010;Demi-Human Shaman;7010
41100012;Demi-Human Shaman;7020
41100020;Demi-Human Shaman;7060
41100030;Demi-Human Shaman;7080
41100032;Demi-Human Shaman;7090
41100036;Demi-Human Shaman;7090
41100050;Demi-Human Shaman;7120
41109010;Demi-Human Shaman;7010
41109020;Demi-Human Shaman;7060
41109024;Demi-Human Shaman;7060
41109030;Demi-Human Shaman;7080
41109034;Demi-Human Shaman;7100
41109110;Demi-Human Shaman;7010
41109120;Demi-Human Shaman;7060
41109134;Demi-Human Shaman;7100
41109170;;7100
41200012;Demi-Human Beastman;7020
41200020;Demi-Human Beastman;7060
41200030;Demi-Human Beastman;7080
41200032;Demi-Human Beastman;7090
41200040;Demi-Human Beastman;7070
41200042;Demi-Human Beastman;7150
41200050;Demi-Human Beastman;7120
41200910;Demi-Human Beastman;7010
41300012;Demi-Human Queen;7020
41300032;Demi-Human Queen;7110
41301030;Demi-Human Queen;7080
41301932;Demi-Human Queen;7090
41400035;Snail;7130
41400038;Snail;7110
41400062;Snail;7110
41401034;Snail;7100
41402020;Snail;7060
41402035;Snail;7130
41402050;Snail;7120
41402054;Snail;7180
41402920;Snail;7060
41402950;Snail;7120
41403032;Snail;7090
41403033;Snail;7090
41403050;Snail;7120
41403833;Snail;7090
41403930;Snail;7080
41404020;Snail;7060
41404022;Snail;7130
41404030;Snail;7080
41404040;Snail;7070
41404052;Snail;7160
41500030;Basilisk;7080
41500031;Basilisk;7090
41500032;Basilisk;7090
41500033;Basilisk;7090
41500035;Basilisk;7130
41500038;Basilisk;7110
41500040;Basilisk;7070
41500060;Basilisk;7050
41500062;Basilisk;7110
41500066;Basilisk;7110
41500862;Basilisk;7110
41600014;Large Starved Dog;7030
41600024;Large Starved Dog;7060
41600031;Large Starved Dog;7090
41600032;Large Starved Dog;7090
41600034;Large Starved Dog;7100
41600035;Large Starved Dog;7130
41601010;Large Starved Dog;7010
41601020;Large Starved Dog;7060
41602050;Large Starved Dog;7120
41610010;Starved Dog;7010
41610012;Starved Dog;7020
41610013;Starved Dog;7030
41610014;Starved Dog;7030
41610020;Starved Dog;7060
41610024;Starved Dog;7060
41610030;Starved Dog;7080
41610031;Starved Dog;7090
41610032;Starved Dog;7090
41610033;Starved Dog;7090
41610034;Starved Dog;7100
41610038;Starved Dog;7110
41610040;Starved Dog;7070
41610041;Starved Dog;7080
41610050;Starved Dog;7120
41610064;Starved Dog;7060
41610210;Starved Dog;7010
41610212;Starved Dog;7020
41610220;Starved Dog;7060
41610252;Starved Dog;7160
41610350;Starved Dog;7120
41620072;Large Braided Dog;7140
41630072;Braided Dog;7140
41640030;Large Rotten Dog;7080
41640052;Large Rotten Dog;7160
41640830;Large Rotten Dog;7080
41650030;Rotten Dog;7080
41650052;Rotten Dog;7160
41650068;Rotten Dog;7170
41650830;Rotten Dog;7080
41650935;Rotten Dog;7130
41660040;Large Mushroom Dog;7070
41660042;Large Mushroom Dog;7150
41670040;Mushroom Dog;7070
41700010;Small Living Mass;7010
41700013;Small Living Mass;7030
41700020;Small Living Mass;7060
41700030;Small Living Mass;7080
41700032;Small Living Mass;7090
41700040;Small Living Mass;7070
41700110;Small Living Mass;7010
41700130;Small Living Mass;7080
41700140;Small Living Mass;7070
41700141;Small Living Mass;7080
41700152;Small Living Mass;7160
41700240;Small Living Mass;7070
41700312;Small Living Mass;7020
41700332;Small Living Mass;7090
41710430;GiantLiving Mass;7080
41710468;Giant Living Mass;7170
41800010;Jellyfish;7010
41800012;Jellyfish;7020
41800020;Jellyfish;7060
41800030;Jellyfish;7080
41800032;Jellyfish;7090
41800033;Jellyfish;7090
41800050;Jellyfish;7120
41800052;Jellyfish;7160
41800065;Jellyfish;7090
41800110;Jellyfish;7010
41800112;Jellyfish;7020
41800120;Jellyfish;7060
41800152;Jellyfish;7160
41800210;Jellyfish;7010
41800312;Jellyfish;7020
41800852;Jellyfish;7160
41801013;Jellyfish;7030
41809050;Jellyfish;7120
41900050;Large Tear Scarab;7120
41900052;Large Tear Scarab;7160
41901050;Large Tear Scarab;7120
41901052;Large Tear Scarab;7160
41902020;Large Tear Scarab;7060
41902032;Large Tear Scarab;7090
41902050;Large Tear Scarab;7120
41902052;Large Tear Scarab;7160
41902150;Large Tear Scarab;7120
41902152;Large Tear Scarab;7160
41902250;Large Tear Scarab;7120
41902252;Large Tear Scarab;7160
41903050;Large Tear Scarab;7120
41903052;Large Tear Scarab;7160
41903150;Large Tear Scarab;7120
41903152;Large Tear Scarab;7160
41903250;Large Tear Scarab;7120
41903252;Large Tear Scarab;7160
41904050;Large Tear Scarab;7120
41904052;Large Tear Scarab;7160
41904150;Large Tear Scarab;7120
41904152;Large Tear Scarab;7160
41904250;Large Tear Scarab;7120
41904252;Large Tear Scarab;7160
41905050;Large Tear Scarab;7120
41905052;Large Tear Scarab;7160
41905364;Large Tear Scarab;7060
41906110;Large Tear Scarab;7010
41907310;Large Tear Scarab;7010
41908110;Large Tear Scarab;7010
41909112;Large Tear Scarab;7020
41910010;Tear Scarab;7010
41910012;Tear Scarab;7020
41910020;Tear Scarab;7060
41910022;Tear Scarab;7130
41910030;Tear Scarab;7080
41910032;Tear Scarab;7090
41910035;Tear Scarab;7130
41910040;Tear Scarab;7070
41910041;Tear Scarab;7080
41910050;Tear Scarab;7120
41910052;Tear Scarab;7160
41910054;Tear Scarab;7180
41910056;Tear Scarab;7190
41910060;Tear Scarab;7050
41910062;Tear Scarab;7110
41910064;Tear Scarab;7060
41910065;Tear Scarab;7090
41910066;Tear Scarab;7110
41910068;Tear Scarab;7170
41911010;Tear Scarab;7010
41911020;Tear Scarab;7060
41911022;Tear Scarab;7130
41911030;Tear Scarab;7080
41911035;Tear Scarab;7130
41911050;Tear Scarab;7120
41911052;Tear Scarab;7160
41911054;Tear Scarab;7180
41911056;Tear Scarab;7190
41911060;Tear Scarab;7050
41911062;Tear Scarab;7110
41911064;Tear Scarab;7060
41911065;Tear Scarab;7090
41911066;Tear Scarab;7110
41911068;Tear Scarab;7170
41912010;Tear Scarab;7010
41912012;Tear Scarab;7020
41912014;Tear Scarab;7030
41912020;Tear Scarab;7060
41912024;Tear Scarab;7060
41912030;Tear Scarab;7080
41912032;Tear Scarab;7090
41912033;Tear Scarab;7090
41912034;Tear Scarab;7100
41912040;Tear Scarab;7070
41912041;Tear Scarab;7080
41912042;Tear Scarab;7150
41912050;Tear Scarab;7120
41912052;Tear Scarab;7160
41912054;Tear Scarab;7180
41912056;Tear Scarab;7190
41912060;Tear Scarab;7050
41912062;Tear Scarab;7110
41912064;Tear Scarab;7060
41912065;Tear Scarab;7090
41912066;Tear Scarab;7110
41912068;Tear Scarab;7170
41912072;Tear Scarab;7140
41912150;Tear Scarab;7120
41912152;Tear Scarab;7160
41912160;Tear Scarab;7050
41912162;Tear Scarab;7110
41912164;Tear Scarab;7060
41912165;Tear Scarab;7090
41912166;Tear Scarab;7110
41912168;Tear Scarab;7170
41912220;Tear Scarab;7060
41912230;Tear Scarab;7080
41912233;Tear Scarab;7090
41912240;Tear Scarab;7070
41912250;Tear Scarab;7120
41912252;Tear Scarab;7160
41912260;Tear Scarab;7050
41912262;Tear Scarab;7110
41912264;Tear Scarab;7060
41912265;Tear Scarab;7090
41912266;Tear Scarab;7110
41912268;Tear Scarab;7170
41913014;Tear Scarab;7030
41913020;Tear Scarab;7060
41913024;Tear Scarab;7060
41913032;Tear Scarab;7090
41913035;Tear Scarab;7130
41913050;Tear Scarab;7120
41913052;Tear Scarab;7160
41913054;Tear Scarab;7180
41913056;Tear Scarab;7190
41913060;Tear Scarab;7050
41913062;Tear Scarab;7110
41913064;Tear Scarab;7060
41913065;Tear Scarab;7090
41913066;Tear Scarab;7110
41913068;Tear Scarab;7170
41913072;Tear Scarab;7140
41913150;Tear Scarab;7120
41913152;Tear Scarab;7160
41913160;Tear Scarab;7050
41913162;Tear Scarab;7110
41913164;Tear Scarab;7060
41913165;Tear Scarab;7090
41913166;Tear Scarab;7110
41913168;Tear Scarab;7170
41913250;Tear Scarab;7120
41913252;Tear Scarab;7160
41913260;Tear Scarab;7050
41913262;Tear Scarab;7110
41913264;Tear Scarab;7060
41913265;Tear Scarab;7090
41913266;Tear Scarab;7110
41913268;Tear Scarab;7170
41914012;Tear Scarab;7020
41914014;Tear Scarab;7030
41914020;Tear Scarab;7060
41914030;Tear Scarab;7080
41914032;Tear Scarab;7090
41914034;Tear Scarab;7100
41914040;Tear Scarab;7070
41914042;Tear Scarab;7150
41914050;Tear Scarab;7120
41914052;Tear Scarab;7160
41914054;Tear Scarab;7180
41914056;Tear Scarab;7190
41914060;Tear Scarab;7050
41914062;Tear Scarab;7110
41914064;Tear Scarab;7060
41914065;Tear Scarab;7090
41914066;Tear Scarab;7110
41914068;Tear Scarab;7170
41914072;Tear Scarab;7140
41914150;Tear Scarab;7120
41914152;Tear Scarab;7160
41914160;Tear Scarab;7050
41914162;Tear Scarab;7110
41914164;Tear Scarab;7060
41914165;Tear Scarab;7090
41914166;Tear Scarab;7110
41914168;Tear Scarab;7170
41914212;Tear Scarab;7020
41914250;Tear Scarab;7120
41914252;Tear Scarab;7160
41914260;Tear Scarab;7050
41914262;Tear Scarab;7110
41914264;Tear Scarab;7060
41914265;Tear Scarab;7090
41914266;Tear Scarab;7110
41914268;Tear Scarab;7170
41915010;Tear Scarab;7010
41915020;Tear Scarab;7060
41915026;Tear Scarab;7070
41915030;Tear Scarab;7080
41915035;Tear Scarab;7130
41915038;Tear Scarab;7110
41915040;Tear Scarab;7070
41915042;Tear Scarab;7150
41915050;Tear Scarab;7120
41915052;Tear Scarab;7160
41915062;Tear Scarab;7110
41915065;Tear Scarab;7090
41915066;Tear Scarab;7110
41915150;Tear Scarab;7120
41915220;;7060
41915535;Tear Scarab;7130
41915540;Tear Scarab;7070
41915542;Tear Scarab;7150
41915554;Tear Scarab;7180
41915560;Tear Scarab;7050
41915562;Tear Scarab;7110
41915564;Tear Scarab;7060
41915565;Tear Scarab;7090
41915566;Tear Scarab;7110
41915568;Tear Scarab;7170
41916160;Tear Scarab;7050
41916162;Tear Scarab;7110
41916164;Tear Scarab;7060
41916165;Tear Scarab;7090
41916166;Tear Scarab;7110
41917364;Tear Scarab;7060
41917365;Tear Scarab;7090
41917366;Tear Scarab;7110
41918062;Tear Scarab;7110
41918064;Tear Scarab;7060
41918065;Tear Scarab;7090
41918066;Tear Scarab;7110
41918068;Tear Scarab;7170
41918120;Tear Scarab;7060
41918140;Tear Scarab;7070
41918940;Tear Scarab;7070
41919062;Tear Scarab;7110
41919064;Tear Scarab;7060
41919065;Tear Scarab;7090
41919068;Tear Scarab;7170
41919140;Tear Scarab;7070
41920040;Ash Scarab;7070
41920042;Ash Scarab;7150
41921040;Ash Scarab;7070
41921042;Ash Scarab;7150
41922020;Ash Scarab;7060
41922050;Ash Scarab;7120
41922052;Ash Scarab;7160
41922250;Ash Scarab;7120
41922252;Ash Scarab;7160
41923050;Ash Scarab;7120
41923052;Ash Scarab;7160
41923250;Ash Scarab;7120
41923252;Ash Scarab;7160
41924050;Ash Scarab;7120
41924052;Ash Scarab;7160
41924250;Ash Scarab;7120
41924252;Ash Scarab;7160
41925050;Ash Scarab;7120
41925052;Ash Scarab;7160
41925250;Ash Scarab;7120
41927064;Ash Scarab;7060
42000010;Giant Bat;7010
42000011;Giant Bat;7010
42000012;Giant Bat;7020
42000014;Giant Bat;7030
42000020;Giant Bat;7060
42000026;Giant Bat;7070
42000033;Giant Bat;7090
42000038;Giant Bat;7110
42000040;Giant Bat;7070
42000042;Giant Bat;7150
42000050;Giant Bat;7120
42000064;Giant Bat;7060
42000110;Giant Bat;7010
42000112;Giant Bat;7020
42000120;Giant Bat;7060
42000126;Giant Bat;7070
42000133;Giant Bat;7090
42000138;Giant Bat;7110
42000140;Giant Bat;7070
42000141;Giant Bat;7080
42000142;Giant Bat;7150
42000150;Giant Bat;7120
42000210;Giant Bat;7010
42000226;Giant Bat;7070
42000242;Giant Bat;7150
42000250;Giant Bat;7120
42001050;Giant Bat;7120
42001150;Giant Bat;7120
42001250;Giant Bat;7120
42010020;Bat Harpy;7060
42010110;Bat Harpy;7010
42010112;Bat Harpy;7020
42010120;Bat Harpy;7060
42010126;Bat Harpy;7070
42010133;Bat Harpy;7090
42010140;Bat Harpy;7070
42010141;Bat Harpy;7080
42010142;Bat Harpy;7150
42011126;Bat Harpy;7070
42011142;Bat Harpy;7150
42017020;Bat Harpy;7060
42017412;Bat Harpy;7020
42017420;Bat Harpy;7060
42017426;Bat Harpy;7070
42017433;Bat Harpy;7090
42017440;Bat Harpy;7070
42017441;Bat Harpy;7080
42017442;Bat Harpy;7150
42017526;Bat Harpy;7070
42017540;Bat Harpy;7070
42017542;Bat Harpy;7150
42017640;Bat Harpy;7070
42017642;Bat Harpy;7150
42017740;Bat Harpy;7070
42017840;Bat Harpy;7070
42018026;Bat Harpy;7070
42018042;Bat Harpy;7150
42018126;Bat Harpy;7070
42100014;Warhawk;7030
42100114;Warhawk;7030
42100214;Warhawk;7030
42101014;Warhawk;7030
42101033;Warhawk;7090
42101114;Warhawk;7030
42101150;Warhawk;7120
42101214;Warhawk;7030
42101250;Warhawk;7120
42102010;Warhawk;7010
42102072;Warhawk;7140
42103050;Warhawk;7120
42104051;Warhawk;7130
42104551;Warhawk;7130
42105051;Warhawk;7130
42200010;Giant Land Octopus;7010
42200012;Giant Land Octopus;7020
42200020;Giant Land Octopus;7060
42200026;Giant Land Octopus;7070
42200032;Giant Land Octopus;7090
42200040;Giant Land Octopus;7070
42200050;Giant Land Octopus;7120
42200052;Giant Land Octopus;7160
42200064;Giant Land Octopus;7060
42300010;Small Land Octopus;7010
42300012;Small Land Octopus;7020
42300020;Small Land Octopus;7060
42300026;Small Land Octopus;7070
42300032;Small Land Octopus;7090
42300040;Small Land Octopus;7070
42300050;Small Land Octopus;7120
42300052;Small Land Octopus;7160
42300064;Small Land Octopus;7060
42300830;Small Land Octopus;7080
42300852;Small Land Octopus;7160
42400020;Large Fingercreeper;7060
42400021;Large Fingercreeper;7060
42400032;Large Fingercreeper;7090
42400034;Large Fingercreeper;7100
42400035;Large Fingercreeper;7130
42400150;Large Fingercreeper;7120
42400221;Large Fingercreeper;7060
42405050;Large Fingercreeper;7120
42405150;Large Fingercreeper;7120
42405250;Large Fingercreeper;7120
42405350;Large Fingercreeper;7120
42405450;Large Fingercreeper;7120
42405550;Large Fingercreeper;7120
42405650;Large Fingercreeper;7120
42405750;Large Fingercreeper;7120
42405850;Large Fingercreeper;7120
42406050;Large Fingercreeper;7120
42406150;Large Fingercreeper;7120
42406250;Large Fingercreeper;7120
42406350;Large Fingercreeper;7120
42406450;Large Fingercreeper;7120
42407020;Large Fingercreeper;7060
42407021;Large Fingercreeper;7060
42407032;Large Fingercreeper;7090
42407034;Large Fingercreeper;7100
42407035;Large Fingercreeper;7130
42407121;Large Fingercreeper;7060
42407132;Large Fingercreeper;7090
42407221;Large Fingercreeper;7060
42407321;Large Fingercreeper;7060
42407421;Large Fingercreeper;7060
42407521;Large Fingercreeper;7060
42407621;Large Fingercreeper;7060
42407721;Large Fingercreeper;7060
42407821;Large Fingercreeper;7060
42408021;Large Fingercreeper;7060
42408121;Large Fingercreeper;7060
42408221;Large Fingercreeper;7060
42408321;Large Fingercreeper;7060
42408421;Large Fingercreeper;7060
42408521;Large Fingercreeper;7060
42408821;Large Fingercreeper;7060
42410150;Giant Fingercreeper;7120
42500020;Small Fingercreeper;7060
42500021;Small Fingercreeper;7060
42500028;Small Fingercreeper;7100
42500032;Small Fingercreeper;7090
42500034;Small Fingercreeper;7100
42500035;Small Fingercreeper;7130
42500150;Small Fingercreeper;7120
42600110;Burial Watchdog;7010
42600512;Burial Watchdog;7020
42600940;Burial Watchdog;7070
42601920;Burial Watchdog;7060
42601940;Burial Watchdog;7070
42602932;Burial Watchdog;7090
42604150;Burial Watchdog;7120
42604152;Burial Watchdog;7160
42604650;Burial Watchdog;7120
42604652;Burial Watchdog;7160
42605150;Burial Watchdog;7120
42605152;Burial Watchdog;7160
42700014;Lion Guardian;7030
42700020;Lion Guardian;7060
42700030;Lion Guardian;7080
42700034;Lion Guardian;7100
42700040;Lion Guardian;7070
42700041;Lion Guardian;7080
42701051;Lion Guardian;7130
42800054;Giant Ant;7180
42800056;Giant Ant;7190
42800060;Giant Ant;7050
42800062;Giant Ant;7110
42800066;Giant Ant;7110
42800160;Giant Ant;7050
42800166;Giant Ant;7110
42800260;Giant Ant;7050
42800354;Giant Ant;7180
42800360;Giant Ant;7050
42800362;Giant Ant;7110
42800366;Giant Ant;7110
42800462;Giant Ant;7110
42800466;Giant Ant;7110
42800562;Giant Ant;7110
42800566;Giant Ant;7110
42800862;Giant Ant;7110
42801162;Giant Ant;7110
42810060;Giant Ant - Sac;7050
42810062;Giant Ant - Sac;7110
42810066;Giant Ant - Sac;7110
42900010;Bloodhound Knight;7030
42900020;Bloodhound Knight;7060
42900032;Bloodhound Knight;7090
42900038;Bloodhound Knight;7110
42900040;Bloodhound Knight;7070
42900132;Bloodhound Knight;7090
42900138;Bloodhound Knight;7110
42900920;Bloodhound Knight;7060
42909024;Bloodhound Knight;7060
43000006;Wandering Noble;7000
43000010;Wandering Noble;7010
43000012;Wandering Noble;7020
43000020;Wandering Noble;7060
43000024;Wandering Noble;7060
43000030;Wandering Noble;7080
43000032;Wandering Noble;7090
43000033;Wandering Noble;7090
43000040;Wandering Noble;7070
43000052;Wandering Noble;7160
43000110;Wandering Noble;7010
43000112;Wandering Noble;7020
43000130;Wandering Noble;7080
43000131;Wandering Noble;7090
43000133;Wandering Noble;7090
43000140;Wandering Noble;7070
43000152;Wandering Noble;7160
43000210;Wandering Noble;7010
43000212;Wandering Noble;7020
43000230;Wandering Noble;7080
43000233;Wandering Noble;7090
43000240;Wandering Noble;7070
43000252;Wandering Noble;7160
43000300;Wandering Noble;7060
43000320;Wandering Noble;7060
43000410;Wandering Noble;7010
43001010;Wandering Noble;7010
43001012;Wandering Noble;7020
43001020;Wandering Noble;7060
43001021;Wandering Noble;7060
43001024;Wandering Noble;7060
43001030;Wandering Noble;7080
43001031;Wandering Noble;7090
43001032;Wandering Noble;7090
43001033;Wandering Noble;7090
43001040;Wandering Noble;7070
43001052;Wandering Noble;7160
43001100;Wandering Noble;7060
43001120;Wandering Noble;7060
43001128;Wandering Noble;7100
43001230;Wandering Noble;7080
43001240;Wandering Noble;7070
43001528;;7100
43002010;Wandering Noble;7010
43002012;Wandering Noble;7020
43002020;Wandering Noble;7060
43002021;Wandering Noble;7060
43002024;Wandering Noble;7060
43002030;Wandering Noble;7080
43002031;Wandering Noble;7090
43002032;Wandering Noble;7090
43002033;Wandering Noble;7090
43002040;Wandering Noble;7070
43002052;Wandering Noble;7160
43002110;Wandering Noble;7070
43002140;Wandering Noble;7070
43002200;Wandering Noble;7060
43002220;Wandering Noble;7060
43002228;Wandering Noble;7100
43002320;Wandering Noble;7060
43002322;Wandering Noble;7130
43002410;Wandering Noble;7010
43003010;Wandering Noble;7010
43003012;Wandering Noble;7020
43003020;Wandering Noble;7060
43003030;Wandering Noble;7080
43003032;Wandering Noble;7090
43003033;Wandering Noble;7090
43003040;Wandering Noble;7070
43003052;Wandering Noble;7160
43004030;Wandering Noble;7080
43004033;Wandering Noble;7090
43004052;Wandering Noble;7160
43004130;Wandering Noble;7080
43004152;Wandering Noble;7160
43005006;Wandering Noble;7000
43005010;Wandering Noble;7010
43005012;Wandering Noble;7020
43005020;Wandering Noble;7060
43005024;Wandering Noble;7060
43005030;Wandering Noble;7080
43005032;Wandering Noble;7090
43005033;Wandering Noble;7090
43005040;Wandering Noble;7070
43005052;Wandering Noble;7160
43005110;Wandering Noble;7010
43005112;Wandering Noble;7020
43005130;Wandering Noble;7080
43005133;Wandering Noble;7090
43005152;Wandering Noble;7160
43005210;Wandering Noble;7010
43005212;Wandering Noble;7020
43005230;Wandering Noble;7080
43005233;Wandering Noble;7090
43005252;Wandering Noble;7160
43006010;Wandering Noble;7010
43006012;Wandering Noble;7020
43006024;Wandering Noble;7060
43006030;Wandering Noble;7080
43006032;Wandering Noble;7090
43006033;Wandering Noble;7090
43006052;Wandering Noble;7160
43006110;Wandering Noble;7010
43006112;Wandering Noble;7020
43006130;Wandering Noble;7080
43006133;Wandering Noble;7090
43006152;Wandering Noble;7160
43006210;Wandering Noble;7010
43006212;Wandering Noble;7020
43006230;Wandering Noble;7080
43006233;Wandering Noble;7090
43006252;Wandering Noble;7160
43006352;Wandering Noble;7160
43006630;Wandering Noble;7080
43006633;Wandering Noble;7090
43006638;Wandering Noble;7110
43006738;Wandering Noble;7110
43006838;Wandering Noble;7110
43007010;Wandering Noble;7010
43007012;Wandering Noble;7020
43007020;Wandering Noble;7060
43007030;Wandering Noble;7080
43007040;Wandering Noble;7070
43007052;Wandering Noble;7160
43007110;Wandering Noble;7010
43007112;Wandering Noble;7020
43007120;Wandering Noble;7060
43007130;Wandering Noble;7080
43007150;Wandering Noble;7120
43009010;Wandering Noble;7010
43009012;Wandering Noble;7020
43009110;Wandering Noble;7010
43009120;Wandering Noble;7060
43009130;Wandering Noble;7080
43009132;Wandering Noble;7090
43009140;Wandering Noble;7070
43009150;Wandering Noble;7120
43009212;Wandering Noble;7020
43009220;Wandering Noble;7060
43009232;Wandering Noble;7090
43009240;Wandering Noble;7070
43009250;Wandering Noble;7120
43009252;Wandering Noble;7160
43009320;Wandering Noble;7060
43009330;Wandering Noble;7080
43009332;Wandering Noble;7090
43009340;Wandering Noble;7070
43009350;Wandering Noble;7120
43009352;Wandering Noble;7160
43009366;Wandering Noble;7110
43110010;Godrick Soldier;7010
43110012;Godrick Soldier;7020
43110013;Godrick Soldier;7030
43110912;Godrick Soldier;7020
43110914;Godrick Soldier;7030
43111110;Godrick Soldier;7010
43111112;Godrick Soldier;7020
43111140;Godrick Soldier;7070
43111210;Godrick Soldier;7010
43111212;Godrick Soldier;7020
43111306;Godrick Soldier;7000
43111310;Godrick Soldier;7010
43111312;Godrick Soldier;7020
43111313;Godrick Soldier;7030
43111410;Godrick Soldier;7010
43111412;Godrick Soldier;7020
43112010;Godrick Soldier;7010
43112012;Godrick Soldier;7020
43112110;Godrick Soldier;7010
43112112;Godrick Soldier;7020
43112210;Godrick Soldier;7010
43112212;Godrick Soldier;7020
43112410;Godrick Soldier;7010
43112412;Godrick Soldier;7020
43113010;Godrick Soldier;7010
43113012;Godrick Soldier;7020
43113040;Godrick Soldier;7070
43113906;Godrick Soldier;7000
43114006;Godrick Soldier;7000
43114010;Godrick Soldier;7010
43114012;Godrick Soldier;7020
43114013;Godrick Soldier;7030
43114090;Godrick Soldier;7010
43120020;Raya Lucaria Soldier;7060
43120021;Raya Lucaria Soldier;7060
43120028;Raya Lucaria Soldier;7100
43120120;Raya Lucaria Soldier;7060
43120320;Raya Lucaria Soldier;7060
43120321;Raya Lucaria Soldier;7060
43121020;Raya Lucaria Soldier;7060
43121021;Raya Lucaria Soldier;7060
43121120;Raya Lucaria Soldier;7060
43121320;Raya Lucaria Soldier;7060
43121321;Raya Lucaria Soldier;7060
43121820;Raya Lucaria Soldier;7060
43122020;Raya Lucaria Soldier;7060
43122021;Raya Lucaria Soldier;7060
43123020;Raya Lucaria Soldier;7060
43123021;Raya Lucaria Soldier;7060
43123028;Raya Lucaria Soldier;7100
43130030;Leyndell Soldier;7080
43130032;Leyndell Soldier;7090
43130034;Leyndell Soldier;7100
43130035;Leyndell Soldier;7130
43130130;Leyndell Soldier;7080
43130132;Leyndell Soldier;7090
43130134;Leyndell Soldier;7100
43130150;Leyndell Soldier;7120
43130230;Leyndell Soldier;7080
43130232;Leyndell Soldier;7090
43130234;Leyndell Soldier;7100
43130330;Leyndell Soldier;7080
43130332;Leyndell Soldier;7090
43130334;Leyndell Soldier;7100
43130335;Leyndell Soldier;7130
43130435;Leyndell Soldier;7130
43130535;Leyndell Soldier;7130
43131030;Leyndell Soldier;7080
43131032;Leyndell Soldier;7090
43131034;Leyndell Soldier;7100
43131130;Leyndell Soldier;7080
43131132;Leyndell Soldier;7090
43131330;Leyndell Soldier;7080
43132030;Leyndell Soldier;7080
43132032;Leyndell Soldier;7090
43132034;Leyndell Soldier;7100
43133030;Leyndell Soldier;7080
43133032;Leyndell Soldier;7090
43133034;Leyndell Soldier;7100
43133035;Leyndell Soldier;7130
43133135;Leyndell Soldier;7130
43134032;Leyndell Soldier;7090
43134132;Leyndell Soldier;7090
43134232;Leyndell Soldier;7090
43134332;Leyndell Soldier;7090
43135032;Leyndell Soldier;7090
43135132;Leyndell Soldier;7090
43136032;Leyndell Soldier;7090
43137032;Leyndell Soldier;7090
43140040;Radahn Soldier;7070
43140041;Radahn Soldier;7080
43140042;Radahn Soldier;7150
43140140;Radahn Soldier;7070
43140240;Radahn Soldier;7070
43140242;Radahn Soldier;7150
43140340;Radahn Soldier;7070
43140341;Radahn Soldier;7080
43140342;Radahn Soldier;7150
43140440;Radahn Soldier;7070
43140542;Radahn Soldier;7150
43140642;Radahn Soldier;7150
43141040;Radahn Soldier;7070
43141042;Radahn Soldier;7150
43141140;Radahn Soldier;7070
43141141;Radahn Soldier;7080
43141340;Radahn Soldier;7070
43141342;Radahn Soldier;7150
43141442;Radahn Soldier;7150
43142040;Radahn Soldier;7070
43142042;Radahn Soldier;7150
43142142;Radahn Soldier;7150
43142242;Radahn Soldier;7150
43143040;Radahn Soldier;7070
43143041;Radahn Soldier;7080
43143042;Radahn Soldier;7150
43143142;Radahn Soldier;7150
43143242;Radahn Soldier;7150
43150012;Mausoleum Soldier;7020
43150020;Mausoleum Soldier;7060
43150052;Mausoleum Soldier;7160
43150066;Mausoleum Soldier;7110
43150266;Mausoleum Soldier;7110
43150320;Mausoleum Soldier;7060
43150366;Mausoleum Soldier;7110
43151020;Mausoleum Soldier;7060
43151052;Mausoleum Soldier;7160
43151066;Mausoleum Soldier;7110
43151266;Mausoleum Soldier;7110
43151366;Mausoleum Soldier;7110
43152052;Mausoleum Soldier;7160
43152066;Mausoleum Soldier;7110
43153052;Mausoleum Soldier;7160
43153066;Mausoleum Soldier;7110
43160056;Haligtree Soldier;7190
43160156;Haligtree Soldier;7190
43160256;Haligtree Soldier;7190
43160356;Haligtree Soldier;7190
43160556;Haligtree Soldier;7190
43160656;Haligtree Soldier;7190
43160756;Haligtree Soldier;7190
43160856;Haligtree Soldier;7190
43161056;Haligtree Soldier;7190
43161156;Haligtree Soldier;7190
43161256;Haligtree Soldier;7190
43161356;Haligtree Soldier;7190
43161556;Haligtree Soldier;7190
43161656;Haligtree Soldier;7190
43161756;Haligtree Soldier;7190
43161856;Haligtree Soldier;7190
43162056;Haligtree Soldier;7190
43162556;Haligtree Soldier;7190
43163056;Haligtree Soldier;7190
43163556;Haligtree Soldier;7190
43210012;Vulgar Militia;7020
43210020;Vulgar Militia;7060
43210026;Vulgar Militia;7070
43210030;Vulgar Militia;7080
43210033;Vulgar Militia;7090
43210040;Vulgar Militia;7070
43210142;Vulgar Militia;7150
43210150;Vulgar Militia;7120
43210152;Vulgar Militia;7160
43211012;Vulgar Militia;7020
43211020;Vulgar Militia;7060
43211026;Vulgar Militia;7070
43211030;Vulgar Militia;7080
43211040;Vulgar Militia;7070
43211142;Vulgar Militia;7150
43211150;Vulgar Militia;7120
43211152;Vulgar Militia;7160
43212012;Vulgar Militia;7020
43212020;Vulgar Militia;7060
43212026;Vulgar Militia;7070
43212030;Vulgar Militia;7080
43212033;Vulgar Militia;7090
43212040;Vulgar Militia;7070
43212142;Vulgar Militia;7150
43212150;Vulgar Militia;7120
43212152;Vulgar Militia;7160
43400010;Mad Pumpkin Head;7010
43400020;Mad Pumpkin Head;7060
43400030;Mad Pumpkin Head;7080
43400032;Mad Pumpkin Head;7090
43400040;Mad Pumpkin Head;7070
43400430;Mad Pumpkin Head;7080
43400910;Mad Pumpkin Head;7010
43400940;Mad Pumpkin Head;7070
43401013;Mad Pumpkin Head;7030
43401024;Mad Pumpkin Head;7060
43401030;Mad Pumpkin Head;7080
43401032;Mad Pumpkin Head;7090
43401040;Mad Pumpkin Head;7070
43401041;Mad Pumpkin Head;7080
43401110;Mad Pumpkin Head;7010
43401130;Mad Pumpkin Head;7080
43401940;Mad Pumpkin Head;7070
43510010;Godrick Knight;7010
43510110;Godrick Knight;7010
43511010;Godrick Knight;7010
43511110;Godrick Knight;7010
43511112;Godrick Knight;7020
43520020;Cuckoo Knight;7060
43521120;Cuckoo Knight;7060
43530020;Leyndell Knight;7100
43530030;Leyndell Knight;7080
43530032;Leyndell Knight;7090
43530034;Leyndell Knight;7100
43530035;Leyndell Knight;7130
43530036;Leyndell Knight;7090
43530132;Leyndell Knight;7090
43530235;Leyndell Knight;7130
43530534;Leyndell Knight;7100
43531030;Leyndell Knight;7080
43531032;Leyndell Knight;7090
43531034;Leyndell Knight;7100
43531036;Leyndell Knight;7090
43531130;Leyndell Knight;7080
43531132;Leyndell Knight;7090
43531136;Leyndell Knight;7090
43531150;Leyndell Knight;7120
43531232;Leyndell Knight;7090
43531234;Leyndell Knight;7100
43531534;Leyndell Knight;7120
43532030;Leyndell Knight;7080
43532034;Leyndell Knight;7100
43532050;Leyndell Knight;7120
43540040;Redmane Kngiht;7070
43540041;Redmane Kngiht;7080
43540042;Redmane Kngiht;7150
43540242;Redmane Kngiht;7150
43540342;Redmane Kngiht;7150
43541040;Redmane Kngiht;7070
43541041;Redmane Kngiht;7080
43541042;Redmane Kngiht;7150
43541140;Redmane Kngiht;7070
43541242;Redmane Kngiht;7150
43542040;Redmane Kngiht;7070
43542042;Redmane Kngiht;7150
43542242;Redmane Kngiht;7150
43550020;Mausoleum Knight;7060
43550052;Mausoleum Knight;7160
43550066;Mausoleum Knight;7110
43551052;Mausoleum Knight;7160
43551066;Mausoleum Knight;7110
43551152;Mausoleum Knight;7160
43551166;Mausoleum Knight;7110
43552052;Mausoleum Knight;7160
43552066;Mausoleum Knight;7110
43560034;Haligtree Knight;7100
43560056;Haligtree Knight;7190
43560556;Haligtree Knight;7190
43561056;Haligtree Knight;7190
43561556;Haligtree Knight;7190
43562056;Haligtree Knight;7190
43562556;Haligtree Knight;7190
43610010;Godrick Knight's Horse;7010
43610012;Godrick Knight's Horse;7020
43620020;Cuckoo Knight's Horse;7060
43630030;Leyndell Knight's Horse;7080
43630050;Leyndell Knight's Horse;7120
43640040;Redmane Knight's Horse;7070
43650052;Mausoleum Knight's Horse;7160
43650066;Mausoleum Knight's Horse;7110
43710010;Godrick Foot Soldier;7010
43710012;Godrick Foot Soldier;7020
43710013;Godrick Foot Soldier;7030
43710040;Godrick Foot Soldier;7070
43710510;Godrick Foot Soldier;7010
43710512;Godrick Foot Soldier;7020
43710540;Godrick Foot Soldier;7070
43711010;Godrick Foot Soldier;7010
43711012;Godrick Foot Soldier;7020
43711040;Godrick Foot Soldier;7070
43711510;Godrick Foot Soldier;7010
43711512;Godrick Foot Soldier;7020
43711612;Godrick Foot Soldier;7020
43711710;Godrick Foot Soldier;7010
43711712;Godrick Foot Soldier;7020
43711812;Godrick Foot Soldier;7020
43712010;Godrick Foot Soldier;7010
43712012;Godrick Foot Soldier;7020
43712510;Godrick Foot Soldier;7010
43712512;Godrick Foot Soldier;7020
43712540;Godrick Foot Soldier;7070
43713010;Godrick Foot Soldier;7010
43713012;Godrick Foot Soldier;7020
43713040;Godrick Foot Soldier;7070
43714010;Godrick Foot Soldier;7010
43714012;Godrick Foot Soldier;7020
43714013;Godrick Foot Soldier;7030
43714040;Godrick Foot Soldier;7070
43716010;Godrick Foot Soldier;7010
43716012;Godrick Foot Soldier;7020
43716040;Godrick Foot Soldier;7070
43717010;Godrick Foot Soldier;7010
43717012;Godrick Foot Soldier;7020
43720020;Raya Lucaria Foot Soldier;7060
43720520;Raya Lucaria Foot Soldier;7060
43721820;Raya Lucaria Foot Soldier;7060
43722020;Raya Lucaria Foot Soldier;7060
43723020;Raya Lucaria Foot Soldier;7060
43724020;Raya Lucaria Foot Soldier;7060
43727020;Raya Lucaria Foot Soldier;7060
43730030;Leyndell Foot Soldier;7080
43730032;Leyndell Foot Soldier;7090
43730033;Leyndell Foot Soldier;7090
43730530;Leyndell Foot Soldier;7080
43730532;Leyndell Foot Soldier;7090
43730534;Leyndell Foot Soldier;7100
43731030;Leyndell Foot Soldier;7080
43731050;Leyndell Foot Soldier;7120
43731530;Leyndell Foot Soldier;7080
43731630;Leyndell Foot Soldier;7080
43731730;Leyndell Foot Soldier;7080
43731732;Leyndell Foot Soldier;7090
43732030;Leyndell Foot Soldier;7080
43732530;Leyndell Foot Soldier;7080
43732534;Leyndell Foot Soldier;7100
43734030;Leyndell Foot Soldier;7080
43734032;Leyndell Foot Soldier;7090
43734034;Leyndell Foot Soldier;7100
43734035;Leyndell Foot Soldier;7130
43734050;Leyndell Foot Soldier;7120
43734535;Leyndell Foot Soldier;7130
43736030;Leyndell Foot Soldier;7080
43736032;Leyndell Foot Soldier;7090
43737030;Leyndell Foot Soldier;7080
43737032;Leyndell Foot Soldier;7090
43737033;Leyndell Foot Soldier;7090
43737050;Leyndell Foot Soldier;7120
43738032;Leyndell Foot Soldier;7090
43740040;Radahn Foot Soldier;7070
43740041;Radahn Foot Soldier;7080
43740042;Radahn Foot Soldier;7150
43740342;Radahn Foot Soldier;7150
43740540;Radahn Foot Soldier;7070
43740541;Radahn Foot Soldier;7080
43740542;Radahn Foot Soldier;7150
43741040;Radahn Foot Soldier;7070
43741441;Radahn Foot Soldier;7080
43741541;Radahn Foot Soldier;7080
43741841;Radahn Foot Soldier;7080
43742040;Radahn Foot Soldier;7070
43742041;Radahn Foot Soldier;7080
43742042;Radahn Foot Soldier;7150
43742540;Radahn Foot Soldier;7070
43743040;Radahn Foot Soldier;7070
43746040;Radahn Foot Soldier;7070
43746041;Radahn Foot Soldier;7080
43746042;Radahn Foot Soldier;7150
43747040;Radahn Foot Soldier;7070
43747041;Radahn Foot Soldier;7080
43747042;Radahn Foot Soldier;7150
43751052;Mausoleum Foot Soldier;7160
43760056;Haligtree Foot Soldier;7190
43760556;Haligtree Foot Soldier;7190
43761556;Haligtree Foot Soldier;7190
43761656;Haligtree Foot Soldier;7190
43761756;Haligtree Foot Soldier;7190
43764056;Haligtree Foot Soldier;7190
43766056;Haligtree Foot Soldier;7190
43767056;Haligtree Foot Soldier;7190
43770012;Highwayman;7020
43772012;Highwayman;7020
43772512;Highwayman;7020
43800012;Starcaller;7020
43800032;Starcaller;7090
43800042;Starcaller;7150
43800062;Starcaller;7110
43800130;Starcaller;7080
43810020;Bloodthorn Exile;7060
43810032;Bloodthorn Exile;7090
43810132;Bloodthorn Exile;7090
43810250;Bloodthorn Exile;7120
43810350;Bloodthorn Exile;7120
43811020;Bloodthorn Exile;7060
43811150;Bloodthorn Exile;7120
43820010;Tunnel Miner;7010
43820012;Tunnel Miner;7020
43820026;Tunnel Miner;7070
43820030;Tunnel Miner;7080
43820033;Tunnel Miner;7090
43820052;Tunnel Miner;7160
43820140;Tunnel Miner;7070
43821010;Tunnel Miner;7010
43821012;Tunnel Miner;7020
43821020;Tunnel Miner;7060
43821026;Tunnel Miner;7070
43821030;Tunnel Miner;7080
43821033;Tunnel Miner;7090
43821052;Tunnel Miner;7160
43822010;Tunnel Miner;7010
43822026;Tunnel Miner;7070
43822140;Tunnel Miner;7070
43823010;Tunnel Miner;7010
43823012;Tunnel Miner;7020
43823030;Tunnel Miner;7080
43823033;Tunnel Miner;7090
43823040;Tunnel Miner;7070
43825026;Tunnel Miner;7070
43826033;Tunnel Miner;7090
43827012;Tunnel Miner;7020
43827052;Tunnel Miner;7160
43828033;Tunnel Miner;7090
43829030;Tunnel Miner;7080
43829140;Tunnel Miner;7070
43830010;Glintstone Miner;7010
43830020;Glintstone Miner;7060
43830030;Glintstone Miner;7080
43830040;Glintstone Miner;7070
43831020;Glintstone Miner;7060
43831030;Glintstone Miner;7080
43831040;Glintstone Miner;7070
43840020;Glintstone Miner;7060
43840040;Glintstone Miner;7070
43850010;Fungal Sorcerer;7010
43850012;Fungal Sorcerer;7020
43850020;Fungal Sorcerer;7060
43850032;Fungal Sorcerer;7090
43850040;Fungal Sorcerer;7070
43850110;Fungal Sorcerer;7010
43850112;Fungal Sorcerer;7020
43850120;Fungal Sorcerer;7060
43850132;Fungal Sorcerer;7090
43850140;Fungal Sorcerer;7070
43850210;Fungal Sorcerer;7010
43850212;Fungal Sorcerer;7020
43850220;Fungal Sorcerer;7060
43850232;Fungal Sorcerer;7090
43850240;Fungal Sorcerer;7070
43858040;Fungal Sorcerer;7070
43858140;Fungal Sorcerer;7070
43858240;Fungal Sorcerer;7070
44200020;Giant Lobster;7060
44200035;Giant Lobster;7130
44200120;Giant Lobster;7060
44201020;Giant Lobster;7060
44202020;Giant Lobster;7060
44203050;Giant Lobster;7120
44204050;Giant Lobster;7120
44205050;Giant Lobster;7120
44300010;Abnormal Stone Cluster;7010
44300012;Abnormal Stone Cluster;7020
44300020;Abnormal Stone Cluster;7060
44300022;Abnormal Stone Cluster;7130
44300030;Abnormal Stone Cluster;7080
44300040;Abnormal Stone Cluster;7070
44300050;Abnormal Stone Cluster;7120
44300110;Abnormal Stone Cluster;7010
44300150;Abnormal Stone Cluster;7120
44300250;Abnormal Stone Cluster;7120
44300310;Abnormal Stone Cluster;7010
44300340;Abnormal Stone Cluster;7070
44300350;Abnormal Stone Cluster;7120
44301010;Abnormal Stone Cluster;7010
44301033;Abnormal Stone Cluster;7090
44301040;Abnormal Stone Cluster;7070
44400010;Fungal Pod;7010
44400012;Fungal Pod;7020
44400020;Fungal Pod;7060
44400032;Fungal Pod;7090
44400033;Fungal Pod;7090
44400040;Fungal Pod;7070
44400050;Fungal Pod;7120
44410020;Giant Fungal Pod;7060
44410050;Giant Fungal Pod;7120
44420040;Giant Fungal Pod;7070
44500012;Walking Mausoleum;7020
44500020;Walking Mausoleum;7060
44500050;Walking Mausoleum;7120
44500052;Walking Mausoleum;7160
44500066;Walking Mausoleum;7110
44501020;Walking Mausoleum;7060
44600020;Flamethrower Tank;7060
44600032;Flamethrower Tank;7090
44600036;Flamethrower Tank;7090
44600040;Flamethrower Tank;7070
44600840;Flamethrower Tank;7070
44601032;Flamethrower Tank;7090
44601040;Flamethrower Tank;7070
44601840;Flamethrower Tank;7070
44607020;Flamethrower Tank;7060
44607032;Flamethrower Tank;7090
44607040;Flamethrower Tank;7070
44607120;Flamethrower Tank;7060
44607132;Flamethrower Tank;7090
44607220;Flamethrower Tank;7060
44607840;Flamethrower Tank;7070
44608032;Flamethrower Tank;7090
44608040;Flamethrower Tank;7070
44608640;Flamethrower Tank;7070
44608740;Flamethrower Tank;7070
44608840;Flamethrower Tank;7070
44700020;Ghiza Torturer;7060
44700024;Ghiza Torturer;7060
44700032;Ghiza Torturer;7090
44700034;Ghiza Torturer;7100
44700038;Ghiza Torturer;7110
44700040;Ghiza Torturer;7070
44700938;Ghiza Torturer;7080
44701021;Ghiza Torturer;7060
44701024;Ghiza Torturer;7060
44701032;Ghiza Torturer;7090
44701033;Ghiza Torturer;7090
44701034;Ghiza Torturer;7100
44701038;Ghiza Torturer;7110
44701132;Ghiza Torturer;7090
44701938;Ghiza Torturer;7080
44702041;Ghiza Torturer;7080
44800010;Giant Miranda Sprout;7010
44800012;Giant Miranda Sprout;7020
44800020;Giant Miranda Sprout;7060
44800032;Giant Miranda Sprout;7090
44800034;Giant Miranda Sprout;7100
44800035;Giant Miranda Sprout;7130
44800040;Giant Miranda Sprout;7070
44800054;Giant Miranda Sprout;7180
44800064;Giant Miranda Sprout;7060
44800120;Giant Miranda Sprout;7060
44800130;Giant Miranda Sprout;7080
44800140;Giant Miranda Sprout;7070
44800162;Giant Miranda Sprout;7110
44800220;Giant Miranda Sprout;7060
44800330;Giant Miranda Sprout;7080
44800370;Giant Miranda Sprout;7150
44800430;Giant Miranda Sprout;7080
44800912;Giant Miranda Sprout;7020
44800930;Giant Miranda Sprout;7080
44810010;Miranda Sprout;7010
44810012;Miranda Sprout;7020
44810020;Miranda Sprout;7060
44810032;Miranda Sprout;7090
44810034;Miranda Sprout;7100
44810035;Miranda Sprout;7130
44810040;Miranda Sprout;7070
44810054;Miranda Sprout;7180
44810064;Miranda Sprout;7060
44810120;Miranda Sprout;7060
44810130;Miranda Sprout;7080
44810162;Miranda Sprout;7110
44810220;Miranda Sprout;7060
44810330;Miranda Sprout;7080
44810370;Miranda Sprout;7150
44810430;Miranda Sprout;7080
44810540;Miranda Sprout;7070
44810830;Miranda Sprout;7080
44810912;Miranda Sprout;7020
44811012;Miranda Sprout;7020
44811330;Miranda Sprout;7080
44811430;Miranda Sprout;7080
44811830;Miranda Sprout;7080
44820031;Fading Giant Miranda Sprout;7090
44820040;Fading Giant Miranda Sprout;7070
44820054;Fading Giant Miranda Sprout;7180
44820056;Fading Giant Miranda Sprout;7190
44830030;Fading Miranda Sprout;7080
44830031;Fading Miranda Sprout;7090
44830040;Fading Miranda Sprout;7070
44830054;Fading Miranda Sprout;7180
44831040;Fading Miranda Sprout;7070
44831054;Fading Miranda Sprout;7180
44831056;Fading Miranda Sprout;7190
44900011;Living Pot - Large;7010
44900014;Living Pot - Large;7030
44900020;Living Pot - Large;7060
44900021;Living Pot - Large;7060
44900024;Living Pot - Large;7060
44900032;Living Pot - Large;7090
44900033;Living Pot - Large;7090
44900034;Living Pot - Large;7100
44900035;Living Pot - Large;7100
44900038;Living Pot - Large;7110
44900050;Living Pot - Large;7120
44900124;Living Pot - Large;7060
44900320;Living Pot - Large;7060
44907014;Living Pot - Large;7030
44907021;Living Pot - Large;7060
44907033;Living Pot - Large;7090
44907035;Living Pot - Large;7100
44907038;Living Pot - Large;7110
44907050;Living Pot - Large;7120
44907121;Living Pot - Large;7060
44907133;Living Pot - Large;7090
44907150;Living Pot - Large;7120
44907221;Living Pot - Large;7060
44907233;Living Pot - Large;7090
44907250;Living Pot - Large;7120
44907333;Living Pot - Large;7090
44907350;Living Pot - Large;7120
44907450;Living Pot - Large;7120
44908124;Living Pot - Large;7060
44908320;Living Pot - Large;7060
44908420;Living Pot - Large;7060
44909040;Living Pot - Large;13941
44909310;Living Pot - Large;7010
44909410;Living Pot - Large;7010
44909540;Living Pot - Large;7070
44909620;Living Pot - Large;7090
44909640;Living Pot - Large;7070
44909732;Living Pot - Large;7090
44909850;Living Pot - Large;7120
44909972;Living Pot - Large;7140
44910014;Living Pot - Small;7030
44910020;Living Pot - Small;7060
44910021;Living Pot - Small;7060
44910024;Living Pot - Small;7060
44910032;Living Pot - Small;7090
44910033;Living Pot - Small;7090
44910034;Living Pot - Small;7100
44910035;Living Pot - Small;7130
44910038;Living Pot - Small;7110
44910050;Living Pot - Small;7120
44910124;Living Pot - Small;7060
44910150;Living Pot - Small;7120
44910232;Living Pot - Small;7090
44910233;Living Pot - Small;7090
44910234;Living Pot - Small;7100
44910238;Living Pot - Small;7110
44910250;Living Pot - Small;7120
44910333;Living Pot - Small;7090
44910350;Living Pot - Small;7120
44910720;Living Pot - Small;7060
44910933;Living Pot - Small;7090
44919020;Living Pot - Small;7060
44919120;Living Pot - Small;7100
44919220;;7100
44920040;Living Pot - Huge;7070
45000010;Dragon;7050
45000042;Dragon;7170
45000072;Dragon;7140
45001072;Dragon;7140
45008024;Dragon;7060
45010040;Dragon;7110
45020022;Dragon;7130
45020920;Dragon;7100
45021920;Dragon;7080
45021922;Dragon;7170
45030050;Dragon;7160
45040042;Lesser Elder Dragon;7170
45050042;Elder Dragon Greyoll;7150
45100072;Ancient Dragon;7140
45100172;Ancient Dragon;7140
45100272;Ancient Dragon;7140
45100572;Ancient Dragon;7140
45101272;Ancient Dragon;7140
45102030;Ancient Dragon;7120
45102272;Ancient Dragon;7140
45110066;Lichdragon Fortissax;7110
45200072;Dragonlord Placidusax;7170
45500040;Monstrous Dog;7070
45500042;Monstrous Dog;7150
45501040;Monstrous Dog;7070
45502040;Monstrous Dog;7070
45502042;Monstrous Dog;7150
45503040;Monstrous Dog;7070
45504040;Monstrous Dog;7070
45505050;Monstrous Dog;7120
45506050;Monstrous Dog;7120
45506450;Monstrous Dog;7120
45506650;Monstrous Dog;7120
45600040;Monstrous Crow;7070
45600042;Monstrous Crow;7150
45601050;Monstrous Crow;7120
45601850;Monstrous Crow;7120
45610068;Monstrous Rotten Crow;7170
45700030;Large Wormface;7080
45701072;Large Wormface;7140
45702030;Large Wormface;7080
45800030;Giant Wormface;7100
45801072;Giant Wormface;7140
45802132;Giant Wormface;7090
46000010;Troll Knight;7010
46000012;Troll Knight;7020
46000014;Troll Knight;7030
46000020;Troll Knight;7060
46000032;Troll Knight;7090
46000033;Troll Knight;7090
46000040;Troll Knight;7070
46000050;Troll Knight;7120
46000065;Troll Knight;7090
46000150;Troll Knight;7120
46001010;Troll Knight;7010
46001020;Troll Knight;7060
46001030;Troll Knight;7080
46001032;Troll Knight;7090
46001120;Troll Knight;7060
46001130;;7080
46003041;Troll Knight;7080
46003140;Troll Knight;7070
46004032;Troll Knight;7090
46004152;Troll Knight;7160
46008024;Troll Knight;7060
46010020;Armored Troll Knight;7060
46010021;Armored Troll Knight;7060
46010120;Armored Troll Knight;7060
46010200;Armored Troll Knight;7060
46010220;Armored Troll Knight;7060
46010920;Armored Troll Knight;7080
46018021;Armored Troll Knight;7060
46020050;Troll Knight;7120
46021052;Troll Knight;7160
46030910;Troll Knight (Club);7010
46030930;Troll Knight (Club);7080
46040020;Troll Knight (Confessor);7060
46040120;Troll Knight (Confessor);7060
46040220;Troll Knight (Confessor);7060
46200062;Astel, Stars of Darkness;7110
46200952;Astel, Stars of Darkness;7160
46202030;Astel, Stars of Darkness;7080
46202060;Astel, Stars of Darkness;7050
46202062;Astel, Stars of Darkness;7110
46209152;Astel, Stars of Darkness;7160
46300010;Runebear;7010
46300020;Runebear;7060
46300030;Runebear;7080
46300032;Runebear;7090
46300033;Runebear;7090
46300042;Runebear;7150
46300052;Runebear;7160
46300066;Runebear;7110
46300072;Runebear;7140
46300152;Runebear;7160
46300240;Runebear;7070
46300310;Runebear;7010
46300342;Runebear;7150
46300410;Runebear;7010
46300652;Runebear;7160
46300766;Runebear;7110
46300912;Runebear;7020
46400007;Ulcerated Tree Spirit;7060
46400014;Ulcerated Tree Spirit;7030
46400032;Ulcerated Tree Spirit;7110
46400033;Ulcerated Tree Spirit;7090
46400034;Ulcerated Tree Spirit;7100
46400070;Ulcerated Tree Spirit;7150
46400156;Ulcerated Tree Spirit;7190
46400162;Ulcerated Tree Spirit;7110
46400942;Ulcerated Tree Spirit;7150
46400950;Ulcerated Tree Spirit;7120
46500060;Dragonkin Soldier;7050
46500160;Dragonkin Soldier;7050
46500262;Dragonkin Soldier;7130
46500265;Dragonkin Soldier;7110
46500352;Dragonkin Soldier;7160
46500960;Dragonkin Soldier;7050
46600010;Golem;7010
46600030;Golem;7080
46600034;Golem;7100
46600070;Golem;7150
46600120;Golem;7060
46600133;Golem;7090
46600150;Golem;7120
46600170;Golem;7150
46600910;Golem;7010
46601010;Golem;7010
46601030;Golem;7080
46601034;Golem;7100
46601040;Golem;7070
46601042;Golem;7150
46601120;Golem;7060
46601140;Golem;7070
46602050;Golem;7120
46604142;Golem;7150
46605040;Golem;7070
46605140;Golem;7070
46606010;Golem;7010
46606020;Golem;7060
46607012;Golem;7020
46607033;Golem;7090
46609050;Golem;7120
46700065;Ancestor Spirit;7090
46700964;Ancestor Spirit;7060
46800032;Fallingstar Beast;7110
46801930;Fallingstar Beast;7100
46801940;;7070
46900007;Grafted Scion;7060
46900008;Grafted Scion;7060
46900014;Grafted Scion;7030
46900020;Grafted Scion;7060
46900032;Grafted Scion;7090
46900034;Grafted Scion;7100
47100038;God-Devouring Serpent / Rykard, Lord of Blasphemy;7120
47101038;God-Devouring Serpent / Rykard, Lord of Blasphemy;7120
47110000;Writhing Mass;-1
47110038;Writhing Mass;7110
47200070;Godfrey, First Elden Lord;7160
47200134;Godfrey, First Elden Lord;7110
47210070;Hoarah Loux;7160
47300040;Starscourge Radahn;7100
47500014;Godrick the Grafted;7040
47500030;Godrick the Grafted;7100
47510014;Godrick - Head and Torso;7030
47600050;Fire Giant;7140
47601050;Fire Giant;7140
47700033;Gargoyle;7090
47700034;Gargoyle;7100
47700070;Gargoyle;7150
47700165;Gargoyle;7090
47700250;Gargoyle;7120
47701034;Gargoyle;7100
47701165;Gargoyle;7090
47701242;Gargoyle;7170
47702034;Gargoyle;7100
47702066;Gargoyle;7110
48000068;Mohg, The Omen;7180
48001935;Mohg, The Omen;7130
48100012;Erdtree Avatar;7040
48100020;Erdtree Avatar;7080
48100034;Erdtree Avatar;7100
48100040;Erdtree Avatar;7090
48100066;Erdtree Avatar;7110
48100150;Erdtree Avatar;7140
48100920;Erdtree Avatar;7080
48110040;Erdtree Avatar;7090
48110042;Erdtree Avatar;7170
48110052;Erdtree Avatar;7180
48110054;Erdtree Avatar;7180
48110056;Erdtree Avatar;7190
48200130;Omenkiller;7080
48200134;Omenkiller;7100
48200138;Omenkiller;7110
48200820;Omenkiller;7060
48200920;Omenkiller;7080
48200930;Omenkiller;7080
48208030;Omenkiller;7080
48208034;Omenkiller;7100
48208038;Omenkiller;7110
48208138;Omenkiller;7110
49100026;Magma Wyrm;7070
49100032;Magma Wyrm;7110
49100038;Magma Wyrm;7110
49100940;Magma Wyrm;7070
49110052;Magma Wyrm - Standing;7180
49500010;Tibia Mariner;7030
49500020;Tibia Mariner;7080
49500032;Tibia Mariner;7110
49500050;Tibia Mariner;7120
49600032;Giant Skeleton Torso;7090
49600050;Giant Skeleton Torso;7120
49600168;Giant Skeleton Torso;7170
49800010;Death Rite Bird;7030
49800012;Death Rite Bird;7040
49800020;Death Rite Bird;7080
49800032;Death Rite Bird;7090
49800033;Death Rite Bird;7110
49801020;Death Rite Bird;7080
49801040;Death Rite Bird;7090
49801050;Death Rite Bird;7140
49801052;Death Rite Bird;7180
60200000;;7000
60720134;Gull;7100
70000065;Fallen Hawk Soldier;7090
70001065;Fallen Hawk Soldier;7090
70002065;Fallen Hawk Soldier;7090
70003165;Fallen Hawk Soldier;7090
71000012;White Mask Assailant;7040
71000030;White Mask Assailant;7080
71000050;White Mask Assailant;7120
71000150;White Mask Assailant;7120
71000950;White Mask Assailant;7120
81000010;Ballista;7010
81000012;Ballista;7020
81000014;Ballista;7030
81000030;Ballista;7080
81000041;Ballista;7080
81000051;Ballista;7130
81000056;Ballista;7190
81010010;Giant Ballista;7010
81010012;Giant Ballista;7020
81010030;Giant Ballista;7080
81010041;Giant Ballista;7080
81010050;Giant Ballista;7120
81100014;Dragon-faced Flamethrower;7030
81100020;Dragon-faced Flamethrower;7060
81100041;Dragon-faced Flamethrower;7080
81100050;Dragon-faced Flamethrower;7120
81200007;Merciless Chariot;7060
81200032;Merciless Chariot;7090
81200132;Merciless Chariot;7090
90020000;;7050
90080000;;7000
90081000;;7000
90082000;;7000
90083000;;7000
90084000;;7000
95010000;;7140
95020000;;7000
95021000;;7010
95022000;;7020
95023000;;7030
95024000;;7040
95025000;;7050
95026000;;7060
95027000;;7070
95028000;;7080
95029000;;7090
95030000;;7100
95031000;;7110
95032000;;7120
95033000;;7130
95034000;;7140
500000032;;7090
500000066;;7110
501060062;;7110
501060078;;7160
501060162;;7110
501060262;;7110
501060362;;7110
501060462;;7110
502160010;;7010
502160110;;7010
502160210;;7010
502160310;;7010
502180010;;7010
502180062;;7110
502180064;;7060
502180065;;7090
502180164;;7060
502180165;;7090
502180264;;7060
502180265;;7090
502280050;;7120
503180010;;7010
503260038;Sword of Bernahl;7110
506070078;;7160
520000001;;19350
520000002;;19351
520000003;;19352
520000004;;19353
520000005;;19354
520000006;;19355
520000007;;19356
520000008;;19357
520000009;;19358
520000010;;19359
520000011;;19360
520000012;;19361
520000013;;19362
520000014;;19363
520000015;;19364
520000016;;19365
520000017;;19366
520000018;;19367
520000019;;19368
520000020;;19369
520000021;;19370
523000038;Tanith, Volcano Manor Proprietress;19361
523000138;Tanith, Volcano Manor Proprietress;19361
523010010;White Mask Varré;19351
523010020;White Mask Varré;19356
523010068;White Mask Varré;19368
523010110;White Mask Varré;19351
523010168;White Mask Varré;19367
523040020;Festering Fingerprint Vyke;19356
523040050;Roundtable Knight Vyke;19364
523070020;Preceptor Seluvis;19356
523070120;Preceptor Seluvis;19356
523070220;Preceptor Seluvis;19356
523070320;Preceptor Seluvis;19356
523090010;Patches;19353
523090020;Patches;19356
523090030;Patches;19358
523090032;Patches;19359
523090038;Patches;19361
523090110;Patches;19351
523090132;Patches;19359
523090210;Patches;19361
523090310;Patches;19361
523090410;Patches;19351
523100010;Lightseeker Hyetta;19353
523100012;Irina of Morne;19352
523100020;Lightseeker Hyetta;19356
523100035;Finger Maiden Hyetta;19363
523100112;Irina of Morne;19352
523100120;Lightseeker Hyetta;19356
523100220;Lightseeker Hyetta;19356
523110012;Castellan Edgar;19352
523110020;Castellan Edgar;19356
523110112;Castellan Edgar;19352
523110120;Castellan Edgar;19356
523120012;Castellan Jerren;19359
523120024;Witch-Hunter Jerren;19361
523120040;Castellan Jerren;19357
523120124;Witch-Hunter Jerren;19359
523120140;Castellan Jerren;19357
523120240;Castellan Jerren;19357
523120340;Castellan Jerren;19357
523130020;Rya the Scout;19356
523130030;Rya the Scout;19358
523130038;Rya the Scout;19361
523130130;Rya the Scout;19358
523130138;Zorayas the Scout;19361
523140020;Knight Diallos;19356
523140038;Knight Diallos;19361
523140120;Potentate Diallos;19361
523140220;Potentate Diallos;19356
523150020;;19356
523160010;Sorceress Sellen;19351
523160012;Sorceress Sellen;19352
523160020;Sorceress Sellen;19357
523160024;Sorceress Sellen;19356
523160124;Sorceress Sellen;19361
523180010;Yura, Hunter of Bloody Fingers;19351
523180020;Yura, Hunter of Bloody Fingers;19354
523180030;Yura, Hunter of Bloody Fingers;19358
523180050;Yura, Hunter of Bloody Fingers;19362
523180110;Yura, Hunter of Bloody Fingers;19351
523180130;Yura, Hunter of Bloody Fingers;19358
523180210;Yura, Hunter of Bloody Fingers;19351
523180230;Yura, Hunter of Bloody Fingers;19358
523180330;Yura, Hunter of Bloody Fingers;19358
523190010;D, Hunter of the Dead;19351
523190065;D, Hunter of the Dead;19359
523190066;D, Hunter of the Dead;19361
523190110;D, Hunter of the Dead;19351
523200010;Heartbroken Maiden;19351
523210010;Kenneth Haight, Limgrave Heir;19351
523210014;Kenneth Haight, Limgrave Heir;19353
523210110;Kenneth Haight, Limgrave Heir;19351
523220066;Fia, Deathbed Companion;19361
523220166;Fia, Deathbed Companion;19361
523220266;Fia, Deathbed Companion;19361
523220366;Fia, Deathbed Companion;19361
523230020;Dung Eater;19356
523230033;Dung Eater;19359
523230035;Dung Eater;19363
523230135;Dung Eater;19363
523240070;Sir Gideon Ofnir, the All-Knowing;19365
523250014;Sorcerer Rogier;19353
523250050;Sorcerer Rogier;19362
523250066;Sorcerer Rogier;19361
523250114;Sorcerer Rogier;19353
523250166;Sorcerer Rogier;19361
523250214;Sorcerer Rogier;19353
523260010;Knight Bernahl;19351
523260038;Knight Bernahl;19361
523260070;Recusant Bernahl;19365
523270030;Eleonora, Violet Bloody Finger;19358
523270130;Eleonora, Violet Bloody Finger;19358
523290040;;19355
523290066;;19361
523310020;Blackguard;19356
523310033;Blackguard;19359
523310133;Blackguard;19359
523320038;;19361
523330020;Sorcerer Thops;19356
523330024;Sorcerer Thops;19356
523340014;Nepheli Loux, Warrior;19353
523340020;Nepheli Loux, Warrior;19356
523340114;Nepheli Loux, Warrior;19353
523340120;Nepheli Loux, Warrior;19356
523340214;Nepheli Loux, Warrior;19353
523350010;Reeling Rico;19351
523350052;Reeling Rico;19366
523350068;Reeling Rico;19368
523360012;Vyke's Finger Maiden;19352
523370034;;19360
523370134;;19360
523390079;Ensha of the Royal Remains;19352
523400020;Bloody Finger Ravenmount Assassin;19358
523440026;Great Horned Tragoth;19360
523440040;Great Horned Tragoth;19357
523450010;Old Knight Istvan;19360
523460030;Rileigh the Idle;19360
523470050;Juno Hoslow, Knight of Blood;19362
523480030;Millicent;19358
523480040;Millicent;19357
523480050;Millicent;19362
523480056;Millicent;19370
523480130;Millicent;19358
523480140;Millicent;19357
523480156;Millicent;19370
523480230;Millicent;19358
523480240;Millicent;19357
523480256;Millicent;19369
523480340;Millicent;19357
523480440;Millicent;19357
523490040;Sage Gowry;19357
523490140;Sage Gowry;19357
523490240;Sage Gowry;19357
523490340;Sage Gowry;19357
523500032;;19359
523510030;Scribe Corhyn;19358
523510034;Scribe Corhyn;19360
523510050;Scribe Corhyn;19362
523510070;Scribe Corhyn;19365
523510130;Brother Corhyn;19358
523510170;Scribe Corhyn;19365
523520028;Preceptor Miriam;19359
523521028;Preceptor Miriam;19359
523530032;Anastasia, Tarnished-Eater;19359
523530040;Anastasia, Tarnished-Eater;19357
523530052;Anastasia, Tarnished-Eater;19366
523550040;Okina;19357
523550050;Bloody Finger Okina;19362
523560020;;19358
523590024;Moongrum, Carian Knight;19356
523600034;Vargram the Raging Wolf;19360
523630020;Finger Maiden Therolina;19356
523630040;Finger Maiden Therolina;19357
523640020;Dolores the Sleeping Arrow;19356
523650020;Jarwight;19356
523670050;Inaba, Disciple of Okina;19362
523680062;Silver Tear;19361
523680065;Silver Tear;19359
523720030;Maleigh Marais, Shaded Castle Castellan;19358
523730000;Knight of the Great Jar;19397
523730040;Knight of the Great Jar;19397
523740000;Knight of the Great Jar;19397
523740040;Knight of the Great Jar;19397
523750000;Knight of the Great Jar;19397
523750040;Knight of the Great Jar;19397
523760930;Necromancer Garris;19360
523770068;Nameless White Mask;19367
523800034;Errant Sorcerer Wilhelm;19360
523820050;Chief Guardian Arghanthy;19363
523830050;Flame Guardian;19362
523840038;Inquisitor Ghiza;19360
523860000;;19363
523870056;Mary, Eldest Sister;19366
523880056;Maureen, Second Sister;19365
523890056;Amy, Third Sister;19365
523900056;Polyanna, Youngest Sister;19365
526100052;;19397
526100965;;19397
533090040;Patches;19355
533110012;Castellan Edgar;19352
533120024;Witch-Hunter Jerren;19356
533121040;Castellan Jerren;19355
533160024;Sorceress Sellen;19359
533160124;;19355
533180030;Yura, Hunter of Bloody Fingers;19358
533181010;Yura, Hunter of Bloody Fingers;19351
533181020;Yura, Hunter of Bloody Fingers;19353
533181070;;19366
533181110;Yura, Hunter of Bloody Fingers;19355
533190020;D, Hunter of the Dead;19355
533190065;;19361
533190120;D, Hunter of the Dead;19353
533230034;;19361
533230035;;19363
533250014;Sorcerer Rogier;19352
533260034;Recusant Bernahl;19360
533260072;;19365
533290040;;19355
533310026;Blackguard;19357
533340014;Nepheli Loux, Warrior;19355
533340020;Nepheli Loux, Warrior;19355
533340070;;19366
533350068;Reeling Rico;19368
533440026;Great Horned Tragoth;19357
533440033;;19359
533440040;Great Horned Tragoth;19355
533450010;Old Knight Istvan;19351
533480056;Millicent;19370
533481026;Millicent;19357
533481030;Millicent;19358
533481033;Millicent;19359
533481050;Millicent;19362
533550040;Okina;19357
533630040;Finger Maiden Therolina;19355
533870056;Mary, Eldest Sister;19367
533880056;Maureen, Second Sister;19369
533890056;Amy, Third Sister;19369
533900040;;19360
533900056;Polyanna, Youngest Sister;19369
543110020;Edgar the Revenger;19356
543260072;Recusant Bernahl;19364
543270030;Eleonora, Violet Bloody Finger;19358
543270130;Eleonora, Violet Bloody Finger;19358
543390079;Ensha of the Royal Remains;19352
543430010;Bloody Finger Nerijus;19353
543430052;Sanguine Noble;19366
543480040;Millicent;19357
543690010;Sage Gowry;19351
543850079;Mad Tongue Alberich;19354
599999999;;-1
