AssetMaterialSfxParam
  - Row ID: 35
  - Reference Value: 35

BulletCreateLimitParam
  - Row ID: 35
  - Reference Value: 35

CharMakeMenuTopParam
  - Row ID: 35
  - Reference Value: 35

EquipParamGoods
  - Row ID: 35
  - Reference Value: 35

FeTextEffectParam
  - Row Name: BLOODY FINGER RANK ADVANCED
  - Row ID: 35
  - Reference Value: 35

FootSfxParam
  - Row ID: 35
  - Reference Value: 35

HitMtrlParam
  - Row ID: 35
  - Reference Value: 35

KeyAssignParam_TypeA
  - Row ID: 35
  - Reference Value: 35

KeyAssignParam_TypeB
  - Row ID: 35
  - Reference Value: 35

KeyAssignParam_TypeC
  - Row ID: 35
  - Reference Value: 35

MapNameTexParam
  - Row ID: 35
  - Reference Value: 35

NpcAiActionParam
  - Row ID: 35
  - Reference Value: 35

PartsDrawParam
  - Row ID: 35
  - Reference Value: 35

SeMaterialConvertParam
  - Row ID: 35
  - Reference Value: 35

SpEffectParam
  - Row ID: 35
  - Reference Value: 35

SpEffectVfxParam
  - Row ID: 35
  - Reference Value: 35

ToughnessParam
  - Row ID: 35
  - Reference Value: 35

WeatherLotTexParam
  - Row ID: 35
  - Reference Value: 35

WepAbsorpPosParam
  - Row ID: 35
  - Reference Value: 35

WwiseValueToStrParam_Switch_DeffensiveMaterial
  - Row ID: 35
  - Reference Value: 35

